2017-04-07 09:07:27,165 [9] FATAL ProcessLogger [(null)] - System Start 4/7/2017 09:07:27
2017-04-07 09:07:27,225 [9] FATAL ProcessLogger [(null)] - initialize4/7/2017 09:07:27
2017-04-07 09:09:00,634 [9] FATAL ProcessLogger [(null)] - System Start 4/7/2017 09:09:00
2017-04-07 09:09:00,634 [9] FATAL ProcessLogger [(null)] - System Start 4/7/2017 09:09:00
2017-04-07 09:09:00,954 [9] FATAL ProcessLogger [(null)] - System Start 4/7/2017 09:09:00
2017-04-07 09:09:02,710 [9] FATAL ProcessLogger [(null)] - System Start 4/7/2017 09:09:02
2017-04-07 09:09:02,710 [9] FATAL ProcessLogger [(null)] - System Start 4/7/2017 09:09:02
2017-04-07 09:09:25,372 [9] FATAL ProcessLogger [(null)] - System Start 4/7/2017 09:09:25
2017-04-07 09:09:26,252 [9] FATAL ProcessLogger [(null)] - System Start 4/7/2017 09:09:26
2017-04-07 09:09:27,600 [9] FATAL ProcessLogger [(null)] - System Start 4/7/2017 09:09:27
2017-04-07 09:09:54,930 [9] FATAL ProcessLogger [(null)] - System Start 4/7/2017 09:09:54
2017-04-07 09:09:55,870 [9] FATAL ProcessLogger [(null)] - System Start 4/7/2017 09:09:55
2017-04-07 09:09:57,110 [9] FATAL ProcessLogger [(null)] - System Start 4/7/2017 09:09:57
2017-04-07 09:09:58,380 [9] FATAL ProcessLogger [(null)] - System Start 4/7/2017 09:09:58
2017-04-07 09:19:14,748 [9] FATAL ProcessLogger [(null)] - System Start 4/7/2017 09:19:14
2017-04-07 09:19:14,821 [9] FATAL ProcessLogger [(null)] - initialize4/7/2017 09:19:14
2017-04-07 09:19:21,028 [9] FATAL ProcessLogger [(null)] - System Start 4/7/2017 09:19:21
2017-04-07 09:19:23,182 [9] FATAL ProcessLogger [(null)] - System Start 4/7/2017 09:19:23
2017-04-07 09:19:25,229 [9] FATAL ProcessLogger [(null)] - System Start 4/7/2017 09:19:25
2017-04-07 09:19:27,188 [9] FATAL ProcessLogger [(null)] - System Start 4/7/2017 09:19:27
2017-04-07 09:19:28,136 [9] FATAL ProcessLogger [(null)] - System Start 4/7/2017 09:19:28
2017-04-07 09:19:31,964 [9] FATAL ProcessLogger [(null)] - System Start 4/7/2017 09:19:31
2017-04-07 09:19:34,308 [9] FATAL ProcessLogger [(null)] - System Start 4/7/2017 09:19:34
2017-04-07 09:19:35,895 [9] FATAL ProcessLogger [(null)] - System Start 4/7/2017 09:19:35
2017-04-07 09:19:38,149 [9] FATAL ProcessLogger [(null)] - System Start 4/7/2017 09:19:38
2017-04-07 10:04:15,555 [8] FATAL ProcessLogger [(null)] - System Start 4/7/2017 10:04:15
2017-04-07 10:04:15,632 [8] FATAL ProcessLogger [(null)] - initialize4/7/2017 10:04:15
2017-04-07 10:04:34,930 [8] FATAL ProcessLogger [(null)] - System Start 4/7/2017 10:04:34
2017-04-07 10:23:43,455 [9] FATAL ProcessLogger [(null)] - System Start 4/7/2017 10:23:43
2017-04-07 10:23:43,530 [9] FATAL ProcessLogger [(null)] - initialize4/7/2017 10:23:43
2017-04-07 10:23:46,481 [9] FATAL ProcessLogger [(null)] - System Start 4/7/2017 10:23:46
2017-04-07 10:23:46,481 [9] FATAL ProcessLogger [(null)] - System Start 4/7/2017 10:23:46
2017-04-07 10:23:46,669 [9] FATAL ProcessLogger [(null)] - System Read_CaiPiaoZhongLei_Moren 70104 4/7/2017 10:23:46
2017-04-07 10:23:46,670 [9] FATAL ProcessLogger [(null)] - System ReadclaimreportfromServerBy_Xuan 701054/7/2017 10:23:46
2017-04-07 10:23:46,811 [9] FATAL ProcessLogger [(null)] - System ReadclaimreportfromServerBy_Xuan 701064/7/2017 10:23:46
2017-04-07 10:23:46,816 [9] FATAL ProcessLogger [(null)] - System  701074/7/2017 10:23:46
2017-04-07 10:23:49,919 [9] FATAL ProcessLogger [(null)] - System Start 4/7/2017 10:23:49
2017-04-07 10:23:49,919 [9] FATAL ProcessLogger [(null)] - System Start 4/7/2017 10:23:49
2017-04-07 10:23:50,057 [9] FATAL ProcessLogger [(null)] - System Start 4/7/2017 10:23:50
2017-04-07 10:23:51,666 [9] FATAL ProcessLogger [(null)] - System Start 4/7/2017 10:23:51
2017-04-07 10:23:51,666 [9] FATAL ProcessLogger [(null)] - System Start 4/7/2017 10:23:51
2017-04-07 10:23:51,666 [9] FATAL ProcessLogger [(null)] - 68013 Read FangAN 4/7/2017 10:23:51
2017-04-07 10:23:51,666 [9] FATAL ProcessLogger [(null)] - 68014 Read FangAN 4/7/2017 10:23:51
2017-04-07 10:23:51,666 [9] FATAL ProcessLogger [(null)] - 68015 Read FangAN 4/7/2017 10:23:51
2017-04-07 10:23:51,666 [9] FATAL ProcessLogger [(null)] - 68016 Read FangAN 4/7/2017 10:23:51
2017-04-07 10:24:09,974 [9] FATAL ProcessLogger [(null)] - System Start 4/7/2017 10:24:09
2017-04-07 10:24:11,051 [9] FATAL ProcessLogger [(null)] - System Start 4/7/2017 10:24:11
2017-04-07 10:24:11,051 [9] FATAL ProcessLogger [(null)] - System Start 4/7/2017 10:24:11
2017-04-07 10:24:11,053 [9] FATAL ProcessLogger [(null)] - 68013 Read FangAN 4/7/2017 10:24:11
2017-04-07 10:24:11,056 [9] FATAL ProcessLogger [(null)] - 68014 Read FangAN 4/7/2017 10:24:11
2017-04-07 10:24:11,056 [9] FATAL ProcessLogger [(null)] - 68015 Read FangAN 4/7/2017 10:24:11
2017-04-07 10:24:11,057 [9] FATAL ProcessLogger [(null)] - 68016 Read FangAN 4/7/2017 10:24:11
2017-04-07 10:24:29,297 [9] FATAL ProcessLogger [(null)] - System Start 4/7/2017 10:24:29
2017-04-07 10:24:31,272 [9] FATAL ProcessLogger [(null)] - System Start 4/7/2017 10:24:31
2017-04-07 10:24:32,616 [9] FATAL ProcessLogger [(null)] - System Start 4/7/2017 10:24:32
2017-04-07 10:24:32,616 [9] FATAL ProcessLogger [(null)] - System Start 4/7/2017 10:24:32
2017-04-07 10:24:32,616 [9] FATAL ProcessLogger [(null)] - 68013 Read FangAN 4/7/2017 10:24:32
2017-04-07 10:24:32,616 [9] FATAL ProcessLogger [(null)] - 68014 Read FangAN 4/7/2017 10:24:32
2017-04-07 10:24:32,616 [9] FATAL ProcessLogger [(null)] - 68015 Read FangAN 4/7/2017 10:24:32
2017-04-07 10:24:32,616 [9] FATAL ProcessLogger [(null)] - 68016 Read FangAN 4/7/2017 10:24:32
2017-04-07 10:24:37,342 [9] FATAL ProcessLogger [(null)] - System Start 4/7/2017 10:24:37
2017-04-07 10:24:38,925 [9] FATAL ProcessLogger [(null)] - System Start 4/7/2017 10:24:38
2017-04-07 10:24:39,825 [9] FATAL ProcessLogger [(null)] - System Start 4/7/2017 10:24:39
2017-04-07 10:24:41,828 [9] FATAL ProcessLogger [(null)] - System Start 4/7/2017 10:24:41
2017-04-07 10:24:42,701 [9] FATAL ProcessLogger [(null)] - System Start 4/7/2017 10:24:42
2017-04-07 10:24:47,742 [9] FATAL ProcessLogger [(null)] - System Start 4/7/2017 10:24:47
2017-04-07 10:24:54,609 [9] FATAL ProcessLogger [(null)] - System Start 4/7/2017 10:24:54
2017-04-07 10:26:09,249 [10] FATAL ProcessLogger [(null)] - System Start 4/7/2017 10:26:09
2017-04-07 10:26:09,305 [10] FATAL ProcessLogger [(null)] - initialize4/7/2017 10:26:09
2017-04-07 10:26:11,546 [10] FATAL ProcessLogger [(null)] - System Start 4/7/2017 10:26:11
2017-04-07 10:26:11,548 [10] FATAL ProcessLogger [(null)] - System Start 4/7/2017 10:26:11
2017-04-07 10:26:11,872 [10] FATAL ProcessLogger [(null)] - System Start 4/7/2017 10:26:11
2017-04-07 10:26:16,636 [10] FATAL ProcessLogger [(null)] - System Start 4/7/2017 10:26:16
2017-04-07 10:27:11,146 [10] FATAL ProcessLogger [(null)] - System Start 4/7/2017 10:27:11
2017-04-07 10:27:11,197 [10] FATAL ProcessLogger [(null)] - initialize4/7/2017 10:27:11
2017-04-07 10:27:15,732 [10] FATAL ProcessLogger [(null)] - System Start 4/7/2017 10:27:15
2017-04-07 10:27:36,084 [10] FATAL ProcessLogger [(null)] - System Start 4/7/2017 10:27:36
2017-04-07 10:27:47,198 [10] FATAL ProcessLogger [(null)] - System Start 4/7/2017 10:27:47
2017-04-07 10:28:05,238 [10] FATAL ProcessLogger [(null)] - System Start 4/7/2017 10:28:05
2017-04-07 10:28:05,238 [10] FATAL ProcessLogger [(null)] - System Start 4/7/2017 10:28:05
2017-04-07 10:28:05,249 [10] FATAL ProcessLogger [(null)] - System Read_CaiPiaoZhongLei_Moren 70104 4/7/2017 10:28:05
2017-04-07 10:28:05,250 [10] FATAL ProcessLogger [(null)] - System ReadclaimreportfromServerBy_Xuan 701054/7/2017 10:28:05
2017-04-07 10:28:05,398 [10] FATAL ProcessLogger [(null)] - System ReadclaimreportfromServerBy_Xuan 701064/7/2017 10:28:05
2017-04-07 10:28:05,398 [10] FATAL ProcessLogger [(null)] - System  701074/7/2017 10:28:05
2017-04-07 10:28:07,493 [10] FATAL ProcessLogger [(null)] - System Start 4/7/2017 10:28:07
2017-04-07 10:28:07,493 [10] FATAL ProcessLogger [(null)] - System Start 4/7/2017 10:28:07
2017-04-07 10:28:07,651 [10] FATAL ProcessLogger [(null)] - System Start 4/7/2017 10:28:07
2017-04-07 10:28:09,330 [10] FATAL ProcessLogger [(null)] - System Start 4/7/2017 10:28:09
2017-04-07 10:28:09,330 [10] FATAL ProcessLogger [(null)] - System Start 4/7/2017 10:28:09
2017-04-07 10:28:09,330 [10] FATAL ProcessLogger [(null)] - 68013 Read FangAN 4/7/2017 10:28:09
2017-04-07 10:28:09,330 [10] FATAL ProcessLogger [(null)] - 68014 Read FangAN 4/7/2017 10:28:09
2017-04-07 10:28:09,330 [10] FATAL ProcessLogger [(null)] - 68015 Read FangAN 4/7/2017 10:28:09
2017-04-07 10:28:09,330 [10] FATAL ProcessLogger [(null)] - 68016 Read FangAN 4/7/2017 10:28:09
2017-04-07 10:29:28,013 [9] FATAL ProcessLogger [(null)] - System Start 4/7/2017 10:29:28
2017-04-07 10:29:28,070 [9] FATAL ProcessLogger [(null)] - initialize4/7/2017 10:29:28
2017-04-07 10:37:41,217 [9] FATAL ProcessLogger [(null)] - System Start 4/7/2017 10:37:41
2017-04-07 10:37:41,307 [9] FATAL ProcessLogger [(null)] - initialize4/7/2017 10:37:41
2017-04-07 10:38:02,543 [9] FATAL ProcessLogger [(null)] - System Start 4/7/2017 10:38:02
