2017-01-05 10:11:48,309 [9] FATAL ProcessLogger [(null)] - System Start 1/5/2017 10:11:48
2017-01-05 10:11:48,381 [9] FATAL ProcessLogger [(null)] - initialize1/5/2017 10:11:48
2017-01-05 10:26:26,418 [9] FATAL ProcessLogger [(null)] - System Start 1/5/2017 10:26:26
2017-01-05 10:26:26,479 [9] FATAL ProcessLogger [(null)] - initialize1/5/2017 10:26:26
2017-01-05 10:26:32,837 [9] FATAL ProcessLogger [(null)] - System Start 1/5/2017 10:26:32
2017-01-05 10:26:32,838 [9] FATAL ProcessLogger [(null)] - System Start 1/5/2017 10:26:32
2017-01-05 10:42:34,602 [9] FATAL ProcessLogger [(null)] - System Start 1/5/2017 10:42:34
2017-01-05 10:42:34,668 [9] FATAL ProcessLogger [(null)] - initialize1/5/2017 10:42:34
2017-01-05 10:42:51,364 [9] FATAL ProcessLogger [(null)] - System Start 1/5/2017 10:42:51
2017-01-05 10:42:51,365 [9] FATAL ProcessLogger [(null)] - System Start 1/5/2017 10:42:51
2017-01-05 10:42:53,804 [9] FATAL ProcessLogger [(null)] - System Start 1/5/2017 10:42:53
2017-01-05 10:42:53,805 [9] FATAL ProcessLogger [(null)] - System Start 1/5/2017 10:42:53
2017-01-05 10:58:40,301 [9] FATAL ProcessLogger [(null)] - System Start 1/5/2017 10:58:40
2017-01-05 10:58:40,364 [9] FATAL ProcessLogger [(null)] - initialize1/5/2017 10:58:40
2017-01-05 10:59:06,535 [9] FATAL ProcessLogger [(null)] - System Start 1/5/2017 10:59:06
2017-01-05 10:59:06,536 [9] FATAL ProcessLogger [(null)] - System Start 1/5/2017 10:59:06
2017-01-05 10:59:09,344 [9] FATAL ProcessLogger [(null)] - System Start 1/5/2017 10:59:09
2017-01-05 10:59:09,344 [9] FATAL ProcessLogger [(null)] - System Start 1/5/2017 10:59:09
2017-01-05 11:00:06,952 [9] FATAL ProcessLogger [(null)] - System Start 1/5/2017 11:00:06
2017-01-05 11:01:54,792 [9] FATAL ProcessLogger [(null)] - System Start 1/5/2017 11:01:54
2017-01-05 11:01:54,857 [9] FATAL ProcessLogger [(null)] - initialize1/5/2017 11:01:54
2017-01-05 11:02:31,744 [9] FATAL ProcessLogger [(null)] - System Start 1/5/2017 11:02:31
2017-01-05 11:02:31,745 [9] FATAL ProcessLogger [(null)] - System Start 1/5/2017 11:02:31
2017-01-05 11:02:53,667 [9] FATAL ProcessLogger [(null)] - System Start 1/5/2017 11:02:53
2017-01-05 11:02:53,667 [9] FATAL ProcessLogger [(null)] - System Start 1/5/2017 11:02:53
2017-01-05 11:03:12,073 [9] FATAL ProcessLogger [(null)] - System Start 1/5/2017 11:03:12
2017-01-05 11:10:36,206 [9] FATAL ProcessLogger [(null)] - System Start 1/5/2017 11:10:36
2017-01-05 11:10:36,266 [9] FATAL ProcessLogger [(null)] - initialize1/5/2017 11:10:36
2017-01-05 11:10:45,705 [9] FATAL ProcessLogger [(null)] - System Start 1/5/2017 11:10:45
2017-01-05 11:10:45,705 [9] FATAL ProcessLogger [(null)] - System Start 1/5/2017 11:10:45
2017-01-05 11:10:47,585 [9] FATAL ProcessLogger [(null)] - System Start 1/5/2017 11:10:47
2017-01-05 11:10:49,545 [9] FATAL ProcessLogger [(null)] - System Start 1/5/2017 11:10:49
2017-01-05 11:16:16,933 [9] FATAL ProcessLogger [(null)] - System Start 1/5/2017 11:16:16
2017-01-05 11:16:16,983 [9] FATAL ProcessLogger [(null)] - initialize1/5/2017 11:16:16
2017-01-05 11:16:20,483 [9] FATAL ProcessLogger [(null)] - System Start 1/5/2017 11:16:20
2017-01-05 11:16:20,483 [9] FATAL ProcessLogger [(null)] - System Start 1/5/2017 11:16:20
2017-01-05 11:16:22,456 [9] FATAL ProcessLogger [(null)] - System Start 1/5/2017 11:16:22
2017-01-05 11:16:23,796 [9] FATAL ProcessLogger [(null)] - System Start 1/5/2017 11:16:23
2017-01-05 11:16:33,966 [9] FATAL ProcessLogger [(null)] - System Start 1/5/2017 11:16:33
2017-01-05 11:16:35,166 [9] FATAL ProcessLogger [(null)] - System Start 1/5/2017 11:16:35
2017-01-05 11:16:38,956 [9] FATAL ProcessLogger [(null)] - System Start 1/5/2017 11:16:38
2017-01-05 11:16:41,986 [9] FATAL ProcessLogger [(null)] - System Start 1/5/2017 11:16:41
2017-01-05 11:16:42,736 [9] FATAL ProcessLogger [(null)] - System Start 1/5/2017 11:16:42
2017-01-05 11:16:55,199 [9] FATAL ProcessLogger [(null)] - System Start 1/5/2017 11:16:55
2017-01-05 11:17:23,915 [9] FATAL ProcessLogger [(null)] - System Start 1/5/2017 11:17:23
2017-01-05 11:17:33,505 [9] FATAL ProcessLogger [(null)] - System Start 1/5/2017 11:17:33
2017-01-05 11:21:13,847 [9] FATAL ProcessLogger [(null)] - System Start 1/5/2017 11:21:13
2017-01-05 11:21:26,399 [9] FATAL ProcessLogger [(null)] - System Start 1/5/2017 11:21:26
2017-01-05 11:22:19,369 [9] FATAL ProcessLogger [(null)] - System Start 1/5/2017 11:22:19
2017-01-05 11:23:13,278 [10] FATAL ProcessLogger [(null)] - System Start 1/5/2017 11:23:13
2017-01-05 11:23:13,348 [10] FATAL ProcessLogger [(null)] - initialize1/5/2017 11:23:13
2017-01-05 11:23:16,930 [10] FATAL ProcessLogger [(null)] - System Start 1/5/2017 11:23:16
2017-01-05 11:23:16,930 [10] FATAL ProcessLogger [(null)] - System Start 1/5/2017 11:23:16
2017-01-05 11:23:18,857 [10] FATAL ProcessLogger [(null)] - System Start 1/5/2017 11:23:18
2017-01-05 11:23:19,887 [10] FATAL ProcessLogger [(null)] - System Start 1/5/2017 11:23:19
2017-01-05 11:23:27,719 [10] FATAL ProcessLogger [(null)] - System Start 1/5/2017 11:23:27
2017-01-05 11:23:31,919 [10] FATAL ProcessLogger [(null)] - System Start 1/5/2017 11:23:31
2017-01-05 11:23:34,818 [10] FATAL ProcessLogger [(null)] - System Start 1/5/2017 11:23:34
2017-01-05 11:23:36,576 [10] FATAL ProcessLogger [(null)] - System Start 1/5/2017 11:23:36
2017-01-05 11:23:37,546 [10] FATAL ProcessLogger [(null)] - System Start 1/5/2017 11:23:37
2017-01-05 11:23:38,196 [10] FATAL ProcessLogger [(null)] - System Start 1/5/2017 11:23:38
2017-01-05 11:23:38,986 [10] FATAL ProcessLogger [(null)] - System Start 1/5/2017 11:23:38
2017-01-05 11:23:39,616 [10] FATAL ProcessLogger [(null)] - System Start 1/5/2017 11:23:39
2017-01-05 11:27:56,780 [9] FATAL ProcessLogger [(null)] - System Start 1/5/2017 11:27:56
2017-01-05 11:27:56,840 [9] FATAL ProcessLogger [(null)] - initialize1/5/2017 11:27:56
2017-01-05 11:28:00,420 [9] FATAL ProcessLogger [(null)] - System Start 1/5/2017 11:28:00
2017-01-05 11:28:00,420 [9] FATAL ProcessLogger [(null)] - System Start 1/5/2017 11:28:00
2017-01-05 11:28:02,340 [9] FATAL ProcessLogger [(null)] - System Start 1/5/2017 11:28:02
2017-01-05 11:28:02,340 [9] FATAL ProcessLogger [(null)] - System Start 1/5/2017 11:28:02
2017-01-05 11:28:13,868 [9] FATAL ProcessLogger [(null)] - System Start 1/5/2017 11:28:13
2017-01-05 11:28:22,019 [9] FATAL ProcessLogger [(null)] - System Start 1/5/2017 11:28:22
2017-01-05 11:28:22,019 [9] FATAL ProcessLogger [(null)] - System Start 1/5/2017 11:28:22
2017-01-05 11:28:26,179 [9] FATAL ProcessLogger [(null)] - System Start 1/5/2017 11:28:26
2017-01-05 11:28:35,769 [9] FATAL ProcessLogger [(null)] - System Start 1/5/2017 11:28:35
2017-01-05 11:28:35,769 [9] FATAL ProcessLogger [(null)] - System Start 1/5/2017 11:28:35
2017-01-05 11:31:07,964 [10] FATAL ProcessLogger [(null)] - System Start 1/5/2017 11:31:07
2017-01-05 11:31:08,020 [10] FATAL ProcessLogger [(null)] - initialize1/5/2017 11:31:08
2017-01-05 11:31:34,790 [9] FATAL ProcessLogger [(null)] - System Start 1/5/2017 11:31:34
2017-01-05 11:31:34,848 [9] FATAL ProcessLogger [(null)] - initialize1/5/2017 11:31:34
2017-01-05 11:31:38,642 [9] FATAL ProcessLogger [(null)] - System Start 1/5/2017 11:31:38
2017-01-05 11:31:38,643 [9] FATAL ProcessLogger [(null)] - System Start 1/5/2017 11:31:38
2017-01-05 11:31:40,415 [9] FATAL ProcessLogger [(null)] - System Start 1/5/2017 11:31:40
2017-01-05 11:31:40,415 [9] FATAL ProcessLogger [(null)] - System Start 1/5/2017 11:31:40
2017-01-05 11:31:45,083 [9] FATAL ProcessLogger [(null)] - System Start 1/5/2017 11:31:45
2017-01-05 11:32:33,094 [9] FATAL ProcessLogger [(null)] - System Start 1/5/2017 11:32:33
2017-01-05 11:32:37,534 [9] FATAL ProcessLogger [(null)] - System Start 1/5/2017 11:32:37
2017-01-05 11:32:37,534 [9] FATAL ProcessLogger [(null)] - System Start 1/5/2017 11:32:37
2017-01-05 11:32:43,264 [9] FATAL ProcessLogger [(null)] - System Start 1/5/2017 11:32:43
2017-01-05 11:32:44,194 [9] FATAL ProcessLogger [(null)] - System Start 1/5/2017 11:32:44
2017-01-05 11:32:44,194 [9] FATAL ProcessLogger [(null)] - System Start 1/5/2017 11:32:44
2017-01-05 11:32:47,884 [9] FATAL ProcessLogger [(null)] - System Start 1/5/2017 11:32:47
2017-01-05 11:32:48,754 [9] FATAL ProcessLogger [(null)] - System Start 1/5/2017 11:32:48
2017-01-05 11:32:48,754 [9] FATAL ProcessLogger [(null)] - System Start 1/5/2017 11:32:48
2017-01-05 11:35:03,988 [9] FATAL ProcessLogger [(null)] - System Start 1/5/2017 11:35:03
2017-01-05 11:35:04,058 [9] FATAL ProcessLogger [(null)] - initialize1/5/2017 11:35:04
2017-01-05 11:35:07,637 [9] FATAL ProcessLogger [(null)] - System Start 1/5/2017 11:35:07
2017-01-05 11:35:07,637 [9] FATAL ProcessLogger [(null)] - System Start 1/5/2017 11:35:07
2017-01-05 11:35:09,567 [9] FATAL ProcessLogger [(null)] - System Start 1/5/2017 11:35:09
2017-01-05 11:35:09,567 [9] FATAL ProcessLogger [(null)] - System Start 1/5/2017 11:35:09
2017-01-05 11:35:13,097 [9] FATAL ProcessLogger [(null)] - System Start 1/5/2017 11:35:13
2017-01-05 11:39:02,286 [9] FATAL ProcessLogger [(null)] - System Start 1/5/2017 11:39:02
2017-01-05 11:39:05,936 [9] FATAL ProcessLogger [(null)] - System Start 1/5/2017 11:39:05
2017-01-05 11:39:07,566 [9] FATAL ProcessLogger [(null)] - System Start 1/5/2017 11:39:07
2017-01-05 11:39:08,376 [9] FATAL ProcessLogger [(null)] - System Start 1/5/2017 11:39:08
2017-01-05 11:39:09,696 [9] FATAL ProcessLogger [(null)] - System Start 1/5/2017 11:39:09
2017-01-05 11:39:10,376 [9] FATAL ProcessLogger [(null)] - System Start 1/5/2017 11:39:10
2017-01-05 11:39:13,516 [9] FATAL ProcessLogger [(null)] - System Start 1/5/2017 11:39:13
2017-01-05 11:39:14,226 [9] FATAL ProcessLogger [(null)] - System Start 1/5/2017 11:39:14
2017-01-05 11:39:15,176 [9] FATAL ProcessLogger [(null)] - System Start 1/5/2017 11:39:15
2017-01-05 11:39:16,896 [9] FATAL ProcessLogger [(null)] - System Start 1/5/2017 11:39:16
2017-01-05 11:39:18,866 [9] FATAL ProcessLogger [(null)] - System Start 1/5/2017 11:39:18
2017-01-05 11:51:10,703 [8] FATAL ProcessLogger [(null)] - System Start 1/5/2017 11:51:10
2017-01-05 11:51:10,763 [8] FATAL ProcessLogger [(null)] - initialize1/5/2017 11:51:10
2017-01-05 11:51:14,165 [8] FATAL ProcessLogger [(null)] - System Start 1/5/2017 11:51:14
2017-01-05 11:51:14,165 [8] FATAL ProcessLogger [(null)] - System Start 1/5/2017 11:51:14
2017-01-05 11:51:15,917 [8] FATAL ProcessLogger [(null)] - System Start 1/5/2017 11:51:15
2017-01-05 11:51:15,917 [8] FATAL ProcessLogger [(null)] - System Start 1/5/2017 11:51:15
2017-01-05 11:51:29,087 [8] FATAL ProcessLogger [(null)] - System Start 1/5/2017 11:51:29
2017-01-05 11:51:39,447 [8] FATAL ProcessLogger [(null)] - System Start 1/5/2017 11:51:39
2017-01-05 11:51:39,447 [8] FATAL ProcessLogger [(null)] - System Start 1/5/2017 11:51:39
2017-01-05 11:51:48,595 [8] FATAL ProcessLogger [(null)] - System Start 1/5/2017 11:51:48
2017-01-05 11:51:48,595 [8] FATAL ProcessLogger [(null)] - System Start 1/5/2017 11:51:48
2017-01-05 11:52:15,939 [8] FATAL ProcessLogger [(null)] - System Start 1/5/2017 11:52:15
2017-01-05 11:52:24,383 [8] FATAL ProcessLogger [(null)] - System Start 1/5/2017 11:52:24
2017-01-05 11:52:24,383 [8] FATAL ProcessLogger [(null)] - System Start 1/5/2017 11:52:24
2017-01-05 11:52:26,923 [8] FATAL ProcessLogger [(null)] - System Start 1/5/2017 11:52:26
2017-01-05 11:52:31,275 [8] FATAL ProcessLogger [(null)] - System Start 1/5/2017 11:52:31
2017-01-05 11:52:38,075 [8] FATAL ProcessLogger [(null)] - System Start 1/5/2017 11:52:38
2017-01-05 11:52:38,835 [8] FATAL ProcessLogger [(null)] - System Start 1/5/2017 11:52:38
2017-01-05 11:52:38,835 [8] FATAL ProcessLogger [(null)] - System Start 1/5/2017 11:52:38
2017-01-05 11:52:44,245 [8] FATAL ProcessLogger [(null)] - System Start 1/5/2017 11:52:44
2017-01-05 11:52:45,665 [8] FATAL ProcessLogger [(null)] - System Start 1/5/2017 11:52:45
2017-01-05 11:52:46,515 [8] FATAL ProcessLogger [(null)] - System Start 1/5/2017 11:52:46
2017-01-05 11:57:04,765 [11] FATAL ProcessLogger [(null)] - System Start 1/5/2017 11:57:04
2017-01-05 11:57:04,815 [11] FATAL ProcessLogger [(null)] - initialize1/5/2017 11:57:04
2017-01-05 11:57:09,305 [11] FATAL ProcessLogger [(null)] - System Start 1/5/2017 11:57:09
2017-01-05 11:57:09,305 [11] FATAL ProcessLogger [(null)] - System Start 1/5/2017 11:57:09
2017-01-05 11:57:14,438 [11] FATAL ProcessLogger [(null)] - System Start 1/5/2017 11:57:14
2017-01-05 13:18:01,867 [9] FATAL ProcessLogger [(null)] - System Start 1/5/2017 13:18:01
2017-01-05 13:18:01,927 [9] FATAL ProcessLogger [(null)] - initialize1/5/2017 13:18:01
2017-01-05 13:18:06,267 [9] FATAL ProcessLogger [(null)] - System Start 1/5/2017 13:18:06
2017-01-05 13:18:06,267 [9] FATAL ProcessLogger [(null)] - System Start 1/5/2017 13:18:06
2017-01-05 13:21:39,641 [9] FATAL ProcessLogger [(null)] - System Start 1/5/2017 13:21:39
2017-01-05 13:21:39,701 [9] FATAL ProcessLogger [(null)] - initialize1/5/2017 13:21:39
2017-01-05 13:21:46,271 [9] FATAL ProcessLogger [(null)] - System Start 1/5/2017 13:21:46
2017-01-05 13:21:46,271 [9] FATAL ProcessLogger [(null)] - System Start 1/5/2017 13:21:46
2017-01-05 13:23:39,360 [9] FATAL ProcessLogger [(null)] - System Start 1/5/2017 13:23:39
2017-01-05 13:24:58,852 [9] FATAL ProcessLogger [(null)] - System Start 1/5/2017 13:24:58
2017-01-05 13:25:01,702 [9] FATAL ProcessLogger [(null)] - System Start 1/5/2017 13:25:01
2017-01-05 13:25:37,885 [9] FATAL ProcessLogger [(null)] - System Start 1/5/2017 13:25:37
2017-01-05 13:25:44,817 [9] FATAL ProcessLogger [(null)] - System Start 1/5/2017 13:25:44
2017-01-05 13:25:46,257 [9] FATAL ProcessLogger [(null)] - System Start 1/5/2017 13:25:46
2017-01-05 13:26:04,233 [9] FATAL ProcessLogger [(null)] - System Start 1/5/2017 13:26:04
2017-01-05 13:26:13,013 [9] FATAL ProcessLogger [(null)] - System Start 1/5/2017 13:26:13
2017-01-05 13:26:13,013 [9] FATAL ProcessLogger [(null)] - System Start 1/5/2017 13:26:13
2017-01-05 13:48:17,751 [8] FATAL ProcessLogger [(null)] - System Start 1/5/2017 13:48:17
2017-01-05 13:48:17,811 [8] FATAL ProcessLogger [(null)] - initialize1/5/2017 13:48:17
2017-01-05 13:48:43,524 [8] FATAL ProcessLogger [(null)] - System Start 1/5/2017 13:48:43
2017-01-05 13:48:43,524 [8] FATAL ProcessLogger [(null)] - System Start 1/5/2017 13:48:43
2017-01-05 13:48:49,884 [8] FATAL ProcessLogger [(null)] - System Start 1/5/2017 13:48:49
2017-01-05 13:48:50,284 [8] FATAL ProcessLogger [(null)] - System Start 1/5/2017 13:48:50
2017-01-05 13:55:08,620 [9] FATAL ProcessLogger [(null)] - System Start 1/5/2017 13:55:08
2017-01-05 13:55:08,680 [9] FATAL ProcessLogger [(null)] - initialize1/5/2017 13:55:08
2017-01-05 13:55:12,420 [9] FATAL ProcessLogger [(null)] - System Start 1/5/2017 13:55:12
2017-01-05 13:55:12,420 [9] FATAL ProcessLogger [(null)] - System Start 1/5/2017 13:55:12
2017-01-05 13:55:17,730 [9] FATAL ProcessLogger [(null)] - System Start 1/5/2017 13:55:17
2017-01-05 13:55:17,730 [9] FATAL ProcessLogger [(null)] - System Start 1/5/2017 13:55:17
2017-01-05 13:55:33,335 [9] FATAL ProcessLogger [(null)] - System Start 1/5/2017 13:55:33
2017-01-05 13:55:37,836 [9] FATAL ProcessLogger [(null)] - System Start 1/5/2017 13:55:37
2017-01-05 13:55:37,836 [9] FATAL ProcessLogger [(null)] - System Start 1/5/2017 13:55:37
2017-01-05 13:55:40,292 [9] FATAL ProcessLogger [(null)] - System Start 1/5/2017 13:55:40
2017-01-05 13:55:40,292 [9] FATAL ProcessLogger [(null)] - System Start 1/5/2017 13:55:40
2017-01-05 13:56:20,116 [9] FATAL ProcessLogger [(null)] - System Start 1/5/2017 13:56:20
2017-01-05 13:56:20,176 [9] FATAL ProcessLogger [(null)] - initialize1/5/2017 13:56:20
2017-01-05 13:56:36,336 [9] FATAL ProcessLogger [(null)] - System Start 1/5/2017 13:56:36
2017-01-05 13:56:36,336 [9] FATAL ProcessLogger [(null)] - System Start 1/5/2017 13:56:36
2017-01-05 13:56:38,340 [9] FATAL ProcessLogger [(null)] - System Start 1/5/2017 13:56:38
2017-01-05 13:56:38,340 [9] FATAL ProcessLogger [(null)] - System Start 1/5/2017 13:56:38
2017-01-05 13:56:46,210 [9] FATAL ProcessLogger [(null)] - System Start 1/5/2017 13:56:46
2017-01-05 13:56:48,310 [9] FATAL ProcessLogger [(null)] - System Start 1/5/2017 13:56:48
2017-01-05 13:56:48,310 [9] FATAL ProcessLogger [(null)] - System Start 1/5/2017 13:56:48
2017-01-05 13:56:49,830 [9] FATAL ProcessLogger [(null)] - System Start 1/5/2017 13:56:49
2017-01-05 13:56:49,830 [9] FATAL ProcessLogger [(null)] - System Start 1/5/2017 13:56:49
2017-01-05 13:56:55,340 [9] FATAL ProcessLogger [(null)] - System Start 1/5/2017 13:56:55
2017-01-05 13:56:56,210 [9] FATAL ProcessLogger [(null)] - System Start 1/5/2017 13:56:56
2017-01-05 13:56:56,210 [9] FATAL ProcessLogger [(null)] - System Start 1/5/2017 13:56:56
2017-01-05 13:56:57,330 [9] FATAL ProcessLogger [(null)] - System Start 1/5/2017 13:56:57
2017-01-05 13:56:57,330 [9] FATAL ProcessLogger [(null)] - System Start 1/5/2017 13:56:57
2017-01-05 13:57:01,530 [9] FATAL ProcessLogger [(null)] - System Start 1/5/2017 13:57:01
2017-01-05 13:57:02,320 [9] FATAL ProcessLogger [(null)] - System Start 1/5/2017 13:57:02
2017-01-05 13:57:02,320 [9] FATAL ProcessLogger [(null)] - System Start 1/5/2017 13:57:02
2017-01-05 13:57:03,190 [9] FATAL ProcessLogger [(null)] - System Start 1/5/2017 13:57:03
2017-01-05 13:57:03,190 [9] FATAL ProcessLogger [(null)] - System Start 1/5/2017 13:57:03
2017-01-05 13:57:08,050 [9] FATAL ProcessLogger [(null)] - System Start 1/5/2017 13:57:08
2017-01-05 13:57:08,930 [9] FATAL ProcessLogger [(null)] - System Start 1/5/2017 13:57:08
2017-01-05 13:57:08,930 [9] FATAL ProcessLogger [(null)] - System Start 1/5/2017 13:57:08
2017-01-05 13:57:10,110 [9] FATAL ProcessLogger [(null)] - System Start 1/5/2017 13:57:10
2017-01-05 13:57:10,110 [9] FATAL ProcessLogger [(null)] - System Start 1/5/2017 13:57:10
2017-01-05 13:57:13,772 [9] FATAL ProcessLogger [(null)] - System Start 1/5/2017 13:57:13
2017-01-05 13:57:14,632 [9] FATAL ProcessLogger [(null)] - System Start 1/5/2017 13:57:14
2017-01-05 13:57:14,632 [9] FATAL ProcessLogger [(null)] - System Start 1/5/2017 13:57:14
2017-01-05 13:57:15,712 [9] FATAL ProcessLogger [(null)] - System Start 1/5/2017 13:57:15
2017-01-05 13:57:15,712 [9] FATAL ProcessLogger [(null)] - System Start 1/5/2017 13:57:15
2017-01-05 13:57:18,679 [9] FATAL ProcessLogger [(null)] - System Start 1/5/2017 13:57:18
2017-01-05 13:57:19,389 [9] FATAL ProcessLogger [(null)] - System Start 1/5/2017 13:57:19
2017-01-05 13:57:19,389 [9] FATAL ProcessLogger [(null)] - System Start 1/5/2017 13:57:19
2017-01-05 13:57:20,599 [9] FATAL ProcessLogger [(null)] - System Start 1/5/2017 13:57:20
2017-01-05 13:57:20,599 [9] FATAL ProcessLogger [(null)] - System Start 1/5/2017 13:57:20
2017-01-05 13:57:25,669 [9] FATAL ProcessLogger [(null)] - System Start 1/5/2017 13:57:25
2017-01-05 13:57:26,319 [9] FATAL ProcessLogger [(null)] - System Start 1/5/2017 13:57:26
2017-01-05 13:57:26,319 [9] FATAL ProcessLogger [(null)] - System Start 1/5/2017 13:57:26
2017-01-05 13:57:27,079 [9] FATAL ProcessLogger [(null)] - System Start 1/5/2017 13:57:27
2017-01-05 13:57:27,079 [9] FATAL ProcessLogger [(null)] - System Start 1/5/2017 13:57:27
2017-01-05 13:57:29,339 [9] FATAL ProcessLogger [(null)] - System Start 1/5/2017 13:57:29
2017-01-05 13:57:30,089 [9] FATAL ProcessLogger [(null)] - System Start 1/5/2017 13:57:30
2017-01-05 13:57:30,089 [9] FATAL ProcessLogger [(null)] - System Start 1/5/2017 13:57:30
2017-01-05 13:57:31,309 [9] FATAL ProcessLogger [(null)] - System Start 1/5/2017 13:57:31
2017-01-05 13:57:31,309 [9] FATAL ProcessLogger [(null)] - System Start 1/5/2017 13:57:31
2017-01-05 13:57:33,429 [9] FATAL ProcessLogger [(null)] - System Start 1/5/2017 13:57:33
2017-01-05 13:57:33,429 [9] FATAL ProcessLogger [(null)] - System Start 1/5/2017 13:57:33
2017-01-05 14:15:11,369 [9] FATAL ProcessLogger [(null)] - System Start 1/5/2017 14:15:11
2017-01-05 14:15:11,369 [9] FATAL ProcessLogger [(null)] - System Start 1/5/2017 14:15:11
2017-01-05 14:41:14,202 [9] FATAL ProcessLogger [(null)] - System Start 1/5/2017 14:41:14
2017-01-05 14:41:14,265 [9] FATAL ProcessLogger [(null)] - initialize1/5/2017 14:41:14
2017-01-05 14:41:17,145 [9] FATAL ProcessLogger [(null)] - System Start 1/5/2017 14:41:17
2017-01-05 14:41:17,145 [9] FATAL ProcessLogger [(null)] - System Start 1/5/2017 14:41:17
2017-01-05 14:41:57,259 [9] FATAL ProcessLogger [(null)] - System Start 1/5/2017 14:41:57
2017-01-05 14:41:57,319 [9] FATAL ProcessLogger [(null)] - initialize1/5/2017 14:41:57
2017-01-05 14:42:01,209 [9] FATAL ProcessLogger [(null)] - System Start 1/5/2017 14:42:01
2017-01-05 14:42:01,209 [9] FATAL ProcessLogger [(null)] - System Start 1/5/2017 14:42:01
2017-01-05 14:42:39,114 [9] FATAL ProcessLogger [(null)] - System Start 1/5/2017 14:42:39
2017-01-05 14:42:40,024 [9] FATAL ProcessLogger [(null)] - System Start 1/5/2017 14:42:40
2017-01-05 14:42:40,024 [9] FATAL ProcessLogger [(null)] - System Start 1/5/2017 14:42:40
2017-01-05 14:42:59,396 [9] FATAL ProcessLogger [(null)] - System Start 1/5/2017 14:42:59
2017-01-05 14:42:59,396 [9] FATAL ProcessLogger [(null)] - System Start 1/5/2017 14:42:59
2017-01-05 14:43:20,808 [9] FATAL ProcessLogger [(null)] - System Start 1/5/2017 14:43:20
2017-01-05 14:43:20,878 [9] FATAL ProcessLogger [(null)] - initialize1/5/2017 14:43:20
2017-01-05 14:43:24,378 [9] FATAL ProcessLogger [(null)] - System Start 1/5/2017 14:43:24
2017-01-05 14:43:24,378 [9] FATAL ProcessLogger [(null)] - System Start 1/5/2017 14:43:24
2017-01-05 14:43:34,190 [9] FATAL ProcessLogger [(null)] - System Start 1/5/2017 14:43:34
2017-01-05 14:43:34,190 [9] FATAL ProcessLogger [(null)] - System Start 1/5/2017 14:43:34
2017-01-05 14:44:03,295 [9] FATAL ProcessLogger [(null)] - System Start 1/5/2017 14:44:03
2017-01-05 14:44:03,355 [9] FATAL ProcessLogger [(null)] - initialize1/5/2017 14:44:03
2017-01-05 14:44:06,615 [9] FATAL ProcessLogger [(null)] - System Start 1/5/2017 14:44:06
2017-01-05 14:44:06,615 [9] FATAL ProcessLogger [(null)] - System Start 1/5/2017 14:44:06
2017-01-05 14:57:00,094 [9] FATAL ProcessLogger [(null)] - System Start 1/5/2017 14:57:00
2017-01-05 14:57:00,157 [9] FATAL ProcessLogger [(null)] - initialize1/5/2017 14:57:00
2017-01-05 14:57:03,928 [9] FATAL ProcessLogger [(null)] - System Start 1/5/2017 14:57:03
2017-01-05 14:57:03,928 [9] FATAL ProcessLogger [(null)] - System Start 1/5/2017 14:57:03
2017-01-05 15:01:55,931 [9] FATAL ProcessLogger [(null)] - System Start 1/5/2017 15:01:55
2017-01-05 15:01:55,989 [9] FATAL ProcessLogger [(null)] - initialize1/5/2017 15:01:55
2017-01-05 15:01:59,630 [9] FATAL ProcessLogger [(null)] - System Start 1/5/2017 15:01:59
2017-01-05 15:01:59,631 [9] FATAL ProcessLogger [(null)] - System Start 1/5/2017 15:01:59
2017-01-05 15:16:43,335 [9] FATAL ProcessLogger [(null)] - System Start 1/5/2017 15:16:43
2017-01-05 15:16:43,382 [9] FATAL ProcessLogger [(null)] - initialize1/5/2017 15:16:43
2017-01-05 15:16:59,160 [10] FATAL ProcessLogger [(null)] - System Start 1/5/2017 15:16:59
2017-01-05 15:16:59,223 [10] FATAL ProcessLogger [(null)] - initialize1/5/2017 15:16:59
2017-01-05 15:17:06,302 [10] FATAL ProcessLogger [(null)] - System Start 1/5/2017 15:17:06
2017-01-05 15:17:06,312 [10] FATAL ProcessLogger [(null)] - System Start 1/5/2017 15:17:06
2017-01-05 15:17:44,174 [9] FATAL ProcessLogger [(null)] - System Start 1/5/2017 15:17:44
2017-01-05 15:17:44,221 [9] FATAL ProcessLogger [(null)] - initialize1/5/2017 15:17:44
2017-01-05 15:17:55,333 [9] FATAL ProcessLogger [(null)] - System Start 1/5/2017 15:17:55
2017-01-05 15:17:55,333 [9] FATAL ProcessLogger [(null)] - System Start 1/5/2017 15:17:55
2017-01-05 15:18:06,303 [9] FATAL ProcessLogger [(null)] - System Start 1/5/2017 15:18:06
2017-01-05 15:18:15,292 [9] FATAL ProcessLogger [(null)] - System Start 1/5/2017 15:18:15
2017-01-05 15:18:15,292 [9] FATAL ProcessLogger [(null)] - System Start 1/5/2017 15:18:15
2017-01-05 15:18:50,005 [9] FATAL ProcessLogger [(null)] - System Start 1/5/2017 15:18:50
2017-01-05 15:19:57,011 [9] FATAL ProcessLogger [(null)] - System Start 1/5/2017 15:19:57
2017-01-05 15:19:57,989 [9] FATAL ProcessLogger [(null)] - System Start 1/5/2017 15:19:57
2017-01-05 15:19:57,989 [9] FATAL ProcessLogger [(null)] - System Start 1/5/2017 15:19:57
2017-01-05 15:20:10,107 [9] FATAL ProcessLogger [(null)] - System Start 1/5/2017 15:20:10
2017-01-05 15:20:28,125 [9] FATAL ProcessLogger [(null)] - System Start 1/5/2017 15:20:28
2017-01-05 15:20:28,125 [9] FATAL ProcessLogger [(null)] - System Start 1/5/2017 15:20:28
2017-01-05 15:20:56,052 [9] FATAL ProcessLogger [(null)] - System Start 1/5/2017 15:20:56
2017-01-05 15:21:13,025 [9] FATAL ProcessLogger [(null)] - System Start 1/5/2017 15:21:13
2017-01-05 15:21:13,025 [9] FATAL ProcessLogger [(null)] - System Start 1/5/2017 15:21:13
2017-01-05 15:31:09,789 [10] FATAL ProcessLogger [(null)] - System Start 1/5/2017 15:31:09
2017-01-05 15:31:09,835 [10] FATAL ProcessLogger [(null)] - initialize1/5/2017 15:31:09
2017-01-05 15:31:13,092 [10] FATAL ProcessLogger [(null)] - System Start 1/5/2017 15:31:13
2017-01-05 15:31:13,092 [10] FATAL ProcessLogger [(null)] - System Start 1/5/2017 15:31:13
2017-01-05 15:31:22,483 [10] FATAL ProcessLogger [(null)] - System Start 1/5/2017 15:31:22
2017-01-05 15:32:15,251 [10] FATAL ProcessLogger [(null)] - System Start 1/5/2017 15:32:15
2017-01-05 15:32:15,313 [10] FATAL ProcessLogger [(null)] - initialize1/5/2017 15:32:15
2017-01-05 15:32:22,513 [10] FATAL ProcessLogger [(null)] - System Start 1/5/2017 15:32:22
2017-01-05 15:32:22,513 [10] FATAL ProcessLogger [(null)] - System Start 1/5/2017 15:32:22
2017-01-05 15:32:46,215 [10] FATAL ProcessLogger [(null)] - System Start 1/5/2017 15:32:46
2017-01-05 15:32:46,215 [10] FATAL ProcessLogger [(null)] - System Start 1/5/2017 15:32:46
2017-01-05 15:32:48,259 [10] FATAL ProcessLogger [(null)] - System Start 1/5/2017 15:32:48
2017-01-05 15:32:48,259 [10] FATAL ProcessLogger [(null)] - System Start 1/5/2017 15:32:48
2017-01-05 15:33:48,648 [10] FATAL ProcessLogger [(null)] - System Start 1/5/2017 15:33:48
2017-01-05 15:34:22,620 [10] FATAL ProcessLogger [(null)] - System Start 1/5/2017 15:34:22
2017-01-05 15:34:22,620 [10] FATAL ProcessLogger [(null)] - System Start 1/5/2017 15:34:22
2017-01-05 15:35:02,918 [10] FATAL ProcessLogger [(null)] - System Start 1/5/2017 15:35:02
2017-01-05 15:35:02,918 [10] FATAL ProcessLogger [(null)] - System Start 1/5/2017 15:35:02
2017-01-05 15:35:04,868 [10] FATAL ProcessLogger [(null)] - System Start 1/5/2017 15:35:04
2017-01-05 15:35:04,868 [10] FATAL ProcessLogger [(null)] - System Start 1/5/2017 15:35:04
2017-01-05 15:35:56,463 [10] FATAL ProcessLogger [(null)] - System Start 1/5/2017 15:35:56
2017-01-05 15:35:56,463 [10] FATAL ProcessLogger [(null)] - System Start 1/5/2017 15:35:56
2017-01-05 15:36:10,940 [10] FATAL ProcessLogger [(null)] - System Start 1/5/2017 15:36:10
2017-01-05 15:36:11,741 [10] FATAL ProcessLogger [(null)] - System Start 1/5/2017 15:36:11
2017-01-05 15:36:11,741 [10] FATAL ProcessLogger [(null)] - System Start 1/5/2017 15:36:11
2017-01-05 15:36:13,543 [10] FATAL ProcessLogger [(null)] - System Start 1/5/2017 15:36:13
2017-01-05 15:36:14,554 [10] FATAL ProcessLogger [(null)] - System Start 1/5/2017 15:36:14
2017-01-05 15:36:14,554 [10] FATAL ProcessLogger [(null)] - System Start 1/5/2017 15:36:14
2017-01-05 15:36:26,636 [10] FATAL ProcessLogger [(null)] - System Start 1/5/2017 15:36:26
2017-01-05 15:36:40,894 [10] FATAL ProcessLogger [(null)] - System Start 1/5/2017 15:36:40
2017-01-05 15:36:40,894 [10] FATAL ProcessLogger [(null)] - System Start 1/5/2017 15:36:40
2017-01-05 15:36:46,574 [10] FATAL ProcessLogger [(null)] - System Start 1/5/2017 15:36:46
2017-01-05 15:36:52,437 [10] FATAL ProcessLogger [(null)] - System Start 1/5/2017 15:36:52
2017-01-05 15:36:52,437 [10] FATAL ProcessLogger [(null)] - System Start 1/5/2017 15:36:52
2017-01-05 15:37:31,830 [10] FATAL ProcessLogger [(null)] - System Start 1/5/2017 15:37:31
2017-01-05 15:37:36,158 [10] FATAL ProcessLogger [(null)] - System Start 1/5/2017 15:37:36
2017-01-05 15:37:36,158 [10] FATAL ProcessLogger [(null)] - System Start 1/5/2017 15:37:36
2017-01-05 15:38:03,461 [10] FATAL ProcessLogger [(null)] - System Start 1/5/2017 15:38:03
2017-01-05 15:38:03,461 [10] FATAL ProcessLogger [(null)] - System Start 1/5/2017 15:38:03
2017-01-05 15:38:05,645 [10] FATAL ProcessLogger [(null)] - System Start 1/5/2017 15:38:05
2017-01-05 15:38:05,645 [10] FATAL ProcessLogger [(null)] - System Start 1/5/2017 15:38:05
2017-01-05 15:38:54,880 [10] FATAL ProcessLogger [(null)] - System Start 1/5/2017 15:38:54
2017-01-05 15:38:54,880 [10] FATAL ProcessLogger [(null)] - System Start 1/5/2017 15:38:54
2017-01-05 15:38:56,768 [10] FATAL ProcessLogger [(null)] - System Start 1/5/2017 15:38:56
2017-01-05 15:38:56,768 [10] FATAL ProcessLogger [(null)] - System Start 1/5/2017 15:38:56
2017-01-05 15:39:18,998 [9] FATAL ProcessLogger [(null)] - System Start 1/5/2017 15:39:18
2017-01-05 15:39:19,060 [9] FATAL ProcessLogger [(null)] - initialize1/5/2017 15:39:19
2017-01-05 15:39:24,688 [9] FATAL ProcessLogger [(null)] - System Start 1/5/2017 15:39:24
2017-01-05 15:39:24,688 [9] FATAL ProcessLogger [(null)] - System Start 1/5/2017 15:39:24
2017-01-05 15:39:44,375 [9] FATAL ProcessLogger [(null)] - System Start 1/5/2017 15:39:44
2017-01-05 15:39:44,437 [9] FATAL ProcessLogger [(null)] - initialize1/5/2017 15:39:44
2017-01-05 15:39:47,370 [9] FATAL ProcessLogger [(null)] - System Start 1/5/2017 15:39:47
2017-01-05 15:39:47,370 [9] FATAL ProcessLogger [(null)] - System Start 1/5/2017 15:39:47
2017-01-05 15:39:57,699 [9] FATAL ProcessLogger [(null)] - System Start 1/5/2017 15:39:57
2017-01-05 15:40:03,844 [9] FATAL ProcessLogger [(null)] - System Start 1/5/2017 15:40:03
2017-01-05 15:40:03,844 [9] FATAL ProcessLogger [(null)] - System Start 1/5/2017 15:40:03
2017-01-05 15:40:13,390 [9] FATAL ProcessLogger [(null)] - System Start 1/5/2017 15:40:13
2017-01-05 15:40:13,390 [9] FATAL ProcessLogger [(null)] - System Start 1/5/2017 15:40:13
2017-01-05 15:40:15,434 [9] FATAL ProcessLogger [(null)] - System Start 1/5/2017 15:40:15
2017-01-05 15:40:15,434 [9] FATAL ProcessLogger [(null)] - System Start 1/5/2017 15:40:15
2017-01-05 15:40:28,023 [9] FATAL ProcessLogger [(null)] - System Start 1/5/2017 15:40:28
2017-01-05 15:40:35,381 [9] FATAL ProcessLogger [(null)] - System Start 1/5/2017 15:40:35
2017-01-05 15:40:35,391 [9] FATAL ProcessLogger [(null)] - System Start 1/5/2017 15:40:35
2017-01-05 15:40:49,147 [9] FATAL ProcessLogger [(null)] - System Start 1/5/2017 15:40:49
2017-01-05 15:43:38,307 [9] FATAL ProcessLogger [(null)] - System Start 1/5/2017 15:43:38
2017-01-05 15:43:38,307 [9] FATAL ProcessLogger [(null)] - System Start 1/5/2017 15:43:38
2017-01-05 15:44:29,470 [9] FATAL ProcessLogger [(null)] - System Start 1/5/2017 15:44:29
2017-01-05 15:44:29,517 [9] FATAL ProcessLogger [(null)] - initialize1/5/2017 15:44:29
2017-01-05 15:44:34,293 [9] FATAL ProcessLogger [(null)] - System Start 1/5/2017 15:44:34
2017-01-05 15:44:34,293 [9] FATAL ProcessLogger [(null)] - System Start 1/5/2017 15:44:34
2017-01-05 15:44:47,178 [9] FATAL ProcessLogger [(null)] - System Start 1/5/2017 15:44:47
2017-01-05 15:44:53,207 [9] FATAL ProcessLogger [(null)] - System Start 1/5/2017 15:44:53
2017-01-05 15:44:53,207 [9] FATAL ProcessLogger [(null)] - System Start 1/5/2017 15:44:53
2017-01-05 15:45:43,812 [9] FATAL ProcessLogger [(null)] - System Start 1/5/2017 15:45:43
2017-01-05 15:45:50,570 [9] FATAL ProcessLogger [(null)] - System Start 1/5/2017 15:45:50
2017-01-05 15:45:50,570 [9] FATAL ProcessLogger [(null)] - System Start 1/5/2017 15:45:50
2017-01-05 15:45:53,909 [9] FATAL ProcessLogger [(null)] - System Start 1/5/2017 15:45:53
2017-01-05 15:45:53,909 [9] FATAL ProcessLogger [(null)] - System Start 1/5/2017 15:45:53
2017-01-05 15:45:59,010 [9] FATAL ProcessLogger [(null)] - System Start 1/5/2017 15:45:59
2017-01-05 15:46:00,101 [9] FATAL ProcessLogger [(null)] - System Start 1/5/2017 15:46:00
2017-01-05 15:46:00,101 [9] FATAL ProcessLogger [(null)] - System Start 1/5/2017 15:46:00
2017-01-05 15:46:00,911 [9] FATAL ProcessLogger [(null)] - System Start 1/5/2017 15:46:00
2017-01-05 15:46:05,702 [9] FATAL ProcessLogger [(null)] - System Start 1/5/2017 15:46:05
2017-01-05 15:46:05,702 [9] FATAL ProcessLogger [(null)] - System Start 1/5/2017 15:46:05
2017-01-05 15:46:09,397 [9] FATAL ProcessLogger [(null)] - System Start 1/5/2017 15:46:09
2017-01-05 15:46:13,556 [9] FATAL ProcessLogger [(null)] - System Start 1/5/2017 15:46:13
2017-01-05 15:46:13,556 [9] FATAL ProcessLogger [(null)] - System Start 1/5/2017 15:46:13
2017-01-05 15:48:04,750 [9] FATAL ProcessLogger [(null)] - System Start 1/5/2017 15:48:04
2017-01-05 15:48:04,812 [9] FATAL ProcessLogger [(null)] - initialize1/5/2017 15:48:04
2017-01-05 15:48:08,092 [9] FATAL ProcessLogger [(null)] - System Start 1/5/2017 15:48:08
2017-01-05 15:48:08,092 [9] FATAL ProcessLogger [(null)] - System Start 1/5/2017 15:48:08
2017-01-05 15:48:12,619 [9] FATAL ProcessLogger [(null)] - System Start 1/5/2017 15:48:12
2017-01-05 15:50:42,545 [9] FATAL ProcessLogger [(null)] - System Start 1/5/2017 15:50:42
2017-01-05 15:50:42,607 [9] FATAL ProcessLogger [(null)] - initialize1/5/2017 15:50:42
2017-01-05 15:51:00,173 [9] FATAL ProcessLogger [(null)] - System Start 1/5/2017 15:51:00
2017-01-05 15:51:00,173 [9] FATAL ProcessLogger [(null)] - System Start 1/5/2017 15:51:00
2017-01-05 15:51:36,956 [10] FATAL ProcessLogger [(null)] - System Start 1/5/2017 15:51:36
2017-01-05 15:51:37,003 [10] FATAL ProcessLogger [(null)] - initialize1/5/2017 15:51:37
2017-01-05 15:51:39,296 [10] FATAL ProcessLogger [(null)] - System Start 1/5/2017 15:51:39
2017-01-05 15:51:39,296 [10] FATAL ProcessLogger [(null)] - System Start 1/5/2017 15:51:39
2017-01-05 15:51:55,973 [10] FATAL ProcessLogger [(null)] - System Start 1/5/2017 15:51:55
2017-01-05 15:51:57,705 [10] FATAL ProcessLogger [(null)] - System Start 1/5/2017 15:51:57
2017-01-05 15:51:57,705 [10] FATAL ProcessLogger [(null)] - System Start 1/5/2017 15:51:57
2017-01-05 15:52:09,860 [10] FATAL ProcessLogger [(null)] - System Start 1/5/2017 15:52:09
2017-01-05 15:55:51,576 [10] FATAL ProcessLogger [(null)] - System Start 1/5/2017 15:55:51
2017-01-05 15:55:51,638 [10] FATAL ProcessLogger [(null)] - initialize1/5/2017 15:55:51
2017-01-05 15:55:54,337 [10] FATAL ProcessLogger [(null)] - System Start 1/5/2017 15:55:54
2017-01-05 15:55:54,337 [10] FATAL ProcessLogger [(null)] - System Start 1/5/2017 15:55:54
2017-01-05 15:56:44,403 [9] FATAL ProcessLogger [(null)] - System Start 1/5/2017 15:56:44
2017-01-05 15:56:44,465 [9] FATAL ProcessLogger [(null)] - initialize1/5/2017 15:56:44
2017-01-05 15:56:48,287 [9] FATAL ProcessLogger [(null)] - System Start 1/5/2017 15:56:48
2017-01-05 15:56:48,287 [9] FATAL ProcessLogger [(null)] - System Start 1/5/2017 15:56:48
2017-01-05 15:56:57,601 [9] FATAL ProcessLogger [(null)] - System Start 1/5/2017 15:56:57
2017-01-05 15:56:59,707 [9] FATAL ProcessLogger [(null)] - System Start 1/5/2017 15:56:59
2017-01-05 15:56:59,707 [9] FATAL ProcessLogger [(null)] - System Start 1/5/2017 15:56:59
2017-01-05 15:57:02,266 [9] FATAL ProcessLogger [(null)] - System Start 1/5/2017 15:57:02
2017-01-05 15:57:03,701 [9] FATAL ProcessLogger [(null)] - System Start 1/5/2017 15:57:03
2017-01-05 15:57:03,701 [9] FATAL ProcessLogger [(null)] - System Start 1/5/2017 15:57:03
2017-01-05 15:57:12,640 [9] FATAL ProcessLogger [(null)] - System Start 1/5/2017 15:57:12
2017-01-05 15:57:12,640 [9] FATAL ProcessLogger [(null)] - System Start 1/5/2017 15:57:12
2017-01-05 15:57:45,151 [9] FATAL ProcessLogger [(null)] - System Start 1/5/2017 15:57:45
2017-01-05 15:57:45,214 [9] FATAL ProcessLogger [(null)] - initialize1/5/2017 15:57:45
2017-01-05 15:57:51,313 [9] FATAL ProcessLogger [(null)] - System Start 1/5/2017 15:57:51
2017-01-05 15:57:51,313 [9] FATAL ProcessLogger [(null)] - System Start 1/5/2017 15:57:51
2017-01-05 15:58:01,672 [9] FATAL ProcessLogger [(null)] - System Start 1/5/2017 15:58:01
2017-01-05 15:58:05,982 [9] FATAL ProcessLogger [(null)] - System Start 1/5/2017 15:58:05
2017-01-05 20:23:59,161 [9] FATAL ProcessLogger [(null)] - System Start 2017/1/5 20:23:59
2017-01-05 20:23:59,575 [9] FATAL ProcessLogger [(null)] - initialize2017/1/5 20:23:59
2017-01-05 20:24:06,165 [9] FATAL ProcessLogger [(null)] - System Start 2017/1/5 20:24:06
2017-01-05 20:24:06,165 [9] FATAL ProcessLogger [(null)] - System Start 2017/1/5 20:24:06
2017-01-05 20:24:50,375 [10] FATAL ProcessLogger [(null)] - System Start 2017/1/5 20:24:50
2017-01-05 20:24:50,516 [10] FATAL ProcessLogger [(null)] - initialize2017/1/5 20:24:50
2017-01-05 20:28:56,468 [10] FATAL ProcessLogger [(null)] - System Start 2017/1/5 20:28:56
2017-01-05 20:28:57,309 [10] FATAL ProcessLogger [(null)] - initialize2017/1/5 20:28:57
2017-01-05 20:29:05,113 [10] FATAL ProcessLogger [(null)] - 1001--Create Folder txt2017/1/5 20:29:05
2017-01-05 20:29:21,954 [10] FATAL ProcessLogger [(null)] - 1002--copy bin2017/1/5 20:29:21
2017-01-05 20:29:32,200 [10] FATAL ProcessLogger [(null)] - 1003--install db Start2017/1/5 20:29:32
2017-01-05 20:29:37,159 [10] FATAL ProcessLogger [(null)] - 1004--install servers2017/1/5 20:29:37
2017-01-05 20:30:04,948 [10] FATAL ProcessLogger [(null)] - System Start 2017/1/5 20:30:04
2017-01-05 20:30:36,480 [10] FATAL ProcessLogger [(null)] - System Start 2017/1/5 20:30:36
2017-01-05 20:36:39,767 [6] FATAL ProcessLogger [(null)] - System Start 2017/1/5 20:36:39
2017-01-05 20:36:39,767 [6] FATAL ProcessLogger [(null)] - 1005--input kiajiang data2017/1/5 20:36:39
2017-01-05 20:36:39,767 [6] FATAL ProcessLogger [(null)] - 1006-- Input C Data end2017/1/5 20:36:39
2017-01-05 20:37:04,002 [6] FATAL ProcessLogger [(null)] - 1006-- Input finish1/5/2017 8:37:04 PM
2017-01-05 20:37:15,694 [6] FATAL ProcessLogger [(null)] - System Start 2017/1/5 20:37:15
2017-01-05 20:37:15,695 [6] FATAL ProcessLogger [(null)] - 1005--input kiajiang data2017/1/5 20:37:15
2017-01-05 20:37:15,695 [6] FATAL ProcessLogger [(null)] - 1006-- Input C Data end2017/1/5 20:37:15
2017-01-05 20:37:25,296 [6] FATAL ProcessLogger [(null)] - 1006-- Input finish2017/1/5 20:37:25
2017-01-05 20:40:22,147 [10] FATAL ProcessLogger [(null)] - 1001--Create Folder txt2017/1/5 20:40:22
2017-01-05 20:40:37,464 [10] FATAL ProcessLogger [(null)] - 1002--copy bin2017/1/5 20:40:37
2017-01-05 20:51:01,074 [10] FATAL ProcessLogger [(null)] - 1003--install db Start2017/1/5 20:51:01
2017-01-05 21:20:47,211 [10] FATAL ProcessLogger [(null)] - System Start 2017/1/5 21:20:47
2017-01-05 21:20:51,074 [10] FATAL ProcessLogger [(null)] - initialize2017/1/5 21:20:51
2017-01-05 21:21:07,736 [10] FATAL ProcessLogger [(null)] - 1001--Create Folder txt2017/1/5 21:21:07
2017-01-05 21:21:07,737 [10] FATAL ProcessLogger [(null)] - 1002--copy bin2017/1/5 21:21:07
2017-01-05 21:21:20,455 [10] FATAL ProcessLogger [(null)] - 1003--install db Start2017/1/5 21:21:20
2017-01-05 21:21:27,110 [10] FATAL ProcessLogger [(null)] - 1004--install servers2017/1/5 21:21:27
2017-01-05 21:26:41,458 [9] FATAL ProcessLogger [(null)] - System Start 2017/1/5 21:26:41
2017-01-05 21:26:41,693 [9] FATAL ProcessLogger [(null)] - initialize2017/1/5 21:26:41
2017-01-05 21:26:50,043 [9] FATAL ProcessLogger [(null)] - System Start 2017/1/5 21:26:50
2017-01-05 21:27:00,590 [6] FATAL ProcessLogger [(null)] - System Start 2017/1/5 21:27:00
2017-01-05 21:27:00,590 [6] FATAL ProcessLogger [(null)] - 1005--input kiajiang data2017/1/5 21:27:00
2017-01-05 21:27:00,591 [6] FATAL ProcessLogger [(null)] - 1006-- Input C Data end2017/1/5 21:27:00
2017-01-05 21:27:02,464 [6] FATAL ProcessLogger [(null)] - 1006-- Input finish2017/1/5 21:27:02
2017-01-05 21:27:25,017 [9] FATAL ProcessLogger [(null)] - System Start 2017/1/5 21:27:25
2017-01-05 21:27:25,017 [9] FATAL ProcessLogger [(null)] - System Start 2017/1/5 21:27:25
2017-01-05 21:27:57,949 [10] FATAL ProcessLogger [(null)] - System Start 2017/1/5 21:27:57
2017-01-05 21:28:13,598 [9] FATAL ProcessLogger [(null)] - System Start 2017/1/5 21:28:13
2017-01-05 21:28:13,598 [9] FATAL ProcessLogger [(null)] - System Start 2017/1/5 21:28:13
2017-01-05 21:29:27,570 [9] FATAL ProcessLogger [(null)] - System Start 2017/1/5 21:29:27
2017-01-05 21:29:27,712 [9] FATAL ProcessLogger [(null)] - initialize2017/1/5 21:29:27
2017-01-05 21:29:33,263 [9] FATAL ProcessLogger [(null)] - System Start 2017/1/5 21:29:33
2017-01-05 21:29:33,295 [9] FATAL ProcessLogger [(null)] - System Start 2017/1/5 21:29:33
2017-01-05 21:29:57,402 [9] FATAL ProcessLogger [(null)] - System Start 2017/1/5 21:29:57
2017-01-05 21:29:58,364 [9] FATAL ProcessLogger [(null)] - System Start 2017/1/5 21:29:58
2017-01-05 21:29:58,364 [9] FATAL ProcessLogger [(null)] - System Start 2017/1/5 21:29:58
2017-01-05 21:30:12,504 [9] FATAL ProcessLogger [(null)] - System Start 2017/1/5 21:30:12
2017-01-05 21:30:16,600 [9] FATAL ProcessLogger [(null)] - System Start 2017/1/5 21:30:16
2017-01-05 21:30:21,050 [9] FATAL ProcessLogger [(null)] - System Start 2017/1/5 21:30:21
2017-01-05 21:30:22,149 [9] FATAL ProcessLogger [(null)] - System Start 2017/1/5 21:30:22
2017-01-05 21:20:26,022 [10] FATAL ProcessLogger [(null)] - System Start 2017/1/5 21:20:26
2017-01-05 21:20:26,309 [10] FATAL ProcessLogger [(null)] - initialize2017/1/5 21:20:26
2017-01-05 21:20:37,372 [10] FATAL ProcessLogger [(null)] - System Start 2017/1/5 21:20:37
2017-01-05 21:20:37,372 [10] FATAL ProcessLogger [(null)] - System Start 2017/1/5 21:20:37
2017-01-05 21:20:54,421 [10] FATAL ProcessLogger [(null)] - System Start 2017/1/5 21:20:54
2017-01-05 21:20:56,150 [10] FATAL ProcessLogger [(null)] - System Start 2017/1/5 21:20:56
2017-01-05 21:21:06,214 [10] FATAL ProcessLogger [(null)] - System Start 2017/1/5 21:21:06
2017-01-05 21:21:07,052 [10] FATAL ProcessLogger [(null)] - System Start 2017/1/5 21:21:07
2017-01-05 21:21:09,937 [10] FATAL ProcessLogger [(null)] - System Start 2017/1/5 21:21:09
2017-01-05 21:21:10,892 [10] FATAL ProcessLogger [(null)] - System Start 2017/1/5 21:21:10
2017-01-05 21:21:13,250 [10] FATAL ProcessLogger [(null)] - System Start 2017/1/5 21:21:13
2017-01-05 21:21:14,822 [10] FATAL ProcessLogger [(null)] - System Start 2017/1/5 21:21:14
2017-01-05 21:21:20,320 [10] FATAL ProcessLogger [(null)] - System Start 2017/1/5 21:21:20
2017-01-05 21:21:21,090 [10] FATAL ProcessLogger [(null)] - System Start 2017/1/5 21:21:21
2017-01-05 21:21:37,620 [10] FATAL ProcessLogger [(null)] - System Start 2017/1/5 21:21:37
2017-01-05 21:21:38,376 [10] FATAL ProcessLogger [(null)] - System Start 2017/1/5 21:21:38
2017-01-05 21:22:02,635 [10] FATAL ProcessLogger [(null)] - System Start 2017/1/5 21:22:02
2017-01-05 21:28:43,306 [9] FATAL ProcessLogger [(null)] - System Start 2017/1/5 21:28:43
2017-01-05 21:28:43,578 [9] FATAL ProcessLogger [(null)] - initialize2017/1/5 21:28:43
2017-01-05 21:28:51,804 [9] FATAL ProcessLogger [(null)] - System Start 2017/1/5 21:28:51
2017-01-05 21:28:51,804 [9] FATAL ProcessLogger [(null)] - System Start 2017/1/5 21:28:51
2017-01-05 21:28:54,718 [9] FATAL ProcessLogger [(null)] - System Start 2017/1/5 21:28:54
2017-01-05 21:28:56,247 [9] FATAL ProcessLogger [(null)] - System Start 2017/1/5 21:28:56
2017-01-05 21:29:12,213 [9] FATAL ProcessLogger [(null)] - System Start 2017/1/5 21:29:12
2017-01-05 21:29:14,746 [9] FATAL ProcessLogger [(null)] - System Start 2017/1/5 21:29:14
2017-01-05 21:29:15,769 [9] FATAL ProcessLogger [(null)] - System Start 2017/1/5 21:29:15
2017-01-05 22:58:07,078 [3] FATAL ProcessLogger [(null)] - System Start 2017/1/5 22:58:07
2017-01-05 22:58:08,132 [3] FATAL ProcessLogger [(null)] - initialize2017/1/5 22:58:08
