2017-06-22 13:20:07,990 [9] FATAL ProcessLogger [(null)] - System Start 6/22/2017 13:20:07
2017-06-22 13:20:08,055 [9] FATAL ProcessLogger [(null)] - initialize6/22/2017 13:20:08
2017-06-22 20:34:15,346 [8] FATAL ProcessLogger [(null)] - System Start 6/22/2017 20:34:15
2017-06-22 20:34:15,402 [8] FATAL ProcessLogger [(null)] - initialize6/22/2017 20:34:15
2017-06-22 20:34:18,413 [8] FATAL ProcessLogger [(null)] - System Start 6/22/2017 20:34:18
2017-06-22 20:34:18,414 [8] FATAL ProcessLogger [(null)] - System Start 6/22/2017 20:34:18
2017-06-22 20:34:18,830 [8] FATAL ProcessLogger [(null)] - System Start 6/22/2017 20:34:18
2017-06-22 20:34:21,067 [8] FATAL ProcessLogger [(null)] - System Start 6/22/2017 20:34:21
2017-06-22 20:34:21,068 [8] FATAL ProcessLogger [(null)] - System Start 6/22/2017 20:34:21
2017-06-22 20:34:21,077 [8] FATAL ProcessLogger [(null)] - 68013 Read FangAN 6/22/2017 20:34:21
2017-06-22 20:34:21,077 [8] FATAL ProcessLogger [(null)] - 68014 Read FangAN 6/22/2017 20:34:21
2017-06-22 20:34:21,079 [8] FATAL ProcessLogger [(null)] - 68015 Read FangAN 6/22/2017 20:34:21
2017-06-22 20:34:21,080 [8] FATAL ProcessLogger [(null)] - 68016 Read FangAN 6/22/2017 20:34:21
2017-06-22 20:36:32,643 [9] FATAL ProcessLogger [(null)] - System Start 6/22/2017 20:36:32
2017-06-22 20:36:32,695 [9] FATAL ProcessLogger [(null)] - initialize6/22/2017 20:36:32
2017-06-22 20:36:35,270 [9] FATAL ProcessLogger [(null)] - System Start 6/22/2017 20:36:35
2017-06-22 20:36:35,271 [9] FATAL ProcessLogger [(null)] - System Start 6/22/2017 20:36:35
2017-06-22 20:36:35,602 [9] FATAL ProcessLogger [(null)] - System Start 6/22/2017 20:36:35
2017-06-22 20:36:38,010 [9] FATAL ProcessLogger [(null)] - System Start 6/22/2017 20:36:38
2017-06-22 20:36:38,010 [9] FATAL ProcessLogger [(null)] - System Start 6/22/2017 20:36:38
2017-06-22 20:36:38,020 [9] FATAL ProcessLogger [(null)] - 68013 Read FangAN 6/22/2017 20:36:38
2017-06-22 20:36:38,020 [9] FATAL ProcessLogger [(null)] - 68014 Read FangAN 6/22/2017 20:36:38
2017-06-22 20:36:38,021 [9] FATAL ProcessLogger [(null)] - 68015 Read FangAN 6/22/2017 20:36:38
2017-06-22 20:36:38,022 [9] FATAL ProcessLogger [(null)] - 68016 Read FangAN 6/22/2017 20:36:38
2017-06-22 20:36:55,376 [9] FATAL ProcessLogger [(null)] - System Start 6/22/2017 20:36:55
2017-06-22 20:36:57,039 [9] FATAL ProcessLogger [(null)] - System Start 6/22/2017 20:36:57
2017-06-22 20:36:58,591 [9] FATAL ProcessLogger [(null)] - System Start 6/22/2017 20:36:58
2017-06-22 20:36:58,600 [9] FATAL ProcessLogger [(null)] - System Start 6/22/2017 20:36:58
2017-06-22 20:37:53,105 [9] FATAL ProcessLogger [(null)] - System Start 6/22/2017 20:37:53
2017-06-22 20:42:50,317 [10] FATAL ProcessLogger [(null)] - System Start 6/22/2017 20:42:50
2017-06-22 20:42:50,372 [10] FATAL ProcessLogger [(null)] - initialize6/22/2017 20:42:50
2017-06-22 20:42:52,476 [10] FATAL ProcessLogger [(null)] - System Start 6/22/2017 20:42:52
2017-06-22 20:42:52,478 [10] FATAL ProcessLogger [(null)] - System Start 6/22/2017 20:42:52
2017-06-22 20:42:52,666 [10] FATAL ProcessLogger [(null)] - System Read_CaiPiaoZhongLei_Moren 70104 6/22/2017 20:42:52
2017-06-22 20:42:52,667 [10] FATAL ProcessLogger [(null)] - System ReadclaimreportfromServerBy_Xuan 701056/22/2017 20:42:52
2017-06-22 20:42:52,779 [10] FATAL ProcessLogger [(null)] - System ReadclaimreportfromServerBy_Xuan 701066/22/2017 20:42:52
2017-06-22 20:42:52,782 [10] FATAL ProcessLogger [(null)] - System  701076/22/2017 20:42:52
2017-06-22 20:42:54,129 [10] FATAL ProcessLogger [(null)] - System Start 6/22/2017 20:42:54
2017-06-22 20:42:54,129 [10] FATAL ProcessLogger [(null)] - System Start 6/22/2017 20:42:54
2017-06-22 20:42:54,325 [10] FATAL ProcessLogger [(null)] - System Start 6/22/2017 20:42:54
2017-06-22 20:43:10,120 [10] FATAL ProcessLogger [(null)] - System Start 6/22/2017 20:43:10
2017-06-22 20:43:24,087 [10] FATAL ProcessLogger [(null)] - System Start 6/22/2017 20:43:24
2017-06-22 20:43:34,441 [10] FATAL ProcessLogger [(null)] - System Start 6/22/2017 20:43:34
2017-06-22 20:43:34,445 [10] FATAL ProcessLogger [(null)] - System Start 6/22/2017 20:43:34
2017-06-22 20:43:36,245 [10] FATAL ProcessLogger [(null)] - System Start 6/22/2017 20:43:36
2017-06-22 20:43:36,249 [10] FATAL ProcessLogger [(null)] - System Start 6/22/2017 20:43:36
2017-06-22 20:43:37,193 [10] FATAL ProcessLogger [(null)] - System Start 6/22/2017 20:43:37
2017-06-22 20:43:37,196 [10] FATAL ProcessLogger [(null)] - System Start 6/22/2017 20:43:37
2017-06-22 20:43:39,378 [10] FATAL ProcessLogger [(null)] - System Start 6/22/2017 20:43:39
2017-06-22 20:43:39,381 [10] FATAL ProcessLogger [(null)] - System Start 6/22/2017 20:43:39
2017-06-22 20:43:45,354 [10] FATAL ProcessLogger [(null)] - System Start 6/22/2017 20:43:45
2017-06-22 20:43:45,358 [10] FATAL ProcessLogger [(null)] - System Start 6/22/2017 20:43:45
2017-06-22 20:43:46,004 [10] FATAL ProcessLogger [(null)] - System Start 6/22/2017 20:43:46
2017-06-22 20:43:46,006 [10] FATAL ProcessLogger [(null)] - System Start 6/22/2017 20:43:46
2017-06-22 20:43:46,683 [10] FATAL ProcessLogger [(null)] - System Start 6/22/2017 20:43:46
2017-06-22 20:43:46,686 [10] FATAL ProcessLogger [(null)] - System Start 6/22/2017 20:43:46
2017-06-22 20:43:47,367 [10] FATAL ProcessLogger [(null)] - System Start 6/22/2017 20:43:47
2017-06-22 20:43:47,372 [10] FATAL ProcessLogger [(null)] - System Start 6/22/2017 20:43:47
2017-06-22 20:43:48,057 [10] FATAL ProcessLogger [(null)] - System Start 6/22/2017 20:43:48
2017-06-22 20:43:48,060 [10] FATAL ProcessLogger [(null)] - System Start 6/22/2017 20:43:48
2017-06-22 20:43:48,693 [10] FATAL ProcessLogger [(null)] - System Start 6/22/2017 20:43:48
2017-06-22 20:43:48,694 [10] FATAL ProcessLogger [(null)] - System Start 6/22/2017 20:43:48
2017-06-22 20:43:49,362 [10] FATAL ProcessLogger [(null)] - System Start 6/22/2017 20:43:49
2017-06-22 20:43:49,369 [10] FATAL ProcessLogger [(null)] - System Start 6/22/2017 20:43:49
2017-06-22 20:43:50,098 [10] FATAL ProcessLogger [(null)] - System Start 6/22/2017 20:43:50
2017-06-22 20:43:50,101 [10] FATAL ProcessLogger [(null)] - System Start 6/22/2017 20:43:50
2017-06-22 20:43:50,779 [10] FATAL ProcessLogger [(null)] - System Start 6/22/2017 20:43:50
2017-06-22 20:43:50,782 [10] FATAL ProcessLogger [(null)] - System Start 6/22/2017 20:43:50
2017-06-22 20:43:51,518 [10] FATAL ProcessLogger [(null)] - System Start 6/22/2017 20:43:51
2017-06-22 20:43:51,521 [10] FATAL ProcessLogger [(null)] - System Start 6/22/2017 20:43:51
2017-06-22 20:43:54,530 [10] FATAL ProcessLogger [(null)] - System Start 6/22/2017 20:43:54
2017-06-22 20:43:54,530 [10] FATAL ProcessLogger [(null)] - System Start 6/22/2017 20:43:54
2017-06-22 20:43:54,537 [10] FATAL ProcessLogger [(null)] - 68013 Read FangAN 6/22/2017 20:43:54
2017-06-22 20:43:54,537 [10] FATAL ProcessLogger [(null)] - 68014 Read FangAN 6/22/2017 20:43:54
2017-06-22 20:43:54,538 [10] FATAL ProcessLogger [(null)] - 68015 Read FangAN 6/22/2017 20:43:54
2017-06-22 20:43:54,538 [10] FATAL ProcessLogger [(null)] - 68016 Read FangAN 6/22/2017 20:43:54
2017-06-22 20:44:09,652 [10] FATAL ProcessLogger [(null)] - System Start 6/22/2017 20:44:09
2017-06-22 20:44:11,557 [10] FATAL ProcessLogger [(null)] - System Start 6/22/2017 20:44:11
2017-06-22 20:44:11,557 [10] FATAL ProcessLogger [(null)] - System Start 6/22/2017 20:44:11
2017-06-22 20:44:11,560 [10] FATAL ProcessLogger [(null)] - 68013 Read FangAN 6/22/2017 20:44:11
2017-06-22 20:44:11,560 [10] FATAL ProcessLogger [(null)] - 68014 Read FangAN 6/22/2017 20:44:11
2017-06-22 20:44:11,561 [10] FATAL ProcessLogger [(null)] - 68015 Read FangAN 6/22/2017 20:44:11
2017-06-22 20:44:11,562 [10] FATAL ProcessLogger [(null)] - 68016 Read FangAN 6/22/2017 20:44:11
2017-06-22 20:44:17,986 [10] FATAL ProcessLogger [(null)] - System Start 6/22/2017 20:44:17
2017-06-22 20:44:31,173 [10] FATAL ProcessLogger [(null)] - System Start 6/22/2017 20:44:31
2017-06-22 20:44:32,736 [10] FATAL ProcessLogger [(null)] - System Start 6/22/2017 20:44:32
2017-06-22 20:44:33,674 [10] FATAL ProcessLogger [(null)] - System Start 6/22/2017 20:44:33
2017-06-22 20:44:33,677 [10] FATAL ProcessLogger [(null)] - System Start 6/22/2017 20:44:33
2017-06-22 20:44:34,474 [10] FATAL ProcessLogger [(null)] - System Start 6/22/2017 20:44:34
2017-06-22 20:44:34,477 [10] FATAL ProcessLogger [(null)] - System Start 6/22/2017 20:44:34
2017-06-22 20:44:38,153 [10] FATAL ProcessLogger [(null)] - System Start 6/22/2017 20:44:38
2017-06-22 20:44:38,156 [10] FATAL ProcessLogger [(null)] - System Start 6/22/2017 20:44:38
2017-06-22 20:44:38,820 [10] FATAL ProcessLogger [(null)] - System Start 6/22/2017 20:44:38
2017-06-22 20:44:38,823 [10] FATAL ProcessLogger [(null)] - System Start 6/22/2017 20:44:38
2017-06-22 20:44:39,466 [10] FATAL ProcessLogger [(null)] - System Start 6/22/2017 20:44:39
2017-06-22 20:44:39,469 [10] FATAL ProcessLogger [(null)] - System Start 6/22/2017 20:44:39
2017-06-22 20:46:25,560 [9] FATAL ProcessLogger [(null)] - System Start 6/22/2017 20:46:25
2017-06-22 20:46:25,615 [9] FATAL ProcessLogger [(null)] - initialize6/22/2017 20:46:25
2017-06-22 20:46:27,723 [9] FATAL ProcessLogger [(null)] - System Start 6/22/2017 20:46:27
2017-06-22 20:46:27,724 [9] FATAL ProcessLogger [(null)] - System Start 6/22/2017 20:46:27
2017-06-22 20:46:28,050 [9] FATAL ProcessLogger [(null)] - System Start 6/22/2017 20:46:28
2017-06-22 20:46:30,847 [9] FATAL ProcessLogger [(null)] - System Start 6/22/2017 20:46:30
2017-06-22 20:46:30,847 [9] FATAL ProcessLogger [(null)] - System Start 6/22/2017 20:46:30
2017-06-22 20:46:30,853 [9] FATAL ProcessLogger [(null)] - 68013 Read FangAN 6/22/2017 20:46:30
2017-06-22 20:46:30,853 [9] FATAL ProcessLogger [(null)] - 68014 Read FangAN 6/22/2017 20:46:30
2017-06-22 20:46:30,853 [9] FATAL ProcessLogger [(null)] - 68015 Read FangAN 6/22/2017 20:46:30
2017-06-22 20:46:30,854 [9] FATAL ProcessLogger [(null)] - 68016 Read FangAN 6/22/2017 20:46:30
2017-06-22 20:48:41,263 [9] FATAL ProcessLogger [(null)] - System Start 6/22/2017 20:48:41
