2017-01-18 00:32:09,308 [9] FATAL ProcessLogger [(null)] - System Start 2017/1/18 0:32:09
2017-01-18 00:32:09,449 [9] FATAL ProcessLogger [(null)] - initialize2017/1/18 0:32:09
2017-01-18 00:32:12,745 [9] FATAL ProcessLogger [(null)] - System Start 2017/1/18 0:32:12
2017-01-18 00:32:12,745 [9] FATAL ProcessLogger [(null)] - System Start 2017/1/18 0:32:12
2017-01-18 00:32:13,245 [9] FATAL ProcessLogger [(null)] - System Read_CaiPiaoZhongLei_Moren 70104 2017/1/18 0:32:13
2017-01-18 00:32:13,245 [9] FATAL ProcessLogger [(null)] - System ReadclaimreportfromServerBy_Xuan 701052017/1/18 0:32:13
2017-01-18 00:32:13,355 [9] FATAL ProcessLogger [(null)] - System ReadclaimreportfromServerBy_Xuan 701062017/1/18 0:32:13
2017-01-18 00:32:13,355 [9] FATAL ProcessLogger [(null)] - System  701072017/1/18 0:32:13
2017-01-18 00:32:16,855 [9] FATAL ProcessLogger [(null)] - System Start 2017/1/18 0:32:16
2017-01-18 00:32:16,870 [9] FATAL ProcessLogger [(null)] - System Start 2017/1/18 0:32:16
2017-01-18 00:32:16,870 [9] FATAL ProcessLogger [(null)] - System Start 2017/1/18 0:32:16
2017-01-18 00:32:16,870 [9] FATAL ProcessLogger [(null)] - System Read_CaiPiaoZhongLei_Moren 70104 2017/1/18 0:32:16
2017-01-18 00:32:16,870 [9] FATAL ProcessLogger [(null)] - System ReadclaimreportfromServerBy_Xuan 701052017/1/18 0:32:16
2017-01-18 00:32:16,980 [9] FATAL ProcessLogger [(null)] - System ReadclaimreportfromServerBy_Xuan 701062017/1/18 0:32:16
2017-01-18 00:32:16,980 [9] FATAL ProcessLogger [(null)] - System  701072017/1/18 0:32:16
2017-01-18 00:32:17,949 [9] FATAL ProcessLogger [(null)] - System Start 2017/1/18 0:32:17
2017-01-18 00:32:17,964 [9] FATAL ProcessLogger [(null)] - System Start 2017/1/18 0:32:17
2017-01-18 00:32:17,964 [9] FATAL ProcessLogger [(null)] - System Start 2017/1/18 0:32:17
2017-01-18 00:32:17,964 [9] FATAL ProcessLogger [(null)] - System Read_CaiPiaoZhongLei_Moren 70104 2017/1/18 0:32:17
2017-01-18 00:32:17,964 [9] FATAL ProcessLogger [(null)] - System ReadclaimreportfromServerBy_Xuan 701052017/1/18 0:32:17
2017-01-18 00:32:18,058 [9] FATAL ProcessLogger [(null)] - System ReadclaimreportfromServerBy_Xuan 701062017/1/18 0:32:18
2017-01-18 00:32:18,058 [9] FATAL ProcessLogger [(null)] - System  701072017/1/18 0:32:18
2017-01-18 00:32:18,745 [9] FATAL ProcessLogger [(null)] - System Start 2017/1/18 0:32:18
2017-01-18 00:32:18,745 [9] FATAL ProcessLogger [(null)] - System Start 2017/1/18 0:32:18
2017-01-18 00:32:18,745 [9] FATAL ProcessLogger [(null)] - System Start 2017/1/18 0:32:18
2017-01-18 00:32:18,745 [9] FATAL ProcessLogger [(null)] - System Read_CaiPiaoZhongLei_Moren 70104 2017/1/18 0:32:18
2017-01-18 00:32:18,745 [9] FATAL ProcessLogger [(null)] - System ReadclaimreportfromServerBy_Xuan 701052017/1/18 0:32:18
2017-01-18 00:32:18,855 [9] FATAL ProcessLogger [(null)] - System ReadclaimreportfromServerBy_Xuan 701062017/1/18 0:32:18
2017-01-18 00:32:18,855 [9] FATAL ProcessLogger [(null)] - System  701072017/1/18 0:32:18
2017-01-18 00:32:19,589 [9] FATAL ProcessLogger [(null)] - System Start 2017/1/18 0:32:19
2017-01-18 00:32:19,589 [9] FATAL ProcessLogger [(null)] - System Start 2017/1/18 0:32:19
2017-01-18 00:32:19,589 [9] FATAL ProcessLogger [(null)] - System Start 2017/1/18 0:32:19
2017-01-18 00:32:19,589 [9] FATAL ProcessLogger [(null)] - System Read_CaiPiaoZhongLei_Moren 70104 2017/1/18 0:32:19
2017-01-18 00:32:19,589 [9] FATAL ProcessLogger [(null)] - System ReadclaimreportfromServerBy_Xuan 701052017/1/18 0:32:19
2017-01-18 00:32:19,699 [9] FATAL ProcessLogger [(null)] - System ReadclaimreportfromServerBy_Xuan 701062017/1/18 0:32:19
2017-01-18 00:32:19,699 [9] FATAL ProcessLogger [(null)] - System  701072017/1/18 0:32:19
2017-01-18 00:32:41,680 [9] FATAL ProcessLogger [(null)] - System Start 2017/1/18 0:32:41
2017-01-18 00:32:41,914 [9] FATAL ProcessLogger [(null)] - initialize2017/1/18 0:32:41
2017-01-18 00:32:44,664 [9] FATAL ProcessLogger [(null)] - System Start 2017/1/18 0:32:44
2017-01-18 00:32:44,664 [9] FATAL ProcessLogger [(null)] - System Start 2017/1/18 0:32:44
2017-01-18 00:32:45,086 [9] FATAL ProcessLogger [(null)] - System Read_CaiPiaoZhongLei_Moren 70104 2017/1/18 0:32:45
2017-01-18 00:32:45,086 [9] FATAL ProcessLogger [(null)] - System ReadclaimreportfromServerBy_Xuan 701052017/1/18 0:32:45
2017-01-18 00:32:45,242 [9] FATAL ProcessLogger [(null)] - System ReadclaimreportfromServerBy_Xuan 701062017/1/18 0:32:45
2017-01-18 00:32:45,258 [9] FATAL ProcessLogger [(null)] - System  701072017/1/18 0:32:45
2017-01-18 00:32:47,367 [9] FATAL ProcessLogger [(null)] - System Start 2017/1/18 0:32:47
2017-01-18 00:32:47,399 [9] FATAL ProcessLogger [(null)] - System Start 2017/1/18 0:32:47
2017-01-18 00:32:47,399 [9] FATAL ProcessLogger [(null)] - System Start 2017/1/18 0:32:47
2017-01-18 00:32:47,399 [9] FATAL ProcessLogger [(null)] - System Read_CaiPiaoZhongLei_Moren 70104 2017/1/18 0:32:47
2017-01-18 00:32:47,399 [9] FATAL ProcessLogger [(null)] - System ReadclaimreportfromServerBy_Xuan 701052017/1/18 0:32:47
2017-01-18 00:32:47,539 [9] FATAL ProcessLogger [(null)] - System ReadclaimreportfromServerBy_Xuan 701062017/1/18 0:32:47
2017-01-18 00:32:47,539 [9] FATAL ProcessLogger [(null)] - System  701072017/1/18 0:32:47
2017-01-18 00:32:49,211 [9] FATAL ProcessLogger [(null)] - System Start 2017/1/18 0:32:49
2017-01-18 00:32:49,211 [9] FATAL ProcessLogger [(null)] - System Start 2017/1/18 0:32:49
2017-01-18 00:32:49,211 [9] FATAL ProcessLogger [(null)] - System Start 2017/1/18 0:32:49
2017-01-18 00:32:49,211 [9] FATAL ProcessLogger [(null)] - System Read_CaiPiaoZhongLei_Moren 70104 2017/1/18 0:32:49
2017-01-18 00:32:49,211 [9] FATAL ProcessLogger [(null)] - System ReadclaimreportfromServerBy_Xuan 701052017/1/18 0:32:49
2017-01-18 00:32:49,321 [9] FATAL ProcessLogger [(null)] - System ReadclaimreportfromServerBy_Xuan 701062017/1/18 0:32:49
2017-01-18 00:32:49,321 [9] FATAL ProcessLogger [(null)] - System  701072017/1/18 0:32:49
2017-01-18 00:32:50,211 [9] FATAL ProcessLogger [(null)] - System Start 2017/1/18 0:32:50
2017-01-18 00:32:50,211 [9] FATAL ProcessLogger [(null)] - System Start 2017/1/18 0:32:50
2017-01-18 00:32:50,211 [9] FATAL ProcessLogger [(null)] - System Start 2017/1/18 0:32:50
2017-01-18 00:32:50,227 [9] FATAL ProcessLogger [(null)] - System Read_CaiPiaoZhongLei_Moren 70104 2017/1/18 0:32:50
2017-01-18 00:32:50,227 [9] FATAL ProcessLogger [(null)] - System ReadclaimreportfromServerBy_Xuan 701052017/1/18 0:32:50
2017-01-18 00:32:50,336 [9] FATAL ProcessLogger [(null)] - System ReadclaimreportfromServerBy_Xuan 701062017/1/18 0:32:50
2017-01-18 00:32:50,336 [9] FATAL ProcessLogger [(null)] - System  701072017/1/18 0:32:50
2017-01-18 00:33:13,532 [9] FATAL ProcessLogger [(null)] - System Start 2017/1/18 0:33:13
2017-01-18 00:33:16,828 [9] FATAL ProcessLogger [(null)] - System Start 2017/1/18 0:33:16
2017-01-18 00:33:16,828 [9] FATAL ProcessLogger [(null)] - System Start 2017/1/18 0:33:16
2017-01-18 00:33:16,828 [9] FATAL ProcessLogger [(null)] - System Read_CaiPiaoZhongLei_Moren 70104 2017/1/18 0:33:16
2017-01-18 00:33:16,828 [9] FATAL ProcessLogger [(null)] - System ReadclaimreportfromServerBy_Xuan 701052017/1/18 0:33:16
2017-01-18 00:33:16,953 [9] FATAL ProcessLogger [(null)] - System ReadclaimreportfromServerBy_Xuan 701062017/1/18 0:33:16
2017-01-18 00:33:16,953 [9] FATAL ProcessLogger [(null)] - System  701072017/1/18 0:33:16
2017-01-18 00:33:20,016 [9] FATAL ProcessLogger [(null)] - System Start 2017/1/18 0:33:20
2017-01-18 00:33:20,016 [9] FATAL ProcessLogger [(null)] - System Start 2017/1/18 0:33:20
2017-01-18 00:33:20,016 [9] FATAL ProcessLogger [(null)] - System Start 2017/1/18 0:33:20
2017-01-18 00:33:20,016 [9] FATAL ProcessLogger [(null)] - System Read_CaiPiaoZhongLei_Moren 70104 2017/1/18 0:33:20
2017-01-18 00:33:20,016 [9] FATAL ProcessLogger [(null)] - System ReadclaimreportfromServerBy_Xuan 701052017/1/18 0:33:20
2017-01-18 00:33:20,110 [9] FATAL ProcessLogger [(null)] - System ReadclaimreportfromServerBy_Xuan 701062017/1/18 0:33:20
2017-01-18 00:33:20,125 [9] FATAL ProcessLogger [(null)] - System  701072017/1/18 0:33:20
2017-01-18 00:33:22,453 [9] FATAL ProcessLogger [(null)] - System Start 2017/1/18 0:33:22
2017-01-18 00:33:22,453 [9] FATAL ProcessLogger [(null)] - System Start 2017/1/18 0:33:22
2017-01-18 00:33:22,453 [9] FATAL ProcessLogger [(null)] - System Start 2017/1/18 0:33:22
2017-01-18 00:33:22,453 [9] FATAL ProcessLogger [(null)] - System Read_CaiPiaoZhongLei_Moren 70104 2017/1/18 0:33:22
2017-01-18 00:33:22,453 [9] FATAL ProcessLogger [(null)] - System ReadclaimreportfromServerBy_Xuan 701052017/1/18 0:33:22
2017-01-18 00:33:22,578 [9] FATAL ProcessLogger [(null)] - System ReadclaimreportfromServerBy_Xuan 701062017/1/18 0:33:22
2017-01-18 00:33:22,578 [9] FATAL ProcessLogger [(null)] - System  701072017/1/18 0:33:22
2017-01-18 00:33:25,157 [9] FATAL ProcessLogger [(null)] - System Start 2017/1/18 0:33:25
2017-01-18 00:33:25,157 [9] FATAL ProcessLogger [(null)] - System Start 2017/1/18 0:33:25
2017-01-18 00:33:25,157 [9] FATAL ProcessLogger [(null)] - System Start 2017/1/18 0:33:25
2017-01-18 00:33:25,157 [9] FATAL ProcessLogger [(null)] - System Read_CaiPiaoZhongLei_Moren 70104 2017/1/18 0:33:25
2017-01-18 00:33:25,157 [9] FATAL ProcessLogger [(null)] - System ReadclaimreportfromServerBy_Xuan 701052017/1/18 0:33:25
2017-01-18 00:33:25,266 [9] FATAL ProcessLogger [(null)] - System ReadclaimreportfromServerBy_Xuan 701062017/1/18 0:33:25
2017-01-18 00:33:25,266 [9] FATAL ProcessLogger [(null)] - System  701072017/1/18 0:33:25
2017-01-18 00:33:27,625 [9] FATAL ProcessLogger [(null)] - System Start 2017/1/18 0:33:27
2017-01-18 00:33:27,625 [9] FATAL ProcessLogger [(null)] - System Start 2017/1/18 0:33:27
2017-01-18 00:33:27,625 [9] FATAL ProcessLogger [(null)] - System Start 2017/1/18 0:33:27
2017-01-18 00:33:27,625 [9] FATAL ProcessLogger [(null)] - System Read_CaiPiaoZhongLei_Moren 70104 2017/1/18 0:33:27
2017-01-18 00:33:27,625 [9] FATAL ProcessLogger [(null)] - System ReadclaimreportfromServerBy_Xuan 701052017/1/18 0:33:27
2017-01-18 00:33:27,735 [9] FATAL ProcessLogger [(null)] - System ReadclaimreportfromServerBy_Xuan 701062017/1/18 0:33:27
2017-01-18 00:33:27,750 [9] FATAL ProcessLogger [(null)] - System  701072017/1/18 0:33:27
2017-01-18 00:33:28,407 [9] FATAL ProcessLogger [(null)] - System Start 2017/1/18 0:33:28
2017-01-18 00:33:28,407 [9] FATAL ProcessLogger [(null)] - System Start 2017/1/18 0:33:28
2017-01-18 00:33:28,407 [9] FATAL ProcessLogger [(null)] - System Start 2017/1/18 0:33:28
2017-01-18 00:33:28,422 [9] FATAL ProcessLogger [(null)] - System Read_CaiPiaoZhongLei_Moren 70104 2017/1/18 0:33:28
2017-01-18 00:33:28,422 [9] FATAL ProcessLogger [(null)] - System ReadclaimreportfromServerBy_Xuan 701052017/1/18 0:33:28
2017-01-18 00:33:28,547 [9] FATAL ProcessLogger [(null)] - System ReadclaimreportfromServerBy_Xuan 701062017/1/18 0:33:28
2017-01-18 00:33:28,547 [9] FATAL ProcessLogger [(null)] - System  701072017/1/18 0:33:28
2017-01-18 00:33:28,875 [9] FATAL ProcessLogger [(null)] - System Start 2017/1/18 0:33:28
2017-01-18 00:33:28,875 [9] FATAL ProcessLogger [(null)] - System Start 2017/1/18 0:33:28
2017-01-18 00:33:28,875 [9] FATAL ProcessLogger [(null)] - System Start 2017/1/18 0:33:28
2017-01-18 00:33:28,875 [9] FATAL ProcessLogger [(null)] - System Read_CaiPiaoZhongLei_Moren 70104 2017/1/18 0:33:28
2017-01-18 00:33:28,875 [9] FATAL ProcessLogger [(null)] - System ReadclaimreportfromServerBy_Xuan 701052017/1/18 0:33:28
2017-01-18 00:33:28,985 [9] FATAL ProcessLogger [(null)] - System ReadclaimreportfromServerBy_Xuan 701062017/1/18 0:33:28
2017-01-18 00:33:28,985 [9] FATAL ProcessLogger [(null)] - System  701072017/1/18 0:33:28
2017-01-18 00:33:29,110 [9] FATAL ProcessLogger [(null)] - System Start 2017/1/18 0:33:29
2017-01-18 00:33:29,110 [9] FATAL ProcessLogger [(null)] - System Start 2017/1/18 0:33:29
2017-01-18 00:33:29,110 [9] FATAL ProcessLogger [(null)] - System Start 2017/1/18 0:33:29
2017-01-18 00:33:29,125 [9] FATAL ProcessLogger [(null)] - System Read_CaiPiaoZhongLei_Moren 70104 2017/1/18 0:33:29
2017-01-18 00:33:29,125 [9] FATAL ProcessLogger [(null)] - System ReadclaimreportfromServerBy_Xuan 701052017/1/18 0:33:29
2017-01-18 00:33:29,266 [9] FATAL ProcessLogger [(null)] - System ReadclaimreportfromServerBy_Xuan 701062017/1/18 0:33:29
2017-01-18 00:33:29,266 [9] FATAL ProcessLogger [(null)] - System  701072017/1/18 0:33:29
2017-01-18 00:33:32,735 [9] FATAL ProcessLogger [(null)] - System Start 2017/1/18 0:33:32
2017-01-18 00:33:34,625 [9] FATAL ProcessLogger [(null)] - System Start 2017/1/18 0:33:34
2017-01-18 00:33:34,625 [9] FATAL ProcessLogger [(null)] - System Start 2017/1/18 0:33:34
2017-01-18 00:33:34,625 [9] FATAL ProcessLogger [(null)] - System Start 2017/1/18 0:33:34
2017-01-18 00:33:34,625 [9] FATAL ProcessLogger [(null)] - System Read_CaiPiaoZhongLei_Moren 70104 2017/1/18 0:33:34
2017-01-18 00:33:34,625 [9] FATAL ProcessLogger [(null)] - System ReadclaimreportfromServerBy_Xuan 701052017/1/18 0:33:34
2017-01-18 00:33:34,797 [9] FATAL ProcessLogger [(null)] - System ReadclaimreportfromServerBy_Xuan 701062017/1/18 0:33:34
2017-01-18 00:33:34,813 [9] FATAL ProcessLogger [(null)] - System  701072017/1/18 0:33:34
2017-01-18 00:33:35,760 [9] FATAL ProcessLogger [(null)] - System Start 2017/1/18 0:33:35
2017-01-18 00:33:35,760 [9] FATAL ProcessLogger [(null)] - System Start 2017/1/18 0:33:35
2017-01-18 00:33:35,760 [9] FATAL ProcessLogger [(null)] - System Start 2017/1/18 0:33:35
2017-01-18 00:33:35,760 [9] FATAL ProcessLogger [(null)] - System Read_CaiPiaoZhongLei_Moren 70104 2017/1/18 0:33:35
2017-01-18 00:33:35,760 [9] FATAL ProcessLogger [(null)] - System ReadclaimreportfromServerBy_Xuan 701052017/1/18 0:33:35
2017-01-18 00:33:35,885 [9] FATAL ProcessLogger [(null)] - System ReadclaimreportfromServerBy_Xuan 701062017/1/18 0:33:35
2017-01-18 00:33:35,885 [9] FATAL ProcessLogger [(null)] - System  701072017/1/18 0:33:35
2017-01-18 00:33:42,963 [9] FATAL ProcessLogger [(null)] - System Start 2017/1/18 0:33:42
2017-01-18 00:33:44,526 [9] FATAL ProcessLogger [(null)] - System Start 2017/1/18 0:33:44
2017-01-18 00:33:44,526 [9] FATAL ProcessLogger [(null)] - System Start 2017/1/18 0:33:44
2017-01-18 00:33:44,526 [9] FATAL ProcessLogger [(null)] - System Start 2017/1/18 0:33:44
2017-01-18 00:33:44,526 [9] FATAL ProcessLogger [(null)] - System Read_CaiPiaoZhongLei_Moren 70104 2017/1/18 0:33:44
2017-01-18 00:33:44,526 [9] FATAL ProcessLogger [(null)] - System ReadclaimreportfromServerBy_Xuan 701052017/1/18 0:33:44
2017-01-18 00:33:44,698 [9] FATAL ProcessLogger [(null)] - System ReadclaimreportfromServerBy_Xuan 701062017/1/18 0:33:44
2017-01-18 00:33:44,698 [9] FATAL ProcessLogger [(null)] - System  701072017/1/18 0:33:44
2017-01-18 00:33:46,010 [9] FATAL ProcessLogger [(null)] - System Start 2017/1/18 0:33:46
2017-01-18 00:33:46,010 [9] FATAL ProcessLogger [(null)] - System Start 2017/1/18 0:33:46
2017-01-18 00:33:46,010 [9] FATAL ProcessLogger [(null)] - System Start 2017/1/18 0:33:46
2017-01-18 00:33:46,010 [9] FATAL ProcessLogger [(null)] - System Read_CaiPiaoZhongLei_Moren 70104 2017/1/18 0:33:46
2017-01-18 00:33:46,010 [9] FATAL ProcessLogger [(null)] - System ReadclaimreportfromServerBy_Xuan 701052017/1/18 0:33:46
2017-01-18 00:33:46,166 [9] FATAL ProcessLogger [(null)] - System ReadclaimreportfromServerBy_Xuan 701062017/1/18 0:33:46
2017-01-18 00:33:46,166 [9] FATAL ProcessLogger [(null)] - System  701072017/1/18 0:33:46
2017-01-18 00:33:47,104 [9] FATAL ProcessLogger [(null)] - System Start 2017/1/18 0:33:47
2017-01-18 00:33:47,104 [9] FATAL ProcessLogger [(null)] - System Start 2017/1/18 0:33:47
2017-01-18 00:33:47,104 [9] FATAL ProcessLogger [(null)] - System Start 2017/1/18 0:33:47
2017-01-18 00:33:47,104 [9] FATAL ProcessLogger [(null)] - System Read_CaiPiaoZhongLei_Moren 70104 2017/1/18 0:33:47
2017-01-18 00:33:47,104 [9] FATAL ProcessLogger [(null)] - System ReadclaimreportfromServerBy_Xuan 701052017/1/18 0:33:47
2017-01-18 00:33:47,260 [9] FATAL ProcessLogger [(null)] - System ReadclaimreportfromServerBy_Xuan 701062017/1/18 0:33:47
2017-01-18 00:33:47,260 [9] FATAL ProcessLogger [(null)] - System  701072017/1/18 0:33:47
2017-01-18 00:33:51,635 [9] FATAL ProcessLogger [(null)] - System Start 2017/1/18 0:33:51
2017-01-18 00:34:47,931 [10] FATAL ProcessLogger [(null)] - System Start 2017/1/18 0:34:47
2017-01-18 00:34:48,087 [10] FATAL ProcessLogger [(null)] - initialize2017/1/18 0:34:48
2017-01-18 00:34:51,134 [10] FATAL ProcessLogger [(null)] - System Start 2017/1/18 0:34:51
2017-01-18 00:34:51,134 [10] FATAL ProcessLogger [(null)] - System Start 2017/1/18 0:34:51
2017-01-18 00:34:51,493 [10] FATAL ProcessLogger [(null)] - System Read_CaiPiaoZhongLei_Moren 70104 2017/1/18 0:34:51
2017-01-18 00:34:51,493 [10] FATAL ProcessLogger [(null)] - System ReadclaimreportfromServerBy_Xuan 701052017/1/18 0:34:51
2017-01-18 00:34:51,712 [10] FATAL ProcessLogger [(null)] - System ReadclaimreportfromServerBy_Xuan 701062017/1/18 0:34:51
2017-01-18 00:34:51,853 [10] FATAL ProcessLogger [(null)] - System Start 0802832 :42017/1/18 0:34:51
2017-01-18 00:35:12,557 [9] FATAL ProcessLogger [(null)] - System Start 2017/1/18 0:35:12
2017-01-18 00:35:12,698 [9] FATAL ProcessLogger [(null)] - initialize2017/1/18 0:35:12
2017-01-18 00:35:15,713 [9] FATAL ProcessLogger [(null)] - System Start 2017/1/18 0:35:15
2017-01-18 00:35:15,713 [9] FATAL ProcessLogger [(null)] - System Start 2017/1/18 0:35:15
2017-01-18 00:35:16,088 [9] FATAL ProcessLogger [(null)] - System Read_CaiPiaoZhongLei_Moren 70104 2017/1/18 0:35:16
2017-01-18 00:35:16,088 [9] FATAL ProcessLogger [(null)] - System ReadclaimreportfromServerBy_Xuan 701052017/1/18 0:35:16
2017-01-18 00:35:16,276 [9] FATAL ProcessLogger [(null)] - System ReadclaimreportfromServerBy_Xuan 701062017/1/18 0:35:16
2017-01-18 00:35:16,291 [9] FATAL ProcessLogger [(null)] - System  701072017/1/18 0:35:16
2017-01-18 00:35:20,823 [9] FATAL ProcessLogger [(null)] - System Start 2017/1/18 0:35:20
2017-01-18 00:35:20,838 [9] FATAL ProcessLogger [(null)] - System Start 2017/1/18 0:35:20
2017-01-18 00:35:20,838 [9] FATAL ProcessLogger [(null)] - System Start 2017/1/18 0:35:20
2017-01-18 00:35:20,838 [9] FATAL ProcessLogger [(null)] - System Read_CaiPiaoZhongLei_Moren 70104 2017/1/18 0:35:20
2017-01-18 00:35:20,838 [9] FATAL ProcessLogger [(null)] - System ReadclaimreportfromServerBy_Xuan 701052017/1/18 0:35:20
2017-01-18 00:35:21,010 [9] FATAL ProcessLogger [(null)] - System ReadclaimreportfromServerBy_Xuan 701062017/1/18 0:35:21
2017-01-18 00:35:21,010 [9] FATAL ProcessLogger [(null)] - System  701072017/1/18 0:35:21
2017-01-18 00:35:21,026 [9] FATAL ProcessLogger [(null)] - System Start 2017/1/18 0:35:21
2017-01-18 00:35:22,166 [9] FATAL ProcessLogger [(null)] - System Start 2017/1/18 0:35:22
2017-01-18 00:35:22,166 [9] FATAL ProcessLogger [(null)] - System Start 2017/1/18 0:35:22
2017-01-18 00:35:22,166 [9] FATAL ProcessLogger [(null)] - System Start 2017/1/18 0:35:22
2017-01-18 00:35:22,166 [9] FATAL ProcessLogger [(null)] - System Read_CaiPiaoZhongLei_Moren 70104 2017/1/18 0:35:22
2017-01-18 00:35:22,166 [9] FATAL ProcessLogger [(null)] - System ReadclaimreportfromServerBy_Xuan 701052017/1/18 0:35:22
2017-01-18 00:35:22,338 [9] FATAL ProcessLogger [(null)] - System ReadclaimreportfromServerBy_Xuan 701062017/1/18 0:35:22
2017-01-18 00:35:22,338 [9] FATAL ProcessLogger [(null)] - System  701072017/1/18 0:35:22
2017-01-18 00:35:23,135 [9] FATAL ProcessLogger [(null)] - System Start 2017/1/18 0:35:23
2017-01-18 00:35:23,135 [9] FATAL ProcessLogger [(null)] - System Start 2017/1/18 0:35:23
2017-01-18 00:35:23,135 [9] FATAL ProcessLogger [(null)] - System Start 2017/1/18 0:35:23
2017-01-18 00:35:23,135 [9] FATAL ProcessLogger [(null)] - System Read_CaiPiaoZhongLei_Moren 70104 2017/1/18 0:35:23
2017-01-18 00:35:23,135 [9] FATAL ProcessLogger [(null)] - System ReadclaimreportfromServerBy_Xuan 701052017/1/18 0:35:23
2017-01-18 00:35:23,323 [9] FATAL ProcessLogger [(null)] - System ReadclaimreportfromServerBy_Xuan 701062017/1/18 0:35:23
2017-01-18 00:35:23,323 [9] FATAL ProcessLogger [(null)] - System  701072017/1/18 0:35:23
2017-01-18 00:35:56,462 [10] FATAL ProcessLogger [(null)] - System Start 2017/1/18 0:35:56
2017-01-18 00:35:56,650 [10] FATAL ProcessLogger [(null)] - initialize2017/1/18 0:35:56
2017-01-18 00:35:59,806 [10] FATAL ProcessLogger [(null)] - System Start 2017/1/18 0:35:59
2017-01-18 00:35:59,806 [10] FATAL ProcessLogger [(null)] - System Start 2017/1/18 0:35:59
2017-01-18 00:36:00,493 [10] FATAL ProcessLogger [(null)] - System Start 2017/1/18 0:36:00
2017-01-18 00:36:03,566 [10] FATAL ProcessLogger [(null)] - System Start 2017/1/18 0:36:03
2017-01-18 00:36:04,238 [10] FATAL ProcessLogger [(null)] - System Start 2017/1/18 0:36:04
2017-01-18 00:36:04,284 [10] FATAL ProcessLogger [(null)] - System Start 2017/1/18 0:36:04
2017-01-18 00:36:04,316 [10] FATAL ProcessLogger [(null)] - System Start 2017/1/18 0:36:04
2017-01-18 00:36:09,831 [10] FATAL ProcessLogger [(null)] - System Start 2017/1/18 0:36:09
2017-01-18 00:36:09,831 [10] FATAL ProcessLogger [(null)] - System Start 2017/1/18 0:36:09
2017-01-18 00:36:14,425 [10] FATAL ProcessLogger [(null)] - System Start 2017/1/18 0:36:14
2017-01-18 00:36:14,425 [10] FATAL ProcessLogger [(null)] - System Start 2017/1/18 0:36:14
2017-01-18 00:36:14,425 [10] FATAL ProcessLogger [(null)] - System Read_CaiPiaoZhongLei_Moren 70104 2017/1/18 0:36:14
2017-01-18 00:36:14,441 [10] FATAL ProcessLogger [(null)] - System ReadclaimreportfromServerBy_Xuan 701052017/1/18 0:36:14
2017-01-18 00:36:14,722 [10] FATAL ProcessLogger [(null)] - System ReadclaimreportfromServerBy_Xuan 701062017/1/18 0:36:14
2017-01-18 00:36:14,722 [10] FATAL ProcessLogger [(null)] - System  701072017/1/18 0:36:14
2017-01-18 00:36:17,878 [10] FATAL ProcessLogger [(null)] - System Start 2017/1/18 0:36:17
2017-01-18 00:36:17,894 [10] FATAL ProcessLogger [(null)] - System Start 2017/1/18 0:36:17
2017-01-18 00:36:17,894 [10] FATAL ProcessLogger [(null)] - System Start 2017/1/18 0:36:17
2017-01-18 00:36:17,894 [10] FATAL ProcessLogger [(null)] - System Read_CaiPiaoZhongLei_Moren 70104 2017/1/18 0:36:17
2017-01-18 00:36:17,894 [10] FATAL ProcessLogger [(null)] - System ReadclaimreportfromServerBy_Xuan 701052017/1/18 0:36:17
2017-01-18 00:36:18,097 [10] FATAL ProcessLogger [(null)] - System ReadclaimreportfromServerBy_Xuan 701062017/1/18 0:36:18
2017-01-18 00:36:18,097 [10] FATAL ProcessLogger [(null)] - System  701072017/1/18 0:36:18
2017-01-18 00:36:19,331 [10] FATAL ProcessLogger [(null)] - System Start 2017/1/18 0:36:19
2017-01-18 00:36:19,331 [10] FATAL ProcessLogger [(null)] - System Start 2017/1/18 0:36:19
2017-01-18 00:36:19,331 [10] FATAL ProcessLogger [(null)] - System Start 2017/1/18 0:36:19
2017-01-18 00:36:19,331 [10] FATAL ProcessLogger [(null)] - System Read_CaiPiaoZhongLei_Moren 70104 2017/1/18 0:36:19
2017-01-18 00:36:19,331 [10] FATAL ProcessLogger [(null)] - System ReadclaimreportfromServerBy_Xuan 701052017/1/18 0:36:19
2017-01-18 00:36:19,519 [10] FATAL ProcessLogger [(null)] - System ReadclaimreportfromServerBy_Xuan 701062017/1/18 0:36:19
2017-01-18 00:36:19,519 [10] FATAL ProcessLogger [(null)] - System  701072017/1/18 0:36:19
2017-01-18 00:36:20,581 [10] FATAL ProcessLogger [(null)] - System Start 2017/1/18 0:36:20
2017-01-18 00:36:20,581 [10] FATAL ProcessLogger [(null)] - System Start 2017/1/18 0:36:20
2017-01-18 00:36:20,581 [10] FATAL ProcessLogger [(null)] - System Start 2017/1/18 0:36:20
2017-01-18 00:36:20,581 [10] FATAL ProcessLogger [(null)] - System Read_CaiPiaoZhongLei_Moren 70104 2017/1/18 0:36:20
2017-01-18 00:36:20,581 [10] FATAL ProcessLogger [(null)] - System ReadclaimreportfromServerBy_Xuan 701052017/1/18 0:36:20
2017-01-18 00:36:20,800 [10] FATAL ProcessLogger [(null)] - System ReadclaimreportfromServerBy_Xuan 701062017/1/18 0:36:20
2017-01-18 00:36:20,800 [10] FATAL ProcessLogger [(null)] - System  701072017/1/18 0:36:20
2017-01-18 00:36:21,956 [10] FATAL ProcessLogger [(null)] - System Start 2017/1/18 0:36:21
2017-01-18 00:36:21,956 [10] FATAL ProcessLogger [(null)] - System Start 2017/1/18 0:36:21
2017-01-18 00:36:21,956 [10] FATAL ProcessLogger [(null)] - System Start 2017/1/18 0:36:21
2017-01-18 00:36:21,956 [10] FATAL ProcessLogger [(null)] - System Read_CaiPiaoZhongLei_Moren 70104 2017/1/18 0:36:21
2017-01-18 00:36:21,956 [10] FATAL ProcessLogger [(null)] - System ReadclaimreportfromServerBy_Xuan 701052017/1/18 0:36:21
2017-01-18 00:36:22,113 [10] FATAL ProcessLogger [(null)] - System ReadclaimreportfromServerBy_Xuan 701062017/1/18 0:36:22
2017-01-18 00:36:22,113 [10] FATAL ProcessLogger [(null)] - System  701072017/1/18 0:36:22
2017-01-18 00:36:23,097 [10] FATAL ProcessLogger [(null)] - System Start 2017/1/18 0:36:23
2017-01-18 00:36:23,097 [10] FATAL ProcessLogger [(null)] - System Start 2017/1/18 0:36:23
2017-01-18 00:36:23,097 [10] FATAL ProcessLogger [(null)] - System Start 2017/1/18 0:36:23
2017-01-18 00:36:23,097 [10] FATAL ProcessLogger [(null)] - System Read_CaiPiaoZhongLei_Moren 70104 2017/1/18 0:36:23
2017-01-18 00:36:23,097 [10] FATAL ProcessLogger [(null)] - System ReadclaimreportfromServerBy_Xuan 701052017/1/18 0:36:23
2017-01-18 00:36:23,238 [10] FATAL ProcessLogger [(null)] - System ReadclaimreportfromServerBy_Xuan 701062017/1/18 0:36:23
2017-01-18 00:36:23,238 [10] FATAL ProcessLogger [(null)] - System  701072017/1/18 0:36:23
2017-01-18 00:36:24,706 [10] FATAL ProcessLogger [(null)] - System Start 2017/1/18 0:36:24
2017-01-18 00:36:24,706 [10] FATAL ProcessLogger [(null)] - System Start 2017/1/18 0:36:24
2017-01-18 00:36:24,706 [10] FATAL ProcessLogger [(null)] - System Start 2017/1/18 0:36:24
2017-01-18 00:36:24,706 [10] FATAL ProcessLogger [(null)] - System Read_CaiPiaoZhongLei_Moren 70104 2017/1/18 0:36:24
2017-01-18 00:36:24,706 [10] FATAL ProcessLogger [(null)] - System ReadclaimreportfromServerBy_Xuan 701052017/1/18 0:36:24
2017-01-18 00:36:24,863 [10] FATAL ProcessLogger [(null)] - System ReadclaimreportfromServerBy_Xuan 701062017/1/18 0:36:24
2017-01-18 00:36:24,863 [10] FATAL ProcessLogger [(null)] - System  701072017/1/18 0:36:24
2017-01-18 00:36:26,331 [10] FATAL ProcessLogger [(null)] - System Start 2017/1/18 0:36:26
2017-01-18 00:36:26,331 [10] FATAL ProcessLogger [(null)] - System Start 2017/1/18 0:36:26
2017-01-18 00:36:26,331 [10] FATAL ProcessLogger [(null)] - System Start 2017/1/18 0:36:26
2017-01-18 00:36:26,331 [10] FATAL ProcessLogger [(null)] - System Read_CaiPiaoZhongLei_Moren 70104 2017/1/18 0:36:26
2017-01-18 00:36:26,331 [10] FATAL ProcessLogger [(null)] - System ReadclaimreportfromServerBy_Xuan 701052017/1/18 0:36:26
2017-01-18 00:36:26,519 [10] FATAL ProcessLogger [(null)] - System ReadclaimreportfromServerBy_Xuan 701062017/1/18 0:36:26
2017-01-18 00:36:26,519 [10] FATAL ProcessLogger [(null)] - System  701072017/1/18 0:36:26
2017-01-18 00:36:27,644 [10] FATAL ProcessLogger [(null)] - System Start 2017/1/18 0:36:27
2017-01-18 00:36:27,644 [10] FATAL ProcessLogger [(null)] - System Start 2017/1/18 0:36:27
2017-01-18 00:36:27,644 [10] FATAL ProcessLogger [(null)] - System Start 2017/1/18 0:36:27
2017-01-18 00:36:27,644 [10] FATAL ProcessLogger [(null)] - System Read_CaiPiaoZhongLei_Moren 70104 2017/1/18 0:36:27
2017-01-18 00:36:27,644 [10] FATAL ProcessLogger [(null)] - System ReadclaimreportfromServerBy_Xuan 701052017/1/18 0:36:27
2017-01-18 00:36:27,800 [10] FATAL ProcessLogger [(null)] - System ReadclaimreportfromServerBy_Xuan 701062017/1/18 0:36:27
2017-01-18 00:36:27,800 [10] FATAL ProcessLogger [(null)] - System  701072017/1/18 0:36:27
2017-01-18 00:36:28,847 [10] FATAL ProcessLogger [(null)] - System Start 2017/1/18 0:36:28
2017-01-18 00:36:28,847 [10] FATAL ProcessLogger [(null)] - System Start 2017/1/18 0:36:28
2017-01-18 00:36:28,847 [10] FATAL ProcessLogger [(null)] - System Start 2017/1/18 0:36:28
2017-01-18 00:36:28,847 [10] FATAL ProcessLogger [(null)] - System Read_CaiPiaoZhongLei_Moren 70104 2017/1/18 0:36:28
2017-01-18 00:36:28,847 [10] FATAL ProcessLogger [(null)] - System ReadclaimreportfromServerBy_Xuan 701052017/1/18 0:36:28
2017-01-18 00:36:28,956 [10] FATAL ProcessLogger [(null)] - System ReadclaimreportfromServerBy_Xuan 701062017/1/18 0:36:28
2017-01-18 00:36:28,956 [10] FATAL ProcessLogger [(null)] - System  701072017/1/18 0:36:28
2017-01-18 00:36:30,128 [10] FATAL ProcessLogger [(null)] - System Start 2017/1/18 0:36:30
2017-01-18 00:36:30,128 [10] FATAL ProcessLogger [(null)] - System Start 2017/1/18 0:36:30
2017-01-18 00:36:30,128 [10] FATAL ProcessLogger [(null)] - System Start 2017/1/18 0:36:30
2017-01-18 00:36:30,128 [10] FATAL ProcessLogger [(null)] - System Read_CaiPiaoZhongLei_Moren 70104 2017/1/18 0:36:30
2017-01-18 00:36:30,128 [10] FATAL ProcessLogger [(null)] - System ReadclaimreportfromServerBy_Xuan 701052017/1/18 0:36:30
2017-01-18 00:36:30,253 [10] FATAL ProcessLogger [(null)] - System ReadclaimreportfromServerBy_Xuan 701062017/1/18 0:36:30
2017-01-18 00:36:30,253 [10] FATAL ProcessLogger [(null)] - System  701072017/1/18 0:36:30
2017-01-18 00:36:33,691 [10] FATAL ProcessLogger [(null)] - System Start 2017/1/18 0:36:33
2017-01-18 00:36:33,816 [10] FATAL ProcessLogger [(null)] - System Start 2017/1/18 0:36:33
2017-01-18 00:36:33,816 [10] FATAL ProcessLogger [(null)] - System Start 2017/1/18 0:36:33
2017-01-18 00:36:34,222 [10] FATAL ProcessLogger [(null)] - System Start 2017/1/18 0:36:34
2017-01-18 00:36:36,284 [10] FATAL ProcessLogger [(null)] - System Start 2017/1/18 0:36:36
2017-01-18 00:36:36,394 [10] FATAL ProcessLogger [(null)] - System Start 2017/1/18 0:36:36
2017-01-18 00:36:36,409 [10] FATAL ProcessLogger [(null)] - System Start 2017/1/18 0:36:36
2017-01-18 00:36:36,863 [10] FATAL ProcessLogger [(null)] - System Start 2017/1/18 0:36:36
2017-01-18 00:36:41,200 [10] FATAL ProcessLogger [(null)] - System Start 2017/1/18 0:36:41
2017-01-18 00:36:41,309 [10] FATAL ProcessLogger [(null)] - System Start 2017/1/18 0:36:41
2017-01-18 00:36:41,309 [10] FATAL ProcessLogger [(null)] - System Start 2017/1/18 0:36:41
2017-01-18 00:36:41,731 [10] FATAL ProcessLogger [(null)] - System Start 2017/1/18 0:36:41
2017-01-18 00:36:47,043 [10] FATAL ProcessLogger [(null)] - System Start 2017/1/18 0:36:47
2017-01-18 00:36:47,575 [10] FATAL ProcessLogger [(null)] - System Start 2017/1/18 0:36:47
2017-01-18 00:36:47,606 [10] FATAL ProcessLogger [(null)] - System Start 2017/1/18 0:36:47
2017-01-18 00:36:47,778 [10] FATAL ProcessLogger [(null)] - System Start 2017/1/18 0:36:47
2017-01-18 00:36:54,309 [10] FATAL ProcessLogger [(null)] - System Start 2017/1/18 0:36:54
2017-01-18 00:36:54,309 [10] FATAL ProcessLogger [(null)] - System Start 2017/1/18 0:36:54
2017-01-18 00:36:54,309 [10] FATAL ProcessLogger [(null)] - System Start 2017/1/18 0:36:54
2017-01-18 00:36:54,325 [10] FATAL ProcessLogger [(null)] - System Read_CaiPiaoZhongLei_Moren 70104 2017/1/18 0:36:54
2017-01-18 00:36:54,325 [10] FATAL ProcessLogger [(null)] - System ReadclaimreportfromServerBy_Xuan 701052017/1/18 0:36:54
2017-01-18 00:36:54,418 [10] FATAL ProcessLogger [(null)] - System ReadclaimreportfromServerBy_Xuan 701062017/1/18 0:36:54
2017-01-18 00:36:54,418 [10] FATAL ProcessLogger [(null)] - System  701072017/1/18 0:36:54
2017-01-18 00:36:57,278 [10] FATAL ProcessLogger [(null)] - System Start 2017/1/18 0:36:57
2017-01-18 00:36:57,996 [10] FATAL ProcessLogger [(null)] - System Start 2017/1/18 0:36:57
2017-01-18 00:36:58,028 [10] FATAL ProcessLogger [(null)] - System Start 2017/1/18 0:36:58
2017-01-18 00:36:58,137 [10] FATAL ProcessLogger [(null)] - System Start 2017/1/18 0:36:58
2017-01-18 00:37:08,793 [10] FATAL ProcessLogger [(null)] - System Start 2017/1/18 0:37:08
2017-01-18 00:37:34,984 [10] FATAL ProcessLogger [(null)] - System Start 2017/1/18 0:37:34
2017-01-18 00:38:01,499 [10] FATAL ProcessLogger [(null)] - System Start 2017/1/18 0:38:01
2017-01-18 00:38:01,499 [10] FATAL ProcessLogger [(null)] - System Start 2017/1/18 0:38:01
2017-01-18 00:38:06,843 [10] FATAL ProcessLogger [(null)] - System Start 2017/1/18 0:38:06
2017-01-18 00:38:06,937 [10] FATAL ProcessLogger [(null)] - System Start 2017/1/18 0:38:06
2017-01-18 00:38:06,937 [10] FATAL ProcessLogger [(null)] - System Start 2017/1/18 0:38:06
2017-01-18 00:38:07,343 [10] FATAL ProcessLogger [(null)] - System Start 2017/1/18 0:38:07
2017-01-18 00:38:26,163 [10] FATAL ProcessLogger [(null)] - System Start 2017/1/18 0:38:26
2017-01-18 00:38:26,726 [10] FATAL ProcessLogger [(null)] - System Start 2017/1/18 0:38:26
2017-01-18 00:38:40,541 [10] FATAL ProcessLogger [(null)] - System Start 2017/1/18 0:38:40
2017-01-18 00:39:20,744 [10] FATAL ProcessLogger [(null)] - System Start 2017/1/18 0:39:20
2017-01-18 00:39:21,276 [10] FATAL ProcessLogger [(null)] - System Start 2017/1/18 0:39:21
2017-01-18 00:39:21,291 [10] FATAL ProcessLogger [(null)] - System Start 2017/1/18 0:39:21
2017-01-18 00:39:21,307 [10] FATAL ProcessLogger [(null)] - System Start 2017/1/18 0:39:21
2017-01-18 00:39:23,073 [10] FATAL ProcessLogger [(null)] - System Start 2017/1/18 0:39:23
2017-01-18 00:39:23,073 [10] FATAL ProcessLogger [(null)] - System Start 2017/1/18 0:39:23
2017-01-18 00:40:12,631 [10] FATAL ProcessLogger [(null)] - System Start 2017/1/18 0:40:12
2017-01-18 00:40:12,631 [10] FATAL ProcessLogger [(null)] - System Start 2017/1/18 0:40:12
2017-01-18 00:40:12,631 [10] FATAL ProcessLogger [(null)] - System Start 2017/1/18 0:40:12
2017-01-18 00:40:12,631 [10] FATAL ProcessLogger [(null)] - System Read_CaiPiaoZhongLei_Moren 70104 2017/1/18 0:40:12
2017-01-18 00:40:12,631 [10] FATAL ProcessLogger [(null)] - System ReadclaimreportfromServerBy_Xuan 701052017/1/18 0:40:12
2017-01-18 00:40:12,725 [10] FATAL ProcessLogger [(null)] - System ReadclaimreportfromServerBy_Xuan 701062017/1/18 0:40:12
2017-01-18 00:40:12,725 [10] FATAL ProcessLogger [(null)] - System  701072017/1/18 0:40:12
2017-01-18 00:40:15,241 [10] FATAL ProcessLogger [(null)] - System Start 2017/1/18 0:40:15
2017-01-18 00:40:15,241 [10] FATAL ProcessLogger [(null)] - System Start 2017/1/18 0:40:15
2017-01-18 00:40:15,241 [10] FATAL ProcessLogger [(null)] - System Start 2017/1/18 0:40:15
2017-01-18 00:40:15,241 [10] FATAL ProcessLogger [(null)] - System Read_CaiPiaoZhongLei_Moren 70104 2017/1/18 0:40:15
2017-01-18 00:40:15,241 [10] FATAL ProcessLogger [(null)] - System ReadclaimreportfromServerBy_Xuan 701052017/1/18 0:40:15
2017-01-18 00:40:15,303 [10] FATAL ProcessLogger [(null)] - System ReadclaimreportfromServerBy_Xuan 701062017/1/18 0:40:15
2017-01-18 00:40:15,303 [10] FATAL ProcessLogger [(null)] - System  701072017/1/18 0:40:15
2017-01-18 00:40:19,084 [10] FATAL ProcessLogger [(null)] - System Start 2017/1/18 0:40:19
2017-01-18 00:40:21,537 [10] FATAL ProcessLogger [(null)] - System Start 2017/1/18 0:40:21
2017-01-18 00:40:21,537 [10] FATAL ProcessLogger [(null)] - System Start 2017/1/18 0:40:21
2017-01-18 00:40:25,884 [10] FATAL ProcessLogger [(null)] - System Start 2017/1/18 0:40:25
2017-01-18 00:40:41,353 [10] FATAL ProcessLogger [(null)] - System Start 2017/1/18 0:40:41
2017-01-18 00:40:41,978 [10] FATAL ProcessLogger [(null)] - System Start 2017/1/18 0:40:41
2017-01-18 00:40:42,009 [10] FATAL ProcessLogger [(null)] - System Start 2017/1/18 0:40:42
2017-01-18 00:40:42,118 [10] FATAL ProcessLogger [(null)] - System Start 2017/1/18 0:40:42
2017-01-18 00:40:47,103 [10] FATAL ProcessLogger [(null)] - System Start 2017/1/18 0:40:47
2017-01-18 00:41:18,684 [10] FATAL ProcessLogger [(null)] - System Start 2017/1/18 0:41:18
2017-01-18 00:57:42,423 [9] FATAL ProcessLogger [(null)] - System Start 2017/1/18 0:57:42
2017-01-18 00:57:45,050 [9] FATAL ProcessLogger [(null)] - initialize2017/1/18 0:57:45
2017-01-18 00:57:57,173 [9] FATAL ProcessLogger [(null)] - System Start 2017/1/18 0:57:57
2017-01-18 00:57:57,182 [9] FATAL ProcessLogger [(null)] - System Start 2017/1/18 0:57:57
2017-01-18 00:58:01,328 [9] FATAL ProcessLogger [(null)] - System Start 2017/1/18 0:58:01
2017-01-18 00:58:40,535 [9] FATAL ProcessLogger [(null)] - System Start 2017/1/18 0:58:40
2017-01-18 00:58:41,582 [9] FATAL ProcessLogger [(null)] - System Start 2017/1/18 0:58:41
2017-01-18 00:58:41,647 [9] FATAL ProcessLogger [(null)] - System Start 2017/1/18 0:58:41
2017-01-18 00:58:41,687 [9] FATAL ProcessLogger [(null)] - System Start 2017/1/18 0:58:41
2017-01-18 00:58:50,511 [9] FATAL ProcessLogger [(null)] - System Start 2017/1/18 0:58:50
2017-01-18 01:02:56,634 [9] FATAL ProcessLogger [(null)] - System Start 2017/1/18 1:02:56
2017-01-18 01:02:56,634 [9] FATAL ProcessLogger [(null)] - System Start 2017/1/18 1:02:56
2017-01-18 01:03:03,168 [9] FATAL ProcessLogger [(null)] - System Start 2017/1/18 1:03:03
2017-01-18 01:03:03,168 [9] FATAL ProcessLogger [(null)] - System Start 2017/1/18 1:03:03
2017-01-18 01:03:05,007 [9] FATAL ProcessLogger [(null)] - System Start 2017/1/18 1:03:05
2017-01-18 01:03:06,061 [9] FATAL ProcessLogger [(null)] - System Start 2017/1/18 1:03:06
2017-01-18 01:03:06,061 [9] FATAL ProcessLogger [(null)] - System Start 2017/1/18 1:03:06
2017-01-18 01:03:06,839 [9] FATAL ProcessLogger [(null)] - System Start 2017/1/18 1:03:06
2017-01-18 01:03:09,234 [9] FATAL ProcessLogger [(null)] - System Start 2017/1/18 1:03:09
2017-01-18 01:03:09,234 [9] FATAL ProcessLogger [(null)] - System Start 2017/1/18 1:03:09
2017-01-18 01:03:12,137 [9] FATAL ProcessLogger [(null)] - System Start 2017/1/18 1:03:12
2017-01-18 01:03:15,501 [9] FATAL ProcessLogger [(null)] - System Start 2017/1/18 1:03:15
2017-01-18 01:03:16,398 [9] FATAL ProcessLogger [(null)] - System Start 2017/1/18 1:03:16
2017-01-18 01:03:16,460 [9] FATAL ProcessLogger [(null)] - System Start 2017/1/18 1:03:16
2017-01-18 01:03:16,681 [9] FATAL ProcessLogger [(null)] - System Start 2017/1/18 1:03:16
2017-01-18 01:03:20,643 [9] FATAL ProcessLogger [(null)] - System Start 2017/1/18 1:03:20
2017-01-18 01:03:20,643 [9] FATAL ProcessLogger [(null)] - System Start 2017/1/18 1:03:20
2017-01-18 01:03:20,651 [9] FATAL ProcessLogger [(null)] - System Read_CaiPiaoZhongLei_Moren 70104 2017/1/18 1:03:20
2017-01-18 01:03:20,651 [9] FATAL ProcessLogger [(null)] - System ReadclaimreportfromServerBy_Xuan 701052017/1/18 1:03:20
2017-01-18 01:03:20,672 [9] FATAL ProcessLogger [(null)] - System ReadclaimreportfromServerBy_Xuan 701062017/1/18 1:03:20
2017-01-18 01:03:20,672 [9] FATAL ProcessLogger [(null)] - System  701072017/1/18 1:03:20
2017-01-18 01:03:26,364 [9] FATAL ProcessLogger [(null)] - System Start 2017/1/18 1:03:26
2017-01-18 01:03:27,516 [9] FATAL ProcessLogger [(null)] - System Start 2017/1/18 1:03:27
2017-01-18 01:03:27,516 [9] FATAL ProcessLogger [(null)] - System Start 2017/1/18 1:03:27
2017-01-18 01:03:27,516 [9] FATAL ProcessLogger [(null)] - System Start 2017/1/18 1:03:27
2017-01-18 01:03:27,516 [9] FATAL ProcessLogger [(null)] - System Read_CaiPiaoZhongLei_Moren 70104 2017/1/18 1:03:27
2017-01-18 01:03:27,516 [9] FATAL ProcessLogger [(null)] - System ReadclaimreportfromServerBy_Xuan 701052017/1/18 1:03:27
2017-01-18 01:03:27,547 [9] FATAL ProcessLogger [(null)] - System ReadclaimreportfromServerBy_Xuan 701062017/1/18 1:03:27
2017-01-18 01:03:27,547 [9] FATAL ProcessLogger [(null)] - System  701072017/1/18 1:03:27
2017-01-18 01:03:29,294 [9] FATAL ProcessLogger [(null)] - System Start 2017/1/18 1:03:29
2017-01-18 01:03:30,224 [9] FATAL ProcessLogger [(null)] - System Start 2017/1/18 1:03:30
2017-01-18 01:03:30,943 [9] FATAL ProcessLogger [(null)] - System Start 2017/1/18 1:03:30
2017-01-18 01:03:32,349 [9] FATAL ProcessLogger [(null)] - System Start 2017/1/18 1:03:32
2017-01-18 01:03:33,927 [9] FATAL ProcessLogger [(null)] - System Start 2017/1/18 1:03:33
2017-01-18 01:03:36,420 [9] FATAL ProcessLogger [(null)] - System Start 2017/1/18 1:03:36
2017-01-18 01:03:36,428 [9] FATAL ProcessLogger [(null)] - System Start 2017/1/18 1:03:36
2017-01-18 01:03:36,428 [9] FATAL ProcessLogger [(null)] - System Start 2017/1/18 1:03:36
2017-01-18 01:03:36,428 [9] FATAL ProcessLogger [(null)] - System Read_CaiPiaoZhongLei_Moren 70104 2017/1/18 1:03:36
2017-01-18 01:03:36,428 [9] FATAL ProcessLogger [(null)] - System ReadclaimreportfromServerBy_Xuan 701052017/1/18 1:03:36
2017-01-18 01:03:36,467 [9] FATAL ProcessLogger [(null)] - System ReadclaimreportfromServerBy_Xuan 701062017/1/18 1:03:36
2017-01-18 01:03:36,467 [9] FATAL ProcessLogger [(null)] - System  701072017/1/18 1:03:36
2017-01-18 01:03:36,475 [9] FATAL ProcessLogger [(null)] - System Start 2017/1/18 1:03:36
2017-01-18 01:03:38,571 [9] FATAL ProcessLogger [(null)] - System Start 2017/1/18 1:03:38
2017-01-18 01:03:39,816 [9] FATAL ProcessLogger [(null)] - System Start 2017/1/18 1:03:39
2017-01-18 01:03:41,073 [9] FATAL ProcessLogger [(null)] - System Start 2017/1/18 1:03:41
2017-01-18 01:03:42,108 [9] FATAL ProcessLogger [(null)] - System Start 2017/1/18 1:03:42
2017-01-18 01:03:42,721 [9] FATAL ProcessLogger [(null)] - System Start 2017/1/18 1:03:42
2017-01-18 01:03:43,940 [9] FATAL ProcessLogger [(null)] - System Start 2017/1/18 1:03:43
2017-01-18 01:03:45,139 [9] FATAL ProcessLogger [(null)] - System Start 2017/1/18 1:03:45
2017-01-18 01:03:45,139 [9] FATAL ProcessLogger [(null)] - System Start 2017/1/18 1:03:45
2017-01-18 01:03:45,139 [9] FATAL ProcessLogger [(null)] - System Start 2017/1/18 1:03:45
2017-01-18 01:03:45,147 [9] FATAL ProcessLogger [(null)] - System Read_CaiPiaoZhongLei_Moren 70104 2017/1/18 1:03:45
2017-01-18 01:03:45,147 [9] FATAL ProcessLogger [(null)] - System ReadclaimreportfromServerBy_Xuan 701052017/1/18 1:03:45
2017-01-18 01:03:45,238 [9] FATAL ProcessLogger [(null)] - System ReadclaimreportfromServerBy_Xuan 701062017/1/18 1:03:45
2017-01-18 01:03:45,239 [9] FATAL ProcessLogger [(null)] - System  701072017/1/18 1:03:45
2017-01-18 01:03:46,741 [9] FATAL ProcessLogger [(null)] - System Start 2017/1/18 1:03:46
2017-01-18 01:03:47,727 [9] FATAL ProcessLogger [(null)] - System Start 2017/1/18 1:03:47
2017-01-18 01:03:48,413 [9] FATAL ProcessLogger [(null)] - System Start 2017/1/18 1:03:48
2017-01-18 01:03:49,887 [9] FATAL ProcessLogger [(null)] - System Start 2017/1/18 1:03:49
2017-01-18 01:03:51,796 [9] FATAL ProcessLogger [(null)] - System Start 2017/1/18 1:03:51
2017-01-18 01:03:53,116 [9] FATAL ProcessLogger [(null)] - System Start 2017/1/18 1:03:53
2017-01-18 01:03:55,467 [9] FATAL ProcessLogger [(null)] - System Start 2017/1/18 1:03:55
2017-01-18 01:03:55,475 [9] FATAL ProcessLogger [(null)] - System Start 2017/1/18 1:03:55
2017-01-18 01:03:55,475 [9] FATAL ProcessLogger [(null)] - System Start 2017/1/18 1:03:55
2017-01-18 01:03:55,475 [9] FATAL ProcessLogger [(null)] - System Read_CaiPiaoZhongLei_Moren 70104 2017/1/18 1:03:55
2017-01-18 01:03:55,475 [9] FATAL ProcessLogger [(null)] - System ReadclaimreportfromServerBy_Xuan 701052017/1/18 1:03:55
2017-01-18 01:03:55,549 [9] FATAL ProcessLogger [(null)] - System ReadclaimreportfromServerBy_Xuan 701062017/1/18 1:03:55
2017-01-18 01:03:55,549 [9] FATAL ProcessLogger [(null)] - System  701072017/1/18 1:03:55
2017-01-18 01:03:57,826 [9] FATAL ProcessLogger [(null)] - System Start 2017/1/18 1:03:57
2017-01-18 01:03:58,735 [9] FATAL ProcessLogger [(null)] - System Start 2017/1/18 1:03:58
2017-01-18 01:03:59,542 [9] FATAL ProcessLogger [(null)] - System Start 2017/1/18 1:03:59
2017-01-18 01:04:00,281 [9] FATAL ProcessLogger [(null)] - System Start 2017/1/18 1:04:00
2017-01-18 01:04:01,576 [9] FATAL ProcessLogger [(null)] - System Start 2017/1/18 1:04:01
2017-01-18 01:04:05,373 [9] FATAL ProcessLogger [(null)] - System Start 2017/1/18 1:04:05
2017-01-18 01:04:06,116 [9] FATAL ProcessLogger [(null)] - System Start 2017/1/18 1:04:06
2017-01-18 01:04:06,193 [9] FATAL ProcessLogger [(null)] - System Start 2017/1/18 1:04:06
2017-01-18 01:04:06,301 [9] FATAL ProcessLogger [(null)] - System Start 2017/1/18 1:04:06
2017-01-18 01:04:11,598 [9] FATAL ProcessLogger [(null)] - System Start 2017/1/18 1:04:11
