2017-01-11 10:49:28,066 [1] FATAL SystemExceptionLogger [(null)] - System Error Object reference not set to an instance of an object., Exception Detail Info :   at System.Windows.Forms.DataGridViewTextBoxCell.PaintPrivate(Graphics graphics, Rectangle clipBounds, Rectangle cellBounds, Int32 rowIndex, DataGridViewElementStates cellState, Object formattedValue, String errorText, DataGridViewCellStyle cellStyle, DataGridViewAdvancedBorderStyle advancedBorderStyle, DataGridViewPaintParts paintParts, Boolean computeContentBounds, Boolean computeErrorIconBounds, Boolean paint)
   at System.Windows.Forms.DataGridViewTextBoxCell.Paint(Graphics graphics, Rectangle clipBounds, Rectangle cellBounds, Int32 rowIndex, DataGridViewElementStates cellState, Object value, Object formattedValue, String errorText, DataGridViewCellStyle cellStyle, DataGridViewAdvancedBorderStyle advancedBorderStyle, DataGridViewPaintParts paintParts)
   at System.Windows.Forms.DataGridViewCell.PaintWork(Graphics graphics, Rectangle clipBounds, Rectangle cellBounds, Int32 rowIndex, DataGridViewElementStates cellState, DataGridViewCellStyle cellStyle, DataGridViewAdvancedBorderStyle advancedBorderStyle, DataGridViewPaintParts paintParts)
   at System.Windows.Forms.DataGridViewRow.PaintCells(Graphics graphics, Rectangle clipBounds, Rectangle rowBounds, Int32 rowIndex, DataGridViewElementStates rowState, Boolean isFirstDisplayedRow, Boolean isLastVisibleRow, DataGridViewPaintParts paintParts)
   at System.Windows.Forms.DataGridViewRow.Paint(Graphics graphics, Rectangle clipBounds, Rectangle rowBounds, Int32 rowIndex, DataGridViewElementStates rowState, Boolean isFirstDisplayedRow, Boolean isLastVisibleRow)
   at System.Windows.Forms.DataGridView.PaintRows(Graphics g, Rectangle boundingRect, Rectangle clipRect, Boolean singleHorizontalBorderAdded)
   at System.Windows.Forms.DataGridView.PaintGrid(Graphics g, Rectangle gridBounds, Rectangle clipRect, Boolean singleVerticalBorderAdded, Boolean singleHorizontalBorderAdded)
   at System.Windows.Forms.DataGridView.OnPaint(PaintEventArgs e)
   at System.Windows.Forms.Control.PaintWithErrorHandling(PaintEventArgs e, Int16 layer, Boolean disposeEventArgs)
   at System.Windows.Forms.Control.WmPaint(Message& m)
   at System.Windows.Forms.Control.WndProc(Message& m)
   at System.Windows.Forms.DataGridView.WndProc(Message& m)
   at System.Windows.Forms.Control.ControlNativeWindow.OnMessage(Message& m)
   at System.Windows.Forms.Control.ControlNativeWindow.WndProc(Message& m)
   at System.Windows.Forms.NativeWindow.Callback(IntPtr hWnd, Int32 msg, IntPtr wparam, IntPtr lparam)Time1/11/2017 10:49:28
2017-01-11 11:04:34,495 [1] FATAL SystemExceptionLogger [(null)] - System Error Object reference not set to an instance of an object., Exception Detail Info :   at System.Windows.Forms.DataGridViewCell.GetEditedFormattedValue(Object value, Int32 rowIndex, DataGridViewCellStyle& dataGridViewCellStyle, DataGridViewDataErrorContexts context)
   at System.Windows.Forms.DataGridViewCell.PaintWork(Graphics graphics, Rectangle clipBounds, Rectangle cellBounds, Int32 rowIndex, DataGridViewElementStates cellState, DataGridViewCellStyle cellStyle, DataGridViewAdvancedBorderStyle advancedBorderStyle, DataGridViewPaintParts paintParts)
   at System.Windows.Forms.DataGridViewRow.PaintCells(Graphics graphics, Rectangle clipBounds, Rectangle rowBounds, Int32 rowIndex, DataGridViewElementStates rowState, Boolean isFirstDisplayedRow, Boolean isLastVisibleRow, DataGridViewPaintParts paintParts)
   at System.Windows.Forms.DataGridViewRow.Paint(Graphics graphics, Rectangle clipBounds, Rectangle rowBounds, Int32 rowIndex, DataGridViewElementStates rowState, Boolean isFirstDisplayedRow, Boolean isLastVisibleRow)
   at System.Windows.Forms.DataGridView.PaintRows(Graphics g, Rectangle boundingRect, Rectangle clipRect, Boolean singleHorizontalBorderAdded)
   at System.Windows.Forms.DataGridView.PaintGrid(Graphics g, Rectangle gridBounds, Rectangle clipRect, Boolean singleVerticalBorderAdded, Boolean singleHorizontalBorderAdded)
   at System.Windows.Forms.DataGridView.OnPaint(PaintEventArgs e)
   at System.Windows.Forms.Control.PaintWithErrorHandling(PaintEventArgs e, Int16 layer, Boolean disposeEventArgs)
   at System.Windows.Forms.Control.WmPaint(Message& m)
   at System.Windows.Forms.Control.WndProc(Message& m)
   at System.Windows.Forms.DataGridView.WndProc(Message& m)
   at System.Windows.Forms.Control.ControlNativeWindow.OnMessage(Message& m)
   at System.Windows.Forms.Control.ControlNativeWindow.WndProc(Message& m)
   at System.Windows.Forms.NativeWindow.Callback(IntPtr hWnd, Int32 msg, IntPtr wparam, IntPtr lparam)Time1/11/2017 11:04:34
2017-01-11 11:29:30,629 [1] FATAL SystemExceptionLogger [(null)] - System Error BindingSource cannot be its own data source. Do not set the DataSource and DataMember properties to values that refer back to BindingSource., Exception Detail Info :   at System.Windows.Forms.BindingSource.get_Count()
   at System.Windows.Forms.CurrencyManager.get_Count()
   at System.Windows.Forms.DataGridViewCell.GetValue(Int32 rowIndex)
   at System.Windows.Forms.DataGridViewCell.GetFormattedValue(Int32 rowIndex, DataGridViewCellStyle& cellStyle, DataGridViewDataErrorContexts context)
   at System.Windows.Forms.DataGridViewTextBoxCell.GetPreferredSize(Graphics graphics, DataGridViewCellStyle cellStyle, Int32 rowIndex, Size constraintSize)
   at System.Windows.Forms.DataGridViewCell.GetPreferredWidth(Int32 rowIndex, Int32 height)
   at System.Windows.Forms.DataGridViewCell.OnCellDataAreaMouseEnterInternal(Int32 rowIndex)
   at System.Windows.Forms.DataGridViewCell.OnMouseMoveInternal(DataGridViewCellMouseEventArgs e)
   at System.Windows.Forms.DataGridView.OnCellMouseMove(DataGridViewCellMouseEventArgs e)
   at System.Windows.Forms.DataGridView.UpdateMouseEnteredCell(HitTestInfo hti, MouseEventArgs e)
   at System.Windows.Forms.DataGridView.OnMouseMove(MouseEventArgs e)
   at System.Windows.Forms.Control.WmMouseMove(Message& m)
   at System.Windows.Forms.Control.WndProc(Message& m)
   at System.Windows.Forms.DataGridView.WndProc(Message& m)
   at System.Windows.Forms.Control.ControlNativeWindow.OnMessage(Message& m)
   at System.Windows.Forms.Control.ControlNativeWindow.WndProc(Message& m)
   at System.Windows.Forms.NativeWindow.Callback(IntPtr hWnd, Int32 msg, IntPtr wparam, IntPtr lparam)Time1/11/2017 11:29:30
2017-01-11 11:39:40,715 [1] FATAL SystemExceptionLogger [(null)] - System Error Object reference not set to an instance of an object., Exception Detail Info :   at System.Windows.Forms.DataGridViewCell.GetEditedFormattedValue(Object value, Int32 rowIndex, DataGridViewCellStyle& dataGridViewCellStyle, DataGridViewDataErrorContexts context)
   at System.Windows.Forms.DataGridViewCell.PaintWork(Graphics graphics, Rectangle clipBounds, Rectangle cellBounds, Int32 rowIndex, DataGridViewElementStates cellState, DataGridViewCellStyle cellStyle, DataGridViewAdvancedBorderStyle advancedBorderStyle, DataGridViewPaintParts paintParts)
   at System.Windows.Forms.DataGridViewRow.PaintCells(Graphics graphics, Rectangle clipBounds, Rectangle rowBounds, Int32 rowIndex, DataGridViewElementStates rowState, Boolean isFirstDisplayedRow, Boolean isLastVisibleRow, DataGridViewPaintParts paintParts)
   at System.Windows.Forms.DataGridViewRow.Paint(Graphics graphics, Rectangle clipBounds, Rectangle rowBounds, Int32 rowIndex, DataGridViewElementStates rowState, Boolean isFirstDisplayedRow, Boolean isLastVisibleRow)
   at System.Windows.Forms.DataGridView.PaintRows(Graphics g, Rectangle boundingRect, Rectangle clipRect, Boolean singleHorizontalBorderAdded)
   at System.Windows.Forms.DataGridView.PaintGrid(Graphics g, Rectangle gridBounds, Rectangle clipRect, Boolean singleVerticalBorderAdded, Boolean singleHorizontalBorderAdded)
   at System.Windows.Forms.DataGridView.OnPaint(PaintEventArgs e)
   at System.Windows.Forms.Control.PaintWithErrorHandling(PaintEventArgs e, Int16 layer, Boolean disposeEventArgs)
   at System.Windows.Forms.Control.WmPaint(Message& m)
   at System.Windows.Forms.Control.WndProc(Message& m)
   at System.Windows.Forms.DataGridView.WndProc(Message& m)
   at System.Windows.Forms.Control.ControlNativeWindow.OnMessage(Message& m)
   at System.Windows.Forms.Control.ControlNativeWindow.WndProc(Message& m)
   at System.Windows.Forms.NativeWindow.Callback(IntPtr hWnd, Int32 msg, IntPtr wparam, IntPtr lparam)Time1/11/2017 11:39:40
2017-01-11 12:01:21,434 [1] FATAL SystemExceptionLogger [(null)] - System Error Object reference not set to an instance of an object., Exception Detail Info :   at System.Windows.Forms.DataGridViewTextBoxCell.PaintPrivate(Graphics graphics, Rectangle clipBounds, Rectangle cellBounds, Int32 rowIndex, DataGridViewElementStates cellState, Object formattedValue, String errorText, DataGridViewCellStyle cellStyle, DataGridViewAdvancedBorderStyle advancedBorderStyle, DataGridViewPaintParts paintParts, Boolean computeContentBounds, Boolean computeErrorIconBounds, Boolean paint)
   at System.Windows.Forms.DataGridViewTextBoxCell.Paint(Graphics graphics, Rectangle clipBounds, Rectangle cellBounds, Int32 rowIndex, DataGridViewElementStates cellState, Object value, Object formattedValue, String errorText, DataGridViewCellStyle cellStyle, DataGridViewAdvancedBorderStyle advancedBorderStyle, DataGridViewPaintParts paintParts)
   at System.Windows.Forms.DataGridViewCell.PaintWork(Graphics graphics, Rectangle clipBounds, Rectangle cellBounds, Int32 rowIndex, DataGridViewElementStates cellState, DataGridViewCellStyle cellStyle, DataGridViewAdvancedBorderStyle advancedBorderStyle, DataGridViewPaintParts paintParts)
   at System.Windows.Forms.DataGridViewRow.PaintCells(Graphics graphics, Rectangle clipBounds, Rectangle rowBounds, Int32 rowIndex, DataGridViewElementStates rowState, Boolean isFirstDisplayedRow, Boolean isLastVisibleRow, DataGridViewPaintParts paintParts)
   at System.Windows.Forms.DataGridViewRow.Paint(Graphics graphics, Rectangle clipBounds, Rectangle rowBounds, Int32 rowIndex, DataGridViewElementStates rowState, Boolean isFirstDisplayedRow, Boolean isLastVisibleRow)
   at System.Windows.Forms.DataGridView.PaintRows(Graphics g, Rectangle boundingRect, Rectangle clipRect, Boolean singleHorizontalBorderAdded)
   at System.Windows.Forms.DataGridView.PaintGrid(Graphics g, Rectangle gridBounds, Rectangle clipRect, Boolean singleVerticalBorderAdded, Boolean singleHorizontalBorderAdded)
   at System.Windows.Forms.DataGridView.OnPaint(PaintEventArgs e)
   at System.Windows.Forms.Control.PaintWithErrorHandling(PaintEventArgs e, Int16 layer, Boolean disposeEventArgs)
   at System.Windows.Forms.Control.WmPaint(Message& m)
   at System.Windows.Forms.Control.WndProc(Message& m)
   at System.Windows.Forms.DataGridView.WndProc(Message& m)
   at System.Windows.Forms.Control.ControlNativeWindow.OnMessage(Message& m)
   at System.Windows.Forms.Control.ControlNativeWindow.WndProc(Message& m)
   at System.Windows.Forms.NativeWindow.Callback(IntPtr hWnd, Int32 msg, IntPtr wparam, IntPtr lparam)Time1/11/2017 12:01:21
2017-01-11 14:06:21,713 [1] FATAL SystemExceptionLogger [(null)] - System Error Object reference not set to an instance of an object., Exception Detail Info :   at System.Windows.Forms.DataGridViewRowHeaderCell.PaintPrivate(Graphics graphics, Rectangle clipBounds, Rectangle cellBounds, Int32 rowIndex, DataGridViewElementStates dataGridViewElementState, Object formattedValue, String errorText, DataGridViewCellStyle cellStyle, DataGridViewAdvancedBorderStyle advancedBorderStyle, DataGridViewPaintParts paintParts, Boolean computeContentBounds, Boolean computeErrorIconBounds, Boolean paint)
   at System.Windows.Forms.DataGridViewRowHeaderCell.Paint(Graphics graphics, Rectangle clipBounds, Rectangle cellBounds, Int32 rowIndex, DataGridViewElementStates cellState, Object value, Object formattedValue, String errorText, DataGridViewCellStyle cellStyle, DataGridViewAdvancedBorderStyle advancedBorderStyle, DataGridViewPaintParts paintParts)
   at System.Windows.Forms.DataGridViewCell.PaintWork(Graphics graphics, Rectangle clipBounds, Rectangle cellBounds, Int32 rowIndex, DataGridViewElementStates cellState, DataGridViewCellStyle cellStyle, DataGridViewAdvancedBorderStyle advancedBorderStyle, DataGridViewPaintParts paintParts)
   at System.Windows.Forms.DataGridViewRow.PaintHeader(Graphics graphics, Rectangle clipBounds, Rectangle rowBounds, Int32 rowIndex, DataGridViewElementStates rowState, Boolean isFirstDisplayedRow, Boolean isLastVisibleRow, DataGridViewPaintParts paintParts)
   at System.Windows.Forms.DataGridViewRow.Paint(Graphics graphics, Rectangle clipBounds, Rectangle rowBounds, Int32 rowIndex, DataGridViewElementStates rowState, Boolean isFirstDisplayedRow, Boolean isLastVisibleRow)
   at System.Windows.Forms.DataGridView.PaintRows(Graphics g, Rectangle boundingRect, Rectangle clipRect, Boolean singleHorizontalBorderAdded)
   at System.Windows.Forms.DataGridView.PaintGrid(Graphics g, Rectangle gridBounds, Rectangle clipRect, Boolean singleVerticalBorderAdded, Boolean singleHorizontalBorderAdded)
   at System.Windows.Forms.DataGridView.OnPaint(PaintEventArgs e)
   at System.Windows.Forms.Control.PaintWithErrorHandling(PaintEventArgs e, Int16 layer, Boolean disposeEventArgs)
   at System.Windows.Forms.Control.WmPaint(Message& m)
   at System.Windows.Forms.Control.WndProc(Message& m)
   at System.Windows.Forms.DataGridView.WndProc(Message& m)
   at System.Windows.Forms.Control.ControlNativeWindow.OnMessage(Message& m)
   at System.Windows.Forms.Control.ControlNativeWindow.WndProc(Message& m)
   at System.Windows.Forms.NativeWindow.Callback(IntPtr hWnd, Int32 msg, IntPtr wparam, IntPtr lparam)Time1/11/2017 14:06:21
2017-01-11 14:06:56,561 [1] FATAL SystemExceptionLogger [(null)] - System Error Object reference not set to an instance of an object., Exception Detail Info :   at System.Windows.Forms.DataGridViewRowHeaderCell.PaintPrivate(Graphics graphics, Rectangle clipBounds, Rectangle cellBounds, Int32 rowIndex, DataGridViewElementStates dataGridViewElementState, Object formattedValue, String errorText, DataGridViewCellStyle cellStyle, DataGridViewAdvancedBorderStyle advancedBorderStyle, DataGridViewPaintParts paintParts, Boolean computeContentBounds, Boolean computeErrorIconBounds, Boolean paint)
   at System.Windows.Forms.DataGridViewRowHeaderCell.Paint(Graphics graphics, Rectangle clipBounds, Rectangle cellBounds, Int32 rowIndex, DataGridViewElementStates cellState, Object value, Object formattedValue, String errorText, DataGridViewCellStyle cellStyle, DataGridViewAdvancedBorderStyle advancedBorderStyle, DataGridViewPaintParts paintParts)
   at System.Windows.Forms.DataGridViewCell.PaintWork(Graphics graphics, Rectangle clipBounds, Rectangle cellBounds, Int32 rowIndex, DataGridViewElementStates cellState, DataGridViewCellStyle cellStyle, DataGridViewAdvancedBorderStyle advancedBorderStyle, DataGridViewPaintParts paintParts)
   at System.Windows.Forms.DataGridViewRow.PaintHeader(Graphics graphics, Rectangle clipBounds, Rectangle rowBounds, Int32 rowIndex, DataGridViewElementStates rowState, Boolean isFirstDisplayedRow, Boolean isLastVisibleRow, DataGridViewPaintParts paintParts)
   at System.Windows.Forms.DataGridViewRow.Paint(Graphics graphics, Rectangle clipBounds, Rectangle rowBounds, Int32 rowIndex, DataGridViewElementStates rowState, Boolean isFirstDisplayedRow, Boolean isLastVisibleRow)
   at System.Windows.Forms.DataGridView.PaintRows(Graphics g, Rectangle boundingRect, Rectangle clipRect, Boolean singleHorizontalBorderAdded)
   at System.Windows.Forms.DataGridView.PaintGrid(Graphics g, Rectangle gridBounds, Rectangle clipRect, Boolean singleVerticalBorderAdded, Boolean singleHorizontalBorderAdded)
   at System.Windows.Forms.DataGridView.OnPaint(PaintEventArgs e)
   at System.Windows.Forms.Control.PaintWithErrorHandling(PaintEventArgs e, Int16 layer, Boolean disposeEventArgs)
   at System.Windows.Forms.Control.WmPaint(Message& m)
   at System.Windows.Forms.Control.WndProc(Message& m)
   at System.Windows.Forms.DataGridView.WndProc(Message& m)
   at System.Windows.Forms.Control.ControlNativeWindow.OnMessage(Message& m)
   at System.Windows.Forms.Control.ControlNativeWindow.WndProc(Message& m)
   at System.Windows.Forms.NativeWindow.Callback(IntPtr hWnd, Int32 msg, IntPtr wparam, IntPtr lparam)Time1/11/2017 14:06:56
2017-01-11 14:08:55,379 [1] FATAL SystemExceptionLogger [(null)] - System Error Object reference not set to an instance of an object., Exception Detail Info :   at System.Windows.Forms.DataGridViewCell.GetInheritedStyle(DataGridViewCellStyle inheritedCellStyle, Int32 rowIndex, Boolean includeColors)
   at System.Windows.Forms.DataGridViewRow.PaintCells(Graphics graphics, Rectangle clipBounds, Rectangle rowBounds, Int32 rowIndex, DataGridViewElementStates rowState, Boolean isFirstDisplayedRow, Boolean isLastVisibleRow, DataGridViewPaintParts paintParts)
   at System.Windows.Forms.DataGridViewRow.Paint(Graphics graphics, Rectangle clipBounds, Rectangle rowBounds, Int32 rowIndex, DataGridViewElementStates rowState, Boolean isFirstDisplayedRow, Boolean isLastVisibleRow)
   at System.Windows.Forms.DataGridView.PaintRows(Graphics g, Rectangle boundingRect, Rectangle clipRect, Boolean singleHorizontalBorderAdded)
   at System.Windows.Forms.DataGridView.PaintGrid(Graphics g, Rectangle gridBounds, Rectangle clipRect, Boolean singleVerticalBorderAdded, Boolean singleHorizontalBorderAdded)
   at System.Windows.Forms.DataGridView.OnPaint(PaintEventArgs e)
   at System.Windows.Forms.Control.PaintWithErrorHandling(PaintEventArgs e, Int16 layer, Boolean disposeEventArgs)
   at System.Windows.Forms.Control.WmPaint(Message& m)
   at System.Windows.Forms.Control.WndProc(Message& m)
   at System.Windows.Forms.DataGridView.WndProc(Message& m)
   at System.Windows.Forms.Control.ControlNativeWindow.OnMessage(Message& m)
   at System.Windows.Forms.Control.ControlNativeWindow.WndProc(Message& m)
   at System.Windows.Forms.NativeWindow.Callback(IntPtr hWnd, Int32 msg, IntPtr wparam, IntPtr lparam)Time1/11/2017 14:08:55
2017-01-11 14:09:30,028 [1] FATAL SystemExceptionLogger [(null)] - System Error Object reference not set to an instance of an object., Exception Detail Info :   at System.Windows.Forms.DataGridViewRowHeaderCell.PaintPrivate(Graphics graphics, Rectangle clipBounds, Rectangle cellBounds, Int32 rowIndex, DataGridViewElementStates dataGridViewElementState, Object formattedValue, String errorText, DataGridViewCellStyle cellStyle, DataGridViewAdvancedBorderStyle advancedBorderStyle, DataGridViewPaintParts paintParts, Boolean computeContentBounds, Boolean computeErrorIconBounds, Boolean paint)
   at System.Windows.Forms.DataGridViewRowHeaderCell.Paint(Graphics graphics, Rectangle clipBounds, Rectangle cellBounds, Int32 rowIndex, DataGridViewElementStates cellState, Object value, Object formattedValue, String errorText, DataGridViewCellStyle cellStyle, DataGridViewAdvancedBorderStyle advancedBorderStyle, DataGridViewPaintParts paintParts)
   at System.Windows.Forms.DataGridViewCell.PaintWork(Graphics graphics, Rectangle clipBounds, Rectangle cellBounds, Int32 rowIndex, DataGridViewElementStates cellState, DataGridViewCellStyle cellStyle, DataGridViewAdvancedBorderStyle advancedBorderStyle, DataGridViewPaintParts paintParts)
   at System.Windows.Forms.DataGridViewRow.PaintHeader(Graphics graphics, Rectangle clipBounds, Rectangle rowBounds, Int32 rowIndex, DataGridViewElementStates rowState, Boolean isFirstDisplayedRow, Boolean isLastVisibleRow, DataGridViewPaintParts paintParts)
   at System.Windows.Forms.DataGridViewRow.Paint(Graphics graphics, Rectangle clipBounds, Rectangle rowBounds, Int32 rowIndex, DataGridViewElementStates rowState, Boolean isFirstDisplayedRow, Boolean isLastVisibleRow)
   at System.Windows.Forms.DataGridView.PaintRows(Graphics g, Rectangle boundingRect, Rectangle clipRect, Boolean singleHorizontalBorderAdded)
   at System.Windows.Forms.DataGridView.PaintGrid(Graphics g, Rectangle gridBounds, Rectangle clipRect, Boolean singleVerticalBorderAdded, Boolean singleHorizontalBorderAdded)
   at System.Windows.Forms.DataGridView.OnPaint(PaintEventArgs e)
   at System.Windows.Forms.Control.PaintWithErrorHandling(PaintEventArgs e, Int16 layer, Boolean disposeEventArgs)
   at System.Windows.Forms.Control.WmPaint(Message& m)
   at System.Windows.Forms.Control.WndProc(Message& m)
   at System.Windows.Forms.DataGridView.WndProc(Message& m)
   at System.Windows.Forms.Control.ControlNativeWindow.OnMessage(Message& m)
   at System.Windows.Forms.Control.ControlNativeWindow.WndProc(Message& m)
   at System.Windows.Forms.NativeWindow.Callback(IntPtr hWnd, Int32 msg, IntPtr wparam, IntPtr lparam)Time1/11/2017 14:09:30
2017-01-11 14:12:33,027 [1] FATAL SystemExceptionLogger [(null)] - System Error Object reference not set to an instance of an object., Exception Detail Info :   at System.Windows.Forms.DataGridViewRowHeaderCell.PaintPrivate(Graphics graphics, Rectangle clipBounds, Rectangle cellBounds, Int32 rowIndex, DataGridViewElementStates dataGridViewElementState, Object formattedValue, String errorText, DataGridViewCellStyle cellStyle, DataGridViewAdvancedBorderStyle advancedBorderStyle, DataGridViewPaintParts paintParts, Boolean computeContentBounds, Boolean computeErrorIconBounds, Boolean paint)
   at System.Windows.Forms.DataGridViewRowHeaderCell.Paint(Graphics graphics, Rectangle clipBounds, Rectangle cellBounds, Int32 rowIndex, DataGridViewElementStates cellState, Object value, Object formattedValue, String errorText, DataGridViewCellStyle cellStyle, DataGridViewAdvancedBorderStyle advancedBorderStyle, DataGridViewPaintParts paintParts)
   at System.Windows.Forms.DataGridViewCell.PaintWork(Graphics graphics, Rectangle clipBounds, Rectangle cellBounds, Int32 rowIndex, DataGridViewElementStates cellState, DataGridViewCellStyle cellStyle, DataGridViewAdvancedBorderStyle advancedBorderStyle, DataGridViewPaintParts paintParts)
   at System.Windows.Forms.DataGridViewRow.PaintHeader(Graphics graphics, Rectangle clipBounds, Rectangle rowBounds, Int32 rowIndex, DataGridViewElementStates rowState, Boolean isFirstDisplayedRow, Boolean isLastVisibleRow, DataGridViewPaintParts paintParts)
   at System.Windows.Forms.DataGridViewRow.Paint(Graphics graphics, Rectangle clipBounds, Rectangle rowBounds, Int32 rowIndex, DataGridViewElementStates rowState, Boolean isFirstDisplayedRow, Boolean isLastVisibleRow)
   at System.Windows.Forms.DataGridView.PaintRows(Graphics g, Rectangle boundingRect, Rectangle clipRect, Boolean singleHorizontalBorderAdded)
   at System.Windows.Forms.DataGridView.PaintGrid(Graphics g, Rectangle gridBounds, Rectangle clipRect, Boolean singleVerticalBorderAdded, Boolean singleHorizontalBorderAdded)
   at System.Windows.Forms.DataGridView.OnPaint(PaintEventArgs e)
   at System.Windows.Forms.Control.PaintWithErrorHandling(PaintEventArgs e, Int16 layer, Boolean disposeEventArgs)
   at System.Windows.Forms.Control.WmPaint(Message& m)
   at System.Windows.Forms.Control.WndProc(Message& m)
   at System.Windows.Forms.DataGridView.WndProc(Message& m)
   at System.Windows.Forms.Control.ControlNativeWindow.OnMessage(Message& m)
   at System.Windows.Forms.Control.ControlNativeWindow.WndProc(Message& m)
   at System.Windows.Forms.NativeWindow.Callback(IntPtr hWnd, Int32 msg, IntPtr wparam, IntPtr lparam)Time1/11/2017 14:12:33
2017-01-11 14:13:44,709 [1] FATAL SystemExceptionLogger [(null)] - System Error Object reference not set to an instance of an object., Exception Detail Info :   at System.Windows.Forms.DataGridViewRowHeaderCell.PaintPrivate(Graphics graphics, Rectangle clipBounds, Rectangle cellBounds, Int32 rowIndex, DataGridViewElementStates dataGridViewElementState, Object formattedValue, String errorText, DataGridViewCellStyle cellStyle, DataGridViewAdvancedBorderStyle advancedBorderStyle, DataGridViewPaintParts paintParts, Boolean computeContentBounds, Boolean computeErrorIconBounds, Boolean paint)
   at System.Windows.Forms.DataGridViewRowHeaderCell.Paint(Graphics graphics, Rectangle clipBounds, Rectangle cellBounds, Int32 rowIndex, DataGridViewElementStates cellState, Object value, Object formattedValue, String errorText, DataGridViewCellStyle cellStyle, DataGridViewAdvancedBorderStyle advancedBorderStyle, DataGridViewPaintParts paintParts)
   at System.Windows.Forms.DataGridViewCell.PaintWork(Graphics graphics, Rectangle clipBounds, Rectangle cellBounds, Int32 rowIndex, DataGridViewElementStates cellState, DataGridViewCellStyle cellStyle, DataGridViewAdvancedBorderStyle advancedBorderStyle, DataGridViewPaintParts paintParts)
   at System.Windows.Forms.DataGridViewRow.PaintHeader(Graphics graphics, Rectangle clipBounds, Rectangle rowBounds, Int32 rowIndex, DataGridViewElementStates rowState, Boolean isFirstDisplayedRow, Boolean isLastVisibleRow, DataGridViewPaintParts paintParts)
   at System.Windows.Forms.DataGridViewRow.Paint(Graphics graphics, Rectangle clipBounds, Rectangle rowBounds, Int32 rowIndex, DataGridViewElementStates rowState, Boolean isFirstDisplayedRow, Boolean isLastVisibleRow)
   at System.Windows.Forms.DataGridView.PaintRows(Graphics g, Rectangle boundingRect, Rectangle clipRect, Boolean singleHorizontalBorderAdded)
   at System.Windows.Forms.DataGridView.PaintGrid(Graphics g, Rectangle gridBounds, Rectangle clipRect, Boolean singleVerticalBorderAdded, Boolean singleHorizontalBorderAdded)
   at System.Windows.Forms.DataGridView.OnPaint(PaintEventArgs e)
   at System.Windows.Forms.Control.PaintWithErrorHandling(PaintEventArgs e, Int16 layer, Boolean disposeEventArgs)
   at System.Windows.Forms.Control.WmPaint(Message& m)
   at System.Windows.Forms.Control.WndProc(Message& m)
   at System.Windows.Forms.DataGridView.WndProc(Message& m)
   at System.Windows.Forms.Control.ControlNativeWindow.OnMessage(Message& m)
   at System.Windows.Forms.Control.ControlNativeWindow.WndProc(Message& m)
   at System.Windows.Forms.NativeWindow.Callback(IntPtr hWnd, Int32 msg, IntPtr wparam, IntPtr lparam)Time1/11/2017 14:13:44
2017-01-11 14:20:33,960 [1] FATAL SystemExceptionLogger [(null)] - System Error Object reference not set to an instance of an object., Exception Detail Info :   at System.Windows.Forms.DataGridViewRowHeaderCell.PaintPrivate(Graphics graphics, Rectangle clipBounds, Rectangle cellBounds, Int32 rowIndex, DataGridViewElementStates dataGridViewElementState, Object formattedValue, String errorText, DataGridViewCellStyle cellStyle, DataGridViewAdvancedBorderStyle advancedBorderStyle, DataGridViewPaintParts paintParts, Boolean computeContentBounds, Boolean computeErrorIconBounds, Boolean paint)
   at System.Windows.Forms.DataGridViewRowHeaderCell.Paint(Graphics graphics, Rectangle clipBounds, Rectangle cellBounds, Int32 rowIndex, DataGridViewElementStates cellState, Object value, Object formattedValue, String errorText, DataGridViewCellStyle cellStyle, DataGridViewAdvancedBorderStyle advancedBorderStyle, DataGridViewPaintParts paintParts)
   at System.Windows.Forms.DataGridViewCell.PaintWork(Graphics graphics, Rectangle clipBounds, Rectangle cellBounds, Int32 rowIndex, DataGridViewElementStates cellState, DataGridViewCellStyle cellStyle, DataGridViewAdvancedBorderStyle advancedBorderStyle, DataGridViewPaintParts paintParts)
   at System.Windows.Forms.DataGridViewRow.PaintHeader(Graphics graphics, Rectangle clipBounds, Rectangle rowBounds, Int32 rowIndex, DataGridViewElementStates rowState, Boolean isFirstDisplayedRow, Boolean isLastVisibleRow, DataGridViewPaintParts paintParts)
   at System.Windows.Forms.DataGridViewRow.Paint(Graphics graphics, Rectangle clipBounds, Rectangle rowBounds, Int32 rowIndex, DataGridViewElementStates rowState, Boolean isFirstDisplayedRow, Boolean isLastVisibleRow)
   at System.Windows.Forms.DataGridView.PaintRows(Graphics g, Rectangle boundingRect, Rectangle clipRect, Boolean singleHorizontalBorderAdded)
   at System.Windows.Forms.DataGridView.PaintGrid(Graphics g, Rectangle gridBounds, Rectangle clipRect, Boolean singleVerticalBorderAdded, Boolean singleHorizontalBorderAdded)
   at System.Windows.Forms.DataGridView.OnPaint(PaintEventArgs e)
   at System.Windows.Forms.Control.PaintWithErrorHandling(PaintEventArgs e, Int16 layer, Boolean disposeEventArgs)
   at System.Windows.Forms.Control.WmPaint(Message& m)
   at System.Windows.Forms.Control.WndProc(Message& m)
   at System.Windows.Forms.DataGridView.WndProc(Message& m)
   at System.Windows.Forms.Control.ControlNativeWindow.OnMessage(Message& m)
   at System.Windows.Forms.Control.ControlNativeWindow.WndProc(Message& m)
   at System.Windows.Forms.NativeWindow.Callback(IntPtr hWnd, Int32 msg, IntPtr wparam, IntPtr lparam)Time1/11/2017 14:20:33
2017-01-11 14:22:31,532 [1] FATAL SystemExceptionLogger [(null)] - System Error Object reference not set to an instance of an object., Exception Detail Info :   at System.Windows.Forms.DataGridViewCell.PaintBorder(Graphics graphics, Rectangle clipBounds, Rectangle bounds, DataGridViewCellStyle cellStyle, DataGridViewAdvancedBorderStyle advancedBorderStyle)
   at System.Windows.Forms.DataGridViewTextBoxCell.PaintPrivate(Graphics graphics, Rectangle clipBounds, Rectangle cellBounds, Int32 rowIndex, DataGridViewElementStates cellState, Object formattedValue, String errorText, DataGridViewCellStyle cellStyle, DataGridViewAdvancedBorderStyle advancedBorderStyle, DataGridViewPaintParts paintParts, Boolean computeContentBounds, Boolean computeErrorIconBounds, Boolean paint)
   at System.Windows.Forms.DataGridViewTextBoxCell.Paint(Graphics graphics, Rectangle clipBounds, Rectangle cellBounds, Int32 rowIndex, DataGridViewElementStates cellState, Object value, Object formattedValue, String errorText, DataGridViewCellStyle cellStyle, DataGridViewAdvancedBorderStyle advancedBorderStyle, DataGridViewPaintParts paintParts)
   at System.Windows.Forms.DataGridViewCell.PaintWork(Graphics graphics, Rectangle clipBounds, Rectangle cellBounds, Int32 rowIndex, DataGridViewElementStates cellState, DataGridViewCellStyle cellStyle, DataGridViewAdvancedBorderStyle advancedBorderStyle, DataGridViewPaintParts paintParts)
   at System.Windows.Forms.DataGridViewRow.PaintCells(Graphics graphics, Rectangle clipBounds, Rectangle rowBounds, Int32 rowIndex, DataGridViewElementStates rowState, Boolean isFirstDisplayedRow, Boolean isLastVisibleRow, DataGridViewPaintParts paintParts)
   at System.Windows.Forms.DataGridViewRow.Paint(Graphics graphics, Rectangle clipBounds, Rectangle rowBounds, Int32 rowIndex, DataGridViewElementStates rowState, Boolean isFirstDisplayedRow, Boolean isLastVisibleRow)
   at System.Windows.Forms.DataGridView.PaintRows(Graphics g, Rectangle boundingRect, Rectangle clipRect, Boolean singleHorizontalBorderAdded)
   at System.Windows.Forms.DataGridView.PaintGrid(Graphics g, Rectangle gridBounds, Rectangle clipRect, Boolean singleVerticalBorderAdded, Boolean singleHorizontalBorderAdded)
   at System.Windows.Forms.DataGridView.OnPaint(PaintEventArgs e)
   at System.Windows.Forms.Control.PaintWithErrorHandling(PaintEventArgs e, Int16 layer, Boolean disposeEventArgs)
   at System.Windows.Forms.Control.WmPaint(Message& m)
   at System.Windows.Forms.Control.WndProc(Message& m)
   at System.Windows.Forms.DataGridView.WndProc(Message& m)
   at System.Windows.Forms.Control.ControlNativeWindow.OnMessage(Message& m)
   at System.Windows.Forms.Control.ControlNativeWindow.WndProc(Message& m)
   at System.Windows.Forms.NativeWindow.Callback(IntPtr hWnd, Int32 msg, IntPtr wparam, IntPtr lparam)Time1/11/2017 14:22:31
2017-01-11 14:23:49,106 [1] FATAL SystemExceptionLogger [(null)] - System Error Object reference not set to an instance of an object., Exception Detail Info :   at System.Windows.Forms.DataGridViewRowHeaderCell.PaintPrivate(Graphics graphics, Rectangle clipBounds, Rectangle cellBounds, Int32 rowIndex, DataGridViewElementStates dataGridViewElementState, Object formattedValue, String errorText, DataGridViewCellStyle cellStyle, DataGridViewAdvancedBorderStyle advancedBorderStyle, DataGridViewPaintParts paintParts, Boolean computeContentBounds, Boolean computeErrorIconBounds, Boolean paint)
   at System.Windows.Forms.DataGridViewRowHeaderCell.Paint(Graphics graphics, Rectangle clipBounds, Rectangle cellBounds, Int32 rowIndex, DataGridViewElementStates cellState, Object value, Object formattedValue, String errorText, DataGridViewCellStyle cellStyle, DataGridViewAdvancedBorderStyle advancedBorderStyle, DataGridViewPaintParts paintParts)
   at System.Windows.Forms.DataGridViewCell.PaintWork(Graphics graphics, Rectangle clipBounds, Rectangle cellBounds, Int32 rowIndex, DataGridViewElementStates cellState, DataGridViewCellStyle cellStyle, DataGridViewAdvancedBorderStyle advancedBorderStyle, DataGridViewPaintParts paintParts)
   at System.Windows.Forms.DataGridViewRow.PaintHeader(Graphics graphics, Rectangle clipBounds, Rectangle rowBounds, Int32 rowIndex, DataGridViewElementStates rowState, Boolean isFirstDisplayedRow, Boolean isLastVisibleRow, DataGridViewPaintParts paintParts)
   at System.Windows.Forms.DataGridViewRow.Paint(Graphics graphics, Rectangle clipBounds, Rectangle rowBounds, Int32 rowIndex, DataGridViewElementStates rowState, Boolean isFirstDisplayedRow, Boolean isLastVisibleRow)
   at System.Windows.Forms.DataGridView.PaintRows(Graphics g, Rectangle boundingRect, Rectangle clipRect, Boolean singleHorizontalBorderAdded)
   at System.Windows.Forms.DataGridView.PaintGrid(Graphics g, Rectangle gridBounds, Rectangle clipRect, Boolean singleVerticalBorderAdded, Boolean singleHorizontalBorderAdded)
   at System.Windows.Forms.DataGridView.OnPaint(PaintEventArgs e)
   at System.Windows.Forms.Control.PaintWithErrorHandling(PaintEventArgs e, Int16 layer, Boolean disposeEventArgs)
   at System.Windows.Forms.Control.WmPaint(Message& m)
   at System.Windows.Forms.Control.WndProc(Message& m)
   at System.Windows.Forms.DataGridView.WndProc(Message& m)
   at System.Windows.Forms.Control.ControlNativeWindow.OnMessage(Message& m)
   at System.Windows.Forms.Control.ControlNativeWindow.WndProc(Message& m)
   at System.Windows.Forms.NativeWindow.Callback(IntPtr hWnd, Int32 msg, IntPtr wparam, IntPtr lparam)Time1/11/2017 14:23:49
