2017-01-05 15:36:34,967 [10] FATAL SystemExceptionLogger [(null)] - System Error Parameter is not valid., Exception Detail Info :   at System.Drawing.Bitmap..ctor(Int32 width, Int32 height, PixelFormat format)
   at System.Drawing.Bitmap..ctor(Int32 width, Int32 height)
   at Sunisoft.IrisSkin.x97d171718e5c7e7f.xc33f5f7a18a754cb(Graphics x41347a961b838962, Int32 x067d6ddeefb41622)
   at Sunisoft.IrisSkin.x97d171718e5c7e7f.x8bc95f030953f87b(Graphics x4b101060f4767186)
   at Sunisoft.IrisSkin.x97d171718e5c7e7f.PaintControl()
   at Sunisoft.IrisSkin.xbd3f2493841f18a1.x2bf160cd2bad82a5(Object xe0292b9ed559da7d, EventArgs xfbf34718e704c6bc)
   at System.Windows.Forms.Control.OnGotFocus(EventArgs e)
   at System.Windows.Forms.Control.WmSetFocus(Message& m)
   at System.Windows.Forms.Control.WndProc(Message& m)
   at System.Windows.Forms.TabControl.WndProc(Message& m)
   at System.Windows.Forms.Control.ControlNativeWindow.OnMessage(Message& m)
   at System.Windows.Forms.Control.ControlNativeWindow.WndProc(Message& m)
   at System.Windows.Forms.NativeWindow.Callback(IntPtr hWnd, Int32 msg, IntPtr wparam, IntPtr lparam)Time1/5/2017 15:36:34
2017-01-05 15:36:48,056 [10] FATAL SystemExceptionLogger [(null)] - System Error Parameter is not valid., Exception Detail Info :   at System.Drawing.Bitmap..ctor(Int32 width, Int32 height, PixelFormat format)
   at System.Drawing.Bitmap..ctor(Int32 width, Int32 height)
   at Sunisoft.IrisSkin.x97d171718e5c7e7f.xc33f5f7a18a754cb(Graphics x41347a961b838962, Int32 x067d6ddeefb41622)
   at Sunisoft.IrisSkin.x97d171718e5c7e7f.x8bc95f030953f87b(Graphics x4b101060f4767186)
   at Sunisoft.IrisSkin.x97d171718e5c7e7f.PaintControl()
   at Sunisoft.IrisSkin.xbd3f2493841f18a1.x2bf160cd2bad82a5(Object xe0292b9ed559da7d, EventArgs xfbf34718e704c6bc)
   at System.Windows.Forms.Control.OnGotFocus(EventArgs e)
   at System.Windows.Forms.Control.WmSetFocus(Message& m)
   at System.Windows.Forms.Control.WndProc(Message& m)
   at System.Windows.Forms.TabControl.WndProc(Message& m)
   at System.Windows.Forms.Control.ControlNativeWindow.OnMessage(Message& m)
   at System.Windows.Forms.Control.ControlNativeWindow.WndProc(Message& m)
   at System.Windows.Forms.NativeWindow.Callback(IntPtr hWnd, Int32 msg, IntPtr wparam, IntPtr lparam)Time1/5/2017 15:36:48
2017-01-05 15:37:31,845 [10] FATAL SystemExceptionLogger [(null)] - System Error Parameter is not valid., Exception Detail Info :   at System.Drawing.Bitmap..ctor(Int32 width, Int32 height, PixelFormat format)
   at System.Drawing.Bitmap..ctor(Int32 width, Int32 height)
   at Sunisoft.IrisSkin.x97d171718e5c7e7f.xc33f5f7a18a754cb(Graphics x41347a961b838962, Int32 x067d6ddeefb41622)
   at Sunisoft.IrisSkin.x97d171718e5c7e7f.x8bc95f030953f87b(Graphics x4b101060f4767186)
   at Sunisoft.IrisSkin.x97d171718e5c7e7f.PaintControl()
   at Sunisoft.IrisSkin.xbd3f2493841f18a1.x2bf160cd2bad82a5(Object xe0292b9ed559da7d, EventArgs xfbf34718e704c6bc)
   at System.Windows.Forms.Control.OnGotFocus(EventArgs e)
   at System.Windows.Forms.Control.WmSetFocus(Message& m)
   at System.Windows.Forms.Control.WndProc(Message& m)
   at System.Windows.Forms.TabControl.WndProc(Message& m)
   at System.Windows.Forms.Control.ControlNativeWindow.OnMessage(Message& m)
   at System.Windows.Forms.Control.ControlNativeWindow.WndProc(Message& m)
   at System.Windows.Forms.NativeWindow.Callback(IntPtr hWnd, Int32 msg, IntPtr wparam, IntPtr lparam)Time1/5/2017 15:37:31
2017-01-05 15:39:57,730 [9] FATAL SystemExceptionLogger [(null)] - System Error Parameter is not valid., Exception Detail Info :   at System.Drawing.Bitmap..ctor(Int32 width, Int32 height, PixelFormat format)
   at System.Drawing.Bitmap..ctor(Int32 width, Int32 height)
   at Sunisoft.IrisSkin.x97d171718e5c7e7f.xc33f5f7a18a754cb(Graphics x41347a961b838962, Int32 x067d6ddeefb41622)
   at Sunisoft.IrisSkin.x97d171718e5c7e7f.x8bc95f030953f87b(Graphics x4b101060f4767186)
   at Sunisoft.IrisSkin.x97d171718e5c7e7f.PaintControl()
   at Sunisoft.IrisSkin.xbd3f2493841f18a1.x2bf160cd2bad82a5(Object xe0292b9ed559da7d, EventArgs xfbf34718e704c6bc)
   at System.Windows.Forms.Control.OnGotFocus(EventArgs e)
   at System.Windows.Forms.Control.WmSetFocus(Message& m)
   at System.Windows.Forms.Control.WndProc(Message& m)
   at System.Windows.Forms.TabControl.WndProc(Message& m)
   at System.Windows.Forms.Control.ControlNativeWindow.OnMessage(Message& m)
   at System.Windows.Forms.Control.ControlNativeWindow.WndProc(Message& m)
   at System.Windows.Forms.NativeWindow.Callback(IntPtr hWnd, Int32 msg, IntPtr wparam, IntPtr lparam)Time1/5/2017 15:39:57
2017-01-05 15:40:28,039 [9] FATAL SystemExceptionLogger [(null)] - System Error Parameter is not valid., Exception Detail Info :   at System.Drawing.Bitmap..ctor(Int32 width, Int32 height, PixelFormat format)
   at System.Drawing.Bitmap..ctor(Int32 width, Int32 height)
   at Sunisoft.IrisSkin.x97d171718e5c7e7f.xc33f5f7a18a754cb(Graphics x41347a961b838962, Int32 x067d6ddeefb41622)
   at Sunisoft.IrisSkin.x97d171718e5c7e7f.x8bc95f030953f87b(Graphics x4b101060f4767186)
   at Sunisoft.IrisSkin.x97d171718e5c7e7f.PaintControl()
   at Sunisoft.IrisSkin.xbd3f2493841f18a1.x2bf160cd2bad82a5(Object xe0292b9ed559da7d, EventArgs xfbf34718e704c6bc)
   at System.Windows.Forms.Control.OnGotFocus(EventArgs e)
   at System.Windows.Forms.Control.WmSetFocus(Message& m)
   at System.Windows.Forms.Control.WndProc(Message& m)
   at System.Windows.Forms.TabControl.WndProc(Message& m)
   at System.Windows.Forms.Control.ControlNativeWindow.OnMessage(Message& m)
   at System.Windows.Forms.Control.ControlNativeWindow.WndProc(Message& m)
   at System.Windows.Forms.NativeWindow.Callback(IntPtr hWnd, Int32 msg, IntPtr wparam, IntPtr lparam)Time1/5/2017 15:40:28
2017-01-05 15:43:33,879 [9] FATAL SystemExceptionLogger [(null)] - System Error Parameter is not valid., Exception Detail Info :   at System.Drawing.Bitmap..ctor(Int32 width, Int32 height, PixelFormat format)
   at System.Drawing.Bitmap..ctor(Int32 width, Int32 height)
   at Sunisoft.IrisSkin.x97d171718e5c7e7f.xc33f5f7a18a754cb(Graphics x41347a961b838962, Int32 x067d6ddeefb41622)
   at Sunisoft.IrisSkin.x97d171718e5c7e7f.x8bc95f030953f87b(Graphics x4b101060f4767186)
   at Sunisoft.IrisSkin.x97d171718e5c7e7f.PaintControl()
   at Sunisoft.IrisSkin.xbd3f2493841f18a1.x2bf160cd2bad82a5(Object xe0292b9ed559da7d, EventArgs xfbf34718e704c6bc)
   at System.Windows.Forms.Control.OnGotFocus(EventArgs e)
   at System.Windows.Forms.Control.WmSetFocus(Message& m)
   at System.Windows.Forms.Control.WndProc(Message& m)
   at System.Windows.Forms.TabControl.WndProc(Message& m)
   at System.Windows.Forms.Control.ControlNativeWindow.OnMessage(Message& m)
   at System.Windows.Forms.Control.ControlNativeWindow.WndProc(Message& m)
   at System.Windows.Forms.NativeWindow.Callback(IntPtr hWnd, Int32 msg, IntPtr wparam, IntPtr lparam)Time1/5/2017 15:43:33
2017-01-05 15:44:49,331 [9] FATAL SystemExceptionLogger [(null)] - System Error Parameter is not valid., Exception Detail Info :   at System.Drawing.Bitmap..ctor(Int32 width, Int32 height, PixelFormat format)
   at System.Drawing.Bitmap..ctor(Int32 width, Int32 height)
   at Sunisoft.IrisSkin.x97d171718e5c7e7f.xc33f5f7a18a754cb(Graphics x41347a961b838962, Int32 x067d6ddeefb41622)
   at Sunisoft.IrisSkin.x97d171718e5c7e7f.x8bc95f030953f87b(Graphics x4b101060f4767186)
   at Sunisoft.IrisSkin.x97d171718e5c7e7f.PaintControl()
   at Sunisoft.IrisSkin.xbd3f2493841f18a1.x2bf160cd2bad82a5(Object xe0292b9ed559da7d, EventArgs xfbf34718e704c6bc)
   at System.Windows.Forms.Control.OnGotFocus(EventArgs e)
   at System.Windows.Forms.Control.WmSetFocus(Message& m)
   at System.Windows.Forms.Control.WndProc(Message& m)
   at System.Windows.Forms.TabControl.WndProc(Message& m)
   at System.Windows.Forms.Control.ControlNativeWindow.OnMessage(Message& m)
   at System.Windows.Forms.Control.ControlNativeWindow.WndProc(Message& m)
   at System.Windows.Forms.NativeWindow.Callback(IntPtr hWnd, Int32 msg, IntPtr wparam, IntPtr lparam)Time1/5/2017 15:44:49
2017-01-05 15:46:00,927 [9] FATAL SystemExceptionLogger [(null)] - System Error Parameter is not valid., Exception Detail Info :   at System.Drawing.Bitmap..ctor(Int32 width, Int32 height, PixelFormat format)
   at System.Drawing.Bitmap..ctor(Int32 width, Int32 height)
   at Sunisoft.IrisSkin.x97d171718e5c7e7f.xc33f5f7a18a754cb(Graphics x41347a961b838962, Int32 x067d6ddeefb41622)
   at Sunisoft.IrisSkin.x97d171718e5c7e7f.x8bc95f030953f87b(Graphics x4b101060f4767186)
   at Sunisoft.IrisSkin.x97d171718e5c7e7f.PaintControl()
   at Sunisoft.IrisSkin.xbd3f2493841f18a1.x2bf160cd2bad82a5(Object xe0292b9ed559da7d, EventArgs xfbf34718e704c6bc)
   at System.Windows.Forms.Control.OnGotFocus(EventArgs e)
   at System.Windows.Forms.Control.WmSetFocus(Message& m)
   at System.Windows.Forms.Control.WndProc(Message& m)
   at System.Windows.Forms.TabControl.WndProc(Message& m)
   at System.Windows.Forms.Control.ControlNativeWindow.OnMessage(Message& m)
   at System.Windows.Forms.Control.ControlNativeWindow.WndProc(Message& m)
   at System.Windows.Forms.NativeWindow.Callback(IntPtr hWnd, Int32 msg, IntPtr wparam, IntPtr lparam)Time1/5/2017 15:46:00
2017-01-05 15:46:09,428 [9] FATAL SystemExceptionLogger [(null)] - System Error Parameter is not valid., Exception Detail Info :   at System.Drawing.Bitmap..ctor(Int32 width, Int32 height, PixelFormat format)
   at System.Drawing.Bitmap..ctor(Int32 width, Int32 height)
   at Sunisoft.IrisSkin.x97d171718e5c7e7f.xc33f5f7a18a754cb(Graphics x41347a961b838962, Int32 x067d6ddeefb41622)
   at Sunisoft.IrisSkin.x97d171718e5c7e7f.x8bc95f030953f87b(Graphics x4b101060f4767186)
   at Sunisoft.IrisSkin.x97d171718e5c7e7f.PaintControl()
   at Sunisoft.IrisSkin.xbd3f2493841f18a1.x2bf160cd2bad82a5(Object xe0292b9ed559da7d, EventArgs xfbf34718e704c6bc)
   at System.Windows.Forms.Control.OnGotFocus(EventArgs e)
   at System.Windows.Forms.Control.WmSetFocus(Message& m)
   at System.Windows.Forms.Control.WndProc(Message& m)
   at System.Windows.Forms.TabControl.WndProc(Message& m)
   at System.Windows.Forms.Control.ControlNativeWindow.OnMessage(Message& m)
   at System.Windows.Forms.Control.ControlNativeWindow.WndProc(Message& m)
   at System.Windows.Forms.NativeWindow.Callback(IntPtr hWnd, Int32 msg, IntPtr wparam, IntPtr lparam)Time1/5/2017 15:46:09
