2017-01-10 08:45:07,584 [9] FATAL ProcessLogger [(null)] - System Start 2017/1/10 8:45:07
2017-01-10 08:45:08,825 [9] FATAL ProcessLogger [(null)] - initialize2017/1/10 8:45:08
2017-01-10 08:45:13,758 [9] FATAL ProcessLogger [(null)] - System Start 2017/1/10 8:45:13
2017-01-10 08:45:13,758 [9] FATAL ProcessLogger [(null)] - System Start 2017/1/10 8:45:13
2017-01-10 08:45:31,063 [9] FATAL ProcessLogger [(null)] - System Start 2017/1/10 8:45:31
2017-01-10 08:45:31,063 [9] FATAL ProcessLogger [(null)] - System Start 2017/1/10 8:45:31
2017-01-10 08:45:36,231 [6] FATAL ProcessLogger [(null)] - System Start 2017/1/10 8:45:36
2017-01-10 08:45:51,141 [9] FATAL ProcessLogger [(null)] - System Start 2017/1/10 8:45:51
2017-01-10 08:45:51,907 [9] FATAL ProcessLogger [(null)] - System Start 2017/1/10 8:45:51
2017-01-10 08:45:52,079 [12] FATAL ProcessLogger [(null)] - System Start 2017/1/10 8:45:52
2017-01-10 08:46:01,516 [9] FATAL ProcessLogger [(null)] - System Start 2017/1/10 8:46:01
2017-01-10 08:46:02,594 [9] FATAL ProcessLogger [(null)] - System Start 2017/1/10 8:46:02
2017-01-10 08:46:02,672 [13] FATAL ProcessLogger [(null)] - System Start 2017/1/10 8:46:02
2017-01-10 08:46:29,293 [9] FATAL ProcessLogger [(null)] - System Start 2017/1/10 8:46:29
2017-01-10 08:46:29,293 [9] FATAL ProcessLogger [(null)] - System Start 2017/1/10 8:46:29
2017-01-10 09:35:26,457 [9] FATAL ProcessLogger [(null)] - System Start 1/10/2017 09:35:26
2017-01-10 09:35:26,550 [9] FATAL ProcessLogger [(null)] - initialize1/10/2017 09:35:26
2017-01-10 09:35:28,828 [9] FATAL ProcessLogger [(null)] - System Start 1/10/2017 09:35:28
2017-01-10 09:35:28,828 [9] FATAL ProcessLogger [(null)] - System Start 1/10/2017 09:35:28
2017-01-10 09:36:02,677 [9] FATAL ProcessLogger [(null)] - System Start 1/10/2017 09:36:02
2017-01-10 09:36:05,376 [9] FATAL ProcessLogger [(null)] - System Start 1/10/2017 09:36:05
2017-01-10 09:36:05,376 [9] FATAL ProcessLogger [(null)] - System Start 1/10/2017 09:36:05
2017-01-10 09:36:19,465 [9] FATAL ProcessLogger [(null)] - System Start 1/10/2017 09:36:19
2017-01-10 09:36:19,465 [9] FATAL ProcessLogger [(null)] - System Start 1/10/2017 09:36:19
2017-01-10 09:36:21,571 [9] FATAL ProcessLogger [(null)] - System Start 1/10/2017 09:36:21
2017-01-10 09:36:27,437 [9] FATAL ProcessLogger [(null)] - System Start 1/10/2017 09:36:27
2017-01-10 09:36:27,437 [9] FATAL ProcessLogger [(null)] - System Start 1/10/2017 09:36:27
2017-01-10 09:36:29,808 [9] FATAL ProcessLogger [(null)] - System Start 1/10/2017 09:36:29
2017-01-10 09:36:31,555 [9] FATAL ProcessLogger [(null)] - System Start 1/10/2017 09:36:31
2017-01-10 09:36:31,555 [9] FATAL ProcessLogger [(null)] - System Start 1/10/2017 09:36:31
2017-01-10 09:36:32,881 [9] FATAL ProcessLogger [(null)] - System Start 1/10/2017 09:36:32
2017-01-10 09:36:32,881 [9] FATAL ProcessLogger [(null)] - System Start 1/10/2017 09:36:32
2017-01-10 09:36:35,705 [9] FATAL ProcessLogger [(null)] - System Start 1/10/2017 09:36:35
2017-01-10 09:36:35,705 [9] FATAL ProcessLogger [(null)] - System Start 1/10/2017 09:36:35
2017-01-10 09:36:44,066 [9] FATAL ProcessLogger [(null)] - System Start 1/10/2017 09:36:44
2017-01-10 09:36:44,066 [9] FATAL ProcessLogger [(null)] - System Start 1/10/2017 09:36:44
2017-01-10 09:58:36,291 [9] FATAL ProcessLogger [(null)] - System Start 1/10/2017 09:58:36
2017-01-10 09:58:36,338 [9] FATAL ProcessLogger [(null)] - initialize1/10/2017 09:58:36
2017-01-10 09:58:38,397 [9] FATAL ProcessLogger [(null)] - System Start 1/10/2017 09:58:38
2017-01-10 09:58:38,397 [9] FATAL ProcessLogger [(null)] - System Start 1/10/2017 09:58:38
2017-01-10 09:58:41,189 [9] FATAL ProcessLogger [(null)] - System Start 1/10/2017 09:58:41
2017-01-10 09:58:41,189 [9] FATAL ProcessLogger [(null)] - System Start 1/10/2017 09:58:41
2017-01-10 10:00:03,677 [9] FATAL ProcessLogger [(null)] - System Start 1/10/2017 10:00:03
2017-01-10 10:00:03,740 [9] FATAL ProcessLogger [(null)] - initialize1/10/2017 10:00:03
2017-01-10 10:00:06,470 [9] FATAL ProcessLogger [(null)] - System Start 1/10/2017 10:00:06
2017-01-10 10:00:27,996 [6] FATAL ProcessLogger [(null)] - System Start 1/10/2017 10:00:27
2017-01-10 10:00:27,996 [6] FATAL ProcessLogger [(null)] - 2005--input caipiaoleixing data1/10/2017 10:00:27
2017-01-10 10:00:28,011 [6] FATAL ProcessLogger [(null)] - 2006-- Input Caipiaoleixing1/10/2017 10:00:28
2017-01-10 10:07:33,264 [9] FATAL ProcessLogger [(null)] - System Start 1/10/2017 10:07:33
2017-01-10 10:07:33,319 [9] FATAL ProcessLogger [(null)] - initialize1/10/2017 10:07:33
2017-01-10 10:07:38,220 [9] FATAL ProcessLogger [(null)] - System Start 1/10/2017 10:07:38
2017-01-10 10:07:57,505 [6] FATAL ProcessLogger [(null)] - System Start 1/10/2017 10:07:57
2017-01-10 10:07:57,505 [6] FATAL ProcessLogger [(null)] - 2005--input caipiaoleixing data1/10/2017 10:07:57
2017-01-10 10:07:57,505 [6] FATAL ProcessLogger [(null)] - 2006-- Input Caipiaoleixing1/10/2017 10:07:57
2017-01-10 10:10:19,289 [6] FATAL ProcessLogger [(null)] - 2006-- Input finish1/10/2017 10:10:19
2017-01-10 10:11:36,795 [10] FATAL ProcessLogger [(null)] - System Start 1/10/2017 10:11:36
2017-01-10 10:11:36,842 [10] FATAL ProcessLogger [(null)] - initialize1/10/2017 10:11:36
2017-01-10 10:11:40,804 [10] FATAL ProcessLogger [(null)] - System Start 1/10/2017 10:11:40
2017-01-10 10:11:40,804 [10] FATAL ProcessLogger [(null)] - System Start 1/10/2017 10:11:40
2017-01-10 10:11:44,486 [10] FATAL ProcessLogger [(null)] - System Start 1/10/2017 10:11:44
2017-01-10 10:11:44,486 [10] FATAL ProcessLogger [(null)] - System Start 1/10/2017 10:11:44
2017-01-10 10:15:34,363 [10] FATAL ProcessLogger [(null)] - System Start 1/10/2017 10:15:34
2017-01-10 10:15:34,426 [10] FATAL ProcessLogger [(null)] - initialize1/10/2017 10:15:34
2017-01-10 10:15:38,887 [10] FATAL ProcessLogger [(null)] - System Start 1/10/2017 10:15:38
2017-01-10 10:15:41,446 [10] FATAL ProcessLogger [(null)] - System Start 1/10/2017 10:15:41
2017-01-10 10:15:41,446 [10] FATAL ProcessLogger [(null)] - System Start 1/10/2017 10:15:41
2017-01-10 10:15:44,113 [10] FATAL ProcessLogger [(null)] - System Start 1/10/2017 10:15:44
2017-01-10 10:15:44,113 [10] FATAL ProcessLogger [(null)] - System Start 1/10/2017 10:15:44
2017-01-10 10:15:49,729 [10] FATAL ProcessLogger [(null)] - System Start 1/10/2017 10:15:49
2017-01-10 10:15:49,729 [10] FATAL ProcessLogger [(null)] - System Start 1/10/2017 10:15:49
2017-01-10 10:15:57,485 [10] FATAL ProcessLogger [(null)] - System Start 1/10/2017 10:15:57
2017-01-10 10:15:57,485 [10] FATAL ProcessLogger [(null)] - System Start 1/10/2017 10:15:57
2017-01-10 10:16:00,995 [10] FATAL ProcessLogger [(null)] - System Start 1/10/2017 10:16:00
2017-01-10 10:16:00,995 [10] FATAL ProcessLogger [(null)] - System Start 1/10/2017 10:16:00
2017-01-10 10:17:48,540 [9] FATAL ProcessLogger [(null)] - System Start 1/10/2017 10:17:48
2017-01-10 10:17:48,618 [9] FATAL ProcessLogger [(null)] - initialize1/10/2017 10:17:48
2017-01-10 10:17:53,423 [9] FATAL ProcessLogger [(null)] - System Start 1/10/2017 10:17:53
2017-01-10 10:17:53,423 [9] FATAL ProcessLogger [(null)] - System Start 1/10/2017 10:17:53
2017-01-10 10:17:55,420 [6] FATAL ProcessLogger [(null)] - System Start 1/10/2017 10:17:55
2017-01-10 10:18:01,207 [9] FATAL ProcessLogger [(null)] - System Start 1/10/2017 10:18:01
2017-01-10 10:18:01,223 [11] FATAL ProcessLogger [(null)] - System Start 1/10/2017 10:18:01
2017-01-10 10:18:03,535 [9] FATAL ProcessLogger [(null)] - System Start 1/10/2017 10:18:03
2017-01-10 10:18:04,362 [9] FATAL ProcessLogger [(null)] - System Start 1/10/2017 10:18:04
2017-01-10 10:18:04,377 [13] FATAL ProcessLogger [(null)] - System Start 1/10/2017 10:18:04
2017-01-10 10:18:05,235 [9] FATAL ProcessLogger [(null)] - System Start 1/10/2017 10:18:05
2017-01-10 10:18:05,953 [9] FATAL ProcessLogger [(null)] - System Start 1/10/2017 10:18:05
2017-01-10 10:18:05,968 [11] FATAL ProcessLogger [(null)] - System Start 1/10/2017 10:18:05
2017-01-10 10:18:30,208 [10] FATAL ProcessLogger [(null)] - System Start 1/10/2017 10:18:30
2017-01-10 10:18:30,255 [10] FATAL ProcessLogger [(null)] - initialize1/10/2017 10:18:30
2017-01-10 10:18:33,749 [10] FATAL ProcessLogger [(null)] - System Start 1/10/2017 10:18:33
2017-01-10 10:18:33,749 [10] FATAL ProcessLogger [(null)] - System Start 1/10/2017 10:18:33
2017-01-10 11:04:29,756 [1] FATAL ProcessLogger [(null)] - System Start 1/10/2017 11:04:29
2017-01-10 11:04:29,816 [1] FATAL ProcessLogger [(null)] - initialize1/10/2017 11:04:29
2017-01-10 11:04:36,346 [1] FATAL ProcessLogger [(null)] - System Start 1/10/2017 11:04:36
2017-01-10 11:04:36,346 [1] FATAL ProcessLogger [(null)] - System Start 1/10/2017 11:04:36
2017-01-10 11:04:37,466 [1] FATAL ProcessLogger [(null)] - System Start 1/10/2017 11:04:37
2017-01-10 11:04:37,516 [4] FATAL ProcessLogger [(null)] - System Start 1/10/2017 11:04:37
2017-01-10 11:06:27,397 [1] FATAL ProcessLogger [(null)] - System Start 1/10/2017 11:06:27
2017-01-10 11:06:27,467 [1] FATAL ProcessLogger [(null)] - initialize1/10/2017 11:06:27
2017-01-10 11:06:31,476 [1] FATAL ProcessLogger [(null)] - System Start 1/10/2017 11:06:31
2017-01-10 11:06:31,476 [1] FATAL ProcessLogger [(null)] - System Start 1/10/2017 11:06:31
2017-01-10 11:06:43,556 [1] FATAL ProcessLogger [(null)] - System Start 1/10/2017 11:06:43
2017-01-10 11:06:43,586 [6] FATAL ProcessLogger [(null)] - System Start 1/10/2017 11:06:43
2017-01-10 11:07:13,013 [1] FATAL ProcessLogger [(null)] - System Start 1/10/2017 11:07:13
2017-01-10 11:07:13,063 [1] FATAL ProcessLogger [(null)] - initialize1/10/2017 11:07:13
2017-01-10 11:07:16,433 [1] FATAL ProcessLogger [(null)] - System Start 1/10/2017 11:07:16
2017-01-10 11:07:16,433 [1] FATAL ProcessLogger [(null)] - System Start 1/10/2017 11:07:16
2017-01-10 11:07:23,743 [1] FATAL ProcessLogger [(null)] - System Start 1/10/2017 11:07:23
2017-01-10 11:07:23,773 [4] FATAL ProcessLogger [(null)] - System Start 1/10/2017 11:07:23
2017-01-10 11:08:38,132 [1] FATAL ProcessLogger [(null)] - System Start 1/10/2017 11:08:38
2017-01-10 11:08:38,182 [1] FATAL ProcessLogger [(null)] - initialize1/10/2017 11:08:38
2017-01-10 11:08:41,808 [1] FATAL ProcessLogger [(null)] - System Start 1/10/2017 11:08:41
2017-01-10 11:08:41,808 [1] FATAL ProcessLogger [(null)] - System Start 1/10/2017 11:08:41
2017-01-10 11:08:44,703 [1] FATAL ProcessLogger [(null)] - System Start 1/10/2017 11:08:44
2017-01-10 11:08:44,733 [4] FATAL ProcessLogger [(null)] - System Start 1/10/2017 11:08:44
2017-01-10 11:08:49,243 [1] FATAL ProcessLogger [(null)] - System Start 1/10/2017 11:08:49
2017-01-10 11:08:51,783 [1] FATAL ProcessLogger [(null)] - System Start 1/10/2017 11:08:51
2017-01-10 11:09:13,721 [1] FATAL ProcessLogger [(null)] - System Start 1/10/2017 11:09:13
2017-01-10 11:09:13,721 [1] FATAL ProcessLogger [(null)] - System Start 1/10/2017 11:09:13
2017-01-10 11:09:24,031 [1] FATAL ProcessLogger [(null)] - System Start 1/10/2017 11:09:24
2017-01-10 11:09:24,031 [1] FATAL ProcessLogger [(null)] - System Start 1/10/2017 11:09:24
2017-01-10 11:09:31,961 [1] FATAL ProcessLogger [(null)] - System Start 1/10/2017 11:09:31
2017-01-10 11:09:31,961 [1] FATAL ProcessLogger [(null)] - System Start 1/10/2017 11:09:31
2017-01-10 11:09:37,451 [1] FATAL ProcessLogger [(null)] - System Start 1/10/2017 11:09:37
2017-01-10 11:09:37,451 [1] FATAL ProcessLogger [(null)] - System Start 1/10/2017 11:09:37
2017-01-10 11:09:39,821 [1] FATAL ProcessLogger [(null)] - System Start 1/10/2017 11:09:39
2017-01-10 11:09:39,821 [1] FATAL ProcessLogger [(null)] - System Start 1/10/2017 11:09:39
2017-01-10 11:09:42,641 [1] FATAL ProcessLogger [(null)] - System Start 1/10/2017 11:09:42
2017-01-10 11:09:50,527 [1] FATAL ProcessLogger [(null)] - System Start 1/10/2017 11:09:50
2017-01-10 11:09:50,527 [1] FATAL ProcessLogger [(null)] - System Start 1/10/2017 11:09:50
2017-01-10 11:09:52,407 [1] FATAL ProcessLogger [(null)] - System Start 1/10/2017 11:09:52
2017-01-10 11:09:57,077 [1] FATAL ProcessLogger [(null)] - System Start 1/10/2017 11:09:57
2017-01-10 11:09:57,237 [1] FATAL ProcessLogger [(null)] - System Start 1/10/2017 11:09:57
2017-01-10 11:12:38,705 [1] FATAL ProcessLogger [(null)] - System Start 1/10/2017 11:12:38
2017-01-10 11:12:38,778 [1] FATAL ProcessLogger [(null)] - initialize1/10/2017 11:12:38
2017-01-10 11:12:42,001 [1] FATAL ProcessLogger [(null)] - System Start 1/10/2017 11:12:42
2017-01-10 11:12:42,001 [1] FATAL ProcessLogger [(null)] - System Start 1/10/2017 11:12:42
2017-01-10 11:12:43,341 [1] FATAL ProcessLogger [(null)] - System Start 1/10/2017 11:12:43
2017-01-10 11:12:43,371 [4] FATAL ProcessLogger [(null)] - System Start 1/10/2017 11:12:43
2017-01-10 11:12:47,333 [1] FATAL ProcessLogger [(null)] - System Start 1/10/2017 11:12:47
2017-01-10 11:12:47,333 [1] FATAL ProcessLogger [(null)] - System Start 1/10/2017 11:12:47
2017-01-10 11:13:53,503 [1] FATAL ProcessLogger [(null)] - System Start 1/10/2017 11:13:53
2017-01-10 11:13:53,553 [1] FATAL ProcessLogger [(null)] - initialize1/10/2017 11:13:53
2017-01-10 11:13:57,408 [1] FATAL ProcessLogger [(null)] - System Start 1/10/2017 11:13:57
2017-01-10 11:13:57,408 [1] FATAL ProcessLogger [(null)] - System Start 1/10/2017 11:13:57
2017-01-10 11:13:59,558 [1] FATAL ProcessLogger [(null)] - System Start 1/10/2017 11:13:59
2017-01-10 11:13:59,588 [4] FATAL ProcessLogger [(null)] - System Start 1/10/2017 11:13:59
2017-01-10 11:14:01,718 [1] FATAL ProcessLogger [(null)] - System Start 1/10/2017 11:14:01
2017-01-10 11:14:01,718 [1] FATAL ProcessLogger [(null)] - System Start 1/10/2017 11:14:01
2017-01-10 11:46:27,694 [1] FATAL ProcessLogger [(null)] - System Start 1/10/2017 11:46:27
2017-01-10 11:46:27,744 [1] FATAL ProcessLogger [(null)] - initialize1/10/2017 11:46:27
2017-01-10 11:46:31,084 [1] FATAL ProcessLogger [(null)] - System Start 1/10/2017 11:46:31
2017-01-10 11:46:31,084 [1] FATAL ProcessLogger [(null)] - System Start 1/10/2017 11:46:31
2017-01-10 11:46:33,769 [1] FATAL ProcessLogger [(null)] - System Start 1/10/2017 11:46:33
2017-01-10 11:46:33,799 [4] FATAL ProcessLogger [(null)] - System Start 1/10/2017 11:46:33
2017-01-10 11:47:05,489 [1] FATAL ProcessLogger [(null)] - System Start 1/10/2017 11:47:05
2017-01-10 11:47:05,489 [1] FATAL ProcessLogger [(null)] - System Start 1/10/2017 11:47:05
2017-01-10 11:47:14,025 [1] FATAL ProcessLogger [(null)] - System Start 1/10/2017 11:47:14
2017-01-10 11:51:20,725 [1] FATAL ProcessLogger [(null)] - System Start 1/10/2017 11:51:20
2017-01-10 11:51:20,785 [1] FATAL ProcessLogger [(null)] - initialize1/10/2017 11:51:20
2017-01-10 11:51:24,745 [1] FATAL ProcessLogger [(null)] - System Start 1/10/2017 11:51:24
2017-01-10 11:51:24,745 [1] FATAL ProcessLogger [(null)] - System Start 1/10/2017 11:51:24
2017-01-10 11:51:32,468 [1] FATAL ProcessLogger [(null)] - System Start 1/10/2017 11:51:32
2017-01-10 11:51:32,498 [4] FATAL ProcessLogger [(null)] - System Start 1/10/2017 11:51:32
2017-01-10 11:51:34,108 [1] FATAL ProcessLogger [(null)] - System Start 1/10/2017 11:51:34
2017-01-10 11:51:34,108 [1] FATAL ProcessLogger [(null)] - System Start 1/10/2017 11:51:34
2017-01-10 11:51:40,288 [1] FATAL ProcessLogger [(null)] - System Start 1/10/2017 11:51:40
2017-01-10 11:52:07,922 [1] FATAL ProcessLogger [(null)] - System Start 1/10/2017 11:52:07
2017-01-10 11:52:07,982 [1] FATAL ProcessLogger [(null)] - initialize1/10/2017 11:52:07
2017-01-10 11:52:11,594 [1] FATAL ProcessLogger [(null)] - System Start 1/10/2017 11:52:11
2017-01-10 11:52:11,594 [1] FATAL ProcessLogger [(null)] - System Start 1/10/2017 11:52:11
2017-01-10 11:52:13,784 [1] FATAL ProcessLogger [(null)] - System Start 1/10/2017 11:52:13
2017-01-10 11:52:13,824 [4] FATAL ProcessLogger [(null)] - System Start 1/10/2017 11:52:13
2017-01-10 11:52:15,905 [1] FATAL ProcessLogger [(null)] - System Start 1/10/2017 11:52:15
2017-01-10 11:52:15,905 [1] FATAL ProcessLogger [(null)] - System Start 1/10/2017 11:52:15
2017-01-10 11:52:22,305 [1] FATAL ProcessLogger [(null)] - System Start 1/10/2017 11:52:22
2017-01-10 12:08:22,827 [1] FATAL ProcessLogger [(null)] - System Start 1/10/2017 12:08:22
2017-01-10 12:08:22,892 [1] FATAL ProcessLogger [(null)] - initialize1/10/2017 12:08:22
2017-01-10 12:09:17,494 [1] FATAL ProcessLogger [(null)] - System Start 1/10/2017 12:09:17
2017-01-10 12:09:17,495 [1] FATAL ProcessLogger [(null)] - System Start 1/10/2017 12:09:17
2017-01-10 12:09:20,498 [1] FATAL ProcessLogger [(null)] - System Start 1/10/2017 12:09:20
2017-01-10 12:09:20,537 [4] FATAL ProcessLogger [(null)] - System Start 1/10/2017 12:09:20
2017-01-10 12:09:22,000 [1] FATAL ProcessLogger [(null)] - System Start 1/10/2017 12:09:22
2017-01-10 12:09:22,000 [1] FATAL ProcessLogger [(null)] - System Start 1/10/2017 12:09:22
2017-01-10 12:09:26,913 [1] FATAL ProcessLogger [(null)] - System Start 1/10/2017 12:09:26
2017-01-10 12:09:45,138 [1] FATAL ProcessLogger [(null)] - System Start 1/10/2017 12:09:45
2017-01-10 12:10:15,473 [6] FATAL ProcessLogger [(null)] - System Start 1/10/2017 12:10:15
2017-01-10 12:10:15,473 [6] FATAL ProcessLogger [(null)] - 1005--input kiajiang data1/10/2017 12:10:15
2017-01-10 12:10:15,474 [6] FATAL ProcessLogger [(null)] - 1006-- Input C Data end1/10/2017 12:10:15
2017-01-10 12:10:18,916 [6] FATAL ProcessLogger [(null)] - 1006-- Input finish1/10/2017 12:10:18
2017-01-10 12:10:24,450 [1] FATAL ProcessLogger [(null)] - System Start 1/10/2017 12:10:24
2017-01-10 12:10:24,450 [1] FATAL ProcessLogger [(null)] - System Start 1/10/2017 12:10:24
2017-01-10 12:10:29,476 [1] FATAL ProcessLogger [(null)] - System Start 1/10/2017 12:10:29
2017-01-10 12:10:29,476 [1] FATAL ProcessLogger [(null)] - System Start 1/10/2017 12:10:29
2017-01-10 12:10:34,688 [1] FATAL ProcessLogger [(null)] - System Start 1/10/2017 12:10:34
2017-01-10 12:10:42,459 [1] FATAL ProcessLogger [(null)] - System Start 1/10/2017 12:10:42
2017-01-10 12:10:42,459 [1] FATAL ProcessLogger [(null)] - System Start 1/10/2017 12:10:42
2017-01-10 12:11:59,931 [1] FATAL ProcessLogger [(null)] - System Start 1/10/2017 12:11:59
2017-01-10 12:11:59,931 [1] FATAL ProcessLogger [(null)] - System Start 1/10/2017 12:11:59
2017-01-10 12:13:17,886 [1] FATAL ProcessLogger [(null)] - System Start 1/10/2017 12:13:17
2017-01-10 12:13:17,952 [1] FATAL ProcessLogger [(null)] - initialize1/10/2017 12:13:17
2017-01-10 12:13:21,855 [1] FATAL ProcessLogger [(null)] - System Start 1/10/2017 12:13:21
2017-01-10 12:13:21,856 [1] FATAL ProcessLogger [(null)] - System Start 1/10/2017 12:13:21
2017-01-10 12:13:24,369 [1] FATAL ProcessLogger [(null)] - System Start 1/10/2017 12:13:24
2017-01-10 12:13:24,400 [4] FATAL ProcessLogger [(null)] - System Start 1/10/2017 12:13:24
2017-01-10 12:13:28,537 [1] FATAL ProcessLogger [(null)] - System Start 1/10/2017 12:13:28
2017-01-10 12:13:28,537 [1] FATAL ProcessLogger [(null)] - System Start 1/10/2017 12:13:28
2017-01-10 12:13:29,989 [1] FATAL ProcessLogger [(null)] - System Start 1/10/2017 12:13:29
2017-01-10 12:13:43,474 [1] FATAL ProcessLogger [(null)] - System Start 1/10/2017 12:13:43
2017-01-10 12:13:43,474 [1] FATAL ProcessLogger [(null)] - System Start 1/10/2017 12:13:43
2017-01-10 12:14:07,887 [1] FATAL ProcessLogger [(null)] - System Start 1/10/2017 12:14:07
2017-01-10 12:14:23,134 [1] FATAL ProcessLogger [(null)] - System Start 1/10/2017 12:14:23
2017-01-10 12:14:23,134 [1] FATAL ProcessLogger [(null)] - System Start 1/10/2017 12:14:23
2017-01-10 12:16:43,872 [1] FATAL ProcessLogger [(null)] - System Start 1/10/2017 12:16:43
2017-01-10 12:16:43,873 [1] FATAL ProcessLogger [(null)] - System Start 1/10/2017 12:16:43
2017-01-10 12:16:45,607 [1] FATAL ProcessLogger [(null)] - System Start 1/10/2017 12:16:45
2017-01-10 12:16:45,607 [1] FATAL ProcessLogger [(null)] - System Start 1/10/2017 12:16:45
2017-01-10 12:16:51,818 [1] FATAL ProcessLogger [(null)] - System Start 1/10/2017 12:16:51
2017-01-10 12:16:52,667 [1] FATAL ProcessLogger [(null)] - System Start 1/10/2017 12:16:52
2017-01-10 12:16:52,667 [1] FATAL ProcessLogger [(null)] - System Start 1/10/2017 12:16:52
2017-01-10 12:16:58,412 [1] FATAL ProcessLogger [(null)] - System Start 1/10/2017 12:16:58
2017-01-10 12:16:58,412 [1] FATAL ProcessLogger [(null)] - System Start 1/10/2017 12:16:58
2017-01-10 12:17:03,403 [1] FATAL ProcessLogger [(null)] - System Start 1/10/2017 12:17:03
2017-01-10 12:17:03,403 [1] FATAL ProcessLogger [(null)] - System Start 1/10/2017 12:17:03
2017-01-10 12:17:07,106 [1] FATAL ProcessLogger [(null)] - System Start 1/10/2017 12:17:07
2017-01-10 12:17:11,360 [1] FATAL ProcessLogger [(null)] - System Start 1/10/2017 12:17:11
2017-01-10 12:17:11,360 [1] FATAL ProcessLogger [(null)] - System Start 1/10/2017 12:17:11
2017-01-10 12:18:32,763 [1] FATAL ProcessLogger [(null)] - System Start 1/10/2017 12:18:32
2017-01-10 12:18:32,763 [1] FATAL ProcessLogger [(null)] - System Start 1/10/2017 12:18:32
2017-01-10 12:18:36,695 [1] FATAL ProcessLogger [(null)] - System Start 1/10/2017 12:18:36
2017-01-10 12:18:36,701 [9] FATAL ProcessLogger [(null)] - System Start 1/10/2017 12:18:36
2017-01-10 12:18:38,977 [1] FATAL ProcessLogger [(null)] - System Start 1/10/2017 12:18:38
2017-01-10 12:18:38,978 [1] FATAL ProcessLogger [(null)] - System Start 1/10/2017 12:18:38
2017-01-10 12:18:40,202 [1] FATAL ProcessLogger [(null)] - System Start 1/10/2017 12:18:40
2017-01-10 12:20:34,876 [1] FATAL ProcessLogger [(null)] - System Start 1/10/2017 12:20:34
2017-01-10 12:20:34,940 [1] FATAL ProcessLogger [(null)] - initialize1/10/2017 12:20:34
2017-01-10 12:20:40,764 [1] FATAL ProcessLogger [(null)] - System Start 1/10/2017 12:20:40
2017-01-10 12:20:40,765 [1] FATAL ProcessLogger [(null)] - System Start 1/10/2017 12:20:40
2017-01-10 12:20:43,567 [1] FATAL ProcessLogger [(null)] - System Start 1/10/2017 12:20:43
2017-01-10 12:20:43,604 [4] FATAL ProcessLogger [(null)] - System Start 1/10/2017 12:20:43
2017-01-10 12:21:13,320 [1] FATAL ProcessLogger [(null)] - System Start 1/10/2017 12:21:13
2017-01-10 12:21:13,320 [1] FATAL ProcessLogger [(null)] - System Start 1/10/2017 12:21:13
2017-01-10 12:21:14,699 [1] FATAL ProcessLogger [(null)] - System Start 1/10/2017 12:21:14
2017-01-10 12:52:09,659 [1] FATAL ProcessLogger [(null)] - System Start 1/10/2017 12:52:09
2017-01-10 12:52:09,714 [1] FATAL ProcessLogger [(null)] - initialize1/10/2017 12:52:09
2017-01-10 12:52:12,873 [1] FATAL ProcessLogger [(null)] - System Start 1/10/2017 12:52:12
2017-01-10 12:52:12,874 [1] FATAL ProcessLogger [(null)] - System Start 1/10/2017 12:52:12
2017-01-10 12:52:14,799 [1] FATAL ProcessLogger [(null)] - System Start 1/10/2017 12:52:14
2017-01-10 12:52:15,139 [4] FATAL ProcessLogger [(null)] - System Start 1/10/2017 12:52:15
2017-01-10 12:54:03,952 [1] FATAL ProcessLogger [(null)] - System Start 1/10/2017 12:54:03
2017-01-10 12:54:04,011 [1] FATAL ProcessLogger [(null)] - initialize1/10/2017 12:54:04
2017-01-10 12:54:08,138 [1] FATAL ProcessLogger [(null)] - System Start 1/10/2017 12:54:08
2017-01-10 12:54:08,139 [1] FATAL ProcessLogger [(null)] - System Start 1/10/2017 12:54:08
2017-01-10 12:54:09,406 [1] FATAL ProcessLogger [(null)] - System Start 1/10/2017 12:54:09
2017-01-10 12:54:09,779 [4] FATAL ProcessLogger [(null)] - System Start 1/10/2017 12:54:09
2017-01-10 13:09:56,635 [1] FATAL ProcessLogger [(null)] - System Start 1/10/2017 13:09:56
2017-01-10 13:09:56,691 [1] FATAL ProcessLogger [(null)] - initialize1/10/2017 13:09:56
2017-01-10 13:10:02,522 [1] FATAL ProcessLogger [(null)] - System Start 1/10/2017 13:10:02
2017-01-10 13:10:02,523 [1] FATAL ProcessLogger [(null)] - System Start 1/10/2017 13:10:02
2017-01-10 13:10:04,443 [1] FATAL ProcessLogger [(null)] - System Start 1/10/2017 13:10:04
2017-01-10 13:10:04,798 [4] FATAL ProcessLogger [(null)] - System Start 1/10/2017 13:10:04
2017-01-10 13:12:16,638 [1] FATAL ProcessLogger [(null)] - System Start 1/10/2017 13:12:16
2017-01-10 13:12:16,704 [1] FATAL ProcessLogger [(null)] - initialize1/10/2017 13:12:16
2017-01-10 13:12:21,034 [1] FATAL ProcessLogger [(null)] - System Start 1/10/2017 13:12:21
2017-01-10 13:12:21,035 [1] FATAL ProcessLogger [(null)] - System Start 1/10/2017 13:12:21
2017-01-10 13:12:23,069 [1] FATAL ProcessLogger [(null)] - System Start 1/10/2017 13:12:23
2017-01-10 13:12:23,474 [4] FATAL ProcessLogger [(null)] - System Start 1/10/2017 13:12:23
2017-01-10 13:13:19,931 [1] FATAL ProcessLogger [(null)] - System Start 1/10/2017 13:13:19
2017-01-10 13:13:19,987 [1] FATAL ProcessLogger [(null)] - initialize1/10/2017 13:13:19
2017-01-10 13:13:23,578 [1] FATAL ProcessLogger [(null)] - System Start 1/10/2017 13:13:23
2017-01-10 13:13:23,579 [1] FATAL ProcessLogger [(null)] - System Start 1/10/2017 13:13:23
2017-01-10 13:13:25,037 [1] FATAL ProcessLogger [(null)] - System Start 1/10/2017 13:13:25
2017-01-10 13:13:25,425 [4] FATAL ProcessLogger [(null)] - System Start 1/10/2017 13:13:25
2017-01-10 13:13:39,139 [1] FATAL ProcessLogger [(null)] - System Start 1/10/2017 13:13:39
2017-01-10 13:13:39,198 [1] FATAL ProcessLogger [(null)] - initialize1/10/2017 13:13:39
2017-01-10 13:13:50,491 [1] FATAL ProcessLogger [(null)] - System Start 1/10/2017 13:13:50
2017-01-10 13:13:50,492 [1] FATAL ProcessLogger [(null)] - System Start 1/10/2017 13:13:50
2017-01-10 13:13:58,330 [1] FATAL ProcessLogger [(null)] - System Start 1/10/2017 13:13:58
2017-01-10 13:13:58,686 [4] FATAL ProcessLogger [(null)] - System Start 1/10/2017 13:13:58
2017-01-10 13:16:34,087 [1] FATAL ProcessLogger [(null)] - System Start 1/10/2017 13:16:34
2017-01-10 13:16:34,157 [1] FATAL ProcessLogger [(null)] - initialize1/10/2017 13:16:34
2017-01-10 13:16:37,930 [1] FATAL ProcessLogger [(null)] - System Start 1/10/2017 13:16:37
2017-01-10 13:16:37,931 [1] FATAL ProcessLogger [(null)] - System Start 1/10/2017 13:16:37
2017-01-10 13:16:39,254 [1] FATAL ProcessLogger [(null)] - System Start 1/10/2017 13:16:39
2017-01-10 13:16:39,616 [4] FATAL ProcessLogger [(null)] - System Start 1/10/2017 13:16:39
2017-01-10 13:16:55,108 [1] FATAL ProcessLogger [(null)] - System Start 1/10/2017 13:16:55
2017-01-10 13:16:55,161 [1] FATAL ProcessLogger [(null)] - initialize1/10/2017 13:16:55
2017-01-10 13:16:59,183 [1] FATAL ProcessLogger [(null)] - System Start 1/10/2017 13:16:59
2017-01-10 13:16:59,184 [1] FATAL ProcessLogger [(null)] - System Start 1/10/2017 13:16:59
2017-01-10 13:17:01,196 [1] FATAL ProcessLogger [(null)] - System Start 1/10/2017 13:17:01
2017-01-10 13:17:01,546 [4] FATAL ProcessLogger [(null)] - System Start 1/10/2017 13:17:01
2017-01-10 13:20:11,441 [1] FATAL ProcessLogger [(null)] - System Start 1/10/2017 13:20:11
2017-01-10 13:20:11,500 [1] FATAL ProcessLogger [(null)] - initialize1/10/2017 13:20:11
2017-01-10 13:20:15,307 [1] FATAL ProcessLogger [(null)] - System Start 1/10/2017 13:20:15
2017-01-10 13:20:15,308 [1] FATAL ProcessLogger [(null)] - System Start 1/10/2017 13:20:15
2017-01-10 13:31:56,334 [1] FATAL ProcessLogger [(null)] - System Start 1/10/2017 13:31:56
2017-01-10 13:31:56,724 [6] FATAL ProcessLogger [(null)] - System Start 1/10/2017 13:31:56
2017-01-10 13:37:36,399 [1] FATAL ProcessLogger [(null)] - System Start 1/10/2017 13:37:36
2017-01-10 13:37:36,459 [1] FATAL ProcessLogger [(null)] - initialize1/10/2017 13:37:36
2017-01-10 13:37:40,547 [1] FATAL ProcessLogger [(null)] - System Start 1/10/2017 13:37:40
2017-01-10 13:37:40,547 [1] FATAL ProcessLogger [(null)] - System Start 1/10/2017 13:37:40
2017-01-10 13:37:42,145 [1] FATAL ProcessLogger [(null)] - System Start 1/10/2017 13:37:42
2017-01-10 13:37:42,509 [4] FATAL ProcessLogger [(null)] - System Start 1/10/2017 13:37:42
2017-01-10 13:38:30,830 [1] FATAL ProcessLogger [(null)] - System Start 1/10/2017 13:38:30
2017-01-10 13:38:31,335 [1] FATAL ProcessLogger [(null)] - System Start 1/10/2017 13:38:31
2017-01-10 13:38:32,201 [7] FATAL ProcessLogger [(null)] - System Start 1/10/2017 13:38:32
2017-01-10 13:38:50,594 [1] FATAL ProcessLogger [(null)] - System Start 1/10/2017 13:38:50
2017-01-10 13:38:51,110 [1] FATAL ProcessLogger [(null)] - System Start 1/10/2017 13:38:51
2017-01-10 13:38:51,869 [8] FATAL ProcessLogger [(null)] - System Start 1/10/2017 13:38:51
2017-01-10 13:40:03,256 [1] FATAL ProcessLogger [(null)] - System Start 1/10/2017 13:40:03
2017-01-10 13:40:03,315 [1] FATAL ProcessLogger [(null)] - initialize1/10/2017 13:40:03
2017-01-10 13:40:07,244 [1] FATAL ProcessLogger [(null)] - System Start 1/10/2017 13:40:07
2017-01-10 13:40:07,245 [1] FATAL ProcessLogger [(null)] - System Start 1/10/2017 13:40:07
2017-01-10 13:40:09,338 [1] FATAL ProcessLogger [(null)] - System Start 1/10/2017 13:40:09
2017-01-10 13:40:09,689 [4] FATAL ProcessLogger [(null)] - System Start 1/10/2017 13:40:09
2017-01-10 13:40:42,587 [1] FATAL ProcessLogger [(null)] - System Start 1/10/2017 13:40:42
2017-01-10 13:40:43,019 [1] FATAL ProcessLogger [(null)] - System Start 1/10/2017 13:40:43
2017-01-10 13:40:43,827 [7] FATAL ProcessLogger [(null)] - System Start 1/10/2017 13:40:43
2017-01-10 13:40:44,737 [1] FATAL ProcessLogger [(null)] - System Start 1/10/2017 13:40:44
2017-01-10 13:40:45,133 [1] FATAL ProcessLogger [(null)] - System Start 1/10/2017 13:40:45
2017-01-10 13:40:45,900 [8] FATAL ProcessLogger [(null)] - System Start 1/10/2017 13:40:45
2017-01-10 13:40:47,033 [1] FATAL ProcessLogger [(null)] - System Start 1/10/2017 13:40:47
2017-01-10 13:40:47,535 [1] FATAL ProcessLogger [(null)] - System Start 1/10/2017 13:40:47
2017-01-10 13:40:48,341 [7] FATAL ProcessLogger [(null)] - System Start 1/10/2017 13:40:48
2017-01-10 13:40:51,317 [1] FATAL ProcessLogger [(null)] - System Start 1/10/2017 13:40:51
2017-01-10 13:40:51,939 [1] FATAL ProcessLogger [(null)] - System Start 1/10/2017 13:40:51
2017-01-10 13:40:52,710 [9] FATAL ProcessLogger [(null)] - System Start 1/10/2017 13:40:52
2017-01-10 13:40:53,689 [1] FATAL ProcessLogger [(null)] - System Start 1/10/2017 13:40:53
2017-01-10 13:40:54,708 [1] FATAL ProcessLogger [(null)] - System Start 1/10/2017 13:40:54
2017-01-10 13:40:55,496 [10] FATAL ProcessLogger [(null)] - System Start 1/10/2017 13:40:55
2017-01-10 13:41:51,419 [1] FATAL ProcessLogger [(null)] - System Start 1/10/2017 13:41:51
2017-01-10 13:41:51,474 [1] FATAL ProcessLogger [(null)] - initialize1/10/2017 13:41:51
2017-01-10 13:41:54,902 [1] FATAL ProcessLogger [(null)] - System Start 1/10/2017 13:41:54
2017-01-10 13:41:54,902 [1] FATAL ProcessLogger [(null)] - System Start 1/10/2017 13:41:54
2017-01-10 13:41:56,520 [1] FATAL ProcessLogger [(null)] - System Start 1/10/2017 13:41:56
2017-01-10 13:41:56,880 [4] FATAL ProcessLogger [(null)] - System Start 1/10/2017 13:41:56
2017-01-10 13:42:39,026 [1] FATAL ProcessLogger [(null)] - System Start 1/10/2017 13:42:39
2017-01-10 13:42:39,731 [1] FATAL ProcessLogger [(null)] - System Start 1/10/2017 13:42:39
2017-01-10 13:42:40,570 [7] FATAL ProcessLogger [(null)] - System Start 1/10/2017 13:42:40
2017-01-10 13:45:16,309 [1] FATAL ProcessLogger [(null)] - System Start 1/10/2017 13:45:16
2017-01-10 13:45:16,363 [1] FATAL ProcessLogger [(null)] - initialize1/10/2017 13:45:16
2017-01-10 13:45:20,326 [1] FATAL ProcessLogger [(null)] - System Start 1/10/2017 13:45:20
2017-01-10 13:45:20,327 [1] FATAL ProcessLogger [(null)] - System Start 1/10/2017 13:45:20
2017-01-10 13:45:21,949 [1] FATAL ProcessLogger [(null)] - System Start 1/10/2017 13:45:21
2017-01-10 13:45:22,313 [4] FATAL ProcessLogger [(null)] - System Start 1/10/2017 13:45:22
2017-01-10 14:00:17,018 [1] FATAL ProcessLogger [(null)] - System Start 1/10/2017 14:00:17
2017-01-10 14:00:17,031 [9] FATAL ProcessLogger [(null)] - System Start 1/10/2017 14:00:17
2017-01-10 14:00:25,603 [1] FATAL ProcessLogger [(null)] - System Start 1/10/2017 14:00:25
2017-01-10 14:00:26,217 [1] FATAL ProcessLogger [(null)] - System Start 1/10/2017 14:00:26
2017-01-10 14:00:26,553 [10] FATAL ProcessLogger [(null)] - System Start 1/10/2017 14:00:26
2017-01-10 14:03:46,791 [1] FATAL ProcessLogger [(null)] - System Start 1/10/2017 14:03:46
2017-01-10 14:03:47,275 [1] FATAL ProcessLogger [(null)] - System Start 1/10/2017 14:03:47
2017-01-10 14:03:48,101 [11] FATAL ProcessLogger [(null)] - System Start 1/10/2017 14:03:48
2017-01-10 14:31:50,448 [1] FATAL ProcessLogger [(null)] - System Start 1/10/2017 14:31:50
2017-01-10 14:31:51,405 [1] FATAL ProcessLogger [(null)] - System Start 1/10/2017 14:31:51
2017-01-10 14:31:52,172 [12] FATAL ProcessLogger [(null)] - System Start 1/10/2017 14:31:52
2017-01-10 14:35:15,862 [1] FATAL ProcessLogger [(null)] - System Start 1/10/2017 14:35:15
2017-01-10 14:35:15,900 [13] FATAL ProcessLogger [(null)] - System Start 1/10/2017 14:35:15
2017-01-10 14:35:16,594 [1] FATAL ProcessLogger [(null)] - System Start 1/10/2017 14:35:16
2017-01-10 14:35:16,933 [14] FATAL ProcessLogger [(null)] - System Start 1/10/2017 14:35:16
2017-01-10 14:36:46,081 [1] FATAL ProcessLogger [(null)] - System Start 1/10/2017 14:36:46
2017-01-10 14:36:46,478 [1] FATAL ProcessLogger [(null)] - System Start 1/10/2017 14:36:46
2017-01-10 14:36:47,224 [10] FATAL ProcessLogger [(null)] - System Start 1/10/2017 14:36:47
2017-01-10 14:39:06,012 [1] FATAL ProcessLogger [(null)] - System Start 1/10/2017 14:39:06
2017-01-10 14:39:06,462 [1] FATAL ProcessLogger [(null)] - System Start 1/10/2017 14:39:06
2017-01-10 14:39:07,250 [9] FATAL ProcessLogger [(null)] - System Start 1/10/2017 14:39:07
2017-01-10 14:39:22,402 [1] FATAL ProcessLogger [(null)] - System Start 1/10/2017 14:39:22
2017-01-10 14:39:22,403 [1] FATAL ProcessLogger [(null)] - System Start 1/10/2017 14:39:22
2017-01-10 14:39:23,695 [1] FATAL ProcessLogger [(null)] - System Start 1/10/2017 14:39:23
2017-01-10 14:39:24,019 [10] FATAL ProcessLogger [(null)] - System Start 1/10/2017 14:39:24
2017-01-10 14:39:36,072 [1] FATAL ProcessLogger [(null)] - System Start 1/10/2017 14:39:36
2017-01-10 14:39:36,712 [1] FATAL ProcessLogger [(null)] - System Start 1/10/2017 14:39:36
2017-01-10 14:39:37,541 [4] FATAL ProcessLogger [(null)] - System Start 1/10/2017 14:39:37
2017-01-10 14:45:38,165 [1] FATAL ProcessLogger [(null)] - System Start 1/10/2017 14:45:38
2017-01-10 14:45:38,223 [1] FATAL ProcessLogger [(null)] - initialize1/10/2017 14:45:38
2017-01-10 14:45:47,761 [1] FATAL ProcessLogger [(null)] - System Start 1/10/2017 14:45:47
2017-01-10 14:45:47,762 [1] FATAL ProcessLogger [(null)] - System Start 1/10/2017 14:45:47
2017-01-10 14:45:49,130 [1] FATAL ProcessLogger [(null)] - System Start 1/10/2017 14:45:49
2017-01-10 14:45:49,501 [4] FATAL ProcessLogger [(null)] - System Start 1/10/2017 14:45:49
2017-01-10 14:50:28,145 [1] FATAL ProcessLogger [(null)] - System Start 1/10/2017 14:50:28
2017-01-10 14:50:28,145 [1] FATAL ProcessLogger [(null)] - System Start 1/10/2017 14:50:28
2017-01-10 14:50:36,904 [1] FATAL ProcessLogger [(null)] - System Start 1/10/2017 14:50:36
2017-01-10 14:50:47,451 [1] FATAL ProcessLogger [(null)] - System Start 1/10/2017 14:50:47
2017-01-10 14:50:47,451 [1] FATAL ProcessLogger [(null)] - System Start 1/10/2017 14:50:47
2017-01-10 14:50:48,965 [1] FATAL ProcessLogger [(null)] - System Start 1/10/2017 14:50:48
2017-01-10 14:50:49,306 [7] FATAL ProcessLogger [(null)] - System Start 1/10/2017 14:50:49
2017-01-10 14:55:08,750 [1] FATAL ProcessLogger [(null)] - System Start 1/10/2017 14:55:08
2017-01-10 14:55:08,805 [1] FATAL ProcessLogger [(null)] - initialize1/10/2017 14:55:08
2017-01-10 14:55:12,818 [1] FATAL ProcessLogger [(null)] - System Start 1/10/2017 14:55:12
2017-01-10 14:55:12,818 [1] FATAL ProcessLogger [(null)] - System Start 1/10/2017 14:55:12
2017-01-10 14:55:14,715 [1] FATAL ProcessLogger [(null)] - System Start 1/10/2017 14:55:14
2017-01-10 14:55:15,080 [4] FATAL ProcessLogger [(null)] - System Start 1/10/2017 14:55:15
2017-01-10 14:58:32,505 [1] FATAL ProcessLogger [(null)] - System Start 1/10/2017 14:58:32
2017-01-10 14:58:32,564 [1] FATAL ProcessLogger [(null)] - initialize1/10/2017 14:58:32
2017-01-10 14:58:35,609 [1] FATAL ProcessLogger [(null)] - System Start 1/10/2017 14:58:35
2017-01-10 14:58:35,610 [1] FATAL ProcessLogger [(null)] - System Start 1/10/2017 14:58:35
2017-01-10 14:58:37,509 [1] FATAL ProcessLogger [(null)] - System Start 1/10/2017 14:58:37
2017-01-10 14:58:37,881 [4] FATAL ProcessLogger [(null)] - System Start 1/10/2017 14:58:37
2017-01-10 15:01:56,442 [1] FATAL ProcessLogger [(null)] - System Start 1/10/2017 15:01:56
2017-01-10 15:01:57,001 [1] FATAL ProcessLogger [(null)] - System Start 1/10/2017 15:01:57
2017-01-10 15:02:04,682 [9] FATAL ProcessLogger [(null)] - System Start 1/10/2017 15:02:04
2017-01-10 15:02:34,917 [1] FATAL ProcessLogger [(null)] - System Start 1/10/2017 15:02:34
2017-01-10 15:02:34,972 [1] FATAL ProcessLogger [(null)] - initialize1/10/2017 15:02:34
2017-01-10 15:02:39,390 [1] FATAL ProcessLogger [(null)] - System Start 1/10/2017 15:02:39
2017-01-10 15:02:39,391 [1] FATAL ProcessLogger [(null)] - System Start 1/10/2017 15:02:39
2017-01-10 15:02:41,188 [1] FATAL ProcessLogger [(null)] - System Start 1/10/2017 15:02:41
2017-01-10 15:03:02,285 [4] FATAL ProcessLogger [(null)] - System Start 1/10/2017 15:03:02
2017-01-10 15:03:48,485 [1] FATAL ProcessLogger [(null)] - System Start 1/10/2017 15:03:48
2017-01-10 15:03:48,542 [1] FATAL ProcessLogger [(null)] - initialize1/10/2017 15:03:48
2017-01-10 15:03:51,810 [1] FATAL ProcessLogger [(null)] - System Start 1/10/2017 15:03:51
2017-01-10 15:03:51,811 [1] FATAL ProcessLogger [(null)] - System Start 1/10/2017 15:03:51
2017-01-10 15:03:58,189 [1] FATAL ProcessLogger [(null)] - System Start 1/10/2017 15:03:58
2017-01-10 15:03:58,548 [4] FATAL ProcessLogger [(null)] - System Start 1/10/2017 15:03:58
2017-01-10 15:11:27,569 [1] FATAL ProcessLogger [(null)] - System Start 1/10/2017 15:11:27
2017-01-10 15:11:28,030 [1] FATAL ProcessLogger [(null)] - System Start 1/10/2017 15:11:28
2017-01-10 15:11:29,556 [8] FATAL ProcessLogger [(null)] - System Start 1/10/2017 15:11:29
2017-01-10 15:12:27,539 [1] FATAL ProcessLogger [(null)] - System Start 1/10/2017 15:12:27
2017-01-10 15:12:27,619 [1] FATAL ProcessLogger [(null)] - initialize1/10/2017 15:12:27
2017-01-10 15:12:32,685 [1] FATAL ProcessLogger [(null)] - System Start 1/10/2017 15:12:32
2017-01-10 15:12:32,686 [1] FATAL ProcessLogger [(null)] - System Start 1/10/2017 15:12:32
2017-01-10 15:12:35,197 [1] FATAL ProcessLogger [(null)] - System Start 1/10/2017 15:12:35
2017-01-10 15:12:35,591 [4] FATAL ProcessLogger [(null)] - System Start 1/10/2017 15:12:35
2017-01-10 15:12:43,859 [1] FATAL ProcessLogger [(null)] - System Start 1/10/2017 15:12:43
2017-01-10 15:12:44,537 [1] FATAL ProcessLogger [(null)] - System Start 1/10/2017 15:12:44
2017-01-10 15:12:45,977 [7] FATAL ProcessLogger [(null)] - System Start 1/10/2017 15:12:45
2017-01-10 15:17:34,054 [1] FATAL ProcessLogger [(null)] - System Start 1/10/2017 15:17:34
2017-01-10 15:17:39,846 [5] FATAL ProcessLogger [(null)] - System Start 1/10/2017 15:17:39
2017-01-10 15:17:39,846 [5] FATAL ProcessLogger [(null)] - 2005--input caipiaoleixing data1/10/2017 15:17:39
2017-01-10 15:17:39,847 [5] FATAL ProcessLogger [(null)] - 2006-- Input Caipiaoleixing1/10/2017 15:17:39
2017-01-10 15:17:57,901 [1] FATAL ProcessLogger [(null)] - System Start 1/10/2017 15:17:57
2017-01-10 15:17:57,960 [1] FATAL ProcessLogger [(null)] - initialize1/10/2017 15:17:57
2017-01-10 15:18:13,079 [1] FATAL ProcessLogger [(null)] - System Start 1/10/2017 15:18:13
2017-01-10 15:18:13,079 [1] FATAL ProcessLogger [(null)] - System Start 1/10/2017 15:18:13
2017-01-10 15:18:15,290 [1] FATAL ProcessLogger [(null)] - System Start 1/10/2017 15:18:15
2017-01-10 15:18:15,649 [4] FATAL ProcessLogger [(null)] - System Start 1/10/2017 15:18:15
2017-01-10 15:18:22,042 [1] FATAL ProcessLogger [(null)] - System Start 1/10/2017 15:18:22
2017-01-10 15:18:27,361 [5] FATAL ProcessLogger [(null)] - System Start 1/10/2017 15:18:27
2017-01-10 15:18:27,361 [5] FATAL ProcessLogger [(null)] - 1005--input kiajiang data1/10/2017 15:18:27
2017-01-10 15:18:27,362 [5] FATAL ProcessLogger [(null)] - 1006-- Input C Data end1/10/2017 15:18:27
2017-01-10 15:18:29,480 [5] FATAL ProcessLogger [(null)] - 1006-- Input finish1/10/2017 15:18:29
2017-01-10 15:18:39,884 [1] FATAL ProcessLogger [(null)] - System Start 1/10/2017 15:18:39
2017-01-10 15:18:39,884 [1] FATAL ProcessLogger [(null)] - System Start 1/10/2017 15:18:39
2017-01-10 15:18:40,907 [1] FATAL ProcessLogger [(null)] - System Start 1/10/2017 15:18:40
2017-01-10 15:18:41,216 [7] FATAL ProcessLogger [(null)] - System Start 1/10/2017 15:18:41
2017-01-10 15:22:28,418 [1] FATAL ProcessLogger [(null)] - System Start 1/10/2017 15:22:28
2017-01-10 15:22:33,563 [5] FATAL ProcessLogger [(null)] - System Start 1/10/2017 15:22:33
2017-01-10 15:22:33,563 [5] FATAL ProcessLogger [(null)] - 1005--input kiajiang data1/10/2017 15:22:33
2017-01-10 15:22:33,563 [5] FATAL ProcessLogger [(null)] - 1006-- Input C Data end1/10/2017 15:22:33
2017-01-10 15:22:33,629 [5] FATAL ProcessLogger [(null)] - 1006-- Input finish1/10/2017 15:22:33
2017-01-10 15:22:42,712 [1] FATAL ProcessLogger [(null)] - System Start 1/10/2017 15:22:42
2017-01-10 15:22:42,712 [1] FATAL ProcessLogger [(null)] - System Start 1/10/2017 15:22:42
2017-01-10 15:22:43,755 [1] FATAL ProcessLogger [(null)] - System Start 1/10/2017 15:22:43
2017-01-10 15:22:44,062 [8] FATAL ProcessLogger [(null)] - System Start 1/10/2017 15:22:44
2017-01-10 15:23:21,577 [1] FATAL ProcessLogger [(null)] - System Start 1/10/2017 15:23:21
2017-01-10 15:23:21,577 [1] FATAL ProcessLogger [(null)] - System Start 1/10/2017 15:23:21
2017-01-10 15:23:24,489 [1] FATAL ProcessLogger [(null)] - System Start 1/10/2017 15:23:24
2017-01-10 15:23:33,316 [1] FATAL ProcessLogger [(null)] - System Start 1/10/2017 15:23:33
2017-01-10 15:23:33,316 [1] FATAL ProcessLogger [(null)] - System Start 1/10/2017 15:23:33
2017-01-10 15:23:34,825 [1] FATAL ProcessLogger [(null)] - System Start 1/10/2017 15:23:34
2017-01-10 15:23:35,134 [9] FATAL ProcessLogger [(null)] - System Start 1/10/2017 15:23:35
2017-01-10 15:26:44,485 [1] FATAL ProcessLogger [(null)] - System Start 1/10/2017 15:26:44
2017-01-10 15:26:44,543 [1] FATAL ProcessLogger [(null)] - initialize1/10/2017 15:26:44
2017-01-10 15:26:47,942 [1] FATAL ProcessLogger [(null)] - System Start 1/10/2017 15:26:47
2017-01-10 15:26:47,943 [1] FATAL ProcessLogger [(null)] - System Start 1/10/2017 15:26:47
2017-01-10 15:26:48,951 [1] FATAL ProcessLogger [(null)] - System Start 1/10/2017 15:26:48
2017-01-10 15:26:49,300 [4] FATAL ProcessLogger [(null)] - System Start 1/10/2017 15:26:49
2017-01-10 15:26:51,670 [1] FATAL ProcessLogger [(null)] - System Start 1/10/2017 15:26:51
2017-01-10 15:26:51,671 [1] FATAL ProcessLogger [(null)] - System Start 1/10/2017 15:26:51
2017-01-10 15:27:08,653 [1] FATAL ProcessLogger [(null)] - System Start 1/10/2017 15:27:08
2017-01-10 15:33:32,007 [1] FATAL ProcessLogger [(null)] - System Start 1/10/2017 15:33:32
2017-01-10 15:33:32,069 [1] FATAL ProcessLogger [(null)] - initialize1/10/2017 15:33:32
2017-01-10 15:37:57,671 [1] FATAL ProcessLogger [(null)] - System Start 1/10/2017 15:37:57
2017-01-10 15:37:57,672 [1] FATAL ProcessLogger [(null)] - System Start 1/10/2017 15:37:57
2017-01-10 15:38:04,201 [1] FATAL ProcessLogger [(null)] - System Start 1/10/2017 15:38:04
2017-01-10 15:38:04,798 [4] FATAL ProcessLogger [(null)] - System Start 1/10/2017 15:38:04
2017-01-10 15:38:06,442 [1] FATAL ProcessLogger [(null)] - System Start 1/10/2017 15:38:06
2017-01-10 15:38:06,442 [1] FATAL ProcessLogger [(null)] - System Start 1/10/2017 15:38:06
2017-01-10 15:38:12,836 [1] FATAL ProcessLogger [(null)] - System Start 1/10/2017 15:38:12
2017-01-10 15:42:03,694 [1] FATAL ProcessLogger [(null)] - System Start 1/10/2017 15:42:03
2017-01-10 15:42:03,694 [1] FATAL ProcessLogger [(null)] - System Start 1/10/2017 15:42:03
2017-01-10 15:42:07,875 [1] FATAL ProcessLogger [(null)] - System Start 1/10/2017 15:42:07
2017-01-10 15:42:08,208 [9] FATAL ProcessLogger [(null)] - System Start 1/10/2017 15:42:08
2017-01-10 15:42:12,864 [1] FATAL ProcessLogger [(null)] - System Start 1/10/2017 15:42:12
2017-01-10 15:42:12,864 [1] FATAL ProcessLogger [(null)] - System Start 1/10/2017 15:42:12
2017-01-10 15:42:15,160 [1] FATAL ProcessLogger [(null)] - System Start 1/10/2017 15:42:15
2017-01-10 15:42:18,928 [1] FATAL ProcessLogger [(null)] - System Start 1/10/2017 15:42:18
2017-01-10 15:42:18,928 [1] FATAL ProcessLogger [(null)] - System Start 1/10/2017 15:42:18
2017-01-10 15:42:20,140 [1] FATAL ProcessLogger [(null)] - System Start 1/10/2017 15:42:20
2017-01-10 15:42:20,596 [10] FATAL ProcessLogger [(null)] - System Start 1/10/2017 15:42:20
2017-01-10 15:42:24,572 [1] FATAL ProcessLogger [(null)] - System Start 1/10/2017 15:42:24
2017-01-10 15:42:24,572 [1] FATAL ProcessLogger [(null)] - System Start 1/10/2017 15:42:24
2017-01-10 15:42:27,412 [1] FATAL ProcessLogger [(null)] - System Start 1/10/2017 15:42:27
2017-01-10 15:43:17,602 [1] FATAL ProcessLogger [(null)] - System Start 1/10/2017 15:43:17
2017-01-10 15:43:17,602 [1] FATAL ProcessLogger [(null)] - System Start 1/10/2017 15:43:17
2017-01-10 15:43:26,100 [1] FATAL ProcessLogger [(null)] - System Start 1/10/2017 15:43:26
2017-01-10 15:45:46,699 [1] FATAL ProcessLogger [(null)] - System Start 1/10/2017 15:45:46
2017-01-10 15:45:46,717 [11] FATAL ProcessLogger [(null)] - System Start 1/10/2017 15:45:46
2017-01-10 15:47:16,037 [1] FATAL ProcessLogger [(null)] - System Start 1/10/2017 15:47:16
2017-01-10 15:47:16,709 [1] FATAL ProcessLogger [(null)] - System Start 1/10/2017 15:47:16
2017-01-10 15:47:17,939 [12] FATAL ProcessLogger [(null)] - System Start 1/10/2017 15:47:17
2017-01-10 15:47:27,747 [1] FATAL ProcessLogger [(null)] - System Start 1/10/2017 15:47:27
2017-01-10 15:47:27,747 [1] FATAL ProcessLogger [(null)] - System Start 1/10/2017 15:47:27
2017-01-10 15:47:32,303 [1] FATAL ProcessLogger [(null)] - System Start 1/10/2017 15:47:32
2017-01-10 15:47:34,758 [1] FATAL ProcessLogger [(null)] - System Start 1/10/2017 15:47:34
2017-01-10 15:47:43,213 [1] FATAL ProcessLogger [(null)] - System Start 1/10/2017 15:47:43
2017-01-10 15:47:43,722 [1] FATAL ProcessLogger [(null)] - System Start 1/10/2017 15:47:43
2017-01-10 15:47:45,119 [13] FATAL ProcessLogger [(null)] - System Start 1/10/2017 15:47:45
2017-01-10 15:48:17,665 [1] FATAL ProcessLogger [(null)] - System Start 1/10/2017 15:48:17
2017-01-10 15:48:18,088 [1] FATAL ProcessLogger [(null)] - System Start 1/10/2017 15:48:18
2017-01-10 15:48:20,190 [14] FATAL ProcessLogger [(null)] - System Start 1/10/2017 15:48:20
2017-01-10 15:49:54,935 [1] FATAL ProcessLogger [(null)] - System Start 1/10/2017 15:49:54
2017-01-10 15:49:54,993 [1] FATAL ProcessLogger [(null)] - initialize1/10/2017 15:49:54
2017-01-10 15:49:59,263 [1] FATAL ProcessLogger [(null)] - System Start 1/10/2017 15:49:59
2017-01-10 15:49:59,264 [1] FATAL ProcessLogger [(null)] - System Start 1/10/2017 15:49:59
2017-01-10 15:50:01,421 [1] FATAL ProcessLogger [(null)] - System Start 1/10/2017 15:50:01
2017-01-10 15:50:02,090 [1] FATAL ProcessLogger [(null)] - System Start 1/10/2017 15:50:02
2017-01-10 15:50:05,531 [4] FATAL ProcessLogger [(null)] - System Start 1/10/2017 15:50:05
2017-01-10 15:50:20,612 [1] FATAL ProcessLogger [(null)] - System Start 1/10/2017 15:50:20
2017-01-10 15:50:21,079 [1] FATAL ProcessLogger [(null)] - System Start 1/10/2017 15:50:21
2017-01-10 15:50:23,688 [7] FATAL ProcessLogger [(null)] - System Start 1/10/2017 15:50:23
2017-01-10 15:53:08,266 [1] FATAL ProcessLogger [(null)] - System Start 1/10/2017 15:53:08
2017-01-10 15:53:08,339 [1] FATAL ProcessLogger [(null)] - initialize1/10/2017 15:53:08
2017-01-10 15:53:18,108 [1] FATAL ProcessLogger [(null)] - System Start 1/10/2017 15:53:18
2017-01-10 15:53:18,109 [1] FATAL ProcessLogger [(null)] - System Start 1/10/2017 15:53:18
2017-01-10 15:53:21,880 [1] FATAL ProcessLogger [(null)] - System Start 1/10/2017 15:53:21
2017-01-10 15:53:21,880 [1] FATAL ProcessLogger [(null)] - System Start 1/10/2017 15:53:21
2017-01-10 15:53:30,409 [1] FATAL ProcessLogger [(null)] - System Start 1/10/2017 15:53:30
2017-01-10 15:53:35,719 [1] FATAL ProcessLogger [(null)] - System Start 1/10/2017 15:53:35
2017-01-10 15:53:40,658 [6] FATAL ProcessLogger [(null)] - System Start 1/10/2017 15:53:40
2017-01-10 15:54:14,980 [1] FATAL ProcessLogger [(null)] - System Start 1/10/2017 15:54:14
2017-01-10 15:54:14,980 [1] FATAL ProcessLogger [(null)] - System Start 1/10/2017 15:54:14
2017-01-10 15:54:28,818 [1] FATAL ProcessLogger [(null)] - System Start 1/10/2017 15:54:28
2017-01-10 15:54:32,170 [7] FATAL ProcessLogger [(null)] - System Start 1/10/2017 15:54:32
2017-01-10 15:55:19,703 [1] FATAL ProcessLogger [(null)] - System Start 1/10/2017 15:55:19
2017-01-10 15:55:19,782 [1] FATAL ProcessLogger [(null)] - initialize1/10/2017 15:55:19
2017-01-10 15:55:23,593 [1] FATAL ProcessLogger [(null)] - System Start 1/10/2017 15:55:23
2017-01-10 15:55:23,595 [1] FATAL ProcessLogger [(null)] - System Start 1/10/2017 15:55:23
2017-01-10 15:55:25,572 [1] FATAL ProcessLogger [(null)] - System Start 1/10/2017 15:55:25
2017-01-10 15:55:25,572 [1] FATAL ProcessLogger [(null)] - System Start 1/10/2017 15:55:25
2017-01-10 15:55:30,525 [4] FATAL ProcessLogger [(null)] - System Start 1/10/2017 15:55:30
