2017-03-27 08:29:15,809 [10] FATAL ProcessLogger [(null)] - System Start 3/27/2017 08:29:15
2017-03-27 08:29:15,862 [10] FATAL ProcessLogger [(null)] - initialize3/27/2017 08:29:15
2017-03-27 08:29:18,113 [10] FATAL ProcessLogger [(null)] - System Start 3/27/2017 08:29:18
2017-03-27 08:29:18,114 [10] FATAL ProcessLogger [(null)] - System Start 3/27/2017 08:29:18
2017-03-27 08:29:18,437 [10] FATAL ProcessLogger [(null)] - System Start 3/27/2017 08:29:18
2017-03-27 08:30:02,946 [9] FATAL ProcessLogger [(null)] - System Start 3/27/2017 08:30:02
2017-03-27 08:30:03,000 [9] FATAL ProcessLogger [(null)] - initialize3/27/2017 08:30:03
2017-03-27 08:30:05,081 [9] FATAL ProcessLogger [(null)] - System Start 3/27/2017 08:30:05
2017-03-27 08:30:05,082 [9] FATAL ProcessLogger [(null)] - System Start 3/27/2017 08:30:05
2017-03-27 08:30:06,765 [9] FATAL ProcessLogger [(null)] - System Start 3/27/2017 08:30:06
2017-03-27 08:43:22,915 [9] FATAL ProcessLogger [(null)] - System Start 3/27/2017 08:43:22
2017-03-27 08:43:22,968 [9] FATAL ProcessLogger [(null)] - initialize3/27/2017 08:43:22
2017-03-27 08:43:25,629 [9] FATAL ProcessLogger [(null)] - System Start 3/27/2017 08:43:25
2017-03-27 08:43:25,632 [9] FATAL ProcessLogger [(null)] - System Start 3/27/2017 08:43:25
2017-03-27 08:43:28,328 [9] FATAL ProcessLogger [(null)] - System Start 3/27/2017 08:43:28
2017-03-27 09:22:50,233 [9] FATAL ProcessLogger [(null)] - System Start 3/27/2017 09:22:50
2017-03-27 09:22:50,288 [9] FATAL ProcessLogger [(null)] - initialize3/27/2017 09:22:50
2017-03-27 09:22:52,449 [9] FATAL ProcessLogger [(null)] - System Start 3/27/2017 09:22:52
2017-03-27 09:22:52,450 [9] FATAL ProcessLogger [(null)] - System Start 3/27/2017 09:22:52
2017-03-27 09:23:24,109 [9] FATAL ProcessLogger [(null)] - System Start 3/27/2017 09:23:24
2017-03-27 09:35:23,157 [9] FATAL ProcessLogger [(null)] - System Start 3/27/2017 09:35:23
2017-03-27 09:35:23,225 [9] FATAL ProcessLogger [(null)] - initialize3/27/2017 09:35:23
2017-03-27 09:35:25,338 [9] FATAL ProcessLogger [(null)] - System Start 3/27/2017 09:35:25
2017-03-27 09:35:25,339 [9] FATAL ProcessLogger [(null)] - System Start 3/27/2017 09:35:25
2017-03-27 09:35:30,202 [9] FATAL ProcessLogger [(null)] - System Start 3/27/2017 09:35:30
2017-03-27 09:37:31,064 [9] FATAL ProcessLogger [(null)] - System Start 3/27/2017 09:37:31
2017-03-27 09:37:31,120 [9] FATAL ProcessLogger [(null)] - initialize3/27/2017 09:37:31
2017-03-27 09:37:37,888 [9] FATAL ProcessLogger [(null)] - System Start 3/27/2017 09:37:37
2017-03-27 09:37:37,889 [9] FATAL ProcessLogger [(null)] - System Start 3/27/2017 09:37:37
2017-03-27 09:37:42,025 [9] FATAL ProcessLogger [(null)] - System Start 3/27/2017 09:37:42
2017-03-27 09:52:24,251 [9] FATAL ProcessLogger [(null)] - System Start 3/27/2017 09:52:24
2017-03-27 09:52:24,306 [9] FATAL ProcessLogger [(null)] - initialize3/27/2017 09:52:24
2017-03-27 09:52:27,500 [9] FATAL ProcessLogger [(null)] - System Start 3/27/2017 09:52:27
2017-03-27 09:52:27,501 [9] FATAL ProcessLogger [(null)] - System Start 3/27/2017 09:52:27
2017-03-27 09:52:31,414 [9] FATAL ProcessLogger [(null)] - System Start 3/27/2017 09:52:31
2017-03-27 10:01:12,423 [9] FATAL ProcessLogger [(null)] - System Start 3/27/2017 10:01:12
2017-03-27 10:01:12,479 [9] FATAL ProcessLogger [(null)] - initialize3/27/2017 10:01:12
2017-03-27 10:01:14,665 [9] FATAL ProcessLogger [(null)] - System Start 3/27/2017 10:01:14
2017-03-27 10:01:14,667 [9] FATAL ProcessLogger [(null)] - System Start 3/27/2017 10:01:14
2017-03-27 10:01:18,622 [9] FATAL ProcessLogger [(null)] - System Start 3/27/2017 10:01:18
2017-03-27 10:07:57,081 [9] FATAL ProcessLogger [(null)] - System Start 3/27/2017 10:07:57
2017-03-27 10:07:57,137 [9] FATAL ProcessLogger [(null)] - initialize3/27/2017 10:07:57
2017-03-27 10:07:59,209 [9] FATAL ProcessLogger [(null)] - System Start 3/27/2017 10:07:59
2017-03-27 10:07:59,209 [9] FATAL ProcessLogger [(null)] - System Start 3/27/2017 10:07:59
2017-03-27 10:08:03,565 [9] FATAL ProcessLogger [(null)] - System Start 3/27/2017 10:08:03
2017-03-27 10:10:19,568 [9] FATAL ProcessLogger [(null)] - System Start 3/27/2017 10:10:19
2017-03-27 10:10:19,622 [9] FATAL ProcessLogger [(null)] - initialize3/27/2017 10:10:19
2017-03-27 10:10:47,815 [9] FATAL ProcessLogger [(null)] - System Start 3/27/2017 10:10:47
2017-03-27 10:10:47,815 [9] FATAL ProcessLogger [(null)] - System Start 3/27/2017 10:10:47
2017-03-27 10:10:52,705 [9] FATAL ProcessLogger [(null)] - System Start 3/27/2017 10:10:52
2017-03-27 10:22:59,449 [10] FATAL ProcessLogger [(null)] - System Start 3/27/2017 10:22:59
2017-03-27 10:22:59,556 [10] FATAL ProcessLogger [(null)] - initialize3/27/2017 10:22:59
2017-03-27 10:23:02,934 [10] FATAL ProcessLogger [(null)] - System Start 3/27/2017 10:23:02
2017-03-27 10:23:02,935 [10] FATAL ProcessLogger [(null)] - System Start 3/27/2017 10:23:02
2017-03-27 10:23:03,504 [10] FATAL ProcessLogger [(null)] - System Start 3/27/2017 10:23:03
2017-03-27 10:23:18,947 [10] FATAL ProcessLogger [(null)] - System Start 3/27/2017 10:23:18
2017-03-27 10:23:18,947 [10] FATAL ProcessLogger [(null)] - System Start 3/27/2017 10:23:18
2017-03-27 10:23:21,203 [10] FATAL ProcessLogger [(null)] - System Start 3/27/2017 10:23:21
2017-03-27 10:23:21,203 [10] FATAL ProcessLogger [(null)] - System Start 3/27/2017 10:23:21
2017-03-27 10:23:26,127 [10] FATAL ProcessLogger [(null)] - System Start 3/27/2017 10:23:26
2017-03-27 10:23:26,127 [10] FATAL ProcessLogger [(null)] - System Start 3/27/2017 10:23:26
2017-03-27 10:23:29,322 [10] FATAL ProcessLogger [(null)] - System Start 3/27/2017 10:23:29
2017-03-27 10:23:29,322 [10] FATAL ProcessLogger [(null)] - System Start 3/27/2017 10:23:29
2017-03-27 10:23:31,848 [10] FATAL ProcessLogger [(null)] - System Start 3/27/2017 10:23:31
2017-03-27 10:23:34,506 [10] FATAL ProcessLogger [(null)] - System Start 3/27/2017 10:23:34
2017-03-27 10:23:34,506 [10] FATAL ProcessLogger [(null)] - System Start 3/27/2017 10:23:34
2017-03-27 10:23:34,506 [10] FATAL ProcessLogger [(null)] - System Read_CaiPiaoZhongLei_Moren 70104 3/27/2017 10:23:34
2017-03-27 10:23:34,507 [10] FATAL ProcessLogger [(null)] - System ReadclaimreportfromServerBy_Xuan 701053/27/2017 10:23:34
2017-03-27 10:23:34,514 [10] FATAL ProcessLogger [(null)] - System ReadclaimreportfromServerBy_Xuan 701063/27/2017 10:23:34
2017-03-27 10:23:34,515 [10] FATAL ProcessLogger [(null)] - System  701073/27/2017 10:23:34
2017-03-27 10:23:37,677 [10] FATAL ProcessLogger [(null)] - System Start 3/27/2017 10:23:37
2017-03-27 10:23:37,701 [10] FATAL ProcessLogger [(null)] - System Start 3/27/2017 10:23:37
2017-03-27 10:23:37,701 [10] FATAL ProcessLogger [(null)] - System Start 3/27/2017 10:23:37
2017-03-27 10:23:37,702 [10] FATAL ProcessLogger [(null)] - System Read_CaiPiaoZhongLei_Moren 70104 3/27/2017 10:23:37
2017-03-27 10:23:37,702 [10] FATAL ProcessLogger [(null)] - System ReadclaimreportfromServerBy_Xuan 701053/27/2017 10:23:37
2017-03-27 10:23:37,717 [10] FATAL ProcessLogger [(null)] - System ReadclaimreportfromServerBy_Xuan 701063/27/2017 10:23:37
2017-03-27 10:23:37,718 [10] FATAL ProcessLogger [(null)] - System  701073/27/2017 10:23:37
2017-03-27 10:23:41,133 [10] FATAL ProcessLogger [(null)] - System Start 3/27/2017 10:23:41
2017-03-27 10:23:42,721 [10] FATAL ProcessLogger [(null)] - System Start 3/27/2017 10:23:42
2017-03-27 10:23:44,564 [10] FATAL ProcessLogger [(null)] - System Start 3/27/2017 10:23:44
2017-03-27 10:23:45,791 [10] FATAL ProcessLogger [(null)] - System Start 3/27/2017 10:23:45
2017-03-27 10:23:46,682 [10] FATAL ProcessLogger [(null)] - System Start 3/27/2017 10:23:46
2017-03-27 10:23:47,583 [10] FATAL ProcessLogger [(null)] - System Start 3/27/2017 10:23:47
2017-03-27 10:23:47,698 [10] FATAL ProcessLogger [(null)] - System Start 3/27/2017 10:23:47
2017-03-27 10:23:49,862 [10] FATAL ProcessLogger [(null)] - System Start 3/27/2017 10:23:49
2017-03-27 10:23:54,695 [10] FATAL ProcessLogger [(null)] - System Start 3/27/2017 10:23:54
2017-03-27 10:23:54,696 [10] FATAL ProcessLogger [(null)] - System Start 3/27/2017 10:23:54
2017-03-27 10:23:54,696 [10] FATAL ProcessLogger [(null)] - System Start 3/27/2017 10:23:54
2017-03-27 10:23:54,696 [10] FATAL ProcessLogger [(null)] - System Read_CaiPiaoZhongLei_Moren 70104 3/27/2017 10:23:54
2017-03-27 10:23:54,697 [10] FATAL ProcessLogger [(null)] - System ReadclaimreportfromServerBy_Xuan 701053/27/2017 10:23:54
2017-03-27 10:23:54,710 [10] FATAL ProcessLogger [(null)] - System ReadclaimreportfromServerBy_Xuan 701063/27/2017 10:23:54
2017-03-27 10:23:54,710 [10] FATAL ProcessLogger [(null)] - System  701073/27/2017 10:23:54
2017-03-27 10:23:54,943 [10] FATAL ProcessLogger [(null)] - System Start 3/27/2017 10:23:54
2017-03-27 10:23:54,944 [10] FATAL ProcessLogger [(null)] - System Start 3/27/2017 10:23:54
2017-03-27 10:23:54,944 [10] FATAL ProcessLogger [(null)] - System Start 3/27/2017 10:23:54
2017-03-27 10:23:54,944 [10] FATAL ProcessLogger [(null)] - System Read_CaiPiaoZhongLei_Moren 70104 3/27/2017 10:23:54
2017-03-27 10:23:54,944 [10] FATAL ProcessLogger [(null)] - System ReadclaimreportfromServerBy_Xuan 701053/27/2017 10:23:54
2017-03-27 10:23:54,966 [10] FATAL ProcessLogger [(null)] - System ReadclaimreportfromServerBy_Xuan 701063/27/2017 10:23:54
2017-03-27 10:23:54,966 [10] FATAL ProcessLogger [(null)] - System  701073/27/2017 10:23:54
2017-03-27 10:23:55,169 [10] FATAL ProcessLogger [(null)] - System Start 3/27/2017 10:23:55
2017-03-27 10:23:55,170 [10] FATAL ProcessLogger [(null)] - System Start 3/27/2017 10:23:55
2017-03-27 10:23:55,170 [10] FATAL ProcessLogger [(null)] - System Start 3/27/2017 10:23:55
2017-03-27 10:23:55,170 [10] FATAL ProcessLogger [(null)] - System Read_CaiPiaoZhongLei_Moren 70104 3/27/2017 10:23:55
2017-03-27 10:23:55,170 [10] FATAL ProcessLogger [(null)] - System ReadclaimreportfromServerBy_Xuan 701053/27/2017 10:23:55
2017-03-27 10:23:55,195 [10] FATAL ProcessLogger [(null)] - System ReadclaimreportfromServerBy_Xuan 701063/27/2017 10:23:55
2017-03-27 10:23:55,195 [10] FATAL ProcessLogger [(null)] - System  701073/27/2017 10:23:55
2017-03-27 10:23:55,367 [10] FATAL ProcessLogger [(null)] - System Start 3/27/2017 10:23:55
2017-03-27 10:23:55,368 [10] FATAL ProcessLogger [(null)] - System Start 3/27/2017 10:23:55
2017-03-27 10:23:55,368 [10] FATAL ProcessLogger [(null)] - System Start 3/27/2017 10:23:55
2017-03-27 10:23:55,369 [10] FATAL ProcessLogger [(null)] - System Read_CaiPiaoZhongLei_Moren 70104 3/27/2017 10:23:55
2017-03-27 10:23:55,369 [10] FATAL ProcessLogger [(null)] - System ReadclaimreportfromServerBy_Xuan 701053/27/2017 10:23:55
2017-03-27 10:23:55,414 [10] FATAL ProcessLogger [(null)] - System ReadclaimreportfromServerBy_Xuan 701063/27/2017 10:23:55
2017-03-27 10:23:55,414 [10] FATAL ProcessLogger [(null)] - System  701073/27/2017 10:23:55
2017-03-27 10:23:55,549 [10] FATAL ProcessLogger [(null)] - System Start 3/27/2017 10:23:55
2017-03-27 10:23:55,550 [10] FATAL ProcessLogger [(null)] - System Start 3/27/2017 10:23:55
2017-03-27 10:23:55,550 [10] FATAL ProcessLogger [(null)] - System Start 3/27/2017 10:23:55
2017-03-27 10:23:55,550 [10] FATAL ProcessLogger [(null)] - System Read_CaiPiaoZhongLei_Moren 70104 3/27/2017 10:23:55
2017-03-27 10:23:55,550 [10] FATAL ProcessLogger [(null)] - System ReadclaimreportfromServerBy_Xuan 701053/27/2017 10:23:55
2017-03-27 10:23:55,583 [10] FATAL ProcessLogger [(null)] - System ReadclaimreportfromServerBy_Xuan 701063/27/2017 10:23:55
2017-03-27 10:23:55,583 [10] FATAL ProcessLogger [(null)] - System  701073/27/2017 10:23:55
2017-03-27 10:23:55,746 [10] FATAL ProcessLogger [(null)] - System Start 3/27/2017 10:23:55
2017-03-27 10:23:55,748 [10] FATAL ProcessLogger [(null)] - System Start 3/27/2017 10:23:55
2017-03-27 10:23:55,748 [10] FATAL ProcessLogger [(null)] - System Start 3/27/2017 10:23:55
2017-03-27 10:23:55,749 [10] FATAL ProcessLogger [(null)] - System Read_CaiPiaoZhongLei_Moren 70104 3/27/2017 10:23:55
2017-03-27 10:23:55,749 [10] FATAL ProcessLogger [(null)] - System ReadclaimreportfromServerBy_Xuan 701053/27/2017 10:23:55
2017-03-27 10:23:55,807 [10] FATAL ProcessLogger [(null)] - System ReadclaimreportfromServerBy_Xuan 701063/27/2017 10:23:55
2017-03-27 10:23:55,807 [10] FATAL ProcessLogger [(null)] - System  701073/27/2017 10:23:55
2017-03-27 10:23:57,677 [10] FATAL ProcessLogger [(null)] - System Start 3/27/2017 10:23:57
2017-03-27 10:23:58,474 [10] FATAL ProcessLogger [(null)] - System Start 3/27/2017 10:23:58
2017-03-27 10:23:59,037 [10] FATAL ProcessLogger [(null)] - System Start 3/27/2017 10:23:59
2017-03-27 10:23:59,474 [10] FATAL ProcessLogger [(null)] - System Start 3/27/2017 10:23:59
2017-03-27 10:24:00,699 [10] FATAL ProcessLogger [(null)] - System Start 3/27/2017 10:24:00
2017-03-27 10:24:01,497 [10] FATAL ProcessLogger [(null)] - System Start 3/27/2017 10:24:01
2017-03-27 10:24:02,135 [10] FATAL ProcessLogger [(null)] - System Start 3/27/2017 10:24:02
2017-03-27 10:24:03,075 [10] FATAL ProcessLogger [(null)] - System Start 3/27/2017 10:24:03
2017-03-27 10:24:04,307 [10] FATAL ProcessLogger [(null)] - System Start 3/27/2017 10:24:04
2017-03-27 10:24:06,133 [10] FATAL ProcessLogger [(null)] - System Start 3/27/2017 10:24:06
2017-03-27 10:24:07,428 [10] FATAL ProcessLogger [(null)] - System Start 3/27/2017 10:24:07
2017-03-27 10:24:09,043 [10] FATAL ProcessLogger [(null)] - System Start 3/27/2017 10:24:09
2017-03-27 10:24:10,235 [10] FATAL ProcessLogger [(null)] - System Start 3/27/2017 10:24:10
2017-03-27 10:24:12,999 [10] FATAL ProcessLogger [(null)] - System Start 3/27/2017 10:24:12
2017-03-27 10:24:13,768 [10] FATAL ProcessLogger [(null)] - System Start 3/27/2017 10:24:13
2017-03-27 10:24:15,225 [10] FATAL ProcessLogger [(null)] - System Start 3/27/2017 10:24:15
2017-03-27 10:24:16,007 [10] FATAL ProcessLogger [(null)] - System Start 3/27/2017 10:24:16
2017-03-27 10:24:16,725 [10] FATAL ProcessLogger [(null)] - System Start 3/27/2017 10:24:16
2017-03-27 10:24:18,137 [10] FATAL ProcessLogger [(null)] - System Start 3/27/2017 10:24:18
2017-03-27 10:24:18,724 [10] FATAL ProcessLogger [(null)] - System Start 3/27/2017 10:24:18
2017-03-27 10:24:20,568 [10] FATAL ProcessLogger [(null)] - System Start 3/27/2017 10:24:20
2017-03-27 10:24:21,784 [10] FATAL ProcessLogger [(null)] - System Start 3/27/2017 10:24:21
2017-03-27 10:24:22,987 [10] FATAL ProcessLogger [(null)] - System Start 3/27/2017 10:24:22
2017-03-27 10:24:24,212 [10] FATAL ProcessLogger [(null)] - System Start 3/27/2017 10:24:24
2017-03-27 10:24:26,644 [10] FATAL ProcessLogger [(null)] - System Start 3/27/2017 10:24:26
2017-03-27 10:24:35,226 [10] FATAL ProcessLogger [(null)] - System Start 3/27/2017 10:24:35
2017-03-27 10:24:35,226 [10] FATAL ProcessLogger [(null)] - System Start 3/27/2017 10:24:35
2017-03-27 10:24:35,278 [10] FATAL ProcessLogger [(null)] - System Start 3/27/2017 10:24:35
2017-03-27 10:24:46,782 [10] FATAL ProcessLogger [(null)] - System Start 3/27/2017 10:24:46
2017-03-27 10:24:58,912 [10] FATAL ProcessLogger [(null)] - System Start 3/27/2017 10:24:58
2017-03-27 10:25:03,529 [10] FATAL ProcessLogger [(null)] - System Start 3/27/2017 10:25:03
2017-03-27 10:25:03,533 [10] FATAL ProcessLogger [(null)] - System Start 3/27/2017 10:25:03
2017-03-27 10:25:03,626 [10] FATAL ProcessLogger [(null)] - System Start 3/27/2017 10:25:03
2017-03-27 10:25:04,584 [10] FATAL ProcessLogger [(null)] - System Start 3/27/2017 10:25:04
2017-03-27 10:25:04,585 [10] FATAL ProcessLogger [(null)] - System Start 3/27/2017 10:25:04
2017-03-27 10:25:04,675 [10] FATAL ProcessLogger [(null)] - System Start 3/27/2017 10:25:04
2017-03-27 10:25:08,182 [10] FATAL ProcessLogger [(null)] - System Start 3/27/2017 10:25:08
2017-03-27 10:25:08,182 [10] FATAL ProcessLogger [(null)] - System Start 3/27/2017 10:25:08
2017-03-27 10:25:13,716 [10] FATAL ProcessLogger [(null)] - System Start 3/27/2017 10:25:13
2017-03-27 10:25:13,716 [10] FATAL ProcessLogger [(null)] - System Start 3/27/2017 10:25:13
2017-03-27 10:25:19,593 [10] FATAL ProcessLogger [(null)] - System Start 3/27/2017 10:25:19
2017-03-27 10:25:20,591 [10] FATAL ProcessLogger [(null)] - System Start 3/27/2017 10:25:20
2017-03-27 10:25:20,591 [10] FATAL ProcessLogger [(null)] - System Start 3/27/2017 10:25:20
2017-03-27 10:25:23,489 [10] FATAL ProcessLogger [(null)] - System Start 3/27/2017 10:25:23
2017-03-27 10:25:29,908 [10] FATAL ProcessLogger [(null)] - System Start 3/27/2017 10:25:29
2017-03-27 10:25:29,908 [10] FATAL ProcessLogger [(null)] - System Start 3/27/2017 10:25:29
2017-03-27 10:25:29,908 [10] FATAL ProcessLogger [(null)] - System Read_CaiPiaoZhongLei_Moren 70104 3/27/2017 10:25:29
2017-03-27 10:25:29,909 [10] FATAL ProcessLogger [(null)] - System ReadclaimreportfromServerBy_Xuan 701053/27/2017 10:25:29
2017-03-27 10:25:30,027 [10] FATAL ProcessLogger [(null)] - System ReadclaimreportfromServerBy_Xuan 701063/27/2017 10:25:30
2017-03-27 10:25:30,028 [10] FATAL ProcessLogger [(null)] - System  701073/27/2017 10:25:30
2017-03-27 10:25:37,734 [10] FATAL ProcessLogger [(null)] - System Start 3/27/2017 10:25:37
2017-03-27 10:25:38,293 [10] FATAL ProcessLogger [(null)] - System Start 3/27/2017 10:25:38
2017-03-27 10:25:38,813 [10] FATAL ProcessLogger [(null)] - System Start 3/27/2017 10:25:38
2017-03-27 10:25:39,382 [10] FATAL ProcessLogger [(null)] - System Start 3/27/2017 10:25:39
2017-03-27 10:25:40,529 [10] FATAL ProcessLogger [(null)] - System Start 3/27/2017 10:25:40
2017-03-27 10:25:41,420 [10] FATAL ProcessLogger [(null)] - System Start 3/27/2017 10:25:41
2017-03-27 10:25:42,804 [10] FATAL ProcessLogger [(null)] - System Start 3/27/2017 10:25:42
2017-03-27 10:25:43,483 [10] FATAL ProcessLogger [(null)] - System Start 3/27/2017 10:25:43
2017-03-27 10:25:44,640 [10] FATAL ProcessLogger [(null)] - System Start 3/27/2017 10:25:44
2017-03-27 10:25:45,836 [10] FATAL ProcessLogger [(null)] - System Start 3/27/2017 10:25:45
2017-03-27 10:25:46,628 [10] FATAL ProcessLogger [(null)] - System Start 3/27/2017 10:25:46
2017-03-27 10:25:47,735 [10] FATAL ProcessLogger [(null)] - System Start 3/27/2017 10:25:47
2017-03-27 10:25:48,786 [10] FATAL ProcessLogger [(null)] - System Start 3/27/2017 10:25:48
2017-03-27 10:25:49,874 [10] FATAL ProcessLogger [(null)] - System Start 3/27/2017 10:25:49
2017-03-27 10:25:50,500 [10] FATAL ProcessLogger [(null)] - System Start 3/27/2017 10:25:50
2017-03-27 10:25:52,655 [10] FATAL ProcessLogger [(null)] - System Start 3/27/2017 10:25:52
2017-03-27 10:25:54,482 [10] FATAL ProcessLogger [(null)] - System Start 3/27/2017 10:25:54
2017-03-27 10:25:55,391 [10] FATAL ProcessLogger [(null)] - System Start 3/27/2017 10:25:55
2017-03-27 10:25:58,129 [10] FATAL ProcessLogger [(null)] - System Start 3/27/2017 10:25:58
2017-03-27 10:25:59,690 [10] FATAL ProcessLogger [(null)] - System Start 3/27/2017 10:25:59
2017-03-27 10:26:00,937 [10] FATAL ProcessLogger [(null)] - System Start 3/27/2017 10:26:00
2017-03-27 10:26:02,181 [10] FATAL ProcessLogger [(null)] - System Start 3/27/2017 10:26:02
2017-03-27 10:26:02,992 [10] FATAL ProcessLogger [(null)] - System Start 3/27/2017 10:26:02
2017-03-27 10:26:06,149 [10] FATAL ProcessLogger [(null)] - System Start 3/27/2017 10:26:06
2017-03-27 10:26:08,854 [10] FATAL ProcessLogger [(null)] - System Start 3/27/2017 10:26:08
2017-03-27 10:26:09,754 [10] FATAL ProcessLogger [(null)] - System Start 3/27/2017 10:26:09
2017-03-27 10:26:10,654 [10] FATAL ProcessLogger [(null)] - System Start 3/27/2017 10:26:10
2017-03-27 10:26:21,817 [10] FATAL ProcessLogger [(null)] - System Start 3/27/2017 10:26:21
2017-03-27 10:26:21,817 [10] FATAL ProcessLogger [(null)] - System Start 3/27/2017 10:26:21
2017-03-27 10:26:21,924 [10] FATAL ProcessLogger [(null)] - System Start 3/27/2017 10:26:21
2017-03-27 10:26:33,808 [10] FATAL ProcessLogger [(null)] - System Start 3/27/2017 10:26:33
2017-03-27 10:27:28,266 [10] FATAL ProcessLogger [(null)] - System Start 3/27/2017 10:27:28
2017-03-27 10:28:57,816 [10] FATAL ProcessLogger [(null)] - System Start 3/27/2017 10:28:57
2017-03-27 10:29:12,412 [10] FATAL ProcessLogger [(null)] - System Start 3/27/2017 10:29:12
2017-03-27 10:30:50,379 [10] FATAL ProcessLogger [(null)] - System Start 3/27/2017 10:30:50
2017-03-27 10:30:54,850 [10] FATAL ProcessLogger [(null)] - System Start 3/27/2017 10:30:54
2017-03-27 10:30:54,852 [10] FATAL ProcessLogger [(null)] - System Start 3/27/2017 10:30:54
2017-03-27 10:30:55,275 [10] FATAL ProcessLogger [(null)] - System Start 3/27/2017 10:30:55
2017-03-27 10:30:56,016 [10] FATAL ProcessLogger [(null)] - System Start 3/27/2017 10:30:56
2017-03-27 10:30:56,017 [10] FATAL ProcessLogger [(null)] - System Start 3/27/2017 10:30:56
2017-03-27 10:30:56,403 [10] FATAL ProcessLogger [(null)] - System Start 3/27/2017 10:30:56
2017-03-27 10:30:56,887 [10] FATAL ProcessLogger [(null)] - System Start 3/27/2017 10:30:56
2017-03-27 10:30:56,888 [10] FATAL ProcessLogger [(null)] - System Start 3/27/2017 10:30:56
2017-03-27 10:30:57,303 [10] FATAL ProcessLogger [(null)] - System Start 3/27/2017 10:30:57
2017-03-27 10:31:06,793 [10] FATAL ProcessLogger [(null)] - System Start 3/27/2017 10:31:06
2017-03-27 10:31:06,795 [10] FATAL ProcessLogger [(null)] - System Start 3/27/2017 10:31:06
2017-03-27 10:31:07,168 [10] FATAL ProcessLogger [(null)] - System Start 3/27/2017 10:31:07
2017-03-27 10:31:08,522 [10] FATAL ProcessLogger [(null)] - System Start 3/27/2017 10:31:08
2017-03-27 10:31:08,523 [10] FATAL ProcessLogger [(null)] - System Start 3/27/2017 10:31:08
2017-03-27 10:31:08,885 [10] FATAL ProcessLogger [(null)] - System Start 3/27/2017 10:31:08
2017-03-27 10:31:10,187 [10] FATAL ProcessLogger [(null)] - System Start 3/27/2017 10:31:10
2017-03-27 10:31:10,188 [10] FATAL ProcessLogger [(null)] - System Start 3/27/2017 10:31:10
2017-03-27 10:31:10,549 [10] FATAL ProcessLogger [(null)] - System Start 3/27/2017 10:31:10
2017-03-27 10:31:39,598 [9] FATAL ProcessLogger [(null)] - System Start 3/27/2017 10:31:39
2017-03-27 10:31:39,659 [9] FATAL ProcessLogger [(null)] - initialize3/27/2017 10:31:39
2017-03-27 10:31:41,724 [9] FATAL ProcessLogger [(null)] - System Start 3/27/2017 10:31:41
2017-03-27 10:31:41,726 [9] FATAL ProcessLogger [(null)] - System Start 3/27/2017 10:31:41
2017-03-27 10:31:42,067 [9] FATAL ProcessLogger [(null)] - System Start 3/27/2017 10:31:42
2017-03-27 10:33:07,490 [9] FATAL ProcessLogger [(null)] - System Start 3/27/2017 10:33:07
2017-03-27 10:33:07,490 [9] FATAL ProcessLogger [(null)] - System Start 3/27/2017 10:33:07
2017-03-27 10:33:07,611 [9] FATAL ProcessLogger [(null)] - System Start 3/27/2017 10:33:07
2017-03-27 10:35:38,191 [9] FATAL ProcessLogger [(null)] - System Start 3/27/2017 10:35:38
2017-03-27 10:35:38,191 [9] FATAL ProcessLogger [(null)] - System Start 3/27/2017 10:35:38
2017-03-27 10:35:38,307 [9] FATAL ProcessLogger [(null)] - System Start 3/27/2017 10:35:38
2017-03-27 10:36:08,290 [9] FATAL ProcessLogger [(null)] - System Start 3/27/2017 10:36:08
2017-03-27 10:36:08,290 [9] FATAL ProcessLogger [(null)] - System Start 3/27/2017 10:36:08
2017-03-27 10:36:08,411 [9] FATAL ProcessLogger [(null)] - System Start 3/27/2017 10:36:08
2017-03-27 10:36:33,889 [9] FATAL ProcessLogger [(null)] - System Start 3/27/2017 10:36:33
2017-03-27 10:36:33,906 [9] FATAL ProcessLogger [(null)] - System Start 3/27/2017 10:36:33
2017-03-27 10:36:34,837 [9] FATAL ProcessLogger [(null)] - System Start 3/27/2017 10:36:34
2017-03-27 10:36:34,838 [9] FATAL ProcessLogger [(null)] - System Start 3/27/2017 10:36:34
2017-03-27 10:36:35,809 [9] FATAL ProcessLogger [(null)] - System Start 3/27/2017 10:36:35
2017-03-27 10:36:35,810 [9] FATAL ProcessLogger [(null)] - System Start 3/27/2017 10:36:35
2017-03-27 10:36:36,732 [9] FATAL ProcessLogger [(null)] - System Start 3/27/2017 10:36:36
2017-03-27 10:36:36,733 [9] FATAL ProcessLogger [(null)] - System Start 3/27/2017 10:36:36
2017-03-27 10:36:37,548 [9] FATAL ProcessLogger [(null)] - System Start 3/27/2017 10:36:37
2017-03-27 10:36:37,551 [9] FATAL ProcessLogger [(null)] - System Start 3/27/2017 10:36:37
2017-03-27 10:36:37,895 [9] FATAL ProcessLogger [(null)] - System Start 3/27/2017 10:36:37
2017-03-27 10:36:37,896 [9] FATAL ProcessLogger [(null)] - System Start 3/27/2017 10:36:37
2017-03-27 10:36:38,785 [9] FATAL ProcessLogger [(null)] - System Start 3/27/2017 10:36:38
2017-03-27 10:36:38,786 [9] FATAL ProcessLogger [(null)] - System Start 3/27/2017 10:36:38
2017-03-27 10:36:39,664 [9] FATAL ProcessLogger [(null)] - System Start 3/27/2017 10:36:39
2017-03-27 10:36:39,665 [9] FATAL ProcessLogger [(null)] - System Start 3/27/2017 10:36:39
2017-03-27 10:36:40,610 [9] FATAL ProcessLogger [(null)] - System Start 3/27/2017 10:36:40
2017-03-27 10:36:40,612 [9] FATAL ProcessLogger [(null)] - System Start 3/27/2017 10:36:40
2017-03-27 10:36:41,349 [9] FATAL ProcessLogger [(null)] - System Start 3/27/2017 10:36:41
2017-03-27 10:36:41,350 [9] FATAL ProcessLogger [(null)] - System Start 3/27/2017 10:36:41
2017-03-27 10:36:42,469 [9] FATAL ProcessLogger [(null)] - System Start 3/27/2017 10:36:42
2017-03-27 10:36:42,471 [9] FATAL ProcessLogger [(null)] - System Start 3/27/2017 10:36:42
2017-03-27 10:36:45,688 [9] FATAL ProcessLogger [(null)] - System Start 3/27/2017 10:36:45
2017-03-27 10:36:45,689 [9] FATAL ProcessLogger [(null)] - System Start 3/27/2017 10:36:45
2017-03-27 10:36:46,667 [9] FATAL ProcessLogger [(null)] - System Start 3/27/2017 10:36:46
2017-03-27 10:36:46,668 [9] FATAL ProcessLogger [(null)] - System Start 3/27/2017 10:36:46
2017-03-27 10:36:47,605 [9] FATAL ProcessLogger [(null)] - System Start 3/27/2017 10:36:47
2017-03-27 10:36:47,606 [9] FATAL ProcessLogger [(null)] - System Start 3/27/2017 10:36:47
2017-03-27 10:36:48,584 [9] FATAL ProcessLogger [(null)] - System Start 3/27/2017 10:36:48
2017-03-27 10:36:48,586 [9] FATAL ProcessLogger [(null)] - System Start 3/27/2017 10:36:48
2017-03-27 10:36:50,042 [9] FATAL ProcessLogger [(null)] - System Start 3/27/2017 10:36:50
2017-03-27 10:36:50,043 [9] FATAL ProcessLogger [(null)] - System Start 3/27/2017 10:36:50
2017-03-27 10:46:24,415 [9] FATAL ProcessLogger [(null)] - System Start 3/27/2017 10:46:24
2017-03-27 10:46:24,489 [9] FATAL ProcessLogger [(null)] - initialize3/27/2017 10:46:24
2017-03-27 10:50:06,897 [9] FATAL ProcessLogger [(null)] - System Start 3/27/2017 10:50:06
2017-03-27 10:50:06,957 [9] FATAL ProcessLogger [(null)] - initialize3/27/2017 10:50:06
2017-03-27 11:07:28,969 [8] FATAL ProcessLogger [(null)] - System Start 3/27/2017 11:07:28
2017-03-27 11:07:29,028 [8] FATAL ProcessLogger [(null)] - initialize3/27/2017 11:07:29
2017-03-27 11:07:32,037 [8] FATAL ProcessLogger [(null)] - System Start 3/27/2017 11:07:32
2017-03-27 11:07:32,038 [8] FATAL ProcessLogger [(null)] - System Start 3/27/2017 11:07:32
2017-03-27 11:07:32,368 [8] FATAL ProcessLogger [(null)] - System Start 3/27/2017 11:07:32
2017-03-27 11:07:55,901 [8] FATAL ProcessLogger [(null)] - System Start 3/27/2017 11:07:55
2017-03-27 11:07:55,901 [8] FATAL ProcessLogger [(null)] - System Start 3/27/2017 11:07:55
2017-03-27 11:07:56,031 [8] FATAL ProcessLogger [(null)] - System Start 3/27/2017 11:07:56
2017-03-27 11:15:10,613 [9] FATAL ProcessLogger [(null)] - System Start 3/27/2017 11:15:10
2017-03-27 11:15:10,691 [9] FATAL ProcessLogger [(null)] - initialize3/27/2017 11:15:10
2017-03-27 11:15:18,293 [9] FATAL ProcessLogger [(null)] - System Start 3/27/2017 11:15:18
2017-03-27 11:15:18,294 [9] FATAL ProcessLogger [(null)] - System Start 3/27/2017 11:15:18
2017-03-27 11:15:18,636 [9] FATAL ProcessLogger [(null)] - System Start 3/27/2017 11:15:18
2017-03-27 11:17:47,671 [9] FATAL ProcessLogger [(null)] - System Start 3/27/2017 11:17:47
2017-03-27 11:17:47,729 [9] FATAL ProcessLogger [(null)] - initialize3/27/2017 11:17:47
2017-03-27 11:17:50,182 [9] FATAL ProcessLogger [(null)] - System Start 3/27/2017 11:17:50
2017-03-27 11:17:50,183 [9] FATAL ProcessLogger [(null)] - System Start 3/27/2017 11:17:50
2017-03-27 11:17:50,512 [9] FATAL ProcessLogger [(null)] - System Start 3/27/2017 11:17:50
2017-03-27 11:19:00,302 [9] FATAL ProcessLogger [(null)] - System Start 3/27/2017 11:19:00
2017-03-27 11:19:00,361 [9] FATAL ProcessLogger [(null)] - initialize3/27/2017 11:19:00
2017-03-27 11:19:02,150 [9] FATAL ProcessLogger [(null)] - System Start 3/27/2017 11:19:02
2017-03-27 11:19:02,151 [9] FATAL ProcessLogger [(null)] - System Start 3/27/2017 11:19:02
2017-03-27 11:19:02,504 [9] FATAL ProcessLogger [(null)] - System Start 3/27/2017 11:19:02
2017-03-27 11:20:07,211 [9] FATAL ProcessLogger [(null)] - System Start 3/27/2017 11:20:07
2017-03-27 11:20:07,266 [9] FATAL ProcessLogger [(null)] - initialize3/27/2017 11:20:07
2017-03-27 11:20:10,198 [9] FATAL ProcessLogger [(null)] - System Start 3/27/2017 11:20:10
2017-03-27 11:20:10,199 [9] FATAL ProcessLogger [(null)] - System Start 3/27/2017 11:20:10
2017-03-27 11:20:10,528 [9] FATAL ProcessLogger [(null)] - System Start 3/27/2017 11:20:10
2017-03-27 11:22:22,835 [9] FATAL ProcessLogger [(null)] - System Start 3/27/2017 11:22:22
2017-03-27 11:22:22,890 [9] FATAL ProcessLogger [(null)] - initialize3/27/2017 11:22:22
2017-03-27 11:22:24,989 [9] FATAL ProcessLogger [(null)] - System Start 3/27/2017 11:22:24
2017-03-27 11:22:24,990 [9] FATAL ProcessLogger [(null)] - System Start 3/27/2017 11:22:24
2017-03-27 11:22:25,321 [9] FATAL ProcessLogger [(null)] - System Start 3/27/2017 11:22:25
2017-03-27 11:24:02,590 [9] FATAL ProcessLogger [(null)] - System Start 3/27/2017 11:24:02
2017-03-27 11:24:02,653 [9] FATAL ProcessLogger [(null)] - initialize3/27/2017 11:24:02
2017-03-27 11:24:05,064 [9] FATAL ProcessLogger [(null)] - System Start 3/27/2017 11:24:05
2017-03-27 11:24:05,066 [9] FATAL ProcessLogger [(null)] - System Start 3/27/2017 11:24:05
2017-03-27 11:24:05,402 [9] FATAL ProcessLogger [(null)] - System Start 3/27/2017 11:24:05
2017-03-27 11:25:16,854 [10] FATAL ProcessLogger [(null)] - System Start 3/27/2017 11:25:16
2017-03-27 11:25:16,911 [10] FATAL ProcessLogger [(null)] - initialize3/27/2017 11:25:16
2017-03-27 11:25:20,584 [10] FATAL ProcessLogger [(null)] - System Start 3/27/2017 11:25:20
2017-03-27 11:25:20,585 [10] FATAL ProcessLogger [(null)] - System Start 3/27/2017 11:25:20
2017-03-27 11:25:20,914 [10] FATAL ProcessLogger [(null)] - System Start 3/27/2017 11:25:20
2017-03-27 11:25:55,073 [9] FATAL ProcessLogger [(null)] - System Start 3/27/2017 11:25:55
2017-03-27 11:25:55,127 [9] FATAL ProcessLogger [(null)] - initialize3/27/2017 11:25:55
2017-03-27 11:26:24,342 [9] FATAL ProcessLogger [(null)] - System Start 3/27/2017 11:26:24
2017-03-27 11:26:24,343 [9] FATAL ProcessLogger [(null)] - System Start 3/27/2017 11:26:24
2017-03-27 11:26:24,649 [9] FATAL ProcessLogger [(null)] - System Start 3/27/2017 11:26:24
2017-03-27 11:27:24,422 [10] FATAL ProcessLogger [(null)] - System Start 3/27/2017 11:27:24
2017-03-27 11:27:24,477 [10] FATAL ProcessLogger [(null)] - initialize3/27/2017 11:27:24
2017-03-27 11:27:32,842 [10] FATAL ProcessLogger [(null)] - System Start 3/27/2017 11:27:32
2017-03-27 11:27:32,843 [10] FATAL ProcessLogger [(null)] - System Start 3/27/2017 11:27:32
2017-03-27 11:27:33,178 [10] FATAL ProcessLogger [(null)] - System Start 3/27/2017 11:27:33
2017-03-27 11:28:29,843 [9] FATAL ProcessLogger [(null)] - System Start 3/27/2017 11:28:29
2017-03-27 11:28:29,901 [9] FATAL ProcessLogger [(null)] - initialize3/27/2017 11:28:29
2017-03-27 11:28:32,179 [9] FATAL ProcessLogger [(null)] - System Start 3/27/2017 11:28:32
2017-03-27 11:28:32,180 [9] FATAL ProcessLogger [(null)] - System Start 3/27/2017 11:28:32
2017-03-27 11:28:32,549 [9] FATAL ProcessLogger [(null)] - System Start 3/27/2017 11:28:32
2017-03-27 11:29:43,662 [9] FATAL ProcessLogger [(null)] - System Start 3/27/2017 11:29:43
2017-03-27 11:29:43,727 [9] FATAL ProcessLogger [(null)] - initialize3/27/2017 11:29:43
2017-03-27 11:29:46,467 [9] FATAL ProcessLogger [(null)] - System Start 3/27/2017 11:29:46
2017-03-27 11:29:46,467 [9] FATAL ProcessLogger [(null)] - System Start 3/27/2017 11:29:46
2017-03-27 11:29:46,795 [9] FATAL ProcessLogger [(null)] - System Start 3/27/2017 11:29:46
2017-03-27 11:30:54,597 [9] FATAL ProcessLogger [(null)] - System Start 3/27/2017 11:30:54
2017-03-27 11:30:54,661 [9] FATAL ProcessLogger [(null)] - initialize3/27/2017 11:30:54
2017-03-27 11:31:07,164 [9] FATAL ProcessLogger [(null)] - System Start 3/27/2017 11:31:07
2017-03-27 11:31:07,165 [9] FATAL ProcessLogger [(null)] - System Start 3/27/2017 11:31:07
2017-03-27 11:31:07,498 [9] FATAL ProcessLogger [(null)] - System Start 3/27/2017 11:31:07
2017-03-27 11:31:17,562 [9] FATAL ProcessLogger [(null)] - System Start 3/27/2017 11:31:17
2017-03-27 11:31:17,562 [9] FATAL ProcessLogger [(null)] - System Start 3/27/2017 11:31:17
2017-03-27 11:31:17,682 [9] FATAL ProcessLogger [(null)] - System Start 3/27/2017 11:31:17
2017-03-27 11:33:22,761 [9] FATAL ProcessLogger [(null)] - System Start 3/27/2017 11:33:22
2017-03-27 11:33:22,762 [9] FATAL ProcessLogger [(null)] - System Start 3/27/2017 11:33:22
2017-03-27 11:33:22,880 [9] FATAL ProcessLogger [(null)] - System Start 3/27/2017 11:33:22
2017-03-27 11:34:09,492 [9] FATAL ProcessLogger [(null)] - System Start 3/27/2017 11:34:09
2017-03-27 11:34:09,492 [9] FATAL ProcessLogger [(null)] - System Start 3/27/2017 11:34:09
2017-03-27 11:34:09,607 [9] FATAL ProcessLogger [(null)] - System Start 3/27/2017 11:34:09
2017-03-27 11:34:37,572 [9] FATAL ProcessLogger [(null)] - System Start 3/27/2017 11:34:37
2017-03-27 11:34:37,572 [9] FATAL ProcessLogger [(null)] - System Start 3/27/2017 11:34:37
2017-03-27 11:34:37,704 [9] FATAL ProcessLogger [(null)] - System Start 3/27/2017 11:34:37
2017-03-27 11:34:47,293 [9] FATAL ProcessLogger [(null)] - System Start 3/27/2017 11:34:47
2017-03-27 11:34:47,293 [9] FATAL ProcessLogger [(null)] - System Start 3/27/2017 11:34:47
2017-03-27 11:34:47,423 [9] FATAL ProcessLogger [(null)] - System Start 3/27/2017 11:34:47
2017-03-27 11:34:56,965 [9] FATAL ProcessLogger [(null)] - System Start 3/27/2017 11:34:56
2017-03-27 11:34:56,965 [9] FATAL ProcessLogger [(null)] - System Start 3/27/2017 11:34:56
2017-03-27 11:34:57,071 [9] FATAL ProcessLogger [(null)] - System Start 3/27/2017 11:34:57
2017-03-27 11:35:13,040 [9] FATAL ProcessLogger [(null)] - System Start 3/27/2017 11:35:13
2017-03-27 11:35:13,040 [9] FATAL ProcessLogger [(null)] - System Start 3/27/2017 11:35:13
2017-03-27 11:35:13,155 [9] FATAL ProcessLogger [(null)] - System Start 3/27/2017 11:35:13
2017-03-27 11:36:08,296 [9] FATAL ProcessLogger [(null)] - System Start 3/27/2017 11:36:08
2017-03-27 11:36:08,296 [9] FATAL ProcessLogger [(null)] - System Start 3/27/2017 11:36:08
2017-03-27 11:36:08,409 [9] FATAL ProcessLogger [(null)] - System Start 3/27/2017 11:36:08
2017-03-27 11:36:21,393 [9] FATAL ProcessLogger [(null)] - System Start 3/27/2017 11:36:21
2017-03-27 11:36:21,394 [9] FATAL ProcessLogger [(null)] - System Start 3/27/2017 11:36:21
2017-03-27 11:36:21,503 [9] FATAL ProcessLogger [(null)] - System Start 3/27/2017 11:36:21
2017-03-27 11:37:05,055 [9] FATAL ProcessLogger [(null)] - System Start 3/27/2017 11:37:05
2017-03-27 11:37:05,055 [9] FATAL ProcessLogger [(null)] - System Start 3/27/2017 11:37:05
2017-03-27 11:37:05,176 [9] FATAL ProcessLogger [(null)] - System Start 3/27/2017 11:37:05
2017-03-27 11:37:31,029 [9] FATAL ProcessLogger [(null)] - System Start 3/27/2017 11:37:31
2017-03-27 11:37:31,029 [9] FATAL ProcessLogger [(null)] - System Start 3/27/2017 11:37:31
2017-03-27 11:37:31,157 [9] FATAL ProcessLogger [(null)] - System Start 3/27/2017 11:37:31
2017-03-27 11:38:51,525 [10] FATAL ProcessLogger [(null)] - System Start 3/27/2017 11:38:51
2017-03-27 11:38:51,584 [10] FATAL ProcessLogger [(null)] - initialize3/27/2017 11:38:51
2017-03-27 11:38:58,370 [10] FATAL ProcessLogger [(null)] - System Start 3/27/2017 11:38:58
2017-03-27 11:38:58,371 [10] FATAL ProcessLogger [(null)] - System Start 3/27/2017 11:38:58
2017-03-27 11:38:58,717 [10] FATAL ProcessLogger [(null)] - System Start 3/27/2017 11:38:58
2017-03-27 11:39:29,057 [10] FATAL ProcessLogger [(null)] - System Start 3/27/2017 11:39:29
2017-03-27 11:39:29,057 [10] FATAL ProcessLogger [(null)] - System Start 3/27/2017 11:39:29
2017-03-27 11:39:29,169 [10] FATAL ProcessLogger [(null)] - System Start 3/27/2017 11:39:29
2017-03-27 11:41:27,346 [9] FATAL ProcessLogger [(null)] - System Start 3/27/2017 11:41:27
2017-03-27 11:41:27,431 [9] FATAL ProcessLogger [(null)] - initialize3/27/2017 11:41:27
2017-03-27 11:41:30,949 [9] FATAL ProcessLogger [(null)] - System Start 3/27/2017 11:41:30
2017-03-27 11:41:30,951 [9] FATAL ProcessLogger [(null)] - System Start 3/27/2017 11:41:30
2017-03-27 11:41:31,288 [9] FATAL ProcessLogger [(null)] - System Start 3/27/2017 11:41:31
2017-03-27 11:47:03,164 [9] FATAL ProcessLogger [(null)] - System Start 3/27/2017 11:47:03
2017-03-27 11:47:03,262 [9] FATAL ProcessLogger [(null)] - initialize3/27/2017 11:47:03
2017-03-27 11:47:05,708 [9] FATAL ProcessLogger [(null)] - System Start 3/27/2017 11:47:05
2017-03-27 11:47:05,709 [9] FATAL ProcessLogger [(null)] - System Start 3/27/2017 11:47:05
2017-03-27 11:47:06,046 [9] FATAL ProcessLogger [(null)] - System Start 3/27/2017 11:47:06
