2017-03-25 00:21:41,707 [9] FATAL ProcessLogger [(null)] - System Start 3/25/2017 00:21:41
2017-03-25 00:21:41,760 [9] FATAL ProcessLogger [(null)] - initialize3/25/2017 00:21:41
2017-03-25 00:22:02,533 [9] FATAL ProcessLogger [(null)] - System Start 3/25/2017 00:22:02
2017-03-25 00:22:02,534 [9] FATAL ProcessLogger [(null)] - System Start 3/25/2017 00:22:02
2017-03-25 00:22:02,720 [9] FATAL ProcessLogger [(null)] - System Read_CaiPiaoZhongLei_Moren 70104 3/25/2017 00:22:02
2017-03-25 00:22:02,721 [9] FATAL ProcessLogger [(null)] - System ReadclaimreportfromServerBy_Xuan 701053/25/2017 00:22:02
2017-03-25 00:22:02,841 [9] FATAL ProcessLogger [(null)] - System ReadclaimreportfromServerBy_Xuan 701063/25/2017 00:22:02
2017-03-25 00:22:02,842 [9] FATAL ProcessLogger [(null)] - System  701073/25/2017 00:22:02
2017-03-25 00:22:04,402 [9] FATAL ProcessLogger [(null)] - System Start 3/25/2017 00:22:04
2017-03-25 00:22:04,402 [9] FATAL ProcessLogger [(null)] - System Start 3/25/2017 00:22:04
2017-03-25 00:22:04,529 [9] FATAL ProcessLogger [(null)] - System Start 3/25/2017 00:22:04
2017-03-25 00:22:21,269 [9] FATAL ProcessLogger [(null)] - System Start 3/25/2017 00:22:21
2017-03-25 00:22:21,507 [9] FATAL ProcessLogger [(null)] - System Start 3/25/2017 00:22:21
2017-03-25 00:22:21,527 [9] FATAL ProcessLogger [(null)] - System Start 3/25/2017 00:22:21
2017-03-25 00:22:21,550 [9] FATAL ProcessLogger [(null)] - System Start 3/25/2017 00:22:21
2017-03-25 00:22:22,831 [9] FATAL ProcessLogger [(null)] - System Start 3/25/2017 00:22:22
2017-03-25 00:22:22,833 [9] FATAL ProcessLogger [(null)] - System Start 3/25/2017 00:22:22
2017-03-25 00:22:29,118 [9] FATAL ProcessLogger [(null)] - System Start 3/25/2017 00:22:29
2017-03-25 00:22:29,353 [9] FATAL ProcessLogger [(null)] - System Start 3/25/2017 00:22:29
2017-03-25 00:22:29,376 [9] FATAL ProcessLogger [(null)] - System Start 3/25/2017 00:22:29
2017-03-25 00:22:29,413 [9] FATAL ProcessLogger [(null)] - System Start 3/25/2017 00:22:29
2017-03-25 00:22:30,930 [9] FATAL ProcessLogger [(null)] - System Start 3/25/2017 00:22:30
2017-03-25 00:22:30,931 [9] FATAL ProcessLogger [(null)] - System Start 3/25/2017 00:22:30
