2017-01-07 21:02:16,913 [9] FATAL SystemExceptionLogger [(null)] - System Error 无法访问已释放的对象。
对象名:“MonthCalendar”。, Exception Detail Info :   在 System.Windows.Forms.Control.CreateHandle()
   在 System.Windows.Forms.MonthCalendar.CreateHandle()
   在 System.Windows.Forms.Control.get_Handle()
   在 System.Windows.Forms.Control.set_CaptureInternal(Boolean value)
   在 System.Windows.Forms.Control.WmMouseDown(Message& m, MouseButtons button, Int32 clicks)
   在 System.Windows.Forms.Control.WndProc(Message& m)
   在 System.Windows.Forms.MonthCalendar.WndProc(Message& m)
   在 System.Windows.Forms.Control.ControlNativeWindow.OnMessage(Message& m)
   在 System.Windows.Forms.Control.ControlNativeWindow.WndProc(Message& m)
   在 System.Windows.Forms.NativeWindow.Callback(IntPtr hWnd, Int32 msg, IntPtr wparam, IntPtr lparam)Time2017/1/7 21:02:16
2017-01-07 21:02:29,059 [9] FATAL SystemExceptionLogger [(null)] - System Error 无法访问已释放的对象。
对象名:“MonthCalendar”。, Exception Detail Info :   在 System.Windows.Forms.Control.CreateHandle()
   在 System.Windows.Forms.MonthCalendar.CreateHandle()
   在 System.Windows.Forms.Control.get_Handle()
   在 System.Windows.Forms.Control.set_CaptureInternal(Boolean value)
   在 System.Windows.Forms.Control.WmMouseDown(Message& m, MouseButtons button, Int32 clicks)
   在 System.Windows.Forms.Control.WndProc(Message& m)
   在 System.Windows.Forms.MonthCalendar.WndProc(Message& m)
   在 System.Windows.Forms.Control.ControlNativeWindow.OnMessage(Message& m)
   在 System.Windows.Forms.Control.ControlNativeWindow.WndProc(Message& m)
   在 System.Windows.Forms.NativeWindow.Callback(IntPtr hWnd, Int32 msg, IntPtr wparam, IntPtr lparam)Time2017/1/7 21:02:29
2017-01-07 21:02:47,432 [9] FATAL SystemExceptionLogger [(null)] - System Error 无法访问已释放的对象。
对象名:“MonthCalendar”。, Exception Detail Info :   在 System.Windows.Forms.Control.CreateHandle()
   在 System.Windows.Forms.MonthCalendar.CreateHandle()
   在 System.Windows.Forms.Control.get_Handle()
   在 System.Windows.Forms.Control.set_CaptureInternal(Boolean value)
   在 System.Windows.Forms.Control.WmMouseDown(Message& m, MouseButtons button, Int32 clicks)
   在 System.Windows.Forms.Control.WndProc(Message& m)
   在 System.Windows.Forms.MonthCalendar.WndProc(Message& m)
   在 System.Windows.Forms.Control.ControlNativeWindow.OnMessage(Message& m)
   在 System.Windows.Forms.Control.ControlNativeWindow.WndProc(Message& m)
   在 System.Windows.Forms.NativeWindow.Callback(IntPtr hWnd, Int32 msg, IntPtr wparam, IntPtr lparam)Time2017/1/7 21:02:47
2017-01-07 21:03:24,027 [9] FATAL SystemExceptionLogger [(null)] - System Error 无法访问已释放的对象。
对象名:“MonthCalendar”。, Exception Detail Info :   在 System.Windows.Forms.Control.CreateHandle()
   在 System.Windows.Forms.MonthCalendar.CreateHandle()
   在 System.Windows.Forms.Control.get_Handle()
   在 System.Windows.Forms.Control.set_CaptureInternal(Boolean value)
   在 System.Windows.Forms.Control.WmMouseDown(Message& m, MouseButtons button, Int32 clicks)
   在 System.Windows.Forms.Control.WndProc(Message& m)
   在 System.Windows.Forms.MonthCalendar.WndProc(Message& m)
   在 System.Windows.Forms.Control.ControlNativeWindow.OnMessage(Message& m)
   在 System.Windows.Forms.Control.ControlNativeWindow.WndProc(Message& m)
   在 System.Windows.Forms.NativeWindow.Callback(IntPtr hWnd, Int32 msg, IntPtr wparam, IntPtr lparam)Time2017/1/7 21:03:24
2017-01-07 21:04:56,175 [9] FATAL SystemExceptionLogger [(null)] - System Error 无法访问已释放的对象。
对象名:“MonthCalendar”。, Exception Detail Info :   在 System.Windows.Forms.Control.CreateHandle()
   在 System.Windows.Forms.MonthCalendar.CreateHandle()
   在 System.Windows.Forms.Control.get_Handle()
   在 System.Windows.Forms.Control.set_CaptureInternal(Boolean value)
   在 System.Windows.Forms.Control.WmMouseDown(Message& m, MouseButtons button, Int32 clicks)
   在 System.Windows.Forms.Control.WndProc(Message& m)
   在 System.Windows.Forms.MonthCalendar.WndProc(Message& m)
   在 System.Windows.Forms.Control.ControlNativeWindow.OnMessage(Message& m)
   在 System.Windows.Forms.Control.ControlNativeWindow.WndProc(Message& m)
   在 System.Windows.Forms.NativeWindow.Callback(IntPtr hWnd, Int32 msg, IntPtr wparam, IntPtr lparam)Time2017/1/7 21:04:56
