2017-07-30 10:17:46,839 [9] FATAL ProcessLogger [(null)] - System Start 7/30/2017 10:17:46
2017-07-30 10:17:46,899 [9] FATAL ProcessLogger [(null)] - initialize7/30/2017 10:17:46
2017-07-30 10:17:51,160 [9] FATAL ProcessLogger [(null)] - System Start 7/30/2017 10:17:51
2017-07-30 10:17:51,161 [9] FATAL ProcessLogger [(null)] - System Start 7/30/2017 10:17:51
2017-07-30 10:17:51,509 [9] FATAL ProcessLogger [(null)] - System Start 7/30/2017 10:17:51
2017-07-30 10:17:56,499 [9] FATAL ProcessLogger [(null)] - System Start 7/30/2017 10:17:56
2017-07-30 10:17:56,786 [9] FATAL ProcessLogger [(null)] - System Start 7/30/2017 10:17:56
2017-07-30 10:17:56,831 [9] FATAL ProcessLogger [(null)] - System Start 7/30/2017 10:17:56
2017-07-30 10:17:57,035 [9] FATAL ProcessLogger [(null)] - System Start 7/30/2017 10:17:57
2017-07-30 10:17:57,086 [9] FATAL ProcessLogger [(null)] - System Start 7/30/2017 10:17:57
2017-07-30 10:17:58,941 [9] FATAL ProcessLogger [(null)] - System Start 7/30/2017 10:17:58
2017-07-30 10:18:01,449 [9] FATAL ProcessLogger [(null)] - System Start 7/30/2017 10:18:01
2017-07-30 10:18:01,449 [9] FATAL ProcessLogger [(null)] - System Start 7/30/2017 10:18:01
2017-07-30 10:18:01,642 [9] FATAL ProcessLogger [(null)] - System Start 7/30/2017 10:18:01
2017-07-30 10:21:48,849 [10] FATAL ProcessLogger [(null)] - System Start 7/30/2017 10:21:48
2017-07-30 10:21:48,903 [10] FATAL ProcessLogger [(null)] - initialize7/30/2017 10:21:48
2017-07-30 10:21:52,031 [10] FATAL ProcessLogger [(null)] - System Start 7/30/2017 10:21:52
2017-07-30 10:21:52,032 [10] FATAL ProcessLogger [(null)] - System Start 7/30/2017 10:21:52
2017-07-30 10:21:52,343 [10] FATAL ProcessLogger [(null)] - System Start 7/30/2017 10:21:52
2017-07-30 10:21:54,551 [10] FATAL ProcessLogger [(null)] - System Start 7/30/2017 10:21:54
2017-07-30 10:21:56,832 [10] FATAL ProcessLogger [(null)] - System Start 7/30/2017 10:21:56
2017-07-30 10:21:58,421 [10] FATAL ProcessLogger [(null)] - System Start 7/30/2017 10:21:58
2017-07-30 10:21:59,739 [10] FATAL ProcessLogger [(null)] - System Start 7/30/2017 10:21:59
2017-07-30 10:21:59,791 [10] FATAL ProcessLogger [(null)] - System Start 7/30/2017 10:21:59
2017-07-30 10:22:19,275 [10] FATAL ProcessLogger [(null)] - System Start 7/30/2017 10:22:19
2017-07-30 10:22:19,302 [10] FATAL ProcessLogger [(null)] - System Start 7/30/2017 10:22:19
2017-07-30 10:22:19,558 [10] FATAL ProcessLogger [(null)] - System Start 7/30/2017 10:22:19
2017-07-30 10:22:19,606 [10] FATAL ProcessLogger [(null)] - System Start 7/30/2017 10:22:19
2017-07-30 10:22:19,739 [10] FATAL ProcessLogger [(null)] - System Start 7/30/2017 10:22:19
2017-07-30 10:22:19,790 [10] FATAL ProcessLogger [(null)] - System Start 7/30/2017 10:22:19
2017-07-30 10:22:33,742 [10] FATAL ProcessLogger [(null)] - System Start 7/30/2017 10:22:33
2017-07-30 10:22:33,867 [10] FATAL ProcessLogger [(null)] - System Start 7/30/2017 10:22:33
2017-07-30 10:22:33,867 [10] FATAL ProcessLogger [(null)] - System Start 7/30/2017 10:22:33
2017-07-30 10:22:34,056 [10] FATAL ProcessLogger [(null)] - System Start 7/30/2017 10:22:34
2017-07-30 10:22:35,348 [10] FATAL ProcessLogger [(null)] - System Error 60239 System.ArgumentOutOfRangeException: Index was out of range. Must be non-negative and less than the size of the collection.
Parameter name: index
   at System.ThrowHelper.ThrowArgumentOutOfRangeException(ExceptionArgument argument, ExceptionResource resource)
   at System.ThrowHelper.ThrowArgumentOutOfRangeException()
   at System.Collections.Generic.List`1.get_Item(Int32 index)
   at MasterClassified.frmTracing_Analysis.hebing_jishu(inputCaipiaoDATA item, String jishutotal) in c:\mysteap\work_office\ProjectOut\Masterclassified12\Masterclassified\MasterClassified\frmTracing_Analysis.cs:line 5121
   at MasterClassified.frmTracing_Analysis.tab3() in c:\mysteap\work_office\ProjectOut\Masterclassified12\Masterclassified\MasterClassified\frmTracing_Analysis.cs:line 5024
   at MasterClassified.frmTracing_Analysis.toolStripComboBox4_SelectedIndexChanged(Object sender, EventArgs e) in c:\mysteap\work_office\ProjectOut\Masterclassified12\Masterclassified\MasterClassified\frmTracing_Analysis.cs:line 1736
   at System.Windows.Forms.ToolStripItem.RaiseEvent(Object key, EventArgs e)
   at System.Windows.Forms.ToolStripComboBox.OnSelectedIndexChanged(EventArgs e)
   at System.Windows.Forms.ToolStripComboBox.HandleSelectedIndexChanged(Object sender, EventArgs e)
   at System.Windows.Forms.ComboBox.OnSelectedIndexChanged(EventArgs e)
   at System.Windows.Forms.ComboBox.set_SelectedIndex(Int32 value)
   at System.Windows.Forms.ToolStripComboBox.set_SelectedIndex(Int32 value)
   at MasterClassified.frmTracing_Analysis.InitialSystemInfo() in c:\mysteap\work_office\ProjectOut\Masterclassified12\Masterclassified\MasterClassified\frmTracing_Analysis.cs:line 1487/30/2017 10:22:35
2017-07-30 10:22:56,849 [10] FATAL ProcessLogger [(null)] - System Start 7/30/2017 10:22:56
2017-07-30 10:23:06,942 [10] FATAL ProcessLogger [(null)] - System Start 7/30/2017 10:23:06
2017-07-30 10:23:24,398 [10] FATAL ProcessLogger [(null)] - System Start 7/30/2017 10:23:24
2017-07-30 10:26:50,119 [10] FATAL ProcessLogger [(null)] - System Start 7/30/2017 10:26:50
2017-07-30 10:26:50,122 [10] FATAL ProcessLogger [(null)] - System Start 7/30/2017 10:26:50
2017-07-30 10:26:50,443 [10] FATAL ProcessLogger [(null)] - System Start 7/30/2017 10:26:50
2017-07-30 10:26:50,538 [10] FATAL ProcessLogger [(null)] - System Start 7/30/2017 10:26:50
2017-07-30 10:26:50,662 [10] FATAL ProcessLogger [(null)] - System Start 7/30/2017 10:26:50
2017-07-30 10:26:53,384 [10] FATAL ProcessLogger [(null)] - System Start 7/30/2017 10:26:53
2017-07-30 10:26:53,387 [10] FATAL ProcessLogger [(null)] - System Start 7/30/2017 10:26:53
2017-07-30 10:26:53,661 [10] FATAL ProcessLogger [(null)] - System Start 7/30/2017 10:26:53
2017-07-30 10:26:53,791 [10] FATAL ProcessLogger [(null)] - System Start 7/30/2017 10:26:53
2017-07-30 10:26:53,965 [10] FATAL ProcessLogger [(null)] - System Start 7/30/2017 10:26:53
2017-07-30 10:26:54,086 [10] FATAL ProcessLogger [(null)] - System Start 7/30/2017 10:26:54
2017-07-30 10:26:54,830 [10] FATAL ProcessLogger [(null)] - System Start 7/30/2017 10:26:54
2017-07-30 10:26:54,833 [10] FATAL ProcessLogger [(null)] - System Start 7/30/2017 10:26:54
2017-07-30 10:26:55,106 [10] FATAL ProcessLogger [(null)] - System Start 7/30/2017 10:26:55
2017-07-30 10:26:55,229 [10] FATAL ProcessLogger [(null)] - System Start 7/30/2017 10:26:55
2017-07-30 10:26:55,401 [10] FATAL ProcessLogger [(null)] - System Start 7/30/2017 10:26:55
2017-07-30 10:26:55,522 [10] FATAL ProcessLogger [(null)] - System Start 7/30/2017 10:26:55
2017-07-30 10:31:03,068 [10] FATAL ProcessLogger [(null)] - System Start 7/30/2017 10:31:03
2017-07-30 10:31:03,069 [10] FATAL ProcessLogger [(null)] - System Start 7/30/2017 10:31:03
2017-07-30 10:31:03,341 [10] FATAL ProcessLogger [(null)] - System Start 7/30/2017 10:31:03
2017-07-30 10:31:03,464 [10] FATAL ProcessLogger [(null)] - System Start 7/30/2017 10:31:03
2017-07-30 10:31:03,638 [10] FATAL ProcessLogger [(null)] - System Start 7/30/2017 10:31:03
2017-07-30 10:31:03,758 [10] FATAL ProcessLogger [(null)] - System Start 7/30/2017 10:31:03
2017-07-30 10:31:05,134 [10] FATAL ProcessLogger [(null)] - System Start 7/30/2017 10:31:05
2017-07-30 10:31:05,136 [10] FATAL ProcessLogger [(null)] - System Start 7/30/2017 10:31:05
2017-07-30 10:31:05,407 [10] FATAL ProcessLogger [(null)] - System Start 7/30/2017 10:31:05
2017-07-30 10:31:05,559 [10] FATAL ProcessLogger [(null)] - System Start 7/30/2017 10:31:05
2017-07-30 10:31:05,735 [10] FATAL ProcessLogger [(null)] - System Start 7/30/2017 10:31:05
2017-07-30 10:31:05,860 [10] FATAL ProcessLogger [(null)] - System Start 7/30/2017 10:31:05
2017-07-30 10:31:08,415 [10] FATAL ProcessLogger [(null)] - System Start 7/30/2017 10:31:08
2017-07-30 10:31:08,416 [10] FATAL ProcessLogger [(null)] - System Start 7/30/2017 10:31:08
2017-07-30 10:31:08,678 [10] FATAL ProcessLogger [(null)] - System Start 7/30/2017 10:31:08
2017-07-30 10:31:08,799 [10] FATAL ProcessLogger [(null)] - System Start 7/30/2017 10:31:08
2017-07-30 10:31:08,968 [10] FATAL ProcessLogger [(null)] - System Start 7/30/2017 10:31:08
2017-07-30 10:31:09,088 [10] FATAL ProcessLogger [(null)] - System Start 7/30/2017 10:31:09
2017-07-30 10:31:21,064 [10] FATAL ProcessLogger [(null)] - System Start 7/30/2017 10:31:21
2017-07-30 10:31:21,065 [10] FATAL ProcessLogger [(null)] - System Start 7/30/2017 10:31:21
2017-07-30 10:31:21,190 [10] FATAL ProcessLogger [(null)] - System Start 7/30/2017 10:31:21
2017-07-30 10:31:26,478 [10] FATAL ProcessLogger [(null)] - System Start 7/30/2017 10:31:26
2017-07-30 10:31:26,731 [10] FATAL ProcessLogger [(null)] - System Start 7/30/2017 10:31:26
2017-07-30 10:31:29,591 [10] FATAL ProcessLogger [(null)] - System Start 7/30/2017 10:31:29
2017-07-30 10:31:29,843 [10] FATAL ProcessLogger [(null)] - System Start 7/30/2017 10:31:29
2017-07-30 10:31:29,886 [10] FATAL ProcessLogger [(null)] - System Start 7/30/2017 10:31:29
2017-07-30 10:32:05,910 [10] FATAL ProcessLogger [(null)] - System Start 7/30/2017 10:32:05
2017-07-30 10:32:05,911 [10] FATAL ProcessLogger [(null)] - System Start 7/30/2017 10:32:05
2017-07-30 10:32:06,169 [10] FATAL ProcessLogger [(null)] - System Start 7/30/2017 10:32:06
2017-07-30 10:32:06,210 [10] FATAL ProcessLogger [(null)] - System Start 7/30/2017 10:32:06
2017-07-30 10:32:06,368 [10] FATAL ProcessLogger [(null)] - System Start 7/30/2017 10:32:06
2017-07-30 10:32:06,408 [10] FATAL ProcessLogger [(null)] - System Start 7/30/2017 10:32:06
2017-07-30 10:32:08,060 [10] FATAL ProcessLogger [(null)] - System Start 7/30/2017 10:32:08
2017-07-30 10:32:08,064 [10] FATAL ProcessLogger [(null)] - System Start 7/30/2017 10:32:08
2017-07-30 10:32:08,334 [10] FATAL ProcessLogger [(null)] - System Start 7/30/2017 10:32:08
2017-07-30 10:32:08,376 [10] FATAL ProcessLogger [(null)] - System Start 7/30/2017 10:32:08
2017-07-30 10:32:08,532 [10] FATAL ProcessLogger [(null)] - System Start 7/30/2017 10:32:08
2017-07-30 10:32:08,573 [10] FATAL ProcessLogger [(null)] - System Start 7/30/2017 10:32:08
2017-07-30 10:46:08,067 [10] FATAL ProcessLogger [(null)] - System Start 7/30/2017 10:46:08
2017-07-30 10:46:08,069 [10] FATAL ProcessLogger [(null)] - System Start 7/30/2017 10:46:08
2017-07-30 10:46:08,378 [10] FATAL ProcessLogger [(null)] - System Start 7/30/2017 10:46:08
2017-07-30 10:46:08,423 [10] FATAL ProcessLogger [(null)] - System Start 7/30/2017 10:46:08
2017-07-30 10:46:08,579 [10] FATAL ProcessLogger [(null)] - System Start 7/30/2017 10:46:08
2017-07-30 10:46:08,623 [10] FATAL ProcessLogger [(null)] - System Start 7/30/2017 10:46:08
2017-07-30 10:46:38,138 [10] FATAL ProcessLogger [(null)] - System Start 7/30/2017 10:46:38
2017-07-30 10:46:38,141 [10] FATAL ProcessLogger [(null)] - System Start 7/30/2017 10:46:38
2017-07-30 10:46:49,870 [10] FATAL ProcessLogger [(null)] - System Start 7/30/2017 10:46:49
2017-07-30 10:46:49,895 [10] FATAL ProcessLogger [(null)] - System Start 7/30/2017 10:46:49
2017-07-30 10:49:28,635 [10] FATAL ProcessLogger [(null)] - System Start 7/30/2017 10:49:28
2017-07-30 10:50:21,444 [10] FATAL ProcessLogger [(null)] - System Start 7/30/2017 10:50:21
2017-07-30 10:51:29,761 [10] FATAL ProcessLogger [(null)] - System Start 7/30/2017 10:51:29
2017-07-30 10:51:29,762 [10] FATAL ProcessLogger [(null)] - System Start 7/30/2017 10:51:29
2017-07-30 10:52:44,638 [9] FATAL ProcessLogger [(null)] - System Start 7/30/2017 10:52:44
2017-07-30 10:52:44,693 [9] FATAL ProcessLogger [(null)] - initialize7/30/2017 10:52:44
2017-07-30 10:53:26,707 [9] FATAL ProcessLogger [(null)] - System Start 7/30/2017 10:53:26
2017-07-30 10:53:26,708 [9] FATAL ProcessLogger [(null)] - System Start 7/30/2017 10:53:26
2017-07-30 10:53:27,032 [9] FATAL ProcessLogger [(null)] - System Start 7/30/2017 10:53:27
2017-07-30 10:53:29,270 [9] FATAL ProcessLogger [(null)] - System Start 7/30/2017 10:53:29
2017-07-30 10:53:29,554 [9] FATAL ProcessLogger [(null)] - System Start 7/30/2017 10:53:29
2017-07-30 10:53:44,192 [9] FATAL ProcessLogger [(null)] - System Start 7/30/2017 10:53:44
2017-07-30 10:53:44,486 [9] FATAL ProcessLogger [(null)] - System Start 7/30/2017 10:53:44
2017-07-30 10:53:44,544 [9] FATAL ProcessLogger [(null)] - System Start 7/30/2017 10:53:44
2017-07-30 10:53:49,859 [9] FATAL ProcessLogger [(null)] - System Start 7/30/2017 10:53:49
2017-07-30 10:53:49,903 [9] FATAL ProcessLogger [(null)] - System Start 7/30/2017 10:53:49
2017-07-30 10:53:49,913 [9] FATAL ProcessLogger [(null)] - System Start 7/30/2017 10:53:49
2017-07-30 10:53:49,967 [9] FATAL ProcessLogger [(null)] - System Start 7/30/2017 10:53:49
2017-07-30 10:53:55,704 [9] FATAL ProcessLogger [(null)] - System Start 7/30/2017 10:53:55
2017-07-30 10:53:55,707 [9] FATAL ProcessLogger [(null)] - System Start 7/30/2017 10:53:55
2017-07-30 10:53:55,721 [9] FATAL ProcessLogger [(null)] - System Start 7/30/2017 10:53:55
2017-07-30 10:53:55,797 [9] FATAL ProcessLogger [(null)] - System Start 7/30/2017 10:53:55
2017-07-30 10:53:56,956 [9] FATAL ProcessLogger [(null)] - System Start 7/30/2017 10:53:56
2017-07-30 10:53:56,962 [9] FATAL ProcessLogger [(null)] - System Start 7/30/2017 10:53:56
2017-07-30 10:53:56,974 [9] FATAL ProcessLogger [(null)] - System Start 7/30/2017 10:53:56
2017-07-30 10:53:57,037 [9] FATAL ProcessLogger [(null)] - System Start 7/30/2017 10:53:57
2017-07-30 10:53:58,370 [9] FATAL ProcessLogger [(null)] - System Start 7/30/2017 10:53:58
2017-07-30 10:53:58,373 [9] FATAL ProcessLogger [(null)] - System Start 7/30/2017 10:53:58
2017-07-30 10:53:58,387 [9] FATAL ProcessLogger [(null)] - System Start 7/30/2017 10:53:58
2017-07-30 10:53:58,451 [9] FATAL ProcessLogger [(null)] - System Start 7/30/2017 10:53:58
2017-07-30 10:53:59,398 [9] FATAL ProcessLogger [(null)] - System Start 7/30/2017 10:53:59
2017-07-30 10:53:59,401 [9] FATAL ProcessLogger [(null)] - System Start 7/30/2017 10:53:59
2017-07-30 10:53:59,428 [9] FATAL ProcessLogger [(null)] - System Start 7/30/2017 10:53:59
2017-07-30 10:53:59,489 [9] FATAL ProcessLogger [(null)] - System Start 7/30/2017 10:53:59
2017-07-30 10:54:00,400 [9] FATAL ProcessLogger [(null)] - System Start 7/30/2017 10:54:00
2017-07-30 10:54:00,402 [9] FATAL ProcessLogger [(null)] - System Start 7/30/2017 10:54:00
2017-07-30 10:54:00,422 [9] FATAL ProcessLogger [(null)] - System Start 7/30/2017 10:54:00
2017-07-30 10:54:00,486 [9] FATAL ProcessLogger [(null)] - System Start 7/30/2017 10:54:00
2017-07-30 10:55:51,308 [9] FATAL ProcessLogger [(null)] - System Start 7/30/2017 10:55:51
2017-07-30 10:55:53,671 [9] FATAL ProcessLogger [(null)] - System Start 7/30/2017 10:55:53
2017-07-30 10:55:53,671 [9] FATAL ProcessLogger [(null)] - System Start 7/30/2017 10:55:53
2017-07-30 10:55:53,921 [9] FATAL ProcessLogger [(null)] - System Start 7/30/2017 10:55:53
2017-07-30 10:55:54,025 [9] FATAL ProcessLogger [(null)] - System Start 7/30/2017 10:55:54
2017-07-30 10:55:54,424 [9] FATAL ProcessLogger [(null)] - System Start 7/30/2017 10:55:54
2017-07-30 10:56:01,280 [9] FATAL ProcessLogger [(null)] - System Start 7/30/2017 10:56:01
2017-07-30 10:56:01,302 [9] FATAL ProcessLogger [(null)] - System Start 7/30/2017 10:56:01
2017-07-30 10:56:01,447 [9] FATAL ProcessLogger [(null)] - System Start 7/30/2017 10:56:01
2017-07-30 10:56:01,473 [9] FATAL ProcessLogger [(null)] - System Start 7/30/2017 10:56:01
2017-07-30 10:56:09,354 [9] FATAL ProcessLogger [(null)] - System Start 7/30/2017 10:56:09
2017-07-30 10:56:10,401 [9] FATAL ProcessLogger [(null)] - System Start 7/30/2017 10:56:10
2017-07-30 10:56:10,401 [9] FATAL ProcessLogger [(null)] - System Start 7/30/2017 10:56:10
2017-07-30 10:56:10,587 [9] FATAL ProcessLogger [(null)] - System Start 7/30/2017 10:56:10
2017-07-30 10:56:10,638 [9] FATAL ProcessLogger [(null)] - System Start 7/30/2017 10:56:10
2017-07-30 10:56:10,885 [9] FATAL ProcessLogger [(null)] - System Start 7/30/2017 10:56:10
2017-07-30 10:56:11,189 [9] FATAL ProcessLogger [(null)] - System Start 7/30/2017 10:56:11
2017-07-30 10:56:11,208 [9] FATAL ProcessLogger [(null)] - System Start 7/30/2017 10:56:11
2017-07-30 10:56:11,472 [9] FATAL ProcessLogger [(null)] - System Start 7/30/2017 10:56:11
2017-07-30 10:56:11,526 [9] FATAL ProcessLogger [(null)] - System Start 7/30/2017 10:56:11
2017-07-30 10:56:16,711 [9] FATAL ProcessLogger [(null)] - System Start 7/30/2017 10:56:16
2017-07-30 10:56:16,800 [9] FATAL ProcessLogger [(null)] - System Start 7/30/2017 10:56:16
2017-07-30 10:56:16,800 [9] FATAL ProcessLogger [(null)] - System Start 7/30/2017 10:56:16
2017-07-30 10:56:16,954 [9] FATAL ProcessLogger [(null)] - System Start 7/30/2017 10:56:16
2017-07-30 10:56:17,000 [9] FATAL ProcessLogger [(null)] - System Start 7/30/2017 10:56:17
2017-07-30 10:56:17,231 [9] FATAL ProcessLogger [(null)] - System Start 7/30/2017 10:56:17
2017-07-30 10:56:17,533 [9] FATAL ProcessLogger [(null)] - System Start 7/30/2017 10:56:17
2017-07-30 10:56:17,555 [9] FATAL ProcessLogger [(null)] - System Start 7/30/2017 10:56:17
2017-07-30 10:56:17,768 [9] FATAL ProcessLogger [(null)] - System Start 7/30/2017 10:56:17
2017-07-30 10:56:17,813 [9] FATAL ProcessLogger [(null)] - System Start 7/30/2017 10:56:17
2017-07-30 10:56:19,097 [9] FATAL ProcessLogger [(null)] - System Start 7/30/2017 10:56:19
2017-07-30 10:56:19,232 [9] FATAL ProcessLogger [(null)] - System Start 7/30/2017 10:56:19
2017-07-30 10:56:19,232 [9] FATAL ProcessLogger [(null)] - System Start 7/30/2017 10:56:19
2017-07-30 10:56:19,382 [9] FATAL ProcessLogger [(null)] - System Start 7/30/2017 10:56:19
2017-07-30 10:56:19,426 [9] FATAL ProcessLogger [(null)] - System Start 7/30/2017 10:56:19
2017-07-30 10:56:19,648 [9] FATAL ProcessLogger [(null)] - System Start 7/30/2017 10:56:19
2017-07-30 10:56:19,940 [9] FATAL ProcessLogger [(null)] - System Start 7/30/2017 10:56:19
2017-07-30 10:56:19,959 [9] FATAL ProcessLogger [(null)] - System Start 7/30/2017 10:56:19
2017-07-30 10:56:20,167 [9] FATAL ProcessLogger [(null)] - System Start 7/30/2017 10:56:20
2017-07-30 10:56:20,213 [9] FATAL ProcessLogger [(null)] - System Start 7/30/2017 10:56:20
2017-07-30 10:56:24,968 [9] FATAL ProcessLogger [(null)] - System Start 7/30/2017 10:56:24
2017-07-30 10:56:24,970 [9] FATAL ProcessLogger [(null)] - System Start 7/30/2017 10:56:24
2017-07-30 10:56:24,988 [9] FATAL ProcessLogger [(null)] - System Start 7/30/2017 10:56:24
2017-07-30 10:56:25,038 [9] FATAL ProcessLogger [(null)] - System Start 7/30/2017 10:56:25
2017-07-30 10:56:27,765 [9] FATAL ProcessLogger [(null)] - System Start 7/30/2017 10:56:27
2017-07-30 10:56:27,898 [9] FATAL ProcessLogger [(null)] - System Start 7/30/2017 10:56:27
2017-07-30 10:56:27,898 [9] FATAL ProcessLogger [(null)] - System Start 7/30/2017 10:56:27
2017-07-30 10:56:28,058 [9] FATAL ProcessLogger [(null)] - System Start 7/30/2017 10:56:28
2017-07-30 10:56:28,102 [9] FATAL ProcessLogger [(null)] - System Start 7/30/2017 10:56:28
2017-07-30 10:56:28,329 [9] FATAL ProcessLogger [(null)] - System Start 7/30/2017 10:56:28
2017-07-30 10:56:28,643 [9] FATAL ProcessLogger [(null)] - System Start 7/30/2017 10:56:28
2017-07-30 10:56:28,662 [9] FATAL ProcessLogger [(null)] - System Start 7/30/2017 10:56:28
2017-07-30 10:56:28,869 [9] FATAL ProcessLogger [(null)] - System Start 7/30/2017 10:56:28
2017-07-30 10:56:28,916 [9] FATAL ProcessLogger [(null)] - System Start 7/30/2017 10:56:28
2017-07-30 10:56:29,151 [9] FATAL ProcessLogger [(null)] - System Start 7/30/2017 10:56:29
2017-07-30 10:56:29,277 [9] FATAL ProcessLogger [(null)] - System Start 7/30/2017 10:56:29
2017-07-30 10:56:29,277 [9] FATAL ProcessLogger [(null)] - System Start 7/30/2017 10:56:29
2017-07-30 10:56:29,428 [9] FATAL ProcessLogger [(null)] - System Start 7/30/2017 10:56:29
2017-07-30 10:56:29,471 [9] FATAL ProcessLogger [(null)] - System Start 7/30/2017 10:56:29
2017-07-30 10:56:29,688 [9] FATAL ProcessLogger [(null)] - System Start 7/30/2017 10:56:29
2017-07-30 10:56:29,978 [9] FATAL ProcessLogger [(null)] - System Start 7/30/2017 10:56:29
2017-07-30 10:56:29,997 [9] FATAL ProcessLogger [(null)] - System Start 7/30/2017 10:56:29
2017-07-30 10:56:30,211 [9] FATAL ProcessLogger [(null)] - System Start 7/30/2017 10:56:30
2017-07-30 10:56:30,269 [9] FATAL ProcessLogger [(null)] - System Start 7/30/2017 10:56:30
2017-07-30 10:56:35,609 [9] FATAL ProcessLogger [(null)] - System Start 7/30/2017 10:56:35
2017-07-30 10:56:35,736 [9] FATAL ProcessLogger [(null)] - System Start 7/30/2017 10:56:35
2017-07-30 10:56:35,736 [9] FATAL ProcessLogger [(null)] - System Start 7/30/2017 10:56:35
2017-07-30 10:56:35,889 [9] FATAL ProcessLogger [(null)] - System Start 7/30/2017 10:56:35
2017-07-30 10:56:35,935 [9] FATAL ProcessLogger [(null)] - System Start 7/30/2017 10:56:35
2017-07-30 10:56:36,168 [9] FATAL ProcessLogger [(null)] - System Start 7/30/2017 10:56:36
2017-07-30 10:56:36,500 [9] FATAL ProcessLogger [(null)] - System Start 7/30/2017 10:56:36
2017-07-30 10:56:36,518 [9] FATAL ProcessLogger [(null)] - System Start 7/30/2017 10:56:36
2017-07-30 10:56:36,760 [9] FATAL ProcessLogger [(null)] - System Start 7/30/2017 10:56:36
2017-07-30 10:56:36,814 [9] FATAL ProcessLogger [(null)] - System Start 7/30/2017 10:56:36
2017-07-30 10:56:39,311 [9] FATAL ProcessLogger [(null)] - System Start 7/30/2017 10:56:39
2017-07-30 10:56:39,524 [9] FATAL ProcessLogger [(null)] - System Start 7/30/2017 10:56:39
2017-07-30 10:56:42,438 [9] FATAL ProcessLogger [(null)] - System Start 7/30/2017 10:56:42
2017-07-30 10:56:42,540 [9] FATAL ProcessLogger [(null)] - System Start 7/30/2017 10:56:42
2017-07-30 10:56:42,540 [9] FATAL ProcessLogger [(null)] - System Start 7/30/2017 10:56:42
2017-07-30 10:56:43,168 [9] FATAL ProcessLogger [(null)] - System Start 7/30/2017 10:56:43
2017-07-30 10:56:43,217 [9] FATAL ProcessLogger [(null)] - System Start 7/30/2017 10:56:43
2017-07-30 10:56:43,435 [9] FATAL ProcessLogger [(null)] - System Start 7/30/2017 10:56:43
2017-07-30 10:56:43,742 [9] FATAL ProcessLogger [(null)] - System Start 7/30/2017 10:56:43
2017-07-30 10:56:43,767 [9] FATAL ProcessLogger [(null)] - System Start 7/30/2017 10:56:43
2017-07-30 10:56:43,979 [9] FATAL ProcessLogger [(null)] - System Start 7/30/2017 10:56:43
2017-07-30 10:56:44,030 [9] FATAL ProcessLogger [(null)] - System Start 7/30/2017 10:56:44
2017-07-30 10:57:14,368 [9] FATAL ProcessLogger [(null)] - System Start 7/30/2017 10:57:14
2017-07-30 10:57:14,369 [9] FATAL ProcessLogger [(null)] - System Start 7/30/2017 10:57:14
2017-07-30 10:57:14,378 [9] FATAL ProcessLogger [(null)] - System Start 7/30/2017 10:57:14
2017-07-30 10:57:14,436 [9] FATAL ProcessLogger [(null)] - System Start 7/30/2017 10:57:14
2017-07-30 11:02:15,210 [9] FATAL ProcessLogger [(null)] - System Start 7/30/2017 11:02:15
2017-07-30 11:02:15,268 [9] FATAL ProcessLogger [(null)] - initialize7/30/2017 11:02:15
2017-07-30 11:02:19,620 [9] FATAL ProcessLogger [(null)] - System Start 7/30/2017 11:02:19
2017-07-30 11:02:19,621 [9] FATAL ProcessLogger [(null)] - System Start 7/30/2017 11:02:19
2017-07-30 11:02:19,930 [9] FATAL ProcessLogger [(null)] - System Start 7/30/2017 11:02:19
2017-07-30 11:02:31,344 [9] FATAL ProcessLogger [(null)] - System Start 7/30/2017 11:02:31
2017-07-30 11:02:31,613 [9] FATAL ProcessLogger [(null)] - System Start 7/30/2017 11:02:31
2017-07-30 11:02:31,639 [9] FATAL ProcessLogger [(null)] - System Start 7/30/2017 11:02:31
2017-07-30 11:02:31,866 [9] FATAL ProcessLogger [(null)] - System Start 7/30/2017 11:02:31
2017-07-30 11:02:31,905 [9] FATAL ProcessLogger [(null)] - System Start 7/30/2017 11:02:31
2017-07-30 11:21:15,056 [10] FATAL ProcessLogger [(null)] - System Start 7/30/2017 11:21:15
2017-07-30 11:21:15,109 [10] FATAL ProcessLogger [(null)] - initialize7/30/2017 11:21:15
2017-07-30 11:21:18,529 [10] FATAL ProcessLogger [(null)] - System Start 7/30/2017 11:21:18
2017-07-30 11:21:18,530 [10] FATAL ProcessLogger [(null)] - System Start 7/30/2017 11:21:18
2017-07-30 11:21:18,859 [10] FATAL ProcessLogger [(null)] - System Start 7/30/2017 11:21:18
2017-07-30 11:21:22,317 [10] FATAL ProcessLogger [(null)] - System Start 7/30/2017 11:21:22
2017-07-30 11:21:22,579 [10] FATAL ProcessLogger [(null)] - System Start 7/30/2017 11:21:22
2017-07-30 11:21:22,620 [10] FATAL ProcessLogger [(null)] - System Start 7/30/2017 11:21:22
2017-07-30 11:21:22,825 [10] FATAL ProcessLogger [(null)] - System Start 7/30/2017 11:21:22
2017-07-30 11:21:22,874 [10] FATAL ProcessLogger [(null)] - System Start 7/30/2017 11:21:22
2017-07-30 11:21:37,440 [10] FATAL ProcessLogger [(null)] - System Start 7/30/2017 11:21:37
2017-07-30 11:21:42,899 [10] FATAL ProcessLogger [(null)] - System Start 7/30/2017 11:21:42
2017-07-30 11:21:43,843 [10] FATAL ProcessLogger [(null)] - System Start 7/30/2017 11:21:43
2017-07-30 11:21:56,322 [10] FATAL ProcessLogger [(null)] - System Start 7/30/2017 11:21:56
2017-07-30 11:21:56,348 [10] FATAL ProcessLogger [(null)] - System Start 7/30/2017 11:21:56
2017-07-30 11:21:56,353 [10] FATAL ProcessLogger [(null)] - System Start 7/30/2017 11:21:56
2017-07-30 11:21:56,456 [10] FATAL ProcessLogger [(null)] - System Start 7/30/2017 11:21:56
2017-07-30 11:21:57,964 [10] FATAL ProcessLogger [(null)] - System Start 7/30/2017 11:21:57
2017-07-30 11:21:57,967 [10] FATAL ProcessLogger [(null)] - System Start 7/30/2017 11:21:57
2017-07-30 11:21:57,988 [10] FATAL ProcessLogger [(null)] - System Start 7/30/2017 11:21:57
2017-07-30 11:21:58,101 [10] FATAL ProcessLogger [(null)] - System Start 7/30/2017 11:21:58
2017-07-30 11:21:59,456 [10] FATAL ProcessLogger [(null)] - System Start 7/30/2017 11:21:59
2017-07-30 11:28:14,191 [9] FATAL ProcessLogger [(null)] - System Start 7/30/2017 11:28:14
2017-07-30 11:28:14,243 [9] FATAL ProcessLogger [(null)] - initialize7/30/2017 11:28:14
2017-07-30 11:28:17,086 [9] FATAL ProcessLogger [(null)] - System Start 7/30/2017 11:28:17
2017-07-30 11:28:17,087 [9] FATAL ProcessLogger [(null)] - System Start 7/30/2017 11:28:17
2017-07-30 11:28:17,418 [9] FATAL ProcessLogger [(null)] - System Start 7/30/2017 11:28:17
2017-07-30 11:28:32,823 [9] FATAL ProcessLogger [(null)] - System Start 7/30/2017 11:28:32
2017-07-30 11:28:33,107 [9] FATAL ProcessLogger [(null)] - System Start 7/30/2017 11:28:33
2017-07-30 11:28:33,155 [9] FATAL ProcessLogger [(null)] - System Start 7/30/2017 11:28:33
2017-07-30 11:28:33,358 [9] FATAL ProcessLogger [(null)] - System Start 7/30/2017 11:28:33
2017-07-30 11:28:33,413 [9] FATAL ProcessLogger [(null)] - System Start 7/30/2017 11:28:33
2017-07-30 11:28:57,681 [9] FATAL ProcessLogger [(null)] - System Start 7/30/2017 11:28:57
2017-07-30 11:29:02,327 [9] FATAL ProcessLogger [(null)] - System Start 7/30/2017 11:29:02
2017-07-30 11:29:02,329 [9] FATAL ProcessLogger [(null)] - System Start 7/30/2017 11:29:02
2017-07-30 11:29:05,689 [9] FATAL ProcessLogger [(null)] - System Start 7/30/2017 11:29:05
2017-07-30 11:29:05,690 [9] FATAL ProcessLogger [(null)] - System Start 7/30/2017 11:29:05
2017-07-30 11:29:05,742 [9] FATAL ProcessLogger [(null)] - System Start 7/30/2017 11:29:05
2017-07-30 11:29:09,249 [9] FATAL ProcessLogger [(null)] - System Start 7/30/2017 11:29:09
2017-07-30 11:29:09,274 [9] FATAL ProcessLogger [(null)] - System Start 7/30/2017 11:29:09
2017-07-30 11:29:09,282 [9] FATAL ProcessLogger [(null)] - System Start 7/30/2017 11:29:09
2017-07-30 11:29:09,334 [9] FATAL ProcessLogger [(null)] - System Start 7/30/2017 11:29:09
2017-07-30 11:29:15,572 [9] FATAL ProcessLogger [(null)] - System Start 7/30/2017 11:29:15
2017-07-30 11:29:16,861 [9] FATAL ProcessLogger [(null)] - System Start 7/30/2017 11:29:16
2017-07-30 11:29:17,947 [9] FATAL ProcessLogger [(null)] - System Start 7/30/2017 11:29:17
2017-07-30 11:29:24,609 [9] FATAL ProcessLogger [(null)] - System Start 7/30/2017 11:29:24
2017-07-30 11:29:25,880 [9] FATAL ProcessLogger [(null)] - System Start 7/30/2017 11:29:25
2017-07-30 11:29:29,682 [9] FATAL ProcessLogger [(null)] - System Start 7/30/2017 11:29:29
2017-07-30 11:30:08,645 [10] FATAL ProcessLogger [(null)] - System Start 7/30/2017 11:30:08
2017-07-30 11:30:08,697 [10] FATAL ProcessLogger [(null)] - initialize7/30/2017 11:30:08
2017-07-30 11:30:29,226 [10] FATAL ProcessLogger [(null)] - System Start 7/30/2017 11:30:29
2017-07-30 11:30:29,227 [10] FATAL ProcessLogger [(null)] - System Start 7/30/2017 11:30:29
2017-07-30 11:30:29,553 [10] FATAL ProcessLogger [(null)] - System Start 7/30/2017 11:30:29
2017-07-30 11:30:31,658 [10] FATAL ProcessLogger [(null)] - System Start 7/30/2017 11:30:31
2017-07-30 11:30:31,945 [10] FATAL ProcessLogger [(null)] - System Start 7/30/2017 11:30:31
2017-07-30 11:30:31,992 [10] FATAL ProcessLogger [(null)] - System Start 7/30/2017 11:30:31
2017-07-30 11:30:32,203 [10] FATAL ProcessLogger [(null)] - System Start 7/30/2017 11:30:32
2017-07-30 11:30:32,253 [10] FATAL ProcessLogger [(null)] - System Start 7/30/2017 11:30:32
2017-07-30 11:31:01,537 [10] FATAL ProcessLogger [(null)] - System Start 7/30/2017 11:31:01
2017-07-30 11:31:01,759 [10] FATAL ProcessLogger [(null)] - System Start 7/30/2017 11:31:01
2017-07-30 11:31:03,426 [10] FATAL ProcessLogger [(null)] - System Start 7/30/2017 11:31:03
2017-07-30 11:31:03,456 [10] FATAL ProcessLogger [(null)] - System Start 7/30/2017 11:31:03
2017-07-30 11:31:03,466 [10] FATAL ProcessLogger [(null)] - System Start 7/30/2017 11:31:03
2017-07-30 11:31:03,595 [10] FATAL ProcessLogger [(null)] - System Start 7/30/2017 11:31:03
2017-07-30 11:31:04,510 [10] FATAL ProcessLogger [(null)] - System Start 7/30/2017 11:31:04
2017-07-30 11:31:04,513 [10] FATAL ProcessLogger [(null)] - System Start 7/30/2017 11:31:04
2017-07-30 11:31:04,530 [10] FATAL ProcessLogger [(null)] - System Start 7/30/2017 11:31:04
2017-07-30 11:31:04,673 [10] FATAL ProcessLogger [(null)] - System Start 7/30/2017 11:31:04
2017-07-30 11:31:05,442 [10] FATAL ProcessLogger [(null)] - System Start 7/30/2017 11:31:05
2017-07-30 11:31:05,445 [10] FATAL ProcessLogger [(null)] - System Start 7/30/2017 11:31:05
2017-07-30 11:31:05,468 [10] FATAL ProcessLogger [(null)] - System Start 7/30/2017 11:31:05
2017-07-30 11:31:05,605 [10] FATAL ProcessLogger [(null)] - System Start 7/30/2017 11:31:05
2017-07-30 11:31:06,260 [10] FATAL ProcessLogger [(null)] - System Start 7/30/2017 11:31:06
2017-07-30 11:31:06,263 [10] FATAL ProcessLogger [(null)] - System Start 7/30/2017 11:31:06
2017-07-30 11:31:06,282 [10] FATAL ProcessLogger [(null)] - System Start 7/30/2017 11:31:06
2017-07-30 11:31:06,425 [10] FATAL ProcessLogger [(null)] - System Start 7/30/2017 11:31:06
2017-07-30 11:31:07,139 [10] FATAL ProcessLogger [(null)] - System Start 7/30/2017 11:31:07
2017-07-30 11:31:07,141 [10] FATAL ProcessLogger [(null)] - System Start 7/30/2017 11:31:07
2017-07-30 11:31:07,157 [10] FATAL ProcessLogger [(null)] - System Start 7/30/2017 11:31:07
2017-07-30 11:31:07,300 [10] FATAL ProcessLogger [(null)] - System Start 7/30/2017 11:31:07
2017-07-30 11:31:23,363 [10] FATAL ProcessLogger [(null)] - System Start 7/30/2017 11:31:23
2017-07-30 11:31:23,481 [10] FATAL ProcessLogger [(null)] - System Start 7/30/2017 11:31:23
2017-07-30 11:31:23,481 [10] FATAL ProcessLogger [(null)] - System Start 7/30/2017 11:31:23
2017-07-30 11:31:24,061 [10] FATAL ProcessLogger [(null)] - System Start 7/30/2017 11:31:24
2017-07-30 11:31:24,109 [10] FATAL ProcessLogger [(null)] - System Start 7/30/2017 11:31:24
2017-07-30 11:31:24,335 [10] FATAL ProcessLogger [(null)] - System Start 7/30/2017 11:31:24
2017-07-30 11:31:24,630 [10] FATAL ProcessLogger [(null)] - System Start 7/30/2017 11:31:24
2017-07-30 11:31:24,649 [10] FATAL ProcessLogger [(null)] - System Start 7/30/2017 11:31:24
2017-07-30 11:31:24,869 [10] FATAL ProcessLogger [(null)] - System Start 7/30/2017 11:31:24
2017-07-30 11:31:24,915 [10] FATAL ProcessLogger [(null)] - System Start 7/30/2017 11:31:24
2017-07-30 11:31:51,359 [10] FATAL ProcessLogger [(null)] - System Start 7/30/2017 11:31:51
2017-07-30 11:31:51,457 [10] FATAL ProcessLogger [(null)] - System Start 7/30/2017 11:31:51
2017-07-30 11:31:51,457 [10] FATAL ProcessLogger [(null)] - System Start 7/30/2017 11:31:51
2017-07-30 11:31:51,606 [10] FATAL ProcessLogger [(null)] - System Start 7/30/2017 11:31:51
2017-07-30 11:31:51,653 [10] FATAL ProcessLogger [(null)] - System Start 7/30/2017 11:31:51
2017-07-30 11:31:51,890 [10] FATAL ProcessLogger [(null)] - System Start 7/30/2017 11:31:51
2017-07-30 11:31:52,221 [10] FATAL ProcessLogger [(null)] - System Start 7/30/2017 11:31:52
2017-07-30 11:31:52,240 [10] FATAL ProcessLogger [(null)] - System Start 7/30/2017 11:31:52
2017-07-30 11:31:52,461 [10] FATAL ProcessLogger [(null)] - System Start 7/30/2017 11:31:52
2017-07-30 11:31:52,507 [10] FATAL ProcessLogger [(null)] - System Start 7/30/2017 11:31:52
2017-07-30 11:31:59,613 [10] FATAL ProcessLogger [(null)] - System Start 7/30/2017 11:31:59
2017-07-30 11:31:59,725 [10] FATAL ProcessLogger [(null)] - System Start 7/30/2017 11:31:59
2017-07-30 11:31:59,725 [10] FATAL ProcessLogger [(null)] - System Start 7/30/2017 11:31:59
2017-07-30 11:31:59,881 [10] FATAL ProcessLogger [(null)] - System Start 7/30/2017 11:31:59
2017-07-30 11:31:59,926 [10] FATAL ProcessLogger [(null)] - System Start 7/30/2017 11:31:59
2017-07-30 11:32:00,146 [10] FATAL ProcessLogger [(null)] - System Start 7/30/2017 11:32:00
2017-07-30 11:32:00,440 [10] FATAL ProcessLogger [(null)] - System Start 7/30/2017 11:32:00
2017-07-30 11:32:00,457 [10] FATAL ProcessLogger [(null)] - System Start 7/30/2017 11:32:00
2017-07-30 11:32:00,665 [10] FATAL ProcessLogger [(null)] - System Start 7/30/2017 11:32:00
2017-07-30 11:32:00,714 [10] FATAL ProcessLogger [(null)] - System Start 7/30/2017 11:32:00
2017-07-30 11:32:09,032 [10] FATAL ProcessLogger [(null)] - System Start 7/30/2017 11:32:09
2017-07-30 11:32:11,556 [10] FATAL ProcessLogger [(null)] - System Start 7/30/2017 11:32:11
2017-07-30 11:32:19,201 [10] FATAL ProcessLogger [(null)] - System Start 7/30/2017 11:32:19
2017-07-30 11:35:00,239 [10] FATAL ProcessLogger [(null)] - System Start 7/30/2017 11:35:00
2017-07-30 11:35:00,241 [10] FATAL ProcessLogger [(null)] - System Start 7/30/2017 11:35:00
2017-07-30 11:35:00,250 [10] FATAL ProcessLogger [(null)] - System Start 7/30/2017 11:35:00
2017-07-30 11:35:00,399 [10] FATAL ProcessLogger [(null)] - System Start 7/30/2017 11:35:00
2017-07-30 11:35:01,901 [10] FATAL ProcessLogger [(null)] - System Start 7/30/2017 11:35:01
2017-07-30 11:35:01,903 [10] FATAL ProcessLogger [(null)] - System Start 7/30/2017 11:35:01
2017-07-30 11:35:01,920 [10] FATAL ProcessLogger [(null)] - System Start 7/30/2017 11:35:01
2017-07-30 11:35:02,058 [10] FATAL ProcessLogger [(null)] - System Start 7/30/2017 11:35:02
2017-07-30 11:35:03,331 [10] FATAL ProcessLogger [(null)] - System Start 7/30/2017 11:35:03
2017-07-30 11:35:03,333 [10] FATAL ProcessLogger [(null)] - System Start 7/30/2017 11:35:03
2017-07-30 11:35:03,345 [10] FATAL ProcessLogger [(null)] - System Start 7/30/2017 11:35:03
2017-07-30 11:35:03,490 [10] FATAL ProcessLogger [(null)] - System Start 7/30/2017 11:35:03
2017-07-30 11:35:05,307 [10] FATAL ProcessLogger [(null)] - System Start 7/30/2017 11:35:05
2017-07-30 11:35:05,308 [10] FATAL ProcessLogger [(null)] - System Start 7/30/2017 11:35:05
2017-07-30 11:35:05,325 [10] FATAL ProcessLogger [(null)] - System Start 7/30/2017 11:35:05
2017-07-30 11:35:05,471 [10] FATAL ProcessLogger [(null)] - System Start 7/30/2017 11:35:05
2017-07-30 11:35:08,370 [10] FATAL ProcessLogger [(null)] - System Start 7/30/2017 11:35:08
2017-07-30 11:35:08,818 [10] FATAL ProcessLogger [(null)] - System Start 7/30/2017 11:35:08
2017-07-30 11:35:11,149 [10] FATAL ProcessLogger [(null)] - System Start 7/30/2017 11:35:11
2017-07-30 11:35:11,150 [10] FATAL ProcessLogger [(null)] - System Start 7/30/2017 11:35:11
2017-07-30 11:35:11,159 [10] FATAL ProcessLogger [(null)] - System Start 7/30/2017 11:35:11
2017-07-30 11:35:11,533 [10] FATAL ProcessLogger [(null)] - System Start 7/30/2017 11:35:11
2017-07-30 11:35:12,228 [10] FATAL ProcessLogger [(null)] - System Start 7/30/2017 11:35:12
2017-07-30 11:35:12,229 [10] FATAL ProcessLogger [(null)] - System Start 7/30/2017 11:35:12
2017-07-30 11:35:12,237 [10] FATAL ProcessLogger [(null)] - System Start 7/30/2017 11:35:12
2017-07-30 11:35:12,606 [10] FATAL ProcessLogger [(null)] - System Start 7/30/2017 11:35:12
2017-07-30 11:35:13,331 [10] FATAL ProcessLogger [(null)] - System Start 7/30/2017 11:35:13
2017-07-30 11:35:13,333 [10] FATAL ProcessLogger [(null)] - System Start 7/30/2017 11:35:13
2017-07-30 11:35:13,346 [10] FATAL ProcessLogger [(null)] - System Start 7/30/2017 11:35:13
2017-07-30 11:35:13,732 [10] FATAL ProcessLogger [(null)] - System Start 7/30/2017 11:35:13
2017-07-30 11:35:14,911 [10] FATAL ProcessLogger [(null)] - System Start 7/30/2017 11:35:14
2017-07-30 11:35:14,913 [10] FATAL ProcessLogger [(null)] - System Start 7/30/2017 11:35:14
2017-07-30 11:35:14,926 [10] FATAL ProcessLogger [(null)] - System Start 7/30/2017 11:35:14
2017-07-30 11:35:15,328 [10] FATAL ProcessLogger [(null)] - System Start 7/30/2017 11:35:15
2017-07-30 11:35:18,840 [10] FATAL ProcessLogger [(null)] - System Start 7/30/2017 11:35:18
2017-07-30 11:35:18,841 [10] FATAL ProcessLogger [(null)] - System Start 7/30/2017 11:35:18
2017-07-30 11:35:56,330 [9] FATAL ProcessLogger [(null)] - System Start 7/30/2017 11:35:56
2017-07-30 11:35:56,384 [9] FATAL ProcessLogger [(null)] - initialize7/30/2017 11:35:56
2017-07-30 11:35:59,803 [9] FATAL ProcessLogger [(null)] - System Start 7/30/2017 11:35:59
2017-07-30 11:35:59,803 [9] FATAL ProcessLogger [(null)] - System Start 7/30/2017 11:35:59
2017-07-30 11:36:00,116 [9] FATAL ProcessLogger [(null)] - System Start 7/30/2017 11:36:00
2017-07-30 11:36:02,466 [9] FATAL ProcessLogger [(null)] - System Start 7/30/2017 11:36:02
2017-07-30 11:36:02,804 [9] FATAL ProcessLogger [(null)] - System Start 7/30/2017 11:36:02
2017-07-30 11:36:02,857 [9] FATAL ProcessLogger [(null)] - System Start 7/30/2017 11:36:02
2017-07-30 11:36:03,108 [9] FATAL ProcessLogger [(null)] - System Start 7/30/2017 11:36:03
2017-07-30 11:36:03,169 [9] FATAL ProcessLogger [(null)] - System Start 7/30/2017 11:36:03
2017-07-30 11:36:18,869 [9] FATAL ProcessLogger [(null)] - System Start 7/30/2017 11:36:18
2017-07-30 11:36:18,976 [9] FATAL ProcessLogger [(null)] - System Start 7/30/2017 11:36:18
2017-07-30 11:36:18,976 [9] FATAL ProcessLogger [(null)] - System Start 7/30/2017 11:36:18
2017-07-30 11:36:19,170 [9] FATAL ProcessLogger [(null)] - System Start 7/30/2017 11:36:19
2017-07-30 11:36:19,260 [9] FATAL ProcessLogger [(null)] - System Start 7/30/2017 11:36:19
2017-07-30 11:36:19,457 [9] FATAL ProcessLogger [(null)] - System Start 7/30/2017 11:36:19
2017-07-30 11:36:19,738 [9] FATAL ProcessLogger [(null)] - System Start 7/30/2017 11:36:19
2017-07-30 11:36:19,770 [9] FATAL ProcessLogger [(null)] - System Start 7/30/2017 11:36:19
2017-07-30 11:36:19,957 [9] FATAL ProcessLogger [(null)] - System Start 7/30/2017 11:36:19
2017-07-30 11:36:20,008 [9] FATAL ProcessLogger [(null)] - System Start 7/30/2017 11:36:20
2017-07-30 11:36:22,100 [9] FATAL ProcessLogger [(null)] - System Start 7/30/2017 11:36:22
2017-07-30 11:36:22,239 [9] FATAL ProcessLogger [(null)] - System Start 7/30/2017 11:36:22
2017-07-30 11:36:22,239 [9] FATAL ProcessLogger [(null)] - System Start 7/30/2017 11:36:22
2017-07-30 11:36:22,420 [9] FATAL ProcessLogger [(null)] - System Start 7/30/2017 11:36:22
2017-07-30 11:36:22,504 [9] FATAL ProcessLogger [(null)] - System Start 7/30/2017 11:36:22
2017-07-30 11:36:22,691 [9] FATAL ProcessLogger [(null)] - System Start 7/30/2017 11:36:22
2017-07-30 11:36:22,971 [9] FATAL ProcessLogger [(null)] - System Start 7/30/2017 11:36:22
2017-07-30 11:36:23,005 [9] FATAL ProcessLogger [(null)] - System Start 7/30/2017 11:36:23
2017-07-30 11:36:23,186 [9] FATAL ProcessLogger [(null)] - System Start 7/30/2017 11:36:23
2017-07-30 11:36:23,236 [9] FATAL ProcessLogger [(null)] - System Start 7/30/2017 11:36:23
2017-07-30 11:36:35,707 [9] FATAL ProcessLogger [(null)] - System Start 7/30/2017 11:36:35
2017-07-30 11:36:35,816 [9] FATAL ProcessLogger [(null)] - System Start 7/30/2017 11:36:35
2017-07-30 11:36:35,816 [9] FATAL ProcessLogger [(null)] - System Start 7/30/2017 11:36:35
2017-07-30 11:36:35,991 [9] FATAL ProcessLogger [(null)] - System Start 7/30/2017 11:36:35
2017-07-30 11:36:36,075 [9] FATAL ProcessLogger [(null)] - System Start 7/30/2017 11:36:36
2017-07-30 11:36:36,261 [9] FATAL ProcessLogger [(null)] - System Start 7/30/2017 11:36:36
2017-07-30 11:36:36,552 [9] FATAL ProcessLogger [(null)] - System Start 7/30/2017 11:36:36
2017-07-30 11:36:36,586 [9] FATAL ProcessLogger [(null)] - System Start 7/30/2017 11:36:36
2017-07-30 11:36:36,779 [9] FATAL ProcessLogger [(null)] - System Start 7/30/2017 11:36:36
2017-07-30 11:36:36,830 [9] FATAL ProcessLogger [(null)] - System Start 7/30/2017 11:36:36
2017-07-30 11:36:43,219 [9] FATAL ProcessLogger [(null)] - System Start 7/30/2017 11:36:43
2017-07-30 11:36:43,221 [9] FATAL ProcessLogger [(null)] - System Start 7/30/2017 11:36:43
2017-07-30 11:36:50,508 [9] FATAL ProcessLogger [(null)] - System Start 7/30/2017 11:36:50
2017-07-30 11:36:54,482 [9] FATAL ProcessLogger [(null)] - System Start 7/30/2017 11:36:54
2017-07-30 11:36:54,484 [9] FATAL ProcessLogger [(null)] - System Start 7/30/2017 11:36:54
2017-07-30 11:36:54,530 [9] FATAL ProcessLogger [(null)] - System Start 7/30/2017 11:36:54
2017-07-30 11:36:59,690 [9] FATAL ProcessLogger [(null)] - System Start 7/30/2017 11:36:59
2017-07-30 11:37:01,112 [9] FATAL ProcessLogger [(null)] - System Start 7/30/2017 11:37:01
2017-07-30 11:38:01,737 [9] FATAL ProcessLogger [(null)] - System Start 7/30/2017 11:38:01
2017-07-30 11:38:01,738 [9] FATAL ProcessLogger [(null)] - System Start 7/30/2017 11:38:01
2017-07-30 11:38:03,131 [9] FATAL ProcessLogger [(null)] - System Start 7/30/2017 11:38:03
2017-07-30 11:38:03,132 [9] FATAL ProcessLogger [(null)] - System Start 7/30/2017 11:38:03
2017-07-30 11:38:03,188 [9] FATAL ProcessLogger [(null)] - System Start 7/30/2017 11:38:03
2017-07-30 11:38:08,715 [9] FATAL ProcessLogger [(null)] - System Start 7/30/2017 11:38:08
2017-07-30 11:38:08,736 [9] FATAL ProcessLogger [(null)] - System Start 7/30/2017 11:38:08
2017-07-30 11:38:08,745 [9] FATAL ProcessLogger [(null)] - System Start 7/30/2017 11:38:08
2017-07-30 11:38:08,803 [9] FATAL ProcessLogger [(null)] - System Start 7/30/2017 11:38:08
2017-07-30 11:49:04,883 [9] FATAL ProcessLogger [(null)] - System Start 7/30/2017 11:49:04
2017-07-30 11:49:04,935 [9] FATAL ProcessLogger [(null)] - initialize7/30/2017 11:49:04
2017-07-30 11:49:07,492 [9] FATAL ProcessLogger [(null)] - System Start 7/30/2017 11:49:07
2017-07-30 11:49:07,493 [9] FATAL ProcessLogger [(null)] - System Start 7/30/2017 11:49:07
2017-07-30 11:49:07,797 [9] FATAL ProcessLogger [(null)] - System Start 7/30/2017 11:49:07
2017-07-30 11:49:10,785 [9] FATAL ProcessLogger [(null)] - System Start 7/30/2017 11:49:10
2017-07-30 11:49:10,808 [9] FATAL ProcessLogger [(null)] - System Start 7/30/2017 11:49:10
2017-07-30 11:49:13,647 [9] FATAL ProcessLogger [(null)] - System Start 7/30/2017 11:49:13
2017-07-30 11:49:13,926 [9] FATAL ProcessLogger [(null)] - System Start 7/30/2017 11:49:13
2017-07-30 11:49:13,985 [9] FATAL ProcessLogger [(null)] - System Start 7/30/2017 11:49:13
2017-07-30 11:49:14,190 [9] FATAL ProcessLogger [(null)] - System Start 7/30/2017 11:49:14
2017-07-30 11:49:14,251 [9] FATAL ProcessLogger [(null)] - System Start 7/30/2017 11:49:14
2017-07-30 11:49:16,706 [9] FATAL ProcessLogger [(null)] - System Start 7/30/2017 11:49:16
2017-07-30 11:49:16,709 [9] FATAL ProcessLogger [(null)] - System Start 7/30/2017 11:49:16
2017-07-30 11:49:16,721 [9] FATAL ProcessLogger [(null)] - System Start 7/30/2017 11:49:16
2017-07-30 11:49:16,787 [9] FATAL ProcessLogger [(null)] - System Start 7/30/2017 11:49:16
2017-07-30 11:49:20,166 [9] FATAL ProcessLogger [(null)] - System Start 7/30/2017 11:49:20
2017-07-30 11:49:20,168 [9] FATAL ProcessLogger [(null)] - System Start 7/30/2017 11:49:20
2017-07-30 11:51:41,328 [9] FATAL ProcessLogger [(null)] - System Start 7/30/2017 11:51:41
2017-07-30 11:51:41,332 [9] FATAL ProcessLogger [(null)] - System Start 7/30/2017 11:51:41
2017-07-30 11:52:19,420 [9] FATAL ProcessLogger [(null)] - System Start 7/30/2017 11:52:19
2017-07-30 11:56:38,161 [9] FATAL ProcessLogger [(null)] - System Start 7/30/2017 11:56:38
2017-07-30 11:56:42,347 [9] FATAL ProcessLogger [(null)] - System Start 7/30/2017 11:56:42
2017-07-30 11:56:42,349 [9] FATAL ProcessLogger [(null)] - System Start 7/30/2017 11:56:42
2017-07-30 11:58:00,864 [9] FATAL ProcessLogger [(null)] - System Start 7/30/2017 11:58:00
2017-07-30 11:58:19,230 [9] FATAL ProcessLogger [(null)] - System Start 7/30/2017 11:58:19
2017-07-30 11:58:21,394 [9] FATAL ProcessLogger [(null)] - System Start 7/30/2017 11:58:21
2017-07-30 11:59:48,606 [9] FATAL ProcessLogger [(null)] - System Start 7/30/2017 11:59:48
2017-07-30 12:01:20,937 [9] FATAL ProcessLogger [(null)] - System Start 7/30/2017 12:01:20
2017-07-30 12:01:20,939 [9] FATAL ProcessLogger [(null)] - System Start 7/30/2017 12:01:20
2017-07-30 12:01:21,043 [9] FATAL ProcessLogger [(null)] - System Start 7/30/2017 12:01:21
2017-07-30 12:01:57,924 [9] FATAL ProcessLogger [(null)] - System Start 7/30/2017 12:01:57
2017-07-30 12:01:58,179 [9] FATAL ProcessLogger [(null)] - System Start 7/30/2017 12:01:58
2017-07-30 12:01:58,214 [9] FATAL ProcessLogger [(null)] - System Start 7/30/2017 12:01:58
2017-07-30 12:01:58,411 [9] FATAL ProcessLogger [(null)] - System Start 7/30/2017 12:01:58
2017-07-30 12:01:58,460 [9] FATAL ProcessLogger [(null)] - System Start 7/30/2017 12:01:58
2017-07-30 12:01:59,034 [9] FATAL ProcessLogger [(null)] - System Start 7/30/2017 12:01:59
2017-07-30 12:01:59,036 [9] FATAL ProcessLogger [(null)] - System Start 7/30/2017 12:01:59
2017-07-30 12:02:08,660 [9] FATAL ProcessLogger [(null)] - System Start 7/30/2017 12:02:08
2017-07-30 12:02:08,662 [9] FATAL ProcessLogger [(null)] - System Start 7/30/2017 12:02:08
2017-07-30 12:02:08,719 [9] FATAL ProcessLogger [(null)] - System Start 7/30/2017 12:02:08
2017-07-30 12:02:10,366 [9] FATAL ProcessLogger [(null)] - System Start 7/30/2017 12:02:10
2017-07-30 12:02:10,652 [9] FATAL ProcessLogger [(null)] - System Start 7/30/2017 12:02:10
2017-07-30 12:02:11,654 [9] FATAL ProcessLogger [(null)] - System Start 7/30/2017 12:02:11
2017-07-30 12:02:11,888 [9] FATAL ProcessLogger [(null)] - System Start 7/30/2017 12:02:11
2017-07-30 12:02:11,944 [9] FATAL ProcessLogger [(null)] - System Start 7/30/2017 12:02:11
2017-07-30 12:02:37,587 [9] FATAL ProcessLogger [(null)] - System Start 7/30/2017 12:02:37
2017-07-30 12:02:37,589 [9] FATAL ProcessLogger [(null)] - System Start 7/30/2017 12:02:37
2017-07-30 12:02:37,642 [9] FATAL ProcessLogger [(null)] - System Start 7/30/2017 12:02:37
2017-07-30 12:03:20,187 [9] FATAL ProcessLogger [(null)] - System Start 7/30/2017 12:03:20
2017-07-30 12:03:23,447 [9] FATAL ProcessLogger [(null)] - System Start 7/30/2017 12:03:23
2017-07-30 12:03:23,469 [9] FATAL ProcessLogger [(null)] - System Start 7/30/2017 12:03:23
2017-07-30 12:03:23,524 [9] FATAL ProcessLogger [(null)] - System Start 7/30/2017 12:03:23
2017-07-30 12:03:26,947 [9] FATAL ProcessLogger [(null)] - System Start 7/30/2017 12:03:26
2017-07-30 12:03:26,950 [9] FATAL ProcessLogger [(null)] - System Start 7/30/2017 12:03:26
2017-07-30 12:03:26,970 [9] FATAL ProcessLogger [(null)] - System Start 7/30/2017 12:03:26
2017-07-30 12:03:27,023 [9] FATAL ProcessLogger [(null)] - System Start 7/30/2017 12:03:27
2017-07-30 12:03:28,124 [9] FATAL ProcessLogger [(null)] - System Start 7/30/2017 12:03:28
2017-07-30 12:03:28,127 [9] FATAL ProcessLogger [(null)] - System Start 7/30/2017 12:03:28
2017-07-30 12:03:28,143 [9] FATAL ProcessLogger [(null)] - System Start 7/30/2017 12:03:28
2017-07-30 12:03:28,196 [9] FATAL ProcessLogger [(null)] - System Start 7/30/2017 12:03:28
2017-07-30 12:03:29,224 [9] FATAL ProcessLogger [(null)] - System Start 7/30/2017 12:03:29
2017-07-30 12:03:29,225 [9] FATAL ProcessLogger [(null)] - System Start 7/30/2017 12:03:29
2017-07-30 12:03:29,235 [9] FATAL ProcessLogger [(null)] - System Start 7/30/2017 12:03:29
2017-07-30 12:03:29,288 [9] FATAL ProcessLogger [(null)] - System Start 7/30/2017 12:03:29
2017-07-30 12:03:30,364 [9] FATAL ProcessLogger [(null)] - System Start 7/30/2017 12:03:30
2017-07-30 12:03:30,366 [9] FATAL ProcessLogger [(null)] - System Start 7/30/2017 12:03:30
2017-07-30 12:03:30,382 [9] FATAL ProcessLogger [(null)] - System Start 7/30/2017 12:03:30
2017-07-30 12:03:30,440 [9] FATAL ProcessLogger [(null)] - System Start 7/30/2017 12:03:30
2017-07-30 12:03:31,185 [9] FATAL ProcessLogger [(null)] - System Start 7/30/2017 12:03:31
2017-07-30 12:03:31,188 [9] FATAL ProcessLogger [(null)] - System Start 7/30/2017 12:03:31
2017-07-30 12:03:31,206 [9] FATAL ProcessLogger [(null)] - System Start 7/30/2017 12:03:31
2017-07-30 12:03:31,265 [9] FATAL ProcessLogger [(null)] - System Start 7/30/2017 12:03:31
2017-07-30 12:03:32,204 [9] FATAL ProcessLogger [(null)] - System Start 7/30/2017 12:03:32
2017-07-30 12:03:32,207 [9] FATAL ProcessLogger [(null)] - System Start 7/30/2017 12:03:32
2017-07-30 12:03:32,223 [9] FATAL ProcessLogger [(null)] - System Start 7/30/2017 12:03:32
2017-07-30 12:03:32,286 [9] FATAL ProcessLogger [(null)] - System Start 7/30/2017 12:03:32
2017-07-30 12:03:33,307 [9] FATAL ProcessLogger [(null)] - System Start 7/30/2017 12:03:33
2017-07-30 12:03:33,308 [9] FATAL ProcessLogger [(null)] - System Start 7/30/2017 12:03:33
2017-07-30 12:03:33,316 [9] FATAL ProcessLogger [(null)] - System Start 7/30/2017 12:03:33
2017-07-30 12:03:33,363 [9] FATAL ProcessLogger [(null)] - System Start 7/30/2017 12:03:33
2017-07-30 12:03:34,114 [9] FATAL ProcessLogger [(null)] - System Start 7/30/2017 12:03:34
2017-07-30 12:03:34,116 [9] FATAL ProcessLogger [(null)] - System Start 7/30/2017 12:03:34
2017-07-30 12:03:34,129 [9] FATAL ProcessLogger [(null)] - System Start 7/30/2017 12:03:34
2017-07-30 12:03:34,180 [9] FATAL ProcessLogger [(null)] - System Start 7/30/2017 12:03:34
2017-07-30 12:04:48,102 [9] FATAL ProcessLogger [(null)] - System Start 7/30/2017 12:04:48
2017-07-30 12:04:49,477 [9] FATAL ProcessLogger [(null)] - System Start 7/30/2017 12:04:49
2017-07-30 12:04:50,823 [9] FATAL ProcessLogger [(null)] - System Start 7/30/2017 12:04:50
2017-07-30 12:04:54,847 [9] FATAL ProcessLogger [(null)] - System Start 7/30/2017 12:04:54
2017-07-30 12:05:19,337 [9] FATAL ProcessLogger [(null)] - System Start 7/30/2017 12:05:19
2017-07-30 12:05:24,130 [9] FATAL ProcessLogger [(null)] - System Start 7/30/2017 12:05:24
2017-07-30 12:05:26,500 [9] FATAL ProcessLogger [(null)] - System Start 7/30/2017 12:05:26
2017-07-30 12:05:26,611 [9] FATAL ProcessLogger [(null)] - System Start 7/30/2017 12:05:26
2017-07-30 12:05:26,612 [9] FATAL ProcessLogger [(null)] - System Start 7/30/2017 12:05:26
2017-07-30 12:05:27,219 [9] FATAL ProcessLogger [(null)] - System Start 7/30/2017 12:05:27
2017-07-30 12:05:27,325 [9] FATAL ProcessLogger [(null)] - System Start 7/30/2017 12:05:27
2017-07-30 12:05:27,611 [9] FATAL ProcessLogger [(null)] - System Start 7/30/2017 12:05:27
2017-07-30 12:05:27,710 [9] FATAL ProcessLogger [(null)] - System Start 7/30/2017 12:05:27
2017-07-30 12:05:27,921 [9] FATAL ProcessLogger [(null)] - System Start 7/30/2017 12:05:27
2017-07-30 12:05:28,049 [9] FATAL ProcessLogger [(null)] - System Start 7/30/2017 12:05:28
2017-07-30 12:07:13,176 [9] FATAL ProcessLogger [(null)] - System Start 7/30/2017 12:07:13
2017-07-30 12:07:14,118 [9] FATAL ProcessLogger [(null)] - System Start 7/30/2017 12:07:14
2017-07-30 12:07:18,617 [9] FATAL ProcessLogger [(null)] - System Start 7/30/2017 12:07:18
2017-07-30 12:07:19,876 [9] FATAL ProcessLogger [(null)] - System Start 7/30/2017 12:07:19
2017-07-30 12:07:20,743 [9] FATAL ProcessLogger [(null)] - System Start 7/30/2017 12:07:20
2017-07-30 12:07:21,397 [9] FATAL ProcessLogger [(null)] - System Start 7/30/2017 12:07:21
2017-07-30 12:07:22,137 [9] FATAL ProcessLogger [(null)] - System Start 7/30/2017 12:07:22
2017-07-30 12:07:30,937 [9] FATAL ProcessLogger [(null)] - System Start 7/30/2017 12:07:30
2017-07-30 12:07:32,151 [9] FATAL ProcessLogger [(null)] - System Start 7/30/2017 12:07:32
2017-07-30 12:07:32,940 [9] FATAL ProcessLogger [(null)] - System Start 7/30/2017 12:07:32
2017-07-30 12:07:41,017 [9] FATAL ProcessLogger [(null)] - System Start 7/30/2017 12:07:41
2017-07-30 12:07:42,229 [9] FATAL ProcessLogger [(null)] - System Start 7/30/2017 12:07:42
2017-07-30 12:07:43,058 [9] FATAL ProcessLogger [(null)] - System Start 7/30/2017 12:07:43
2017-07-30 12:08:54,957 [9] FATAL ProcessLogger [(null)] - System Start 7/30/2017 12:08:54
2017-07-30 12:08:55,011 [9] FATAL ProcessLogger [(null)] - initialize7/30/2017 12:08:55
