2017-01-18 00:38:19,718 [10] FATAL SystemExceptionLogger [(null)] - System Error 参数无效。, Exception Detail Info :   在 System.Drawing.Bitmap..ctor(Int32 width, Int32 height, PixelFormat format)
   在 System.Drawing.Bitmap..ctor(Int32 width, Int32 height)
   在 Sunisoft.IrisSkin.x97d171718e5c7e7f.xc33f5f7a18a754cb(Graphics x41347a961b838962, Int32 x067d6ddeefb41622)
   在 Sunisoft.IrisSkin.x97d171718e5c7e7f.x8bc95f030953f87b(Graphics x4b101060f4767186)
   在 Sunisoft.IrisSkin.x97d171718e5c7e7f.PaintControl()
   在 Sunisoft.IrisSkin.xbd3f2493841f18a1.x2bf160cd2bad82a5(Object xe0292b9ed559da7d, EventArgs xfbf34718e704c6bc)
   在 System.Windows.Forms.Control.OnGotFocus(EventArgs e)
   在 System.Windows.Forms.Control.WmSetFocus(Message& m)
   在 System.Windows.Forms.Control.WndProc(Message& m)
   在 System.Windows.Forms.TabControl.WndProc(Message& m)
   在 System.Windows.Forms.Control.ControlNativeWindow.OnMessage(Message& m)
   在 System.Windows.Forms.Control.ControlNativeWindow.WndProc(Message& m)
   在 System.Windows.Forms.NativeWindow.Callback(IntPtr hWnd, Int32 msg, IntPtr wparam, IntPtr lparam)Time2017/1/18 0:38:19
2017-01-18 09:46:16,654 [9] FATAL SystemExceptionLogger [(null)] - System Error Parameter is not valid., Exception Detail Info :   at System.Drawing.Bitmap..ctor(Int32 width, Int32 height, PixelFormat format)
   at System.Drawing.Bitmap..ctor(Int32 width, Int32 height)
   at Sunisoft.IrisSkin.x97d171718e5c7e7f.xc33f5f7a18a754cb(Graphics x41347a961b838962, Int32 x067d6ddeefb41622)
   at Sunisoft.IrisSkin.x97d171718e5c7e7f.x8bc95f030953f87b(Graphics x4b101060f4767186)
   at Sunisoft.IrisSkin.x97d171718e5c7e7f.PaintControl()
   at Sunisoft.IrisSkin.xbd3f2493841f18a1.x2bf160cd2bad82a5(Object xe0292b9ed559da7d, EventArgs xfbf34718e704c6bc)
   at System.Windows.Forms.Control.OnGotFocus(EventArgs e)
   at System.Windows.Forms.Control.WmSetFocus(Message& m)
   at System.Windows.Forms.Control.WndProc(Message& m)
   at System.Windows.Forms.TabControl.WndProc(Message& m)
   at System.Windows.Forms.Control.ControlNativeWindow.OnMessage(Message& m)
   at System.Windows.Forms.Control.ControlNativeWindow.WndProc(Message& m)
   at System.Windows.Forms.NativeWindow.Callback(IntPtr hWnd, Int32 msg, IntPtr wparam, IntPtr lparam)Time1/18/2017 09:46:16
