2017-01-10 12:09:28,370 [1] FATAL SystemExceptionLogger [(null)] - System Error Cannot find column 12., Exception Detail Info :   at System.Data.DataColumnCollection.get_Item(Int32 index)
   at System.Data.DataRow.set_Item(Int32 columnIndex, Object value)
   at MasterClassified.frmTracing_Analysis.ZidingYi_tab2() in c:\mysteap\work_office\ProjectOut\Masterclassified12\Masterclassified\MasterClassified\frmTracing_Analysis.cs:line 415
   at MasterClassified.frmTracing_Analysis.自定义分析ToolStripMenuItem_Click(Object sender, EventArgs e) in c:\mysteap\work_office\ProjectOut\Masterclassified12\Masterclassified\MasterClassified\frmTracing_Analysis.cs:line 1142
   at System.Windows.Forms.ToolStripItem.RaiseEvent(Object key, EventArgs e)
   at System.Windows.Forms.ToolStripMenuItem.OnClick(EventArgs e)
   at System.Windows.Forms.ToolStripItem.HandleClick(EventArgs e)
   at System.Windows.Forms.ToolStripItem.HandleMouseUp(MouseEventArgs e)
   at System.Windows.Forms.ToolStripItem.FireEventInteractive(EventArgs e, ToolStripItemEventType met)
   at System.Windows.Forms.ToolStripItem.FireEvent(EventArgs e, ToolStripItemEventType met)
   at System.Windows.Forms.ToolStrip.OnMouseUp(MouseEventArgs mea)
   at System.Windows.Forms.ToolStripDropDown.OnMouseUp(MouseEventArgs mea)
   at System.Windows.Forms.Control.WmMouseUp(Message& m, MouseButtons button, Int32 clicks)
   at System.Windows.Forms.Control.WndProc(Message& m)
   at System.Windows.Forms.ScrollableControl.WndProc(Message& m)
   at System.Windows.Forms.ToolStrip.WndProc(Message& m)
   at System.Windows.Forms.ToolStripDropDown.WndProc(Message& m)
   at System.Windows.Forms.Control.ControlNativeWindow.OnMessage(Message& m)
   at System.Windows.Forms.Control.ControlNativeWindow.WndProc(Message& m)
   at System.Windows.Forms.NativeWindow.Callback(IntPtr hWnd, Int32 msg, IntPtr wparam, IntPtr lparam)Time1/10/2017 12:09:28
2017-01-10 12:13:33,071 [1] FATAL SystemExceptionLogger [(null)] - System Error Cannot find column 17., Exception Detail Info :   at System.Data.DataColumnCollection.get_Item(Int32 index)
   at System.Data.DataRow.set_Item(Int32 columnIndex, Object value)
   at MasterClassified.frmTracing_Analysis.ZidingYi_tab2() in c:\mysteap\work_office\ProjectOut\Masterclassified12\Masterclassified\MasterClassified\frmTracing_Analysis.cs:line 415
   at MasterClassified.frmTracing_Analysis.自定义分析ToolStripMenuItem_Click(Object sender, EventArgs e) in c:\mysteap\work_office\ProjectOut\Masterclassified12\Masterclassified\MasterClassified\frmTracing_Analysis.cs:line 1142
   at System.Windows.Forms.ToolStripItem.RaiseEvent(Object key, EventArgs e)
   at System.Windows.Forms.ToolStripMenuItem.OnClick(EventArgs e)
   at System.Windows.Forms.ToolStripItem.HandleClick(EventArgs e)
   at System.Windows.Forms.ToolStripItem.HandleMouseUp(MouseEventArgs e)
   at System.Windows.Forms.ToolStripItem.FireEventInteractive(EventArgs e, ToolStripItemEventType met)
   at System.Windows.Forms.ToolStripItem.FireEvent(EventArgs e, ToolStripItemEventType met)
   at System.Windows.Forms.ToolStrip.OnMouseUp(MouseEventArgs mea)
   at System.Windows.Forms.ToolStripDropDown.OnMouseUp(MouseEventArgs mea)
   at System.Windows.Forms.Control.WmMouseUp(Message& m, MouseButtons button, Int32 clicks)
   at System.Windows.Forms.Control.WndProc(Message& m)
   at System.Windows.Forms.ScrollableControl.WndProc(Message& m)
   at System.Windows.Forms.ToolStrip.WndProc(Message& m)
   at System.Windows.Forms.ToolStripDropDown.WndProc(Message& m)
   at System.Windows.Forms.Control.ControlNativeWindow.OnMessage(Message& m)
   at System.Windows.Forms.Control.ControlNativeWindow.WndProc(Message& m)
   at System.Windows.Forms.NativeWindow.Callback(IntPtr hWnd, Int32 msg, IntPtr wparam, IntPtr lparam)Time1/10/2017 12:13:33
2017-01-10 12:14:09,534 [1] FATAL SystemExceptionLogger [(null)] - System Error Cannot find column 17., Exception Detail Info :   at System.Data.DataColumnCollection.get_Item(Int32 index)
   at System.Data.DataRow.set_Item(Int32 columnIndex, Object value)
   at MasterClassified.frmTracing_Analysis.ZidingYi_tab2() in c:\mysteap\work_office\ProjectOut\Masterclassified12\Masterclassified\MasterClassified\frmTracing_Analysis.cs:line 415
   at MasterClassified.frmTracing_Analysis.自定义分析ToolStripMenuItem_Click(Object sender, EventArgs e) in c:\mysteap\work_office\ProjectOut\Masterclassified12\Masterclassified\MasterClassified\frmTracing_Analysis.cs:line 1142
   at System.Windows.Forms.ToolStripItem.RaiseEvent(Object key, EventArgs e)
   at System.Windows.Forms.ToolStripMenuItem.OnClick(EventArgs e)
   at System.Windows.Forms.ToolStripItem.HandleClick(EventArgs e)
   at System.Windows.Forms.ToolStripItem.HandleMouseUp(MouseEventArgs e)
   at System.Windows.Forms.ToolStripItem.FireEventInteractive(EventArgs e, ToolStripItemEventType met)
   at System.Windows.Forms.ToolStripItem.FireEvent(EventArgs e, ToolStripItemEventType met)
   at System.Windows.Forms.ToolStrip.OnMouseUp(MouseEventArgs mea)
   at System.Windows.Forms.ToolStripDropDown.OnMouseUp(MouseEventArgs mea)
   at System.Windows.Forms.Control.WmMouseUp(Message& m, MouseButtons button, Int32 clicks)
   at System.Windows.Forms.Control.WndProc(Message& m)
   at System.Windows.Forms.ScrollableControl.WndProc(Message& m)
   at System.Windows.Forms.ToolStrip.WndProc(Message& m)
   at System.Windows.Forms.ToolStripDropDown.WndProc(Message& m)
   at System.Windows.Forms.Control.ControlNativeWindow.OnMessage(Message& m)
   at System.Windows.Forms.Control.ControlNativeWindow.WndProc(Message& m)
   at System.Windows.Forms.NativeWindow.Callback(IntPtr hWnd, Int32 msg, IntPtr wparam, IntPtr lparam)Time1/10/2017 12:14:09
2017-01-10 12:14:20,171 [1] FATAL SystemExceptionLogger [(null)] - System Error Parameter is not valid., Exception Detail Info :   at System.Drawing.Bitmap..ctor(Int32 width, Int32 height, PixelFormat format)
   at System.Drawing.Bitmap..ctor(Int32 width, Int32 height)
   at Sunisoft.IrisSkin.x97d171718e5c7e7f.xc33f5f7a18a754cb(Graphics x41347a961b838962, Int32 x067d6ddeefb41622)
   at Sunisoft.IrisSkin.x97d171718e5c7e7f.x8bc95f030953f87b(Graphics x4b101060f4767186)
   at Sunisoft.IrisSkin.x97d171718e5c7e7f.PaintControl()
   at Sunisoft.IrisSkin.xbd3f2493841f18a1.x2bf160cd2bad82a5(Object xe0292b9ed559da7d, EventArgs xfbf34718e704c6bc)
   at System.Windows.Forms.Control.OnGotFocus(EventArgs e)
   at System.Windows.Forms.Control.WmSetFocus(Message& m)
   at System.Windows.Forms.Control.WndProc(Message& m)
   at System.Windows.Forms.TabControl.WndProc(Message& m)
   at System.Windows.Forms.Control.ControlNativeWindow.OnMessage(Message& m)
   at System.Windows.Forms.Control.ControlNativeWindow.WndProc(Message& m)
   at System.Windows.Forms.NativeWindow.Callback(IntPtr hWnd, Int32 msg, IntPtr wparam, IntPtr lparam)Time1/10/2017 12:14:20
2017-01-10 13:40:48,488 [1] FATAL SystemExceptionLogger [(null)] - System Error Object reference not set to an instance of an object., Exception Detail Info :   at System.Windows.Forms.DataGridViewRowHeaderCell.PaintPrivate(Graphics graphics, Rectangle clipBounds, Rectangle cellBounds, Int32 rowIndex, DataGridViewElementStates dataGridViewElementState, Object formattedValue, String errorText, DataGridViewCellStyle cellStyle, DataGridViewAdvancedBorderStyle advancedBorderStyle, DataGridViewPaintParts paintParts, Boolean computeContentBounds, Boolean computeErrorIconBounds, Boolean paint)
   at System.Windows.Forms.DataGridViewRowHeaderCell.Paint(Graphics graphics, Rectangle clipBounds, Rectangle cellBounds, Int32 rowIndex, DataGridViewElementStates cellState, Object value, Object formattedValue, String errorText, DataGridViewCellStyle cellStyle, DataGridViewAdvancedBorderStyle advancedBorderStyle, DataGridViewPaintParts paintParts)
   at System.Windows.Forms.DataGridViewCell.PaintWork(Graphics graphics, Rectangle clipBounds, Rectangle cellBounds, Int32 rowIndex, DataGridViewElementStates cellState, DataGridViewCellStyle cellStyle, DataGridViewAdvancedBorderStyle advancedBorderStyle, DataGridViewPaintParts paintParts)
   at System.Windows.Forms.DataGridViewRow.PaintHeader(Graphics graphics, Rectangle clipBounds, Rectangle rowBounds, Int32 rowIndex, DataGridViewElementStates rowState, Boolean isFirstDisplayedRow, Boolean isLastVisibleRow, DataGridViewPaintParts paintParts)
   at System.Windows.Forms.DataGridViewRow.Paint(Graphics graphics, Rectangle clipBounds, Rectangle rowBounds, Int32 rowIndex, DataGridViewElementStates rowState, Boolean isFirstDisplayedRow, Boolean isLastVisibleRow)
   at System.Windows.Forms.DataGridView.PaintRows(Graphics g, Rectangle boundingRect, Rectangle clipRect, Boolean singleHorizontalBorderAdded)
   at System.Windows.Forms.DataGridView.PaintGrid(Graphics g, Rectangle gridBounds, Rectangle clipRect, Boolean singleVerticalBorderAdded, Boolean singleHorizontalBorderAdded)
   at System.Windows.Forms.DataGridView.OnPaint(PaintEventArgs e)
   at System.Windows.Forms.Control.PaintWithErrorHandling(PaintEventArgs e, Int16 layer, Boolean disposeEventArgs)
   at System.Windows.Forms.Control.WmPaint(Message& m)
   at System.Windows.Forms.Control.WndProc(Message& m)
   at System.Windows.Forms.DataGridView.WndProc(Message& m)
   at System.Windows.Forms.Control.ControlNativeWindow.OnMessage(Message& m)
   at System.Windows.Forms.Control.ControlNativeWindow.WndProc(Message& m)
   at System.Windows.Forms.NativeWindow.Callback(IntPtr hWnd, Int32 msg, IntPtr wparam, IntPtr lparam)Time1/10/2017 13:40:48
2017-01-10 14:39:11,102 [1] FATAL SystemExceptionLogger [(null)] - System Error Object reference not set to an instance of an object., Exception Detail Info :   at System.Windows.Forms.DataGridViewRowHeaderCell.PaintPrivate(Graphics graphics, Rectangle clipBounds, Rectangle cellBounds, Int32 rowIndex, DataGridViewElementStates dataGridViewElementState, Object formattedValue, String errorText, DataGridViewCellStyle cellStyle, DataGridViewAdvancedBorderStyle advancedBorderStyle, DataGridViewPaintParts paintParts, Boolean computeContentBounds, Boolean computeErrorIconBounds, Boolean paint)
   at System.Windows.Forms.DataGridViewRowHeaderCell.Paint(Graphics graphics, Rectangle clipBounds, Rectangle cellBounds, Int32 rowIndex, DataGridViewElementStates cellState, Object value, Object formattedValue, String errorText, DataGridViewCellStyle cellStyle, DataGridViewAdvancedBorderStyle advancedBorderStyle, DataGridViewPaintParts paintParts)
   at System.Windows.Forms.DataGridViewCell.PaintWork(Graphics graphics, Rectangle clipBounds, Rectangle cellBounds, Int32 rowIndex, DataGridViewElementStates cellState, DataGridViewCellStyle cellStyle, DataGridViewAdvancedBorderStyle advancedBorderStyle, DataGridViewPaintParts paintParts)
   at System.Windows.Forms.DataGridViewRow.PaintHeader(Graphics graphics, Rectangle clipBounds, Rectangle rowBounds, Int32 rowIndex, DataGridViewElementStates rowState, Boolean isFirstDisplayedRow, Boolean isLastVisibleRow, DataGridViewPaintParts paintParts)
   at System.Windows.Forms.DataGridViewRow.Paint(Graphics graphics, Rectangle clipBounds, Rectangle rowBounds, Int32 rowIndex, DataGridViewElementStates rowState, Boolean isFirstDisplayedRow, Boolean isLastVisibleRow)
   at System.Windows.Forms.DataGridView.PaintRows(Graphics g, Rectangle boundingRect, Rectangle clipRect, Boolean singleHorizontalBorderAdded)
   at System.Windows.Forms.DataGridView.PaintGrid(Graphics g, Rectangle gridBounds, Rectangle clipRect, Boolean singleVerticalBorderAdded, Boolean singleHorizontalBorderAdded)
   at System.Windows.Forms.DataGridView.OnPaint(PaintEventArgs e)
   at System.Windows.Forms.Control.PaintWithErrorHandling(PaintEventArgs e, Int16 layer, Boolean disposeEventArgs)
   at System.Windows.Forms.Control.WmPaint(Message& m)
   at System.Windows.Forms.Control.WndProc(Message& m)
   at System.Windows.Forms.DataGridView.WndProc(Message& m)
   at System.Windows.Forms.Control.ControlNativeWindow.OnMessage(Message& m)
   at System.Windows.Forms.Control.ControlNativeWindow.WndProc(Message& m)
   at System.Windows.Forms.NativeWindow.Callback(IntPtr hWnd, Int32 msg, IntPtr wparam, IntPtr lparam)Time1/10/2017 14:39:11
2017-01-10 14:50:42,527 [1] FATAL SystemExceptionLogger [(null)] - System Error Parameter is not valid., Exception Detail Info :   at System.Drawing.Bitmap..ctor(Int32 width, Int32 height, PixelFormat format)
   at System.Drawing.Bitmap..ctor(Int32 width, Int32 height)
   at Sunisoft.IrisSkin.x97d171718e5c7e7f.xc33f5f7a18a754cb(Graphics x41347a961b838962, Int32 x067d6ddeefb41622)
   at Sunisoft.IrisSkin.x97d171718e5c7e7f.x8bc95f030953f87b(Graphics x4b101060f4767186)
   at Sunisoft.IrisSkin.x97d171718e5c7e7f.PaintControl()
   at Sunisoft.IrisSkin.xbd3f2493841f18a1.x2bf160cd2bad82a5(Object xe0292b9ed559da7d, EventArgs xfbf34718e704c6bc)
   at System.Windows.Forms.Control.OnGotFocus(EventArgs e)
   at System.Windows.Forms.Control.WmSetFocus(Message& m)
   at System.Windows.Forms.Control.WndProc(Message& m)
   at System.Windows.Forms.TabControl.WndProc(Message& m)
   at System.Windows.Forms.Control.ControlNativeWindow.OnMessage(Message& m)
   at System.Windows.Forms.Control.ControlNativeWindow.WndProc(Message& m)
   at System.Windows.Forms.NativeWindow.Callback(IntPtr hWnd, Int32 msg, IntPtr wparam, IntPtr lparam)Time1/10/2017 14:50:42
2017-01-10 15:17:29,296 [1] FATAL SystemExceptionLogger [(null)] - System Error Object reference not set to an instance of an object., Exception Detail Info :   at System.Windows.Forms.DataGridViewRowHeaderCell.PaintPrivate(Graphics graphics, Rectangle clipBounds, Rectangle cellBounds, Int32 rowIndex, DataGridViewElementStates dataGridViewElementState, Object formattedValue, String errorText, DataGridViewCellStyle cellStyle, DataGridViewAdvancedBorderStyle advancedBorderStyle, DataGridViewPaintParts paintParts, Boolean computeContentBounds, Boolean computeErrorIconBounds, Boolean paint)
   at System.Windows.Forms.DataGridViewRowHeaderCell.Paint(Graphics graphics, Rectangle clipBounds, Rectangle cellBounds, Int32 rowIndex, DataGridViewElementStates cellState, Object value, Object formattedValue, String errorText, DataGridViewCellStyle cellStyle, DataGridViewAdvancedBorderStyle advancedBorderStyle, DataGridViewPaintParts paintParts)
   at System.Windows.Forms.DataGridViewCell.PaintWork(Graphics graphics, Rectangle clipBounds, Rectangle cellBounds, Int32 rowIndex, DataGridViewElementStates cellState, DataGridViewCellStyle cellStyle, DataGridViewAdvancedBorderStyle advancedBorderStyle, DataGridViewPaintParts paintParts)
   at System.Windows.Forms.DataGridViewRow.PaintHeader(Graphics graphics, Rectangle clipBounds, Rectangle rowBounds, Int32 rowIndex, DataGridViewElementStates rowState, Boolean isFirstDisplayedRow, Boolean isLastVisibleRow, DataGridViewPaintParts paintParts)
   at System.Windows.Forms.DataGridViewRow.Paint(Graphics graphics, Rectangle clipBounds, Rectangle rowBounds, Int32 rowIndex, DataGridViewElementStates rowState, Boolean isFirstDisplayedRow, Boolean isLastVisibleRow)
   at System.Windows.Forms.DataGridView.PaintRows(Graphics g, Rectangle boundingRect, Rectangle clipRect, Boolean singleHorizontalBorderAdded)
   at System.Windows.Forms.DataGridView.PaintGrid(Graphics g, Rectangle gridBounds, Rectangle clipRect, Boolean singleVerticalBorderAdded, Boolean singleHorizontalBorderAdded)
   at System.Windows.Forms.DataGridView.OnPaint(PaintEventArgs e)
   at System.Windows.Forms.Control.PaintWithErrorHandling(PaintEventArgs e, Int16 layer, Boolean disposeEventArgs)
   at System.Windows.Forms.Control.WmPaint(Message& m)
   at System.Windows.Forms.Control.WndProc(Message& m)
   at System.Windows.Forms.DataGridView.WndProc(Message& m)
   at System.Windows.Forms.Control.ControlNativeWindow.OnMessage(Message& m)
   at System.Windows.Forms.Control.ControlNativeWindow.WndProc(Message& m)
   at System.Windows.Forms.NativeWindow.Callback(IntPtr hWnd, Int32 msg, IntPtr wparam, IntPtr lparam)Time1/10/2017 15:17:29
2017-01-10 15:18:34,297 [1] FATAL SystemExceptionLogger [(null)] - System Error Parameter is not valid., Exception Detail Info :   at System.Drawing.Bitmap..ctor(Int32 width, Int32 height, PixelFormat format)
   at System.Drawing.Bitmap..ctor(Int32 width, Int32 height)
   at Sunisoft.IrisSkin.x97d171718e5c7e7f.xc33f5f7a18a754cb(Graphics x41347a961b838962, Int32 x067d6ddeefb41622)
   at Sunisoft.IrisSkin.x97d171718e5c7e7f.x8bc95f030953f87b(Graphics x4b101060f4767186)
   at Sunisoft.IrisSkin.x97d171718e5c7e7f.PaintControl()
   at Sunisoft.IrisSkin.xbd3f2493841f18a1.x2bf160cd2bad82a5(Object xe0292b9ed559da7d, EventArgs xfbf34718e704c6bc)
   at System.Windows.Forms.Control.OnGotFocus(EventArgs e)
   at System.Windows.Forms.Control.WmSetFocus(Message& m)
   at System.Windows.Forms.Control.WndProc(Message& m)
   at System.Windows.Forms.TabControl.WndProc(Message& m)
   at System.Windows.Forms.Control.ControlNativeWindow.OnMessage(Message& m)
   at System.Windows.Forms.Control.ControlNativeWindow.WndProc(Message& m)
   at System.Windows.Forms.NativeWindow.Callback(IntPtr hWnd, Int32 msg, IntPtr wparam, IntPtr lparam)Time1/10/2017 15:18:34
2017-01-10 15:22:37,529 [1] FATAL SystemExceptionLogger [(null)] - System Error Parameter is not valid., Exception Detail Info :   at System.Drawing.Bitmap..ctor(Int32 width, Int32 height, PixelFormat format)
   at System.Drawing.Bitmap..ctor(Int32 width, Int32 height)
   at Sunisoft.IrisSkin.x97d171718e5c7e7f.xc33f5f7a18a754cb(Graphics x41347a961b838962, Int32 x067d6ddeefb41622)
   at Sunisoft.IrisSkin.x97d171718e5c7e7f.x8bc95f030953f87b(Graphics x4b101060f4767186)
   at Sunisoft.IrisSkin.x97d171718e5c7e7f.PaintControl()
   at Sunisoft.IrisSkin.xbd3f2493841f18a1.x2bf160cd2bad82a5(Object xe0292b9ed559da7d, EventArgs xfbf34718e704c6bc)
   at System.Windows.Forms.Control.OnGotFocus(EventArgs e)
   at System.Windows.Forms.Control.WmSetFocus(Message& m)
   at System.Windows.Forms.Control.WndProc(Message& m)
   at System.Windows.Forms.TabControl.WndProc(Message& m)
   at System.Windows.Forms.Control.ControlNativeWindow.OnMessage(Message& m)
   at System.Windows.Forms.Control.ControlNativeWindow.WndProc(Message& m)
   at System.Windows.Forms.NativeWindow.Callback(IntPtr hWnd, Int32 msg, IntPtr wparam, IntPtr lparam)Time1/10/2017 15:22:37
2017-01-10 15:23:26,439 [1] FATAL SystemExceptionLogger [(null)] - System Error Parameter is not valid., Exception Detail Info :   at System.Drawing.Bitmap..ctor(Int32 width, Int32 height, PixelFormat format)
   at System.Drawing.Bitmap..ctor(Int32 width, Int32 height)
   at Sunisoft.IrisSkin.x97d171718e5c7e7f.xc33f5f7a18a754cb(Graphics x41347a961b838962, Int32 x067d6ddeefb41622)
   at Sunisoft.IrisSkin.x97d171718e5c7e7f.x8bc95f030953f87b(Graphics x4b101060f4767186)
   at Sunisoft.IrisSkin.x97d171718e5c7e7f.PaintControl()
   at Sunisoft.IrisSkin.xbd3f2493841f18a1.x2bf160cd2bad82a5(Object xe0292b9ed559da7d, EventArgs xfbf34718e704c6bc)
   at System.Windows.Forms.Control.OnGotFocus(EventArgs e)
   at System.Windows.Forms.Control.WmSetFocus(Message& m)
   at System.Windows.Forms.Control.WndProc(Message& m)
   at System.Windows.Forms.TabControl.WndProc(Message& m)
   at System.Windows.Forms.Control.ControlNativeWindow.OnMessage(Message& m)
   at System.Windows.Forms.Control.ControlNativeWindow.WndProc(Message& m)
   at System.Windows.Forms.NativeWindow.Callback(IntPtr hWnd, Int32 msg, IntPtr wparam, IntPtr lparam)Time1/10/2017 15:23:26
2017-01-10 15:41:58,903 [1] FATAL SystemExceptionLogger [(null)] - System Error Parameter is not valid., Exception Detail Info :   at System.Drawing.Bitmap..ctor(Int32 width, Int32 height, PixelFormat format)
   at System.Drawing.Bitmap..ctor(Int32 width, Int32 height)
   at Sunisoft.IrisSkin.x97d171718e5c7e7f.xc33f5f7a18a754cb(Graphics x41347a961b838962, Int32 x067d6ddeefb41622)
   at Sunisoft.IrisSkin.x97d171718e5c7e7f.x8bc95f030953f87b(Graphics x4b101060f4767186)
   at Sunisoft.IrisSkin.x97d171718e5c7e7f.PaintControl()
   at Sunisoft.IrisSkin.xbd3f2493841f18a1.x2bf160cd2bad82a5(Object xe0292b9ed559da7d, EventArgs xfbf34718e704c6bc)
   at System.Windows.Forms.Control.OnGotFocus(EventArgs e)
   at System.Windows.Forms.Control.WmSetFocus(Message& m)
   at System.Windows.Forms.Control.WndProc(Message& m)
   at System.Windows.Forms.TabControl.WndProc(Message& m)
   at System.Windows.Forms.Control.ControlNativeWindow.OnMessage(Message& m)
   at System.Windows.Forms.Control.ControlNativeWindow.WndProc(Message& m)
   at System.Windows.Forms.NativeWindow.Callback(IntPtr hWnd, Int32 msg, IntPtr wparam, IntPtr lparam)Time1/10/2017 15:41:58
