2017-06-19 20:13:40,455 [8] FATAL ProcessLogger [(null)] - System Start 6/19/2017 20:13:40
2017-06-19 20:13:40,512 [8] FATAL ProcessLogger [(null)] - initialize6/19/2017 20:13:40
2017-06-19 20:23:41,951 [9] FATAL ProcessLogger [(null)] - System Start 6/19/2017 20:23:41
2017-06-19 20:23:42,004 [9] FATAL ProcessLogger [(null)] - initialize6/19/2017 20:23:42
2017-06-19 20:23:45,946 [9] FATAL ProcessLogger [(null)] - System Start 6/19/2017 20:23:45
2017-06-19 20:23:45,947 [9] FATAL ProcessLogger [(null)] - System Start 6/19/2017 20:23:45
2017-06-19 20:23:46,224 [9] FATAL ProcessLogger [(null)] - System Read_CaiPiaoZhongLei_Moren 70104 6/19/2017 20:23:46
2017-06-19 20:23:46,225 [9] FATAL ProcessLogger [(null)] - System ReadclaimreportfromServerBy_Xuan 701056/19/2017 20:23:46
2017-06-19 20:23:46,377 [9] FATAL ProcessLogger [(null)] - System ReadclaimreportfromServerBy_Xuan 701066/19/2017 20:23:46
2017-06-19 20:23:46,385 [9] FATAL ProcessLogger [(null)] - System  701076/19/2017 20:23:46
2017-06-19 20:23:51,947 [9] FATAL ProcessLogger [(null)] - System Start 6/19/2017 20:23:51
2017-06-19 20:23:51,947 [9] FATAL ProcessLogger [(null)] - System Start 6/19/2017 20:23:51
2017-06-19 20:23:52,106 [9] FATAL ProcessLogger [(null)] - System Start 6/19/2017 20:23:52
2017-06-19 20:23:54,078 [9] FATAL ProcessLogger [(null)] - System Start 6/19/2017 20:23:54
2017-06-19 20:23:54,078 [9] FATAL ProcessLogger [(null)] - System Start 6/19/2017 20:23:54
2017-06-19 20:23:54,084 [9] FATAL ProcessLogger [(null)] - 68013 Read FangAN 6/19/2017 20:23:54
2017-06-19 20:23:54,084 [9] FATAL ProcessLogger [(null)] - 68014 Read FangAN 6/19/2017 20:23:54
2017-06-19 20:23:54,085 [9] FATAL ProcessLogger [(null)] - 68015 Read FangAN 6/19/2017 20:23:54
2017-06-19 20:23:54,086 [9] FATAL ProcessLogger [(null)] - 68016 Read FangAN 6/19/2017 20:23:54
2017-06-19 20:34:39,028 [8] FATAL ProcessLogger [(null)] - System Start 6/19/2017 20:34:39
2017-06-19 20:34:39,081 [8] FATAL ProcessLogger [(null)] - initialize6/19/2017 20:34:39
2017-06-19 20:34:41,347 [8] FATAL ProcessLogger [(null)] - System Start 6/19/2017 20:34:41
2017-06-19 20:34:41,348 [8] FATAL ProcessLogger [(null)] - System Start 6/19/2017 20:34:41
2017-06-19 20:34:41,702 [8] FATAL ProcessLogger [(null)] - System Start 6/19/2017 20:34:41
2017-06-19 20:35:28,852 [8] FATAL ProcessLogger [(null)] - System Start 6/19/2017 20:35:28
2017-06-19 20:35:28,852 [8] FATAL ProcessLogger [(null)] - System Start 6/19/2017 20:35:28
2017-06-19 20:35:28,866 [8] FATAL ProcessLogger [(null)] - 68013 Read FangAN 6/19/2017 20:35:28
2017-06-19 20:35:28,866 [8] FATAL ProcessLogger [(null)] - 68014 Read FangAN 6/19/2017 20:35:28
2017-06-19 20:35:28,868 [8] FATAL ProcessLogger [(null)] - 68015 Read FangAN 6/19/2017 20:35:28
2017-06-19 20:35:28,868 [8] FATAL ProcessLogger [(null)] - 68016 Read FangAN 6/19/2017 20:35:28
2017-06-19 20:36:35,047 [8] FATAL ProcessLogger [(null)] - System Start 6/19/2017 20:36:35
2017-06-19 20:50:14,473 [9] FATAL ProcessLogger [(null)] - System Start 6/19/2017 20:50:14
2017-06-19 20:50:14,526 [9] FATAL ProcessLogger [(null)] - initialize6/19/2017 20:50:14
2017-06-19 20:50:16,984 [9] FATAL ProcessLogger [(null)] - System Start 6/19/2017 20:50:16
2017-06-19 20:50:16,985 [9] FATAL ProcessLogger [(null)] - System Start 6/19/2017 20:50:16
2017-06-19 20:50:17,423 [9] FATAL ProcessLogger [(null)] - System Start 6/19/2017 20:50:17
2017-06-19 20:50:23,261 [9] FATAL ProcessLogger [(null)] - System Start 6/19/2017 20:50:23
2017-06-19 20:50:23,261 [9] FATAL ProcessLogger [(null)] - System Start 6/19/2017 20:50:23
2017-06-19 20:50:23,268 [9] FATAL ProcessLogger [(null)] - 68013 Read FangAN 6/19/2017 20:50:23
2017-06-19 20:50:23,268 [9] FATAL ProcessLogger [(null)] - 68014 Read FangAN 6/19/2017 20:50:23
2017-06-19 20:50:23,269 [9] FATAL ProcessLogger [(null)] - 68015 Read FangAN 6/19/2017 20:50:23
2017-06-19 20:50:23,270 [9] FATAL ProcessLogger [(null)] - 68016 Read FangAN 6/19/2017 20:50:23
