2024-03-14 08:13:04,115 [10] FATAL ProcessLogger [(null)] - System Start 2024/3/14 8:13:04
2024-03-14 08:13:04,242 [10] FATAL ProcessLogger [(null)] - initialize2024/3/14 8:13:04
2024-03-14 08:13:08,471 [10] FATAL ProcessLogger [(null)] - System Start 2024/3/14 8:13:08
2024-03-14 08:13:08,473 [10] FATAL ProcessLogger [(null)] - System Start 2024/3/14 8:13:08
2024-03-14 08:13:10,283 [10] FATAL ProcessLogger [(null)] - System Start 2024/3/14 8:13:10
2024-03-14 08:13:23,343 [10] FATAL ProcessLogger [(null)] - System Start 2024/3/14 8:13:23
2024-03-14 08:13:24,624 [10] FATAL ProcessLogger [(null)] - System Start 2024/3/14 8:13:24
2024-03-14 08:13:25,126 [10] FATAL ProcessLogger [(null)] - System Start 2024/3/14 8:13:25
2024-03-14 08:13:26,034 [10] FATAL ProcessLogger [(null)] - System Start 2024/3/14 8:13:26
2024-03-14 08:13:26,664 [10] FATAL ProcessLogger [(null)] - System Start 2024/3/14 8:13:26
2024-03-14 08:13:34,136 [10] FATAL ProcessLogger [(null)] - System Start 2024/3/14 8:13:34
2024-03-14 08:13:34,142 [10] FATAL ProcessLogger [(null)] - System Start 2024/3/14 8:13:34
2024-03-14 08:14:43,528 [10] FATAL ProcessLogger [(null)] - System Start 2024/3/14 8:14:43
2024-03-14 08:14:43,557 [10] FATAL ProcessLogger [(null)] - System Start 2024/3/14 8:14:43
2024-03-14 08:14:43,626 [10] FATAL ProcessLogger [(null)] - System Start 2024/3/14 8:14:43
2024-03-14 08:15:05,318 [10] FATAL ProcessLogger [(null)] - System Start 2024/3/14 8:15:05
2024-03-14 08:15:42,808 [10] FATAL ProcessLogger [(null)] - System Start 2024/3/14 8:15:42
2024-03-14 08:16:07,189 [10] FATAL ProcessLogger [(null)] - System Start 2024/3/14 8:16:07
2024-03-14 08:18:37,737 [10] FATAL ProcessLogger [(null)] - System Start 2024/3/14 8:18:37
2024-03-14 08:50:36,269 [10] FATAL ProcessLogger [(null)] - System Start 2024/3/14 8:50:36
2024-03-14 08:52:30,352 [10] FATAL ProcessLogger [(null)] - System Start 2024/3/14 8:52:30
2024-03-14 08:52:30,459 [10] FATAL ProcessLogger [(null)] - System Start 2024/3/14 8:52:30
2024-03-14 08:52:55,995 [10] FATAL ProcessLogger [(null)] - System Start 2024/3/14 8:52:55
2024-03-14 08:53:47,308 [10] FATAL ProcessLogger [(null)] - System Start 2024/3/14 8:53:47
2024-03-14 08:56:55,196 [10] FATAL ProcessLogger [(null)] - System Start 2024/3/14 8:56:55
2024-03-14 08:59:00,173 [10] FATAL ProcessLogger [(null)] - System Start 2024/3/14 8:59:00
2024-03-14 09:07:40,342 [10] FATAL ProcessLogger [(null)] - System Start 2024/3/14 9:07:40
2024-03-14 09:07:40,343 [10] FATAL ProcessLogger [(null)] - System Start 2024/3/14 9:07:40
2024-03-14 09:07:40,407 [10] FATAL ProcessLogger [(null)] - 68013 Read FangAN 2024/3/14 9:07:40
2024-03-14 09:07:40,407 [10] FATAL ProcessLogger [(null)] - 68014 Read FangAN 2024/3/14 9:07:40
2024-03-14 09:07:40,434 [10] FATAL ProcessLogger [(null)] - 68015 Read FangAN 2024/3/14 9:07:40
2024-03-14 09:07:40,434 [10] FATAL ProcessLogger [(null)] - 68016 Read FangAN 2024/3/14 9:07:40
2024-03-14 09:08:18,859 [10] FATAL ProcessLogger [(null)] - System Start 2024/3/14 9:08:18
2024-03-14 09:08:21,379 [10] FATAL ProcessLogger [(null)] - System Start 2024/3/14 9:08:21
2024-03-14 09:08:39,910 [10] FATAL ProcessLogger [(null)] - System Start 2024/3/14 9:08:39
2024-03-14 09:09:41,724 [10] FATAL ProcessLogger [(null)] - System Start 2024/3/14 9:09:41
2024-03-14 09:12:52,524 [10] FATAL ProcessLogger [(null)] - System Start 2024/3/14 9:12:52
2024-03-14 09:12:52,550 [10] FATAL ProcessLogger [(null)] - System Start 2024/3/14 9:12:52
2024-03-14 09:12:54,588 [10] FATAL ProcessLogger [(null)] - System Start 2024/3/14 9:12:54
2024-03-14 09:12:55,804 [10] FATAL ProcessLogger [(null)] - System Start 2024/3/14 9:12:55
2024-03-14 09:13:23,954 [10] FATAL ProcessLogger [(null)] - System Start 2024/3/14 9:13:23
2024-03-14 09:13:23,980 [10] FATAL ProcessLogger [(null)] - System Start 2024/3/14 9:13:23
2024-03-14 09:13:24,008 [10] FATAL ProcessLogger [(null)] - System Start 2024/3/14 9:13:24
2024-03-14 09:13:25,056 [10] FATAL ProcessLogger [(null)] - System Start 2024/3/14 9:13:25
2024-03-14 09:14:34,786 [10] FATAL ProcessLogger [(null)] - System Start 2024/3/14 9:14:34
2024-03-14 09:15:33,323 [10] FATAL ProcessLogger [(null)] - System Start 2024/3/14 9:15:33
2024-03-14 09:15:36,709 [10] FATAL ProcessLogger [(null)] - System Start 2024/3/14 9:15:36
2024-03-14 09:15:36,737 [10] FATAL ProcessLogger [(null)] - System Start 2024/3/14 9:15:36
2024-03-14 09:15:36,765 [10] FATAL ProcessLogger [(null)] - System Start 2024/3/14 9:15:36
2024-03-14 09:15:37,898 [10] FATAL ProcessLogger [(null)] - System Start 2024/3/14 9:15:37
2024-03-14 09:16:30,367 [10] FATAL ProcessLogger [(null)] - System Start 2024/3/14 9:16:30
2024-03-14 09:16:30,393 [10] FATAL ProcessLogger [(null)] - System Start 2024/3/14 9:16:30
2024-03-14 09:18:55,786 [10] FATAL ProcessLogger [(null)] - System Start 2024/3/14 9:18:55
2024-03-14 09:18:56,981 [10] FATAL ProcessLogger [(null)] - System Start 2024/3/14 9:18:56
2024-03-14 09:26:31,621 [9] FATAL ProcessLogger [(null)] - System Start 2024/3/14 9:26:31
2024-03-14 09:26:31,709 [9] FATAL ProcessLogger [(null)] - initialize2024/3/14 9:26:31
2024-03-14 09:26:35,430 [9] FATAL ProcessLogger [(null)] - System Start 2024/3/14 9:26:35
2024-03-14 09:26:35,432 [9] FATAL ProcessLogger [(null)] - System Start 2024/3/14 9:26:35
2024-03-14 09:26:36,605 [9] FATAL ProcessLogger [(null)] - System Start 2024/3/14 9:26:36
2024-03-14 09:40:20,022 [10] FATAL ProcessLogger [(null)] - System Start 2024/3/14 9:40:20
2024-03-14 09:40:20,122 [10] FATAL ProcessLogger [(null)] - initialize2024/3/14 9:40:20
2024-03-14 09:40:23,214 [10] FATAL ProcessLogger [(null)] - System Start 2024/3/14 9:40:23
2024-03-14 09:40:23,216 [10] FATAL ProcessLogger [(null)] - System Start 2024/3/14 9:40:23
2024-03-14 09:40:24,265 [10] FATAL ProcessLogger [(null)] - System Start 2024/3/14 9:40:24
2024-03-14 09:40:33,609 [10] FATAL ProcessLogger [(null)] - System Start 2024/3/14 9:40:33
2024-03-14 09:40:34,659 [10] FATAL ProcessLogger [(null)] - System Start 2024/3/14 9:40:34
2024-03-14 09:40:35,177 [10] FATAL ProcessLogger [(null)] - System Start 2024/3/14 9:40:35
2024-03-14 09:40:35,889 [10] FATAL ProcessLogger [(null)] - System Start 2024/3/14 9:40:35
2024-03-14 09:40:36,495 [10] FATAL ProcessLogger [(null)] - System Start 2024/3/14 9:40:36
2024-03-14 09:41:07,762 [10] FATAL ProcessLogger [(null)] - System Start 2024/3/14 9:41:07
2024-03-14 09:42:09,298 [9] FATAL ProcessLogger [(null)] - System Start 2024/3/14 9:42:09
2024-03-14 09:42:09,426 [9] FATAL ProcessLogger [(null)] - initialize2024/3/14 9:42:09
2024-03-14 09:42:14,100 [9] FATAL ProcessLogger [(null)] - System Start 2024/3/14 9:42:14
2024-03-14 09:42:14,103 [9] FATAL ProcessLogger [(null)] - System Start 2024/3/14 9:42:14
2024-03-14 09:42:15,190 [9] FATAL ProcessLogger [(null)] - System Start 2024/3/14 9:42:15
2024-03-14 09:42:28,630 [9] FATAL ProcessLogger [(null)] - System Start 2024/3/14 9:42:28
2024-03-14 09:42:29,681 [9] FATAL ProcessLogger [(null)] - System Start 2024/3/14 9:42:29
2024-03-14 09:42:30,135 [9] FATAL ProcessLogger [(null)] - System Start 2024/3/14 9:42:30
2024-03-14 09:42:30,971 [9] FATAL ProcessLogger [(null)] - System Start 2024/3/14 9:42:30
2024-03-14 09:42:31,615 [9] FATAL ProcessLogger [(null)] - System Start 2024/3/14 9:42:31
2024-03-14 09:44:10,683 [9] FATAL ProcessLogger [(null)] - System Start 2024/3/14 9:44:10
2024-03-14 09:44:10,789 [9] FATAL ProcessLogger [(null)] - initialize2024/3/14 9:44:10
2024-03-14 09:44:14,214 [9] FATAL ProcessLogger [(null)] - System Start 2024/3/14 9:44:14
2024-03-14 09:44:14,215 [9] FATAL ProcessLogger [(null)] - System Start 2024/3/14 9:44:14
2024-03-14 09:44:16,247 [9] FATAL ProcessLogger [(null)] - System Start 2024/3/14 9:44:16
2024-03-14 09:44:29,030 [9] FATAL ProcessLogger [(null)] - System Start 2024/3/14 9:44:29
2024-03-14 09:44:29,964 [9] FATAL ProcessLogger [(null)] - System Start 2024/3/14 9:44:29
2024-03-14 09:44:30,415 [9] FATAL ProcessLogger [(null)] - System Start 2024/3/14 9:44:30
2024-03-14 09:44:31,102 [9] FATAL ProcessLogger [(null)] - System Start 2024/3/14 9:44:31
2024-03-14 09:44:31,620 [9] FATAL ProcessLogger [(null)] - System Start 2024/3/14 9:44:31
2024-03-14 09:44:34,874 [9] FATAL ProcessLogger [(null)] - System Start 2024/3/14 9:44:34
2024-03-14 09:44:36,896 [9] FATAL ProcessLogger [(null)] - System Start 2024/3/14 9:44:36
2024-03-14 09:44:49,505 [9] FATAL ProcessLogger [(null)] - System Start 2024/3/14 9:44:49
2024-03-14 09:46:15,207 [9] FATAL ProcessLogger [(null)] - System Start 2024/3/14 9:46:15
2024-03-14 09:46:15,293 [9] FATAL ProcessLogger [(null)] - initialize2024/3/14 9:46:15
2024-03-14 09:54:53,473 [9] FATAL ProcessLogger [(null)] - System Start 2024/3/14 9:54:53
2024-03-14 09:54:53,767 [9] FATAL ProcessLogger [(null)] - initialize2024/3/14 9:54:53
2024-03-14 09:57:02,735 [9] FATAL ProcessLogger [(null)] - System Start 2024/3/14 9:57:02
2024-03-14 09:57:02,828 [9] FATAL ProcessLogger [(null)] - initialize2024/3/14 9:57:02
2024-03-14 14:42:46,003 [9] FATAL ProcessLogger [(null)] - System Start 2024/3/14 14:42:46
2024-03-14 14:42:46,117 [9] FATAL ProcessLogger [(null)] - initialize2024/3/14 14:42:46
2024-03-14 14:42:51,447 [9] FATAL ProcessLogger [(null)] - System Start 2024/3/14 14:42:51
2024-03-14 14:42:51,448 [9] FATAL ProcessLogger [(null)] - System Start 2024/3/14 14:42:51
2024-03-14 14:42:53,814 [9] FATAL ProcessLogger [(null)] - System Error 60239 MongoDB.Driver.MongoConnectionException: Unable to connect to server 127.0.0.1:27017: 未将对象引用设置到对象的实例。. ---> System.NullReferenceException: 未将对象引用设置到对象的实例。
   在 MongoDB.Driver.MongoServerInstance.RefreshStateAsSoonAsPossible()
   在 MongoDB.Driver.Internal.MongoConnection.HandleException(Exception ex)
   在 MongoDB.Driver.Internal.MongoConnection.SendMessage(BsonBuffer buffer, Int32 requestId)
   在 MongoDB.Driver.Internal.MongoConnection.SendMessage(MongoRequestMessage message)
   在 MongoDB.Driver.Operations.CommandOperation`1.Execute(MongoConnection connection)
   在 MongoDB.Driver.MongoServerInstance.RunCommandAs[TCommandResult](MongoConnection connection, String databaseName, IMongoCommand command)
   在 MongoDB.Driver.MongoServerInstance.Ping(MongoConnection connection)
   在 MongoDB.Driver.MongoServerInstance.Connect()
   在 MongoDB.Driver.Internal.DirectMongoServerProxy.Connect(TimeSpan timeout, ReadPreference readPreference)
   --- 内部异常堆栈跟踪的结尾 ---
   在 MC.Buiness.clsAllnew.Read_CaiPiaoZhongLei_Moren(String findtext) 位置 f:\git_version\Masterclassified\MC.Buiness\clsAllnew.cs:行号 1085
   在 MasterClassified.frmTracing_Analysis.InitialSystemInfo() 位置 f:\git_version\Masterclassified\MasterClassified\frmTracing_Analysis.cs:行号 1022024/3/14 14:42:53
2024-03-14 14:43:15,906 [9] FATAL ProcessLogger [(null)] - System Start 2024/3/14 14:43:15
2024-03-14 14:43:16,026 [9] FATAL ProcessLogger [(null)] - initialize2024/3/14 14:43:16
2024-03-14 14:43:19,271 [9] FATAL ProcessLogger [(null)] - System Start 2024/3/14 14:43:19
2024-03-14 14:43:19,272 [9] FATAL ProcessLogger [(null)] - System Start 2024/3/14 14:43:19
2024-03-14 14:43:20,272 [9] FATAL ProcessLogger [(null)] - System Start 2024/3/14 14:43:20
2024-03-14 14:43:35,513 [9] FATAL ProcessLogger [(null)] - System Start 2024/3/14 14:43:35
2024-03-14 14:43:36,259 [9] FATAL ProcessLogger [(null)] - System Start 2024/3/14 14:43:36
2024-03-14 14:43:36,658 [9] FATAL ProcessLogger [(null)] - System Start 2024/3/14 14:43:36
2024-03-14 14:43:37,193 [9] FATAL ProcessLogger [(null)] - System Start 2024/3/14 14:43:37
2024-03-14 14:43:37,673 [9] FATAL ProcessLogger [(null)] - System Start 2024/3/14 14:43:37
2024-03-14 14:46:24,249 [10] FATAL ProcessLogger [(null)] - System Start 2024/3/14 14:46:24
2024-03-14 14:46:24,335 [10] FATAL ProcessLogger [(null)] - initialize2024/3/14 14:46:24
2024-03-14 14:46:27,499 [10] FATAL ProcessLogger [(null)] - System Start 2024/3/14 14:46:27
2024-03-14 14:46:27,500 [10] FATAL ProcessLogger [(null)] - System Start 2024/3/14 14:46:27
2024-03-14 14:46:28,608 [10] FATAL ProcessLogger [(null)] - System Start 2024/3/14 14:46:28
2024-03-14 14:46:37,169 [10] FATAL ProcessLogger [(null)] - System Start 2024/3/14 14:46:37
2024-03-14 14:46:37,945 [10] FATAL ProcessLogger [(null)] - System Start 2024/3/14 14:46:37
2024-03-14 14:46:38,332 [10] FATAL ProcessLogger [(null)] - System Start 2024/3/14 14:46:38
2024-03-14 14:46:38,883 [10] FATAL ProcessLogger [(null)] - System Start 2024/3/14 14:46:38
2024-03-14 14:46:39,369 [10] FATAL ProcessLogger [(null)] - System Start 2024/3/14 14:46:39
2024-03-14 14:46:44,341 [10] FATAL ProcessLogger [(null)] - System Start 2024/3/14 14:46:44
2024-03-14 14:46:49,918 [10] FATAL ProcessLogger [(null)] - System Start 2024/3/14 14:46:49
2024-03-14 14:46:53,135 [10] FATAL ProcessLogger [(null)] - System Start 2024/3/14 14:46:53
2024-03-14 14:47:32,294 [9] FATAL ProcessLogger [(null)] - System Start 2024/3/14 14:47:32
2024-03-14 14:47:32,366 [9] FATAL ProcessLogger [(null)] - initialize2024/3/14 14:47:32
2024-03-14 14:48:11,601 [9] FATAL ProcessLogger [(null)] - System Start 2024/3/14 14:48:11
2024-03-14 14:48:11,675 [9] FATAL ProcessLogger [(null)] - initialize2024/3/14 14:48:11
2024-03-14 14:48:15,058 [9] FATAL ProcessLogger [(null)] - System Start 2024/3/14 14:48:15
2024-03-14 14:48:15,059 [9] FATAL ProcessLogger [(null)] - System Start 2024/3/14 14:48:15
2024-03-14 14:48:17,368 [9] FATAL ProcessLogger [(null)] - System Error 60239 MongoDB.Driver.MongoConnectionException: Unable to connect to server 127.0.0.1:27017: 未将对象引用设置到对象的实例。. ---> System.NullReferenceException: 未将对象引用设置到对象的实例。
   在 MongoDB.Driver.MongoServerInstance.RefreshStateAsSoonAsPossible()
   在 MongoDB.Driver.Internal.MongoConnection.HandleException(Exception ex)
   在 MongoDB.Driver.Internal.MongoConnection.SendMessage(BsonBuffer buffer, Int32 requestId)
   在 MongoDB.Driver.Internal.MongoConnection.SendMessage(MongoRequestMessage message)
   在 MongoDB.Driver.Operations.CommandOperation`1.Execute(MongoConnection connection)
   在 MongoDB.Driver.MongoServerInstance.RunCommandAs[TCommandResult](MongoConnection connection, String databaseName, IMongoCommand command)
   在 MongoDB.Driver.MongoServerInstance.Ping(MongoConnection connection)
   在 MongoDB.Driver.MongoServerInstance.Connect()
   在 MongoDB.Driver.Internal.DirectMongoServerProxy.Connect(TimeSpan timeout, ReadPreference readPreference)
   --- 内部异常堆栈跟踪的结尾 ---
   在 MC.Buiness.clsAllnew.Read_CaiPiaoZhongLei_Moren(String findtext) 位置 f:\git_version\Masterclassified\MC.Buiness\clsAllnew.cs:行号 1085
   在 MasterClassified.frmTracing_Analysis.InitialSystemInfo() 位置 f:\git_version\Masterclassified\MasterClassified\frmTracing_Analysis.cs:行号 1022024/3/14 14:48:17
2024-03-14 14:48:43,115 [9] FATAL ProcessLogger [(null)] - System Start 2024/3/14 14:48:43
2024-03-14 14:48:43,189 [9] FATAL ProcessLogger [(null)] - initialize2024/3/14 14:48:43
2024-03-14 14:48:57,210 [9] FATAL ProcessLogger [(null)] - System Start 2024/3/14 14:48:57
2024-03-14 14:48:57,281 [9] FATAL ProcessLogger [(null)] - initialize2024/3/14 14:48:57
2024-03-14 15:45:38,996 [9] FATAL ProcessLogger [(null)] - System Start 2024/3/14 15:45:38
2024-03-14 15:45:39,149 [9] FATAL ProcessLogger [(null)] - initialize2024/3/14 15:45:39
2024-03-14 15:48:08,184 [9] FATAL ProcessLogger [(null)] - System Start 2024/3/14 15:48:08
2024-03-14 15:48:08,186 [9] FATAL ProcessLogger [(null)] - System Start 2024/3/14 15:48:08
2024-03-14 15:48:09,668 [9] FATAL ProcessLogger [(null)] - System Start 2024/3/14 15:48:09
2024-03-14 15:48:56,509 [9] FATAL ProcessLogger [(null)] - System Start 2024/3/14 15:48:56
2024-03-14 15:48:56,509 [9] FATAL ProcessLogger [(null)] - System Start 2024/3/14 15:48:56
2024-03-14 15:48:56,571 [9] FATAL ProcessLogger [(null)] - 68013 Read FangAN 2024/3/14 15:48:56
2024-03-14 15:48:56,571 [9] FATAL ProcessLogger [(null)] - 68014 Read FangAN 2024/3/14 15:48:56
2024-03-14 15:48:56,600 [9] FATAL ProcessLogger [(null)] - 68015 Read FangAN 2024/3/14 15:48:56
2024-03-14 15:48:56,601 [9] FATAL ProcessLogger [(null)] - 68016 Read FangAN 2024/3/14 15:48:56
2024-03-14 15:56:58,697 [9] FATAL ProcessLogger [(null)] - System Start 2024/3/14 15:56:58
2024-03-14 15:57:00,199 [9] FATAL ProcessLogger [(null)] - System Start 2024/3/14 15:57:00
2024-03-14 15:57:09,978 [9] FATAL ProcessLogger [(null)] - System Start 2024/3/14 15:57:09
2024-03-14 15:57:11,110 [9] FATAL ProcessLogger [(null)] - System Start 2024/3/14 15:57:11
2024-03-14 15:57:11,650 [9] FATAL ProcessLogger [(null)] - System Start 2024/3/14 15:57:11
2024-03-14 15:57:12,636 [9] FATAL ProcessLogger [(null)] - System Start 2024/3/14 15:57:12
2024-03-14 15:57:13,439 [9] FATAL ProcessLogger [(null)] - System Start 2024/3/14 15:57:13
2024-03-14 15:57:45,406 [9] FATAL ProcessLogger [(null)] - System Start 2024/3/14 15:57:45
2024-03-14 15:57:47,570 [9] FATAL ProcessLogger [(null)] - System Start 2024/3/14 15:57:47
2024-03-14 15:57:49,356 [9] FATAL ProcessLogger [(null)] - System Start 2024/3/14 15:57:49
2024-03-14 15:57:50,910 [9] FATAL ProcessLogger [(null)] - System Start 2024/3/14 15:57:50
2024-03-14 15:59:32,478 [10] FATAL ProcessLogger [(null)] - System Start 2024/3/14 15:59:32
2024-03-14 15:59:32,602 [10] FATAL ProcessLogger [(null)] - initialize2024/3/14 15:59:32
2024-03-14 15:59:35,811 [10] FATAL ProcessLogger [(null)] - System Start 2024/3/14 15:59:35
2024-03-14 15:59:35,813 [10] FATAL ProcessLogger [(null)] - System Start 2024/3/14 15:59:35
2024-03-14 15:59:37,179 [10] FATAL ProcessLogger [(null)] - System Start 2024/3/14 15:59:37
2024-03-14 15:59:44,670 [10] FATAL ProcessLogger [(null)] - System Start 2024/3/14 15:59:44
2024-03-14 15:59:45,825 [10] FATAL ProcessLogger [(null)] - System Start 2024/3/14 15:59:45
2024-03-14 15:59:46,332 [10] FATAL ProcessLogger [(null)] - System Start 2024/3/14 15:59:46
2024-03-14 15:59:47,154 [10] FATAL ProcessLogger [(null)] - System Start 2024/3/14 15:59:47
2024-03-14 15:59:47,792 [10] FATAL ProcessLogger [(null)] - System Start 2024/3/14 15:59:47
2024-03-14 16:01:58,127 [9] FATAL ProcessLogger [(null)] - System Start 2024/3/14 16:01:58
2024-03-14 16:01:58,249 [9] FATAL ProcessLogger [(null)] - initialize2024/3/14 16:01:58
2024-03-14 16:02:01,752 [9] FATAL ProcessLogger [(null)] - System Start 2024/3/14 16:02:01
2024-03-14 16:02:01,753 [9] FATAL ProcessLogger [(null)] - System Start 2024/3/14 16:02:01
2024-03-14 16:02:02,882 [9] FATAL ProcessLogger [(null)] - System Start 2024/3/14 16:02:02
2024-03-14 16:02:21,916 [9] FATAL ProcessLogger [(null)] - System Start 2024/3/14 16:02:21
2024-03-14 16:02:22,907 [9] FATAL ProcessLogger [(null)] - System Start 2024/3/14 16:02:22
2024-03-14 16:02:23,427 [9] FATAL ProcessLogger [(null)] - System Start 2024/3/14 16:02:23
2024-03-14 16:02:24,164 [9] FATAL ProcessLogger [(null)] - System Start 2024/3/14 16:02:24
2024-03-14 16:02:24,742 [9] FATAL ProcessLogger [(null)] - System Start 2024/3/14 16:02:24
2024-03-14 16:03:20,235 [10] FATAL ProcessLogger [(null)] - System Start 2024/3/14 16:03:20
2024-03-14 16:03:20,378 [10] FATAL ProcessLogger [(null)] - initialize2024/3/14 16:03:20
2024-03-14 16:03:24,268 [10] FATAL ProcessLogger [(null)] - System Start 2024/3/14 16:03:24
2024-03-14 16:03:24,269 [10] FATAL ProcessLogger [(null)] - System Start 2024/3/14 16:03:24
2024-03-14 16:03:25,326 [10] FATAL ProcessLogger [(null)] - System Start 2024/3/14 16:03:25
2024-03-14 16:03:35,322 [10] FATAL ProcessLogger [(null)] - System Start 2024/3/14 16:03:35
2024-03-14 16:03:36,297 [10] FATAL ProcessLogger [(null)] - System Start 2024/3/14 16:03:36
2024-03-14 16:03:36,794 [10] FATAL ProcessLogger [(null)] - System Start 2024/3/14 16:03:36
2024-03-14 16:03:37,477 [10] FATAL ProcessLogger [(null)] - System Start 2024/3/14 16:03:37
2024-03-14 16:03:38,042 [10] FATAL ProcessLogger [(null)] - System Start 2024/3/14 16:03:38
2024-03-14 16:05:13,368 [9] FATAL ProcessLogger [(null)] - System Start 2024/3/14 16:05:13
2024-03-14 16:05:13,476 [9] FATAL ProcessLogger [(null)] - initialize2024/3/14 16:05:13
2024-03-14 16:05:16,665 [9] FATAL ProcessLogger [(null)] - System Start 2024/3/14 16:05:16
2024-03-14 16:05:16,666 [9] FATAL ProcessLogger [(null)] - System Start 2024/3/14 16:05:16
2024-03-14 16:05:17,724 [9] FATAL ProcessLogger [(null)] - System Start 2024/3/14 16:05:17
2024-03-14 16:06:17,434 [9] FATAL ProcessLogger [(null)] - System Start 2024/3/14 16:06:17
2024-03-14 16:06:18,530 [9] FATAL ProcessLogger [(null)] - System Start 2024/3/14 16:06:18
2024-03-14 16:06:19,041 [9] FATAL ProcessLogger [(null)] - System Start 2024/3/14 16:06:19
2024-03-14 16:06:19,789 [9] FATAL ProcessLogger [(null)] - System Start 2024/3/14 16:06:19
2024-03-14 16:06:20,429 [9] FATAL ProcessLogger [(null)] - System Start 2024/3/14 16:06:20
2024-03-14 16:24:18,579 [10] FATAL ProcessLogger [(null)] - System Start 2024/3/14 16:24:18
2024-03-14 16:24:18,700 [10] FATAL ProcessLogger [(null)] - initialize2024/3/14 16:24:18
2024-03-14 16:25:05,378 [9] FATAL ProcessLogger [(null)] - System Start 2024/3/14 16:25:05
2024-03-14 16:25:05,487 [9] FATAL ProcessLogger [(null)] - initialize2024/3/14 16:25:05
2024-03-14 16:25:44,455 [9] FATAL ProcessLogger [(null)] - System Start 2024/3/14 16:25:44
2024-03-14 16:25:44,541 [9] FATAL ProcessLogger [(null)] - initialize2024/3/14 16:25:44
2024-03-14 16:25:48,453 [9] FATAL ProcessLogger [(null)] - System Start 2024/3/14 16:25:48
2024-03-14 16:25:48,455 [9] FATAL ProcessLogger [(null)] - System Start 2024/3/14 16:25:48
2024-03-14 16:25:50,785 [9] FATAL ProcessLogger [(null)] - System Error 60239 MongoDB.Driver.MongoConnectionException: Unable to connect to server 127.0.0.1:27017: 未将对象引用设置到对象的实例。. ---> System.NullReferenceException: 未将对象引用设置到对象的实例。
   在 MongoDB.Driver.MongoServerInstance.RefreshStateAsSoonAsPossible()
   在 MongoDB.Driver.Internal.MongoConnection.HandleException(Exception ex)
   在 MongoDB.Driver.Internal.MongoConnection.SendMessage(BsonBuffer buffer, Int32 requestId)
   在 MongoDB.Driver.Internal.MongoConnection.SendMessage(MongoRequestMessage message)
   在 MongoDB.Driver.Operations.CommandOperation`1.Execute(MongoConnection connection)
   在 MongoDB.Driver.MongoServerInstance.RunCommandAs[TCommandResult](MongoConnection connection, String databaseName, IMongoCommand command)
   在 MongoDB.Driver.MongoServerInstance.Ping(MongoConnection connection)
   在 MongoDB.Driver.MongoServerInstance.Connect()
   在 MongoDB.Driver.Internal.DirectMongoServerProxy.Connect(TimeSpan timeout, ReadPreference readPreference)
   --- 内部异常堆栈跟踪的结尾 ---
   在 MC.Buiness.clsAllnew.Read_CaiPiaoZhongLei_Moren(String findtext) 位置 f:\git_version\Masterclassified\MC.Buiness\clsAllnew.cs:行号 1085
   在 MasterClassified.frmTracing_Analysis.InitialSystemInfo() 位置 f:\git_version\Masterclassified\MasterClassified\frmTracing_Analysis.cs:行号 1022024/3/14 16:25:50
2024-03-14 16:26:33,770 [9] FATAL ProcessLogger [(null)] - System Start 2024/3/14 16:26:33
2024-03-14 16:26:33,985 [9] FATAL ProcessLogger [(null)] - initialize2024/3/14 16:26:33
2024-03-14 16:27:46,575 [9] FATAL ProcessLogger [(null)] - System Start 2024/3/14 16:27:46
2024-03-14 16:27:46,656 [9] FATAL ProcessLogger [(null)] - initialize2024/3/14 16:27:46
2024-03-14 16:27:50,258 [9] FATAL ProcessLogger [(null)] - System Start 2024/3/14 16:27:50
2024-03-14 16:27:50,259 [9] FATAL ProcessLogger [(null)] - System Start 2024/3/14 16:27:50
2024-03-14 16:27:52,593 [9] FATAL ProcessLogger [(null)] - System Error 60239 MongoDB.Driver.MongoConnectionException: Unable to connect to server 127.0.0.1:27017: 未将对象引用设置到对象的实例。. ---> System.NullReferenceException: 未将对象引用设置到对象的实例。
   在 MongoDB.Driver.MongoServerInstance.RefreshStateAsSoonAsPossible()
   在 MongoDB.Driver.Internal.MongoConnection.HandleException(Exception ex)
   在 MongoDB.Driver.Internal.MongoConnection.SendMessage(BsonBuffer buffer, Int32 requestId)
   在 MongoDB.Driver.Internal.MongoConnection.SendMessage(MongoRequestMessage message)
   在 MongoDB.Driver.Operations.CommandOperation`1.Execute(MongoConnection connection)
   在 MongoDB.Driver.MongoServerInstance.RunCommandAs[TCommandResult](MongoConnection connection, String databaseName, IMongoCommand command)
   在 MongoDB.Driver.MongoServerInstance.Ping(MongoConnection connection)
   在 MongoDB.Driver.MongoServerInstance.Connect()
   在 MongoDB.Driver.Internal.DirectMongoServerProxy.Connect(TimeSpan timeout, ReadPreference readPreference)
   --- 内部异常堆栈跟踪的结尾 ---
   在 MC.Buiness.clsAllnew.Read_CaiPiaoZhongLei_Moren(String findtext) 位置 f:\git_version\Masterclassified\MC.Buiness\clsAllnew.cs:行号 1085
   在 MasterClassified.frmTracing_Analysis.InitialSystemInfo() 位置 f:\git_version\Masterclassified\MasterClassified\frmTracing_Analysis.cs:行号 1022024/3/14 16:27:52
2024-03-14 16:30:55,987 [10] FATAL ProcessLogger [(null)] - System Start 2024/3/14 16:30:55
2024-03-14 16:30:56,119 [10] FATAL ProcessLogger [(null)] - initialize2024/3/14 16:30:56
2024-03-14 16:30:59,719 [10] FATAL ProcessLogger [(null)] - System Start 2024/3/14 16:30:59
2024-03-14 16:30:59,721 [10] FATAL ProcessLogger [(null)] - System Start 2024/3/14 16:30:59
2024-03-14 16:31:02,278 [10] FATAL ProcessLogger [(null)] - System Error 60239 MongoDB.Driver.MongoConnectionException: Unable to connect to server 127.0.0.1:27017: 未将对象引用设置到对象的实例。. ---> System.NullReferenceException: 未将对象引用设置到对象的实例。
   在 MongoDB.Driver.MongoServerInstance.RefreshStateAsSoonAsPossible()
   在 MongoDB.Driver.Internal.MongoConnection.HandleException(Exception ex)
   在 MongoDB.Driver.Internal.MongoConnection.SendMessage(BsonBuffer buffer, Int32 requestId)
   在 MongoDB.Driver.Internal.MongoConnection.SendMessage(MongoRequestMessage message)
   在 MongoDB.Driver.Operations.CommandOperation`1.Execute(MongoConnection connection)
   在 MongoDB.Driver.MongoServerInstance.RunCommandAs[TCommandResult](MongoConnection connection, String databaseName, IMongoCommand command)
   在 MongoDB.Driver.MongoServerInstance.Ping(MongoConnection connection)
   在 MongoDB.Driver.MongoServerInstance.Connect()
   在 MongoDB.Driver.Internal.DirectMongoServerProxy.Connect(TimeSpan timeout, ReadPreference readPreference)
   --- 内部异常堆栈跟踪的结尾 ---
   在 MC.Buiness.clsAllnew.Read_CaiPiaoZhongLei_Moren(String findtext) 位置 f:\git_version\Masterclassified\MC.Buiness\clsAllnew.cs:行号 1085
   在 MasterClassified.frmTracing_Analysis.InitialSystemInfo() 位置 f:\git_version\Masterclassified\MasterClassified\frmTracing_Analysis.cs:行号 1022024/3/14 16:31:02
2024-03-14 16:31:47,174 [10] FATAL ProcessLogger [(null)] - System Start 2024/3/14 16:31:47
2024-03-14 16:31:47,252 [10] FATAL ProcessLogger [(null)] - initialize2024/3/14 16:31:47
2024-03-14 16:32:37,907 [9] FATAL ProcessLogger [(null)] - System Start 2024/3/14 16:32:37
2024-03-14 16:32:37,988 [9] FATAL ProcessLogger [(null)] - initialize2024/3/14 16:32:37
2024-03-14 18:25:44,983 [9] FATAL ProcessLogger [(null)] - System Start 2024/3/14 18:25:44
2024-03-14 18:25:45,113 [9] FATAL ProcessLogger [(null)] - initialize2024/3/14 18:25:45
2024-03-14 18:25:48,707 [9] FATAL ProcessLogger [(null)] - System Start 2024/3/14 18:25:48
2024-03-14 18:25:48,711 [9] FATAL ProcessLogger [(null)] - System Start 2024/3/14 18:25:48
2024-03-14 18:25:49,766 [9] FATAL ProcessLogger [(null)] - System Start 2024/3/14 18:25:49
2024-03-14 18:25:57,150 [9] FATAL ProcessLogger [(null)] - System Start 2024/3/14 18:25:57
2024-03-14 18:25:57,150 [9] FATAL ProcessLogger [(null)] - System Start 2024/3/14 18:25:57
2024-03-14 18:25:57,204 [9] FATAL ProcessLogger [(null)] - 68013 Read FangAN 2024/3/14 18:25:57
2024-03-14 18:25:57,204 [9] FATAL ProcessLogger [(null)] - 68014 Read FangAN 2024/3/14 18:25:57
2024-03-14 18:25:57,231 [9] FATAL ProcessLogger [(null)] - 68015 Read FangAN 2024/3/14 18:25:57
2024-03-14 18:25:57,231 [9] FATAL ProcessLogger [(null)] - 68016 Read FangAN 2024/3/14 18:25:57
2024-03-14 18:26:56,693 [9] FATAL ProcessLogger [(null)] - System Start 2024/3/14 18:26:56
2024-03-14 18:26:56,777 [9] FATAL ProcessLogger [(null)] - initialize2024/3/14 18:26:56
2024-03-14 18:26:59,432 [9] FATAL ProcessLogger [(null)] - System Start 2024/3/14 18:26:59
2024-03-14 18:26:59,433 [9] FATAL ProcessLogger [(null)] - System Start 2024/3/14 18:26:59
2024-03-14 18:27:00,502 [9] FATAL ProcessLogger [(null)] - System Start 2024/3/14 18:27:00
2024-03-14 18:27:06,788 [9] FATAL ProcessLogger [(null)] - System Start 2024/3/14 18:27:06
2024-03-14 18:27:06,789 [9] FATAL ProcessLogger [(null)] - System Start 2024/3/14 18:27:06
2024-03-14 18:27:06,847 [9] FATAL ProcessLogger [(null)] - 68013 Read FangAN 2024/3/14 18:27:06
2024-03-14 18:27:06,848 [9] FATAL ProcessLogger [(null)] - 68014 Read FangAN 2024/3/14 18:27:06
2024-03-14 18:27:06,875 [9] FATAL ProcessLogger [(null)] - 68015 Read FangAN 2024/3/14 18:27:06
2024-03-14 18:27:06,876 [9] FATAL ProcessLogger [(null)] - 68016 Read FangAN 2024/3/14 18:27:06
2024-03-14 18:30:48,403 [9] FATAL ProcessLogger [(null)] - System Start 2024/3/14 18:30:48
2024-03-14 18:30:48,490 [9] FATAL ProcessLogger [(null)] - initialize2024/3/14 18:30:48
2024-03-14 18:31:03,214 [9] FATAL ProcessLogger [(null)] - System Start 2024/3/14 18:31:03
2024-03-14 18:31:03,215 [9] FATAL ProcessLogger [(null)] - System Start 2024/3/14 18:31:03
2024-03-14 18:31:04,305 [9] FATAL ProcessLogger [(null)] - System Start 2024/3/14 18:31:04
2024-03-14 18:31:11,106 [9] FATAL ProcessLogger [(null)] - System Start 2024/3/14 18:31:11
2024-03-14 18:31:11,106 [9] FATAL ProcessLogger [(null)] - System Start 2024/3/14 18:31:11
2024-03-14 18:31:11,172 [9] FATAL ProcessLogger [(null)] - 68013 Read FangAN 2024/3/14 18:31:11
2024-03-14 18:31:11,173 [9] FATAL ProcessLogger [(null)] - 68014 Read FangAN 2024/3/14 18:31:11
2024-03-14 18:31:11,209 [9] FATAL ProcessLogger [(null)] - 68015 Read FangAN 2024/3/14 18:31:11
2024-03-14 18:31:11,210 [9] FATAL ProcessLogger [(null)] - 68016 Read FangAN 2024/3/14 18:31:11
2024-03-14 18:31:37,838 [9] FATAL ProcessLogger [(null)] - System Start 2024/3/14 18:31:37
2024-03-14 18:31:49,421 [9] FATAL ProcessLogger [(null)] - System Start 2024/3/14 18:31:49
2024-03-14 18:31:51,058 [9] FATAL ProcessLogger [(null)] - System Start 2024/3/14 18:31:51
2024-03-14 18:31:51,648 [9] FATAL ProcessLogger [(null)] - System Start 2024/3/14 18:31:51
2024-03-14 18:31:52,466 [9] FATAL ProcessLogger [(null)] - System Start 2024/3/14 18:31:52
2024-03-14 18:31:53,144 [9] FATAL ProcessLogger [(null)] - System Start 2024/3/14 18:31:53
2024-03-14 18:37:20,180 [9] FATAL ProcessLogger [(null)] - System Start 2024/3/14 18:37:20
2024-03-14 18:37:20,253 [9] FATAL ProcessLogger [(null)] - initialize2024/3/14 18:37:20
2024-03-14 18:37:23,024 [9] FATAL ProcessLogger [(null)] - System Start 2024/3/14 18:37:23
2024-03-14 18:37:23,025 [9] FATAL ProcessLogger [(null)] - System Start 2024/3/14 18:37:23
2024-03-14 18:37:24,186 [9] FATAL ProcessLogger [(null)] - System Start 2024/3/14 18:37:24
2024-03-14 18:37:36,651 [9] FATAL ProcessLogger [(null)] - System Start 2024/3/14 18:37:36
2024-03-14 18:37:37,616 [9] FATAL ProcessLogger [(null)] - System Start 2024/3/14 18:37:37
2024-03-14 18:37:38,084 [9] FATAL ProcessLogger [(null)] - System Start 2024/3/14 18:37:38
2024-03-14 18:37:38,725 [9] FATAL ProcessLogger [(null)] - System Start 2024/3/14 18:37:38
2024-03-14 18:37:39,284 [9] FATAL ProcessLogger [(null)] - System Start 2024/3/14 18:37:39
2024-03-14 18:38:44,523 [9] FATAL ProcessLogger [(null)] - System Start 2024/3/14 18:38:44
2024-03-14 18:38:44,637 [9] FATAL ProcessLogger [(null)] - initialize2024/3/14 18:38:44
2024-03-14 18:38:48,113 [9] FATAL ProcessLogger [(null)] - System Start 2024/3/14 18:38:48
2024-03-14 18:38:48,115 [9] FATAL ProcessLogger [(null)] - System Start 2024/3/14 18:38:48
2024-03-14 18:38:49,136 [9] FATAL ProcessLogger [(null)] - System Start 2024/3/14 18:38:49
2024-03-14 18:38:56,603 [9] FATAL ProcessLogger [(null)] - System Start 2024/3/14 18:38:56
2024-03-14 18:38:57,435 [9] FATAL ProcessLogger [(null)] - System Start 2024/3/14 18:38:57
2024-03-14 18:38:57,835 [9] FATAL ProcessLogger [(null)] - System Start 2024/3/14 18:38:57
2024-03-14 18:38:58,346 [9] FATAL ProcessLogger [(null)] - System Start 2024/3/14 18:38:58
2024-03-14 18:38:58,880 [9] FATAL ProcessLogger [(null)] - System Start 2024/3/14 18:38:58
2024-03-14 18:40:10,511 [10] FATAL ProcessLogger [(null)] - System Start 2024/3/14 18:40:10
2024-03-14 18:40:10,590 [10] FATAL ProcessLogger [(null)] - initialize2024/3/14 18:40:10
2024-03-14 18:40:13,433 [10] FATAL ProcessLogger [(null)] - System Start 2024/3/14 18:40:13
2024-03-14 18:40:13,435 [10] FATAL ProcessLogger [(null)] - System Start 2024/3/14 18:40:13
2024-03-14 18:40:14,427 [10] FATAL ProcessLogger [(null)] - System Start 2024/3/14 18:40:14
2024-03-14 18:40:21,048 [10] FATAL ProcessLogger [(null)] - System Start 2024/3/14 18:40:21
2024-03-14 18:40:21,924 [10] FATAL ProcessLogger [(null)] - System Start 2024/3/14 18:40:21
2024-03-14 18:40:22,359 [10] FATAL ProcessLogger [(null)] - System Start 2024/3/14 18:40:22
2024-03-14 18:40:22,867 [10] FATAL ProcessLogger [(null)] - System Start 2024/3/14 18:40:22
2024-03-14 18:40:23,401 [10] FATAL ProcessLogger [(null)] - System Start 2024/3/14 18:40:23
2024-03-14 18:41:00,624 [9] FATAL ProcessLogger [(null)] - System Start 2024/3/14 18:41:00
2024-03-14 18:41:00,732 [9] FATAL ProcessLogger [(null)] - initialize2024/3/14 18:41:00
2024-03-14 18:41:04,739 [9] FATAL ProcessLogger [(null)] - System Start 2024/3/14 18:41:04
2024-03-14 18:41:04,740 [9] FATAL ProcessLogger [(null)] - System Start 2024/3/14 18:41:04
2024-03-14 18:41:05,795 [9] FATAL ProcessLogger [(null)] - System Start 2024/3/14 18:41:05
2024-03-14 18:41:11,605 [9] FATAL ProcessLogger [(null)] - System Start 2024/3/14 18:41:11
2024-03-14 18:41:12,463 [9] FATAL ProcessLogger [(null)] - System Start 2024/3/14 18:41:12
2024-03-14 18:41:12,920 [9] FATAL ProcessLogger [(null)] - System Start 2024/3/14 18:41:12
2024-03-14 18:41:13,445 [9] FATAL ProcessLogger [(null)] - System Start 2024/3/14 18:41:13
2024-03-14 18:41:13,988 [9] FATAL ProcessLogger [(null)] - System Start 2024/3/14 18:41:13
2024-03-14 18:42:57,506 [9] FATAL ProcessLogger [(null)] - System Start 2024/3/14 18:42:57
2024-03-14 18:42:57,620 [9] FATAL ProcessLogger [(null)] - initialize2024/3/14 18:42:57
2024-03-14 18:43:00,561 [9] FATAL ProcessLogger [(null)] - System Start 2024/3/14 18:43:00
2024-03-14 18:43:00,562 [9] FATAL ProcessLogger [(null)] - System Start 2024/3/14 18:43:00
2024-03-14 18:43:01,590 [9] FATAL ProcessLogger [(null)] - System Start 2024/3/14 18:43:01
2024-03-14 18:43:09,694 [9] FATAL ProcessLogger [(null)] - System Start 2024/3/14 18:43:09
2024-03-14 18:43:10,473 [9] FATAL ProcessLogger [(null)] - System Start 2024/3/14 18:43:10
2024-03-14 18:43:10,886 [9] FATAL ProcessLogger [(null)] - System Start 2024/3/14 18:43:10
2024-03-14 18:43:11,408 [9] FATAL ProcessLogger [(null)] - System Start 2024/3/14 18:43:11
2024-03-14 18:43:11,893 [9] FATAL ProcessLogger [(null)] - System Start 2024/3/14 18:43:11
2024-03-14 18:43:55,215 [9] FATAL ProcessLogger [(null)] - System Start 2024/3/14 18:43:55
2024-03-14 18:43:55,311 [9] FATAL ProcessLogger [(null)] - initialize2024/3/14 18:43:55
2024-03-14 18:44:29,120 [9] FATAL ProcessLogger [(null)] - System Start 2024/3/14 18:44:29
2024-03-14 18:44:29,196 [9] FATAL ProcessLogger [(null)] - initialize2024/3/14 18:44:29
2024-03-14 18:44:32,128 [9] FATAL ProcessLogger [(null)] - System Start 2024/3/14 18:44:32
2024-03-14 18:44:32,129 [9] FATAL ProcessLogger [(null)] - System Start 2024/3/14 18:44:32
2024-03-14 18:44:33,258 [9] FATAL ProcessLogger [(null)] - System Start 2024/3/14 18:44:33
2024-03-14 18:44:41,587 [9] FATAL ProcessLogger [(null)] - System Start 2024/3/14 18:44:41
2024-03-14 18:44:42,435 [9] FATAL ProcessLogger [(null)] - System Start 2024/3/14 18:44:42
2024-03-14 18:44:42,886 [9] FATAL ProcessLogger [(null)] - System Start 2024/3/14 18:44:42
2024-03-14 18:44:43,454 [9] FATAL ProcessLogger [(null)] - System Start 2024/3/14 18:44:43
2024-03-14 18:44:43,928 [9] FATAL ProcessLogger [(null)] - System Start 2024/3/14 18:44:43
2024-03-14 18:45:54,444 [9] FATAL ProcessLogger [(null)] - System Start 2024/3/14 18:45:54
2024-03-14 18:45:54,566 [9] FATAL ProcessLogger [(null)] - initialize2024/3/14 18:45:54
2024-03-14 18:46:12,302 [9] FATAL ProcessLogger [(null)] - System Start 2024/3/14 18:46:12
2024-03-14 18:46:12,304 [9] FATAL ProcessLogger [(null)] - System Start 2024/3/14 18:46:12
2024-03-14 18:46:13,376 [9] FATAL ProcessLogger [(null)] - System Start 2024/3/14 18:46:13
2024-03-14 18:46:23,101 [9] FATAL ProcessLogger [(null)] - System Start 2024/3/14 18:46:23
2024-03-14 18:46:23,956 [9] FATAL ProcessLogger [(null)] - System Start 2024/3/14 18:46:23
2024-03-14 18:46:24,361 [9] FATAL ProcessLogger [(null)] - System Start 2024/3/14 18:46:24
2024-03-14 18:46:24,958 [9] FATAL ProcessLogger [(null)] - System Start 2024/3/14 18:46:24
2024-03-14 18:46:25,460 [9] FATAL ProcessLogger [(null)] - System Start 2024/3/14 18:46:25
2024-03-14 18:47:15,314 [10] FATAL ProcessLogger [(null)] - System Start 2024/3/14 18:47:15
2024-03-14 18:47:15,418 [10] FATAL ProcessLogger [(null)] - initialize2024/3/14 18:47:15
2024-03-14 18:47:18,291 [10] FATAL ProcessLogger [(null)] - System Start 2024/3/14 18:47:18
2024-03-14 18:47:18,293 [10] FATAL ProcessLogger [(null)] - System Start 2024/3/14 18:47:18
2024-03-14 18:47:19,407 [10] FATAL ProcessLogger [(null)] - System Start 2024/3/14 18:47:19
2024-03-14 18:47:24,736 [10] FATAL ProcessLogger [(null)] - System Start 2024/3/14 18:47:24
2024-03-14 18:47:25,578 [10] FATAL ProcessLogger [(null)] - System Start 2024/3/14 18:47:25
2024-03-14 18:47:26,009 [10] FATAL ProcessLogger [(null)] - System Start 2024/3/14 18:47:26
2024-03-14 18:47:26,540 [10] FATAL ProcessLogger [(null)] - System Start 2024/3/14 18:47:26
2024-03-14 18:47:27,066 [10] FATAL ProcessLogger [(null)] - System Start 2024/3/14 18:47:27
2024-03-14 18:47:38,900 [10] FATAL ProcessLogger [(null)] - System Start 2024/3/14 18:47:38
2024-03-14 18:49:09,821 [10] FATAL ProcessLogger [(null)] - System Start 2024/3/14 18:49:09
2024-03-14 18:49:09,902 [10] FATAL ProcessLogger [(null)] - initialize2024/3/14 18:49:09
2024-03-14 18:49:14,477 [10] FATAL ProcessLogger [(null)] - System Start 2024/3/14 18:49:14
2024-03-14 18:49:14,478 [10] FATAL ProcessLogger [(null)] - System Start 2024/3/14 18:49:14
2024-03-14 18:49:15,641 [10] FATAL ProcessLogger [(null)] - System Start 2024/3/14 18:49:15
2024-03-14 18:49:28,113 [10] FATAL ProcessLogger [(null)] - System Start 2024/3/14 18:49:28
2024-03-14 18:49:28,933 [10] FATAL ProcessLogger [(null)] - System Start 2024/3/14 18:49:28
2024-03-14 18:49:29,336 [10] FATAL ProcessLogger [(null)] - System Start 2024/3/14 18:49:29
2024-03-14 18:49:29,899 [10] FATAL ProcessLogger [(null)] - System Start 2024/3/14 18:49:29
2024-03-14 18:49:30,410 [10] FATAL ProcessLogger [(null)] - System Start 2024/3/14 18:49:30
2024-03-14 18:49:40,001 [10] FATAL ProcessLogger [(null)] - System Start 2024/3/14 18:49:40
2024-03-14 18:49:40,005 [10] FATAL ProcessLogger [(null)] - System Start 2024/3/14 18:49:40
2024-03-14 18:49:43,065 [10] FATAL ProcessLogger [(null)] - System Start 2024/3/14 18:49:43
2024-03-14 18:49:43,868 [10] FATAL ProcessLogger [(null)] - System Start 2024/3/14 18:49:43
2024-03-14 18:49:44,332 [10] FATAL ProcessLogger [(null)] - System Start 2024/3/14 18:49:44
2024-03-14 18:49:44,845 [10] FATAL ProcessLogger [(null)] - System Start 2024/3/14 18:49:44
2024-03-14 18:49:45,352 [10] FATAL ProcessLogger [(null)] - System Start 2024/3/14 18:49:45
2024-03-14 18:49:46,541 [10] FATAL ProcessLogger [(null)] - System Start 2024/3/14 18:49:46
2024-03-14 18:49:46,550 [10] FATAL ProcessLogger [(null)] - System Start 2024/3/14 18:49:46
2024-03-14 18:49:46,637 [10] FATAL ProcessLogger [(null)] - System Start 2024/3/14 18:49:46
2024-03-14 18:49:48,559 [10] FATAL ProcessLogger [(null)] - System Start 2024/3/14 18:49:48
2024-03-14 18:49:49,425 [10] FATAL ProcessLogger [(null)] - System Start 2024/3/14 18:49:49
2024-03-14 18:49:50,195 [10] FATAL ProcessLogger [(null)] - System Start 2024/3/14 18:49:50
2024-03-14 18:49:50,856 [10] FATAL ProcessLogger [(null)] - System Start 2024/3/14 18:49:50
2024-03-14 18:50:25,216 [9] FATAL ProcessLogger [(null)] - System Start 2024/3/14 18:50:25
2024-03-14 18:50:25,301 [9] FATAL ProcessLogger [(null)] - initialize2024/3/14 18:50:25
2024-03-14 18:50:50,213 [9] FATAL ProcessLogger [(null)] - System Start 2024/3/14 18:50:50
2024-03-14 18:50:50,310 [9] FATAL ProcessLogger [(null)] - initialize2024/3/14 18:50:50
2024-03-14 18:51:05,504 [9] FATAL ProcessLogger [(null)] - System Start 2024/3/14 18:51:05
2024-03-14 18:51:05,505 [9] FATAL ProcessLogger [(null)] - System Start 2024/3/14 18:51:05
2024-03-14 18:51:06,426 [9] FATAL ProcessLogger [(null)] - System Start 2024/3/14 18:51:06
2024-03-14 18:51:27,254 [9] FATAL ProcessLogger [(null)] - System Start 2024/3/14 18:51:27
2024-03-14 18:51:28,050 [9] FATAL ProcessLogger [(null)] - System Start 2024/3/14 18:51:28
2024-03-14 18:51:28,449 [9] FATAL ProcessLogger [(null)] - System Start 2024/3/14 18:51:28
2024-03-14 18:51:29,033 [9] FATAL ProcessLogger [(null)] - System Start 2024/3/14 18:51:29
2024-03-14 18:51:29,536 [9] FATAL ProcessLogger [(null)] - System Start 2024/3/14 18:51:29
2024-03-14 18:52:21,022 [9] FATAL ProcessLogger [(null)] - System Start 2024/3/14 18:52:21
2024-03-14 18:52:21,113 [9] FATAL ProcessLogger [(null)] - initialize2024/3/14 18:52:21
2024-03-14 18:52:23,956 [9] FATAL ProcessLogger [(null)] - System Start 2024/3/14 18:52:23
2024-03-14 18:52:23,958 [9] FATAL ProcessLogger [(null)] - System Start 2024/3/14 18:52:23
2024-03-14 18:52:24,950 [9] FATAL ProcessLogger [(null)] - System Start 2024/3/14 18:52:24
2024-03-14 18:52:39,455 [9] FATAL ProcessLogger [(null)] - System Start 2024/3/14 18:52:39
2024-03-14 18:52:40,307 [9] FATAL ProcessLogger [(null)] - System Start 2024/3/14 18:52:40
2024-03-14 18:52:40,723 [9] FATAL ProcessLogger [(null)] - System Start 2024/3/14 18:52:40
2024-03-14 18:52:41,267 [9] FATAL ProcessLogger [(null)] - System Start 2024/3/14 18:52:41
2024-03-14 18:52:41,781 [9] FATAL ProcessLogger [(null)] - System Start 2024/3/14 18:52:41
2024-03-14 18:53:52,150 [9] FATAL ProcessLogger [(null)] - System Start 2024/3/14 18:53:52
2024-03-14 18:53:52,227 [9] FATAL ProcessLogger [(null)] - initialize2024/3/14 18:53:52
2024-03-14 18:53:54,971 [9] FATAL ProcessLogger [(null)] - System Start 2024/3/14 18:53:54
2024-03-14 18:53:54,973 [9] FATAL ProcessLogger [(null)] - System Start 2024/3/14 18:53:54
2024-03-14 18:53:55,970 [9] FATAL ProcessLogger [(null)] - System Start 2024/3/14 18:53:55
2024-03-14 18:54:01,975 [9] FATAL ProcessLogger [(null)] - System Start 2024/3/14 18:54:01
2024-03-14 18:54:02,880 [9] FATAL ProcessLogger [(null)] - System Start 2024/3/14 18:54:02
2024-03-14 18:54:03,367 [9] FATAL ProcessLogger [(null)] - System Start 2024/3/14 18:54:03
2024-03-14 18:54:04,072 [9] FATAL ProcessLogger [(null)] - System Start 2024/3/14 18:54:04
2024-03-14 18:54:04,666 [9] FATAL ProcessLogger [(null)] - System Start 2024/3/14 18:54:04
2024-03-14 18:55:50,914 [9] FATAL ProcessLogger [(null)] - System Start 2024/3/14 18:55:50
2024-03-14 18:55:59,743 [9] FATAL ProcessLogger [(null)] - System Start 2024/3/14 18:55:59
2024-03-14 18:57:05,030 [9] FATAL ProcessLogger [(null)] - System Start 2024/3/14 18:57:05
2024-03-14 18:57:05,106 [9] FATAL ProcessLogger [(null)] - initialize2024/3/14 18:57:05
