2017-01-17 21:30:05,903 [10] FATAL ProcessLogger [(null)] - System Start 1/17/2017 21:30:05
2017-01-17 21:30:05,968 [10] FATAL ProcessLogger [(null)] - initialize1/17/2017 21:30:05
2017-01-17 21:30:08,500 [10] FATAL ProcessLogger [(null)] - System Start 1/17/2017 21:30:08
2017-01-17 21:30:08,500 [10] FATAL ProcessLogger [(null)] - System Start 1/17/2017 21:30:08
2017-01-17 21:30:08,824 [10] FATAL ProcessLogger [(null)] - System Start 1/17/2017 21:30:08
2017-01-17 21:30:11,050 [10] FATAL ProcessLogger [(null)] - System Start 1/17/2017 21:30:11
2017-01-17 21:30:11,359 [10] FATAL ProcessLogger [(null)] - System Start 1/17/2017 21:30:11
2017-01-17 21:30:11,376 [10] FATAL ProcessLogger [(null)] - System Start 1/17/2017 21:30:11
2017-01-17 21:30:11,391 [10] FATAL ProcessLogger [(null)] - System Start 1/17/2017 21:30:11
2017-01-17 21:30:15,819 [10] FATAL ProcessLogger [(null)] - System Start 1/17/2017 21:30:15
2017-01-17 21:30:17,972 [10] FATAL ProcessLogger [(null)] - System Start 1/17/2017 21:30:17
2017-01-17 21:38:46,068 [10] FATAL ProcessLogger [(null)] - System Start 1/17/2017 21:38:46
2017-01-17 21:38:46,122 [10] FATAL ProcessLogger [(null)] - initialize1/17/2017 21:38:46
2017-01-17 21:38:48,211 [10] FATAL ProcessLogger [(null)] - System Start 1/17/2017 21:38:48
2017-01-17 21:38:48,212 [10] FATAL ProcessLogger [(null)] - System Start 1/17/2017 21:38:48
2017-01-17 21:38:48,396 [10] FATAL ProcessLogger [(null)] - System Read_CaiPiaoZhongLei_Moren 70104 1/17/2017 21:38:48
2017-01-17 21:38:48,398 [10] FATAL ProcessLogger [(null)] - System ReadclaimreportfromServerBy_Xuan 701051/17/2017 21:38:48
2017-01-17 21:38:48,458 [10] FATAL ProcessLogger [(null)] - System ReadclaimreportfromServerBy_Xuan 701061/17/2017 21:38:48
2017-01-17 21:38:48,459 [10] FATAL ProcessLogger [(null)] - System  701071/17/2017 21:38:48
2017-01-17 21:38:50,560 [10] FATAL ProcessLogger [(null)] - System Start 1/17/2017 21:38:50
2017-01-17 21:38:50,574 [10] FATAL ProcessLogger [(null)] - System Start 1/17/2017 21:38:50
2017-01-17 21:38:50,574 [10] FATAL ProcessLogger [(null)] - System Start 1/17/2017 21:38:50
2017-01-17 21:38:50,580 [10] FATAL ProcessLogger [(null)] - System Read_CaiPiaoZhongLei_Moren 70104 1/17/2017 21:38:50
2017-01-17 21:38:50,580 [10] FATAL ProcessLogger [(null)] - System ReadclaimreportfromServerBy_Xuan 701051/17/2017 21:38:50
2017-01-17 21:38:50,632 [10] FATAL ProcessLogger [(null)] - System ReadclaimreportfromServerBy_Xuan 701061/17/2017 21:38:50
2017-01-17 21:38:50,633 [10] FATAL ProcessLogger [(null)] - System  701071/17/2017 21:38:50
2017-01-17 21:38:54,695 [10] FATAL ProcessLogger [(null)] - System Start 1/17/2017 21:38:54
2017-01-17 21:38:54,696 [10] FATAL ProcessLogger [(null)] - System Start 1/17/2017 21:38:54
2017-01-17 21:38:54,696 [10] FATAL ProcessLogger [(null)] - System Start 1/17/2017 21:38:54
2017-01-17 21:38:54,697 [10] FATAL ProcessLogger [(null)] - System Read_CaiPiaoZhongLei_Moren 70104 1/17/2017 21:38:54
2017-01-17 21:38:54,697 [10] FATAL ProcessLogger [(null)] - System ReadclaimreportfromServerBy_Xuan 701051/17/2017 21:38:54
2017-01-17 21:38:54,748 [10] FATAL ProcessLogger [(null)] - System ReadclaimreportfromServerBy_Xuan 701061/17/2017 21:38:54
2017-01-17 21:38:54,748 [10] FATAL ProcessLogger [(null)] - System  701071/17/2017 21:38:54
2017-01-17 21:38:56,627 [10] FATAL ProcessLogger [(null)] - System Start 1/17/2017 21:38:56
2017-01-17 21:38:56,628 [10] FATAL ProcessLogger [(null)] - System Start 1/17/2017 21:38:56
2017-01-17 21:38:56,628 [10] FATAL ProcessLogger [(null)] - System Start 1/17/2017 21:38:56
2017-01-17 21:38:56,628 [10] FATAL ProcessLogger [(null)] - System Read_CaiPiaoZhongLei_Moren 70104 1/17/2017 21:38:56
2017-01-17 21:38:56,628 [10] FATAL ProcessLogger [(null)] - System ReadclaimreportfromServerBy_Xuan 701051/17/2017 21:38:56
2017-01-17 21:38:56,684 [10] FATAL ProcessLogger [(null)] - System ReadclaimreportfromServerBy_Xuan 701061/17/2017 21:38:56
2017-01-17 21:38:56,684 [10] FATAL ProcessLogger [(null)] - System  701071/17/2017 21:38:56
2017-01-17 21:38:57,187 [10] FATAL ProcessLogger [(null)] - System Start 1/17/2017 21:38:57
2017-01-17 21:38:57,188 [10] FATAL ProcessLogger [(null)] - System Start 1/17/2017 21:38:57
2017-01-17 21:38:57,188 [10] FATAL ProcessLogger [(null)] - System Start 1/17/2017 21:38:57
2017-01-17 21:38:57,188 [10] FATAL ProcessLogger [(null)] - System Read_CaiPiaoZhongLei_Moren 70104 1/17/2017 21:38:57
2017-01-17 21:38:57,188 [10] FATAL ProcessLogger [(null)] - System ReadclaimreportfromServerBy_Xuan 701051/17/2017 21:38:57
2017-01-17 21:38:57,265 [10] FATAL ProcessLogger [(null)] - System ReadclaimreportfromServerBy_Xuan 701061/17/2017 21:38:57
2017-01-17 21:38:57,265 [10] FATAL ProcessLogger [(null)] - System  701071/17/2017 21:38:57
2017-01-17 21:38:57,395 [10] FATAL ProcessLogger [(null)] - System Start 1/17/2017 21:38:57
2017-01-17 21:38:57,396 [10] FATAL ProcessLogger [(null)] - System Start 1/17/2017 21:38:57
2017-01-17 21:38:57,396 [10] FATAL ProcessLogger [(null)] - System Start 1/17/2017 21:38:57
2017-01-17 21:38:57,396 [10] FATAL ProcessLogger [(null)] - System Read_CaiPiaoZhongLei_Moren 70104 1/17/2017 21:38:57
2017-01-17 21:38:57,396 [10] FATAL ProcessLogger [(null)] - System ReadclaimreportfromServerBy_Xuan 701051/17/2017 21:38:57
2017-01-17 21:38:57,465 [10] FATAL ProcessLogger [(null)] - System ReadclaimreportfromServerBy_Xuan 701061/17/2017 21:38:57
2017-01-17 21:38:57,465 [10] FATAL ProcessLogger [(null)] - System  701071/17/2017 21:38:57
2017-01-17 21:39:06,728 [10] FATAL ProcessLogger [(null)] - System Start 1/17/2017 21:39:06
2017-01-17 21:39:08,804 [10] FATAL ProcessLogger [(null)] - System Start 1/17/2017 21:39:08
2017-01-17 21:39:08,804 [10] FATAL ProcessLogger [(null)] - System Start 1/17/2017 21:39:08
2017-01-17 21:39:08,804 [10] FATAL ProcessLogger [(null)] - System Start 1/17/2017 21:39:08
2017-01-17 21:39:08,805 [10] FATAL ProcessLogger [(null)] - System Read_CaiPiaoZhongLei_Moren 70104 1/17/2017 21:39:08
2017-01-17 21:39:08,805 [10] FATAL ProcessLogger [(null)] - System ReadclaimreportfromServerBy_Xuan 701051/17/2017 21:39:08
2017-01-17 21:39:08,857 [10] FATAL ProcessLogger [(null)] - System ReadclaimreportfromServerBy_Xuan 701061/17/2017 21:39:08
2017-01-17 21:39:08,857 [10] FATAL ProcessLogger [(null)] - System  701071/17/2017 21:39:08
2017-01-17 21:39:10,855 [10] FATAL ProcessLogger [(null)] - System Start 1/17/2017 21:39:10
2017-01-17 21:39:10,856 [10] FATAL ProcessLogger [(null)] - System Start 1/17/2017 21:39:10
2017-01-17 21:39:10,856 [10] FATAL ProcessLogger [(null)] - System Start 1/17/2017 21:39:10
2017-01-17 21:39:10,856 [10] FATAL ProcessLogger [(null)] - System Read_CaiPiaoZhongLei_Moren 70104 1/17/2017 21:39:10
2017-01-17 21:39:10,857 [10] FATAL ProcessLogger [(null)] - System ReadclaimreportfromServerBy_Xuan 701051/17/2017 21:39:10
2017-01-17 21:39:10,903 [10] FATAL ProcessLogger [(null)] - System ReadclaimreportfromServerBy_Xuan 701061/17/2017 21:39:10
2017-01-17 21:39:10,904 [10] FATAL ProcessLogger [(null)] - System  701071/17/2017 21:39:10
2017-01-17 21:42:41,160 [9] FATAL ProcessLogger [(null)] - System Start 1/17/2017 21:42:41
2017-01-17 21:42:41,222 [9] FATAL ProcessLogger [(null)] - initialize1/17/2017 21:42:41
2017-01-17 21:42:43,632 [9] FATAL ProcessLogger [(null)] - System Start 1/17/2017 21:42:43
2017-01-17 21:42:43,632 [9] FATAL ProcessLogger [(null)] - System Start 1/17/2017 21:42:43
2017-01-17 21:42:43,807 [9] FATAL ProcessLogger [(null)] - System Read_CaiPiaoZhongLei_Moren 70104 1/17/2017 21:42:43
2017-01-17 21:42:43,809 [9] FATAL ProcessLogger [(null)] - System ReadclaimreportfromServerBy_Xuan 701051/17/2017 21:42:43
2017-01-17 21:42:43,865 [9] FATAL ProcessLogger [(null)] - System ReadclaimreportfromServerBy_Xuan 701061/17/2017 21:42:43
2017-01-17 21:42:43,866 [9] FATAL ProcessLogger [(null)] - System  701071/17/2017 21:42:43
2017-01-17 21:45:53,248 [9] FATAL ProcessLogger [(null)] - System Start 1/17/2017 21:45:53
2017-01-17 21:45:53,302 [9] FATAL ProcessLogger [(null)] - initialize1/17/2017 21:45:53
2017-01-17 21:45:56,641 [9] FATAL ProcessLogger [(null)] - System Start 1/17/2017 21:45:56
2017-01-17 21:45:56,642 [9] FATAL ProcessLogger [(null)] - System Start 1/17/2017 21:45:56
2017-01-17 21:45:56,825 [9] FATAL ProcessLogger [(null)] - System Read_CaiPiaoZhongLei_Moren 70104 1/17/2017 21:45:56
2017-01-17 21:45:56,826 [9] FATAL ProcessLogger [(null)] - System ReadclaimreportfromServerBy_Xuan 701051/17/2017 21:45:56
2017-01-17 21:45:56,889 [9] FATAL ProcessLogger [(null)] - System ReadclaimreportfromServerBy_Xuan 701061/17/2017 21:45:56
2017-01-17 21:45:56,890 [9] FATAL ProcessLogger [(null)] - System  701071/17/2017 21:45:56
2017-01-17 21:48:51,433 [10] FATAL ProcessLogger [(null)] - System Start 1/17/2017 21:48:51
2017-01-17 21:48:51,494 [10] FATAL ProcessLogger [(null)] - initialize1/17/2017 21:48:51
2017-01-17 21:48:53,572 [10] FATAL ProcessLogger [(null)] - System Start 1/17/2017 21:48:53
2017-01-17 21:48:53,573 [10] FATAL ProcessLogger [(null)] - System Start 1/17/2017 21:48:53
2017-01-17 21:48:53,763 [10] FATAL ProcessLogger [(null)] - System Read_CaiPiaoZhongLei_Moren 70104 1/17/2017 21:48:53
2017-01-17 21:48:53,764 [10] FATAL ProcessLogger [(null)] - System ReadclaimreportfromServerBy_Xuan 701051/17/2017 21:48:53
2017-01-17 21:48:53,828 [10] FATAL ProcessLogger [(null)] - System ReadclaimreportfromServerBy_Xuan 701061/17/2017 21:48:53
2017-01-17 21:48:53,829 [10] FATAL ProcessLogger [(null)] - System  701071/17/2017 21:48:53
2017-01-17 21:49:00,573 [10] FATAL ProcessLogger [(null)] - System Start 1/17/2017 21:49:00
2017-01-17 21:49:00,573 [10] FATAL ProcessLogger [(null)] - System Start 1/17/2017 21:49:00
2017-01-17 21:49:02,548 [10] FATAL ProcessLogger [(null)] - System Start 1/17/2017 21:49:02
2017-01-17 21:49:02,549 [10] FATAL ProcessLogger [(null)] - System Start 1/17/2017 21:49:02
2017-01-17 21:49:04,659 [10] FATAL ProcessLogger [(null)] - System Start 1/17/2017 21:49:04
2017-01-17 21:49:04,659 [10] FATAL ProcessLogger [(null)] - System Start 1/17/2017 21:49:04
2017-01-17 22:08:40,517 [9] FATAL ProcessLogger [(null)] - System Start 1/17/2017 22:08:40
2017-01-17 22:08:40,606 [9] FATAL ProcessLogger [(null)] - initialize1/17/2017 22:08:40
