2017-01-15 21:52:43,623 [9] FATAL SystemExceptionLogger [(null)] - System Error Parameter is not valid., Exception Detail Info :   at System.Drawing.Bitmap..ctor(Int32 width, Int32 height, PixelFormat format)
   at System.Drawing.Bitmap..ctor(Int32 width, Int32 height)
   at Sunisoft.IrisSkin.x97d171718e5c7e7f.xc33f5f7a18a754cb(Graphics x41347a961b838962, Int32 x067d6ddeefb41622)
   at Sunisoft.IrisSkin.x97d171718e5c7e7f.x8bc95f030953f87b(Graphics x4b101060f4767186)
   at Sunisoft.IrisSkin.x97d171718e5c7e7f.PaintControl()
   at Sunisoft.IrisSkin.xbd3f2493841f18a1.x2bf160cd2bad82a5(Object xe0292b9ed559da7d, EventArgs xfbf34718e704c6bc)
   at System.Windows.Forms.Control.OnGotFocus(EventArgs e)
   at System.Windows.Forms.Control.WmSetFocus(Message& m)
   at System.Windows.Forms.Control.WndProc(Message& m)
   at System.Windows.Forms.TabControl.WndProc(Message& m)
   at System.Windows.Forms.Control.ControlNativeWindow.OnMessage(Message& m)
   at System.Windows.Forms.Control.ControlNativeWindow.WndProc(Message& m)
   at System.Windows.Forms.NativeWindow.Callback(IntPtr hWnd, Int32 msg, IntPtr wparam, IntPtr lparam)Time1/15/2017 21:52:43
2017-01-15 21:52:48,650 [9] FATAL SystemExceptionLogger [(null)] - System Error Parameter is not valid., Exception Detail Info :   at System.Drawing.Bitmap..ctor(Int32 width, Int32 height, PixelFormat format)
   at System.Drawing.Bitmap..ctor(Int32 width, Int32 height)
   at Sunisoft.IrisSkin.x97d171718e5c7e7f.xc33f5f7a18a754cb(Graphics x41347a961b838962, Int32 x067d6ddeefb41622)
   at Sunisoft.IrisSkin.x97d171718e5c7e7f.x8bc95f030953f87b(Graphics x4b101060f4767186)
   at Sunisoft.IrisSkin.x97d171718e5c7e7f.PaintControl()
   at Sunisoft.IrisSkin.xbd3f2493841f18a1.x2bf160cd2bad82a5(Object xe0292b9ed559da7d, EventArgs xfbf34718e704c6bc)
   at System.Windows.Forms.Control.OnGotFocus(EventArgs e)
   at System.Windows.Forms.Control.WmSetFocus(Message& m)
   at System.Windows.Forms.Control.WndProc(Message& m)
   at System.Windows.Forms.TabControl.WndProc(Message& m)
   at System.Windows.Forms.Control.ControlNativeWindow.OnMessage(Message& m)
   at System.Windows.Forms.Control.ControlNativeWindow.WndProc(Message& m)
   at System.Windows.Forms.NativeWindow.Callback(IntPtr hWnd, Int32 msg, IntPtr wparam, IntPtr lparam)Time1/15/2017 21:52:48
2017-01-15 23:02:03,173 [8] FATAL SystemExceptionLogger [(null)] - System Error Object reference not set to an instance of an object., Exception Detail Info :   at System.Windows.Forms.DataGridViewTextBoxCell.PaintPrivate(Graphics graphics, Rectangle clipBounds, Rectangle cellBounds, Int32 rowIndex, DataGridViewElementStates cellState, Object formattedValue, String errorText, DataGridViewCellStyle cellStyle, DataGridViewAdvancedBorderStyle advancedBorderStyle, DataGridViewPaintParts paintParts, Boolean computeContentBounds, Boolean computeErrorIconBounds, Boolean paint)
   at System.Windows.Forms.DataGridViewTextBoxCell.Paint(Graphics graphics, Rectangle clipBounds, Rectangle cellBounds, Int32 rowIndex, DataGridViewElementStates cellState, Object value, Object formattedValue, String errorText, DataGridViewCellStyle cellStyle, DataGridViewAdvancedBorderStyle advancedBorderStyle, DataGridViewPaintParts paintParts)
   at System.Windows.Forms.DataGridViewCell.PaintWork(Graphics graphics, Rectangle clipBounds, Rectangle cellBounds, Int32 rowIndex, DataGridViewElementStates cellState, DataGridViewCellStyle cellStyle, DataGridViewAdvancedBorderStyle advancedBorderStyle, DataGridViewPaintParts paintParts)
   at System.Windows.Forms.DataGridViewRow.PaintCells(Graphics graphics, Rectangle clipBounds, Rectangle rowBounds, Int32 rowIndex, DataGridViewElementStates rowState, Boolean isFirstDisplayedRow, Boolean isLastVisibleRow, DataGridViewPaintParts paintParts)
   at System.Windows.Forms.DataGridViewRow.Paint(Graphics graphics, Rectangle clipBounds, Rectangle rowBounds, Int32 rowIndex, DataGridViewElementStates rowState, Boolean isFirstDisplayedRow, Boolean isLastVisibleRow)
   at System.Windows.Forms.DataGridView.PaintRows(Graphics g, Rectangle boundingRect, Rectangle clipRect, Boolean singleHorizontalBorderAdded)
   at System.Windows.Forms.DataGridView.PaintGrid(Graphics g, Rectangle gridBounds, Rectangle clipRect, Boolean singleVerticalBorderAdded, Boolean singleHorizontalBorderAdded)
   at System.Windows.Forms.DataGridView.OnPaint(PaintEventArgs e)
   at System.Windows.Forms.Control.PaintWithErrorHandling(PaintEventArgs e, Int16 layer, Boolean disposeEventArgs)
   at System.Windows.Forms.Control.WmPaint(Message& m)
   at System.Windows.Forms.Control.WndProc(Message& m)
   at System.Windows.Forms.DataGridView.WndProc(Message& m)
   at System.Windows.Forms.Control.ControlNativeWindow.OnMessage(Message& m)
   at System.Windows.Forms.Control.ControlNativeWindow.WndProc(Message& m)
   at System.Windows.Forms.NativeWindow.Callback(IntPtr hWnd, Int32 msg, IntPtr wparam, IntPtr lparam)Time1/15/2017 23:02:03
2017-01-15 23:02:44,218 [8] FATAL SystemExceptionLogger [(null)] - System Error Parameter is not valid., Exception Detail Info :   at System.Drawing.Bitmap..ctor(Int32 width, Int32 height, PixelFormat format)
   at System.Drawing.Bitmap..ctor(Int32 width, Int32 height)
   at Sunisoft.IrisSkin.x97d171718e5c7e7f.xc33f5f7a18a754cb(Graphics x41347a961b838962, Int32 x067d6ddeefb41622)
   at Sunisoft.IrisSkin.x97d171718e5c7e7f.x8bc95f030953f87b(Graphics x4b101060f4767186)
   at Sunisoft.IrisSkin.x97d171718e5c7e7f.PaintControl()
   at Sunisoft.IrisSkin.xbd3f2493841f18a1.x2bf160cd2bad82a5(Object xe0292b9ed559da7d, EventArgs xfbf34718e704c6bc)
   at System.Windows.Forms.Control.OnGotFocus(EventArgs e)
   at System.Windows.Forms.Control.WmSetFocus(Message& m)
   at System.Windows.Forms.Control.WndProc(Message& m)
   at System.Windows.Forms.TabControl.WndProc(Message& m)
   at System.Windows.Forms.Control.ControlNativeWindow.OnMessage(Message& m)
   at System.Windows.Forms.Control.ControlNativeWindow.WndProc(Message& m)
   at System.Windows.Forms.NativeWindow.Callback(IntPtr hWnd, Int32 msg, IntPtr wparam, IntPtr lparam)Time1/15/2017 23:02:44
2017-01-15 23:12:43,574 [9] FATAL SystemExceptionLogger [(null)] - System Error Object reference not set to an instance of an object., Exception Detail Info :   at System.Windows.Forms.DataGridViewRowHeaderCell.PaintPrivate(Graphics graphics, Rectangle clipBounds, Rectangle cellBounds, Int32 rowIndex, DataGridViewElementStates dataGridViewElementState, Object formattedValue, String errorText, DataGridViewCellStyle cellStyle, DataGridViewAdvancedBorderStyle advancedBorderStyle, DataGridViewPaintParts paintParts, Boolean computeContentBounds, Boolean computeErrorIconBounds, Boolean paint)
   at System.Windows.Forms.DataGridViewRowHeaderCell.Paint(Graphics graphics, Rectangle clipBounds, Rectangle cellBounds, Int32 rowIndex, DataGridViewElementStates cellState, Object value, Object formattedValue, String errorText, DataGridViewCellStyle cellStyle, DataGridViewAdvancedBorderStyle advancedBorderStyle, DataGridViewPaintParts paintParts)
   at System.Windows.Forms.DataGridViewCell.PaintWork(Graphics graphics, Rectangle clipBounds, Rectangle cellBounds, Int32 rowIndex, DataGridViewElementStates cellState, DataGridViewCellStyle cellStyle, DataGridViewAdvancedBorderStyle advancedBorderStyle, DataGridViewPaintParts paintParts)
   at System.Windows.Forms.DataGridViewRow.PaintHeader(Graphics graphics, Rectangle clipBounds, Rectangle rowBounds, Int32 rowIndex, DataGridViewElementStates rowState, Boolean isFirstDisplayedRow, Boolean isLastVisibleRow, DataGridViewPaintParts paintParts)
   at System.Windows.Forms.DataGridViewRow.Paint(Graphics graphics, Rectangle clipBounds, Rectangle rowBounds, Int32 rowIndex, DataGridViewElementStates rowState, Boolean isFirstDisplayedRow, Boolean isLastVisibleRow)
   at System.Windows.Forms.DataGridView.PaintRows(Graphics g, Rectangle boundingRect, Rectangle clipRect, Boolean singleHorizontalBorderAdded)
   at System.Windows.Forms.DataGridView.PaintGrid(Graphics g, Rectangle gridBounds, Rectangle clipRect, Boolean singleVerticalBorderAdded, Boolean singleHorizontalBorderAdded)
   at System.Windows.Forms.DataGridView.OnPaint(PaintEventArgs e)
   at System.Windows.Forms.Control.PaintWithErrorHandling(PaintEventArgs e, Int16 layer, Boolean disposeEventArgs)
   at System.Windows.Forms.Control.WmPaint(Message& m)
   at System.Windows.Forms.Control.WndProc(Message& m)
   at System.Windows.Forms.DataGridView.WndProc(Message& m)
   at System.Windows.Forms.Control.ControlNativeWindow.OnMessage(Message& m)
   at System.Windows.Forms.Control.ControlNativeWindow.WndProc(Message& m)
   at System.Windows.Forms.NativeWindow.Callback(IntPtr hWnd, Int32 msg, IntPtr wparam, IntPtr lparam)Time1/15/2017 23:12:43
2017-01-15 23:13:25,583 [9] FATAL SystemExceptionLogger [(null)] - System Error Parameter is not valid., Exception Detail Info :   at System.Drawing.Bitmap..ctor(Int32 width, Int32 height, PixelFormat format)
   at System.Drawing.Bitmap..ctor(Int32 width, Int32 height)
   at Sunisoft.IrisSkin.x97d171718e5c7e7f.xc33f5f7a18a754cb(Graphics x41347a961b838962, Int32 x067d6ddeefb41622)
   at Sunisoft.IrisSkin.x97d171718e5c7e7f.x8bc95f030953f87b(Graphics x4b101060f4767186)
   at Sunisoft.IrisSkin.x97d171718e5c7e7f.PaintControl()
   at Sunisoft.IrisSkin.xbd3f2493841f18a1.x2bf160cd2bad82a5(Object xe0292b9ed559da7d, EventArgs xfbf34718e704c6bc)
   at System.Windows.Forms.Control.OnGotFocus(EventArgs e)
   at System.Windows.Forms.Control.WmSetFocus(Message& m)
   at System.Windows.Forms.Control.WndProc(Message& m)
   at System.Windows.Forms.TabControl.WndProc(Message& m)
   at System.Windows.Forms.Control.ControlNativeWindow.OnMessage(Message& m)
   at System.Windows.Forms.Control.ControlNativeWindow.WndProc(Message& m)
   at System.Windows.Forms.NativeWindow.Callback(IntPtr hWnd, Int32 msg, IntPtr wparam, IntPtr lparam)Time1/15/2017 23:13:25
2017-01-15 23:13:55,033 [9] FATAL SystemExceptionLogger [(null)] - System Error Object reference not set to an instance of an object., Exception Detail Info :   at System.Windows.Forms.DataGridViewRowHeaderCell.PaintPrivate(Graphics graphics, Rectangle clipBounds, Rectangle cellBounds, Int32 rowIndex, DataGridViewElementStates dataGridViewElementState, Object formattedValue, String errorText, DataGridViewCellStyle cellStyle, DataGridViewAdvancedBorderStyle advancedBorderStyle, DataGridViewPaintParts paintParts, Boolean computeContentBounds, Boolean computeErrorIconBounds, Boolean paint)
   at System.Windows.Forms.DataGridViewRowHeaderCell.Paint(Graphics graphics, Rectangle clipBounds, Rectangle cellBounds, Int32 rowIndex, DataGridViewElementStates cellState, Object value, Object formattedValue, String errorText, DataGridViewCellStyle cellStyle, DataGridViewAdvancedBorderStyle advancedBorderStyle, DataGridViewPaintParts paintParts)
   at System.Windows.Forms.DataGridViewCell.PaintWork(Graphics graphics, Rectangle clipBounds, Rectangle cellBounds, Int32 rowIndex, DataGridViewElementStates cellState, DataGridViewCellStyle cellStyle, DataGridViewAdvancedBorderStyle advancedBorderStyle, DataGridViewPaintParts paintParts)
   at System.Windows.Forms.DataGridViewRow.PaintHeader(Graphics graphics, Rectangle clipBounds, Rectangle rowBounds, Int32 rowIndex, DataGridViewElementStates rowState, Boolean isFirstDisplayedRow, Boolean isLastVisibleRow, DataGridViewPaintParts paintParts)
   at System.Windows.Forms.DataGridViewRow.Paint(Graphics graphics, Rectangle clipBounds, Rectangle rowBounds, Int32 rowIndex, DataGridViewElementStates rowState, Boolean isFirstDisplayedRow, Boolean isLastVisibleRow)
   at System.Windows.Forms.DataGridView.PaintRows(Graphics g, Rectangle boundingRect, Rectangle clipRect, Boolean singleHorizontalBorderAdded)
   at System.Windows.Forms.DataGridView.PaintGrid(Graphics g, Rectangle gridBounds, Rectangle clipRect, Boolean singleVerticalBorderAdded, Boolean singleHorizontalBorderAdded)
   at System.Windows.Forms.DataGridView.OnPaint(PaintEventArgs e)
   at System.Windows.Forms.Control.PaintWithErrorHandling(PaintEventArgs e, Int16 layer, Boolean disposeEventArgs)
   at System.Windows.Forms.Control.WmPaint(Message& m)
   at System.Windows.Forms.Control.WndProc(Message& m)
   at System.Windows.Forms.DataGridView.WndProc(Message& m)
   at System.Windows.Forms.Control.ControlNativeWindow.OnMessage(Message& m)
   at System.Windows.Forms.Control.ControlNativeWindow.WndProc(Message& m)
   at System.Windows.Forms.NativeWindow.Callback(IntPtr hWnd, Int32 msg, IntPtr wparam, IntPtr lparam)Time1/15/2017 23:13:55
2017-01-15 23:24:16,638 [9] FATAL SystemExceptionLogger [(null)] - System Error Object reference not set to an instance of an object., Exception Detail Info :   at System.Windows.Forms.DataGridViewRowHeaderCell.PaintPrivate(Graphics graphics, Rectangle clipBounds, Rectangle cellBounds, Int32 rowIndex, DataGridViewElementStates dataGridViewElementState, Object formattedValue, String errorText, DataGridViewCellStyle cellStyle, DataGridViewAdvancedBorderStyle advancedBorderStyle, DataGridViewPaintParts paintParts, Boolean computeContentBounds, Boolean computeErrorIconBounds, Boolean paint)
   at System.Windows.Forms.DataGridViewRowHeaderCell.Paint(Graphics graphics, Rectangle clipBounds, Rectangle cellBounds, Int32 rowIndex, DataGridViewElementStates cellState, Object value, Object formattedValue, String errorText, DataGridViewCellStyle cellStyle, DataGridViewAdvancedBorderStyle advancedBorderStyle, DataGridViewPaintParts paintParts)
   at System.Windows.Forms.DataGridViewCell.PaintWork(Graphics graphics, Rectangle clipBounds, Rectangle cellBounds, Int32 rowIndex, DataGridViewElementStates cellState, DataGridViewCellStyle cellStyle, DataGridViewAdvancedBorderStyle advancedBorderStyle, DataGridViewPaintParts paintParts)
   at System.Windows.Forms.DataGridViewRow.PaintHeader(Graphics graphics, Rectangle clipBounds, Rectangle rowBounds, Int32 rowIndex, DataGridViewElementStates rowState, Boolean isFirstDisplayedRow, Boolean isLastVisibleRow, DataGridViewPaintParts paintParts)
   at System.Windows.Forms.DataGridViewRow.Paint(Graphics graphics, Rectangle clipBounds, Rectangle rowBounds, Int32 rowIndex, DataGridViewElementStates rowState, Boolean isFirstDisplayedRow, Boolean isLastVisibleRow)
   at System.Windows.Forms.DataGridView.PaintRows(Graphics g, Rectangle boundingRect, Rectangle clipRect, Boolean singleHorizontalBorderAdded)
   at System.Windows.Forms.DataGridView.PaintGrid(Graphics g, Rectangle gridBounds, Rectangle clipRect, Boolean singleVerticalBorderAdded, Boolean singleHorizontalBorderAdded)
   at System.Windows.Forms.DataGridView.OnPaint(PaintEventArgs e)
   at System.Windows.Forms.Control.PaintWithErrorHandling(PaintEventArgs e, Int16 layer, Boolean disposeEventArgs)
   at System.Windows.Forms.Control.WmPaint(Message& m)
   at System.Windows.Forms.Control.WndProc(Message& m)
   at System.Windows.Forms.DataGridView.WndProc(Message& m)
   at System.Windows.Forms.Control.ControlNativeWindow.OnMessage(Message& m)
   at System.Windows.Forms.Control.ControlNativeWindow.WndProc(Message& m)
   at System.Windows.Forms.NativeWindow.Callback(IntPtr hWnd, Int32 msg, IntPtr wparam, IntPtr lparam)Time1/15/2017 23:24:16
2017-01-15 23:31:29,691 [9] FATAL SystemExceptionLogger [(null)] - System Error Object reference not set to an instance of an object., Exception Detail Info :   at System.Windows.Forms.DataGridViewRowHeaderCell.PaintPrivate(Graphics graphics, Rectangle clipBounds, Rectangle cellBounds, Int32 rowIndex, DataGridViewElementStates dataGridViewElementState, Object formattedValue, String errorText, DataGridViewCellStyle cellStyle, DataGridViewAdvancedBorderStyle advancedBorderStyle, DataGridViewPaintParts paintParts, Boolean computeContentBounds, Boolean computeErrorIconBounds, Boolean paint)
   at System.Windows.Forms.DataGridViewRowHeaderCell.Paint(Graphics graphics, Rectangle clipBounds, Rectangle cellBounds, Int32 rowIndex, DataGridViewElementStates cellState, Object value, Object formattedValue, String errorText, DataGridViewCellStyle cellStyle, DataGridViewAdvancedBorderStyle advancedBorderStyle, DataGridViewPaintParts paintParts)
   at System.Windows.Forms.DataGridViewCell.PaintWork(Graphics graphics, Rectangle clipBounds, Rectangle cellBounds, Int32 rowIndex, DataGridViewElementStates cellState, DataGridViewCellStyle cellStyle, DataGridViewAdvancedBorderStyle advancedBorderStyle, DataGridViewPaintParts paintParts)
   at System.Windows.Forms.DataGridViewRow.PaintHeader(Graphics graphics, Rectangle clipBounds, Rectangle rowBounds, Int32 rowIndex, DataGridViewElementStates rowState, Boolean isFirstDisplayedRow, Boolean isLastVisibleRow, DataGridViewPaintParts paintParts)
   at System.Windows.Forms.DataGridViewRow.Paint(Graphics graphics, Rectangle clipBounds, Rectangle rowBounds, Int32 rowIndex, DataGridViewElementStates rowState, Boolean isFirstDisplayedRow, Boolean isLastVisibleRow)
   at System.Windows.Forms.DataGridView.PaintRows(Graphics g, Rectangle boundingRect, Rectangle clipRect, Boolean singleHorizontalBorderAdded)
   at System.Windows.Forms.DataGridView.PaintGrid(Graphics g, Rectangle gridBounds, Rectangle clipRect, Boolean singleVerticalBorderAdded, Boolean singleHorizontalBorderAdded)
   at System.Windows.Forms.DataGridView.OnPaint(PaintEventArgs e)
   at System.Windows.Forms.Control.PaintWithErrorHandling(PaintEventArgs e, Int16 layer, Boolean disposeEventArgs)
   at System.Windows.Forms.Control.WmPaint(Message& m)
   at System.Windows.Forms.Control.WndProc(Message& m)
   at System.Windows.Forms.DataGridView.WndProc(Message& m)
   at System.Windows.Forms.Control.ControlNativeWindow.OnMessage(Message& m)
   at System.Windows.Forms.Control.ControlNativeWindow.WndProc(Message& m)
   at System.Windows.Forms.NativeWindow.Callback(IntPtr hWnd, Int32 msg, IntPtr wparam, IntPtr lparam)Time1/15/2017 23:31:29
2017-01-15 23:34:15,631 [9] FATAL SystemExceptionLogger [(null)] - System Error Object reference not set to an instance of an object., Exception Detail Info :   at System.Windows.Forms.DataGridViewTextBoxCell.PaintPrivate(Graphics graphics, Rectangle clipBounds, Rectangle cellBounds, Int32 rowIndex, DataGridViewElementStates cellState, Object formattedValue, String errorText, DataGridViewCellStyle cellStyle, DataGridViewAdvancedBorderStyle advancedBorderStyle, DataGridViewPaintParts paintParts, Boolean computeContentBounds, Boolean computeErrorIconBounds, Boolean paint)
   at System.Windows.Forms.DataGridViewTextBoxCell.Paint(Graphics graphics, Rectangle clipBounds, Rectangle cellBounds, Int32 rowIndex, DataGridViewElementStates cellState, Object value, Object formattedValue, String errorText, DataGridViewCellStyle cellStyle, DataGridViewAdvancedBorderStyle advancedBorderStyle, DataGridViewPaintParts paintParts)
   at System.Windows.Forms.DataGridViewCell.PaintWork(Graphics graphics, Rectangle clipBounds, Rectangle cellBounds, Int32 rowIndex, DataGridViewElementStates cellState, DataGridViewCellStyle cellStyle, DataGridViewAdvancedBorderStyle advancedBorderStyle, DataGridViewPaintParts paintParts)
   at System.Windows.Forms.DataGridViewRow.PaintCells(Graphics graphics, Rectangle clipBounds, Rectangle rowBounds, Int32 rowIndex, DataGridViewElementStates rowState, Boolean isFirstDisplayedRow, Boolean isLastVisibleRow, DataGridViewPaintParts paintParts)
   at System.Windows.Forms.DataGridViewRow.Paint(Graphics graphics, Rectangle clipBounds, Rectangle rowBounds, Int32 rowIndex, DataGridViewElementStates rowState, Boolean isFirstDisplayedRow, Boolean isLastVisibleRow)
   at System.Windows.Forms.DataGridView.PaintRows(Graphics g, Rectangle boundingRect, Rectangle clipRect, Boolean singleHorizontalBorderAdded)
   at System.Windows.Forms.DataGridView.PaintGrid(Graphics g, Rectangle gridBounds, Rectangle clipRect, Boolean singleVerticalBorderAdded, Boolean singleHorizontalBorderAdded)
   at System.Windows.Forms.DataGridView.OnPaint(PaintEventArgs e)
   at System.Windows.Forms.Control.PaintWithErrorHandling(PaintEventArgs e, Int16 layer, Boolean disposeEventArgs)
   at System.Windows.Forms.Control.WmPaint(Message& m)
   at System.Windows.Forms.Control.WndProc(Message& m)
   at System.Windows.Forms.DataGridView.WndProc(Message& m)
   at System.Windows.Forms.Control.ControlNativeWindow.OnMessage(Message& m)
   at System.Windows.Forms.Control.ControlNativeWindow.WndProc(Message& m)
   at System.Windows.Forms.NativeWindow.Callback(IntPtr hWnd, Int32 msg, IntPtr wparam, IntPtr lparam)Time1/15/2017 23:34:15
2017-01-15 23:36:05,259 [9] FATAL SystemExceptionLogger [(null)] - System Error Object reference not set to an instance of an object., Exception Detail Info :   at System.Windows.Forms.DataGridViewTextBoxCell.PaintPrivate(Graphics graphics, Rectangle clipBounds, Rectangle cellBounds, Int32 rowIndex, DataGridViewElementStates cellState, Object formattedValue, String errorText, DataGridViewCellStyle cellStyle, DataGridViewAdvancedBorderStyle advancedBorderStyle, DataGridViewPaintParts paintParts, Boolean computeContentBounds, Boolean computeErrorIconBounds, Boolean paint)
   at System.Windows.Forms.DataGridViewTextBoxCell.Paint(Graphics graphics, Rectangle clipBounds, Rectangle cellBounds, Int32 rowIndex, DataGridViewElementStates cellState, Object value, Object formattedValue, String errorText, DataGridViewCellStyle cellStyle, DataGridViewAdvancedBorderStyle advancedBorderStyle, DataGridViewPaintParts paintParts)
   at System.Windows.Forms.DataGridViewCell.PaintWork(Graphics graphics, Rectangle clipBounds, Rectangle cellBounds, Int32 rowIndex, DataGridViewElementStates cellState, DataGridViewCellStyle cellStyle, DataGridViewAdvancedBorderStyle advancedBorderStyle, DataGridViewPaintParts paintParts)
   at System.Windows.Forms.DataGridViewRow.PaintCells(Graphics graphics, Rectangle clipBounds, Rectangle rowBounds, Int32 rowIndex, DataGridViewElementStates rowState, Boolean isFirstDisplayedRow, Boolean isLastVisibleRow, DataGridViewPaintParts paintParts)
   at System.Windows.Forms.DataGridViewRow.Paint(Graphics graphics, Rectangle clipBounds, Rectangle rowBounds, Int32 rowIndex, DataGridViewElementStates rowState, Boolean isFirstDisplayedRow, Boolean isLastVisibleRow)
   at System.Windows.Forms.DataGridView.PaintRows(Graphics g, Rectangle boundingRect, Rectangle clipRect, Boolean singleHorizontalBorderAdded)
   at System.Windows.Forms.DataGridView.PaintGrid(Graphics g, Rectangle gridBounds, Rectangle clipRect, Boolean singleVerticalBorderAdded, Boolean singleHorizontalBorderAdded)
   at System.Windows.Forms.DataGridView.OnPaint(PaintEventArgs e)
   at System.Windows.Forms.Control.PaintWithErrorHandling(PaintEventArgs e, Int16 layer, Boolean disposeEventArgs)
   at System.Windows.Forms.Control.WmPaint(Message& m)
   at System.Windows.Forms.Control.WndProc(Message& m)
   at System.Windows.Forms.DataGridView.WndProc(Message& m)
   at System.Windows.Forms.Control.ControlNativeWindow.OnMessage(Message& m)
   at System.Windows.Forms.Control.ControlNativeWindow.WndProc(Message& m)
   at System.Windows.Forms.NativeWindow.Callback(IntPtr hWnd, Int32 msg, IntPtr wparam, IntPtr lparam)Time1/15/2017 23:36:05
2017-01-15 23:36:39,468 [9] FATAL SystemExceptionLogger [(null)] - System Error Object reference not set to an instance of an object., Exception Detail Info :   at System.Windows.Forms.DataGridViewRowHeaderCell.PaintPrivate(Graphics graphics, Rectangle clipBounds, Rectangle cellBounds, Int32 rowIndex, DataGridViewElementStates dataGridViewElementState, Object formattedValue, String errorText, DataGridViewCellStyle cellStyle, DataGridViewAdvancedBorderStyle advancedBorderStyle, DataGridViewPaintParts paintParts, Boolean computeContentBounds, Boolean computeErrorIconBounds, Boolean paint)
   at System.Windows.Forms.DataGridViewRowHeaderCell.Paint(Graphics graphics, Rectangle clipBounds, Rectangle cellBounds, Int32 rowIndex, DataGridViewElementStates cellState, Object value, Object formattedValue, String errorText, DataGridViewCellStyle cellStyle, DataGridViewAdvancedBorderStyle advancedBorderStyle, DataGridViewPaintParts paintParts)
   at System.Windows.Forms.DataGridViewCell.PaintWork(Graphics graphics, Rectangle clipBounds, Rectangle cellBounds, Int32 rowIndex, DataGridViewElementStates cellState, DataGridViewCellStyle cellStyle, DataGridViewAdvancedBorderStyle advancedBorderStyle, DataGridViewPaintParts paintParts)
   at System.Windows.Forms.DataGridViewRow.PaintHeader(Graphics graphics, Rectangle clipBounds, Rectangle rowBounds, Int32 rowIndex, DataGridViewElementStates rowState, Boolean isFirstDisplayedRow, Boolean isLastVisibleRow, DataGridViewPaintParts paintParts)
   at System.Windows.Forms.DataGridViewRow.Paint(Graphics graphics, Rectangle clipBounds, Rectangle rowBounds, Int32 rowIndex, DataGridViewElementStates rowState, Boolean isFirstDisplayedRow, Boolean isLastVisibleRow)
   at System.Windows.Forms.DataGridView.PaintRows(Graphics g, Rectangle boundingRect, Rectangle clipRect, Boolean singleHorizontalBorderAdded)
   at System.Windows.Forms.DataGridView.PaintGrid(Graphics g, Rectangle gridBounds, Rectangle clipRect, Boolean singleVerticalBorderAdded, Boolean singleHorizontalBorderAdded)
   at System.Windows.Forms.DataGridView.OnPaint(PaintEventArgs e)
   at System.Windows.Forms.Control.PaintWithErrorHandling(PaintEventArgs e, Int16 layer, Boolean disposeEventArgs)
   at System.Windows.Forms.Control.WmPaint(Message& m)
   at System.Windows.Forms.Control.WndProc(Message& m)
   at System.Windows.Forms.DataGridView.WndProc(Message& m)
   at System.Windows.Forms.Control.ControlNativeWindow.OnMessage(Message& m)
   at System.Windows.Forms.Control.ControlNativeWindow.WndProc(Message& m)
   at System.Windows.Forms.NativeWindow.Callback(IntPtr hWnd, Int32 msg, IntPtr wparam, IntPtr lparam)Time1/15/2017 23:36:39
2017-01-15 23:37:33,316 [9] FATAL SystemExceptionLogger [(null)] - System Error Object reference not set to an instance of an object., Exception Detail Info :   at System.Windows.Forms.DataGridViewRowHeaderCell.PaintPrivate(Graphics graphics, Rectangle clipBounds, Rectangle cellBounds, Int32 rowIndex, DataGridViewElementStates dataGridViewElementState, Object formattedValue, String errorText, DataGridViewCellStyle cellStyle, DataGridViewAdvancedBorderStyle advancedBorderStyle, DataGridViewPaintParts paintParts, Boolean computeContentBounds, Boolean computeErrorIconBounds, Boolean paint)
   at System.Windows.Forms.DataGridViewRowHeaderCell.Paint(Graphics graphics, Rectangle clipBounds, Rectangle cellBounds, Int32 rowIndex, DataGridViewElementStates cellState, Object value, Object formattedValue, String errorText, DataGridViewCellStyle cellStyle, DataGridViewAdvancedBorderStyle advancedBorderStyle, DataGridViewPaintParts paintParts)
   at System.Windows.Forms.DataGridViewCell.PaintWork(Graphics graphics, Rectangle clipBounds, Rectangle cellBounds, Int32 rowIndex, DataGridViewElementStates cellState, DataGridViewCellStyle cellStyle, DataGridViewAdvancedBorderStyle advancedBorderStyle, DataGridViewPaintParts paintParts)
   at System.Windows.Forms.DataGridViewRow.PaintHeader(Graphics graphics, Rectangle clipBounds, Rectangle rowBounds, Int32 rowIndex, DataGridViewElementStates rowState, Boolean isFirstDisplayedRow, Boolean isLastVisibleRow, DataGridViewPaintParts paintParts)
   at System.Windows.Forms.DataGridViewRow.Paint(Graphics graphics, Rectangle clipBounds, Rectangle rowBounds, Int32 rowIndex, DataGridViewElementStates rowState, Boolean isFirstDisplayedRow, Boolean isLastVisibleRow)
   at System.Windows.Forms.DataGridView.PaintRows(Graphics g, Rectangle boundingRect, Rectangle clipRect, Boolean singleHorizontalBorderAdded)
   at System.Windows.Forms.DataGridView.PaintGrid(Graphics g, Rectangle gridBounds, Rectangle clipRect, Boolean singleVerticalBorderAdded, Boolean singleHorizontalBorderAdded)
   at System.Windows.Forms.DataGridView.OnPaint(PaintEventArgs e)
   at System.Windows.Forms.Control.PaintWithErrorHandling(PaintEventArgs e, Int16 layer, Boolean disposeEventArgs)
   at System.Windows.Forms.Control.WmPaint(Message& m)
   at System.Windows.Forms.Control.WndProc(Message& m)
   at System.Windows.Forms.DataGridView.WndProc(Message& m)
   at System.Windows.Forms.Control.ControlNativeWindow.OnMessage(Message& m)
   at System.Windows.Forms.Control.ControlNativeWindow.WndProc(Message& m)
   at System.Windows.Forms.NativeWindow.Callback(IntPtr hWnd, Int32 msg, IntPtr wparam, IntPtr lparam)Time1/15/2017 23:37:33
2017-01-15 23:42:44,755 [9] FATAL SystemExceptionLogger [(null)] - System Error Object reference not set to an instance of an object., Exception Detail Info :   at System.Windows.Forms.DataGridViewCell.GetInheritedStyle(DataGridViewCellStyle inheritedCellStyle, Int32 rowIndex, Boolean includeColors)
   at System.Windows.Forms.DataGridViewRow.PaintCells(Graphics graphics, Rectangle clipBounds, Rectangle rowBounds, Int32 rowIndex, DataGridViewElementStates rowState, Boolean isFirstDisplayedRow, Boolean isLastVisibleRow, DataGridViewPaintParts paintParts)
   at System.Windows.Forms.DataGridViewRow.Paint(Graphics graphics, Rectangle clipBounds, Rectangle rowBounds, Int32 rowIndex, DataGridViewElementStates rowState, Boolean isFirstDisplayedRow, Boolean isLastVisibleRow)
   at System.Windows.Forms.DataGridView.PaintRows(Graphics g, Rectangle boundingRect, Rectangle clipRect, Boolean singleHorizontalBorderAdded)
   at System.Windows.Forms.DataGridView.PaintGrid(Graphics g, Rectangle gridBounds, Rectangle clipRect, Boolean singleVerticalBorderAdded, Boolean singleHorizontalBorderAdded)
   at System.Windows.Forms.DataGridView.OnPaint(PaintEventArgs e)
   at System.Windows.Forms.Control.PaintWithErrorHandling(PaintEventArgs e, Int16 layer, Boolean disposeEventArgs)
   at System.Windows.Forms.Control.WmPaint(Message& m)
   at System.Windows.Forms.Control.WndProc(Message& m)
   at System.Windows.Forms.DataGridView.WndProc(Message& m)
   at System.Windows.Forms.Control.ControlNativeWindow.OnMessage(Message& m)
   at System.Windows.Forms.Control.ControlNativeWindow.WndProc(Message& m)
   at System.Windows.Forms.NativeWindow.Callback(IntPtr hWnd, Int32 msg, IntPtr wparam, IntPtr lparam)Time1/15/2017 23:42:44
2017-01-15 23:43:12,937 [9] FATAL SystemExceptionLogger [(null)] - System Error Object reference not set to an instance of an object., Exception Detail Info :   at System.Windows.Forms.DataGridViewTextBoxCell.PaintPrivate(Graphics graphics, Rectangle clipBounds, Rectangle cellBounds, Int32 rowIndex, DataGridViewElementStates cellState, Object formattedValue, String errorText, DataGridViewCellStyle cellStyle, DataGridViewAdvancedBorderStyle advancedBorderStyle, DataGridViewPaintParts paintParts, Boolean computeContentBounds, Boolean computeErrorIconBounds, Boolean paint)
   at System.Windows.Forms.DataGridViewTextBoxCell.Paint(Graphics graphics, Rectangle clipBounds, Rectangle cellBounds, Int32 rowIndex, DataGridViewElementStates cellState, Object value, Object formattedValue, String errorText, DataGridViewCellStyle cellStyle, DataGridViewAdvancedBorderStyle advancedBorderStyle, DataGridViewPaintParts paintParts)
   at System.Windows.Forms.DataGridViewCell.PaintWork(Graphics graphics, Rectangle clipBounds, Rectangle cellBounds, Int32 rowIndex, DataGridViewElementStates cellState, DataGridViewCellStyle cellStyle, DataGridViewAdvancedBorderStyle advancedBorderStyle, DataGridViewPaintParts paintParts)
   at System.Windows.Forms.DataGridViewRow.PaintCells(Graphics graphics, Rectangle clipBounds, Rectangle rowBounds, Int32 rowIndex, DataGridViewElementStates rowState, Boolean isFirstDisplayedRow, Boolean isLastVisibleRow, DataGridViewPaintParts paintParts)
   at System.Windows.Forms.DataGridViewRow.Paint(Graphics graphics, Rectangle clipBounds, Rectangle rowBounds, Int32 rowIndex, DataGridViewElementStates rowState, Boolean isFirstDisplayedRow, Boolean isLastVisibleRow)
   at System.Windows.Forms.DataGridView.PaintRows(Graphics g, Rectangle boundingRect, Rectangle clipRect, Boolean singleHorizontalBorderAdded)
   at System.Windows.Forms.DataGridView.PaintGrid(Graphics g, Rectangle gridBounds, Rectangle clipRect, Boolean singleVerticalBorderAdded, Boolean singleHorizontalBorderAdded)
   at System.Windows.Forms.DataGridView.OnPaint(PaintEventArgs e)
   at System.Windows.Forms.Control.PaintWithErrorHandling(PaintEventArgs e, Int16 layer, Boolean disposeEventArgs)
   at System.Windows.Forms.Control.WmPaint(Message& m)
   at System.Windows.Forms.Control.WndProc(Message& m)
   at System.Windows.Forms.DataGridView.WndProc(Message& m)
   at System.Windows.Forms.Control.ControlNativeWindow.OnMessage(Message& m)
   at System.Windows.Forms.Control.ControlNativeWindow.WndProc(Message& m)
   at System.Windows.Forms.NativeWindow.Callback(IntPtr hWnd, Int32 msg, IntPtr wparam, IntPtr lparam)Time1/15/2017 23:43:12
2017-01-15 23:44:47,529 [9] FATAL SystemExceptionLogger [(null)] - System Error Object reference not set to an instance of an object., Exception Detail Info :   at System.Windows.Forms.DataGridViewCell.GetInheritedStyle(DataGridViewCellStyle inheritedCellStyle, Int32 rowIndex, Boolean includeColors)
   at System.Windows.Forms.DataGridViewRow.PaintCells(Graphics graphics, Rectangle clipBounds, Rectangle rowBounds, Int32 rowIndex, DataGridViewElementStates rowState, Boolean isFirstDisplayedRow, Boolean isLastVisibleRow, DataGridViewPaintParts paintParts)
   at System.Windows.Forms.DataGridViewRow.Paint(Graphics graphics, Rectangle clipBounds, Rectangle rowBounds, Int32 rowIndex, DataGridViewElementStates rowState, Boolean isFirstDisplayedRow, Boolean isLastVisibleRow)
   at System.Windows.Forms.DataGridView.PaintRows(Graphics g, Rectangle boundingRect, Rectangle clipRect, Boolean singleHorizontalBorderAdded)
   at System.Windows.Forms.DataGridView.PaintGrid(Graphics g, Rectangle gridBounds, Rectangle clipRect, Boolean singleVerticalBorderAdded, Boolean singleHorizontalBorderAdded)
   at System.Windows.Forms.DataGridView.OnPaint(PaintEventArgs e)
   at System.Windows.Forms.Control.PaintWithErrorHandling(PaintEventArgs e, Int16 layer, Boolean disposeEventArgs)
   at System.Windows.Forms.Control.WmPaint(Message& m)
   at System.Windows.Forms.Control.WndProc(Message& m)
   at System.Windows.Forms.DataGridView.WndProc(Message& m)
   at System.Windows.Forms.Control.ControlNativeWindow.OnMessage(Message& m)
   at System.Windows.Forms.Control.ControlNativeWindow.WndProc(Message& m)
   at System.Windows.Forms.NativeWindow.Callback(IntPtr hWnd, Int32 msg, IntPtr wparam, IntPtr lparam)Time1/15/2017 23:44:47
2017-01-15 23:48:10,586 [9] FATAL SystemExceptionLogger [(null)] - System Error Object reference not set to an instance of an object., Exception Detail Info :   at System.Windows.Forms.DataGridViewTextBoxCell.PaintPrivate(Graphics graphics, Rectangle clipBounds, Rectangle cellBounds, Int32 rowIndex, DataGridViewElementStates cellState, Object formattedValue, String errorText, DataGridViewCellStyle cellStyle, DataGridViewAdvancedBorderStyle advancedBorderStyle, DataGridViewPaintParts paintParts, Boolean computeContentBounds, Boolean computeErrorIconBounds, Boolean paint)
   at System.Windows.Forms.DataGridViewTextBoxCell.Paint(Graphics graphics, Rectangle clipBounds, Rectangle cellBounds, Int32 rowIndex, DataGridViewElementStates cellState, Object value, Object formattedValue, String errorText, DataGridViewCellStyle cellStyle, DataGridViewAdvancedBorderStyle advancedBorderStyle, DataGridViewPaintParts paintParts)
   at System.Windows.Forms.DataGridViewCell.PaintWork(Graphics graphics, Rectangle clipBounds, Rectangle cellBounds, Int32 rowIndex, DataGridViewElementStates cellState, DataGridViewCellStyle cellStyle, DataGridViewAdvancedBorderStyle advancedBorderStyle, DataGridViewPaintParts paintParts)
   at System.Windows.Forms.DataGridViewRow.PaintCells(Graphics graphics, Rectangle clipBounds, Rectangle rowBounds, Int32 rowIndex, DataGridViewElementStates rowState, Boolean isFirstDisplayedRow, Boolean isLastVisibleRow, DataGridViewPaintParts paintParts)
   at System.Windows.Forms.DataGridViewRow.Paint(Graphics graphics, Rectangle clipBounds, Rectangle rowBounds, Int32 rowIndex, DataGridViewElementStates rowState, Boolean isFirstDisplayedRow, Boolean isLastVisibleRow)
   at System.Windows.Forms.DataGridView.PaintRows(Graphics g, Rectangle boundingRect, Rectangle clipRect, Boolean singleHorizontalBorderAdded)
   at System.Windows.Forms.DataGridView.PaintGrid(Graphics g, Rectangle gridBounds, Rectangle clipRect, Boolean singleVerticalBorderAdded, Boolean singleHorizontalBorderAdded)
   at System.Windows.Forms.DataGridView.OnPaint(PaintEventArgs e)
   at System.Windows.Forms.Control.PaintWithErrorHandling(PaintEventArgs e, Int16 layer, Boolean disposeEventArgs)
   at System.Windows.Forms.Control.WmPaint(Message& m)
   at System.Windows.Forms.Control.WndProc(Message& m)
   at System.Windows.Forms.DataGridView.WndProc(Message& m)
   at System.Windows.Forms.Control.ControlNativeWindow.OnMessage(Message& m)
   at System.Windows.Forms.Control.ControlNativeWindow.WndProc(Message& m)
   at System.Windows.Forms.NativeWindow.Callback(IntPtr hWnd, Int32 msg, IntPtr wparam, IntPtr lparam)Time1/15/2017 23:48:10
