2017-01-19 09:17:16,783 [8] FATAL ProcessLogger [(null)] - System Start 1/19/2017 09:17:16
2017-01-19 09:17:16,845 [8] FATAL ProcessLogger [(null)] - initialize1/19/2017 09:17:16
2017-01-19 09:17:20,121 [8] FATAL ProcessLogger [(null)] - System Start 1/19/2017 09:17:20
2017-01-19 09:17:20,121 [8] FATAL ProcessLogger [(null)] - System Start 1/19/2017 09:17:20
2017-01-19 09:17:20,433 [8] FATAL ProcessLogger [(null)] - System Start 1/19/2017 09:17:20
2017-01-19 09:17:22,633 [8] FATAL ProcessLogger [(null)] - System Start 1/19/2017 09:17:22
2017-01-19 09:17:22,867 [8] FATAL ProcessLogger [(null)] - System Start 1/19/2017 09:17:22
2017-01-19 09:17:22,882 [8] FATAL ProcessLogger [(null)] - System Start 1/19/2017 09:17:22
2017-01-19 09:17:22,898 [8] FATAL ProcessLogger [(null)] - System Start 1/19/2017 09:17:22
2017-01-19 09:19:36,850 [9] FATAL ProcessLogger [(null)] - System Start 1/19/2017 09:19:36
2017-01-19 09:19:36,904 [9] FATAL ProcessLogger [(null)] - initialize1/19/2017 09:19:36
2017-01-19 09:19:39,227 [9] FATAL ProcessLogger [(null)] - System Start 1/19/2017 09:19:39
2017-01-19 09:19:39,227 [9] FATAL ProcessLogger [(null)] - System Start 1/19/2017 09:19:39
2017-01-19 09:19:39,511 [9] FATAL ProcessLogger [(null)] - System Start 1/19/2017 09:19:39
2017-01-19 09:19:41,632 [9] FATAL ProcessLogger [(null)] - System Start 1/19/2017 09:19:41
2017-01-19 09:19:41,881 [9] FATAL ProcessLogger [(null)] - System Start 1/19/2017 09:19:41
2017-01-19 09:19:41,895 [9] FATAL ProcessLogger [(null)] - System Start 1/19/2017 09:19:41
2017-01-19 09:19:41,913 [9] FATAL ProcessLogger [(null)] - System Start 1/19/2017 09:19:41
2017-01-19 09:21:25,800 [9] FATAL ProcessLogger [(null)] - System Start 1/19/2017 09:21:25
2017-01-19 09:21:25,856 [9] FATAL ProcessLogger [(null)] - initialize1/19/2017 09:21:25
2017-01-19 09:21:27,684 [9] FATAL ProcessLogger [(null)] - System Start 1/19/2017 09:21:27
2017-01-19 09:21:27,685 [9] FATAL ProcessLogger [(null)] - System Start 1/19/2017 09:21:27
2017-01-19 09:21:27,948 [9] FATAL ProcessLogger [(null)] - System Start 1/19/2017 09:21:27
2017-01-19 09:21:30,250 [9] FATAL ProcessLogger [(null)] - System Start 1/19/2017 09:21:30
2017-01-19 09:21:30,497 [9] FATAL ProcessLogger [(null)] - System Start 1/19/2017 09:21:30
2017-01-19 09:21:30,517 [9] FATAL ProcessLogger [(null)] - System Start 1/19/2017 09:21:30
2017-01-19 09:21:30,537 [9] FATAL ProcessLogger [(null)] - System Start 1/19/2017 09:21:30
2017-01-19 09:21:40,600 [9] FATAL ProcessLogger [(null)] - System Start 1/19/2017 09:21:40
2017-01-19 09:21:40,600 [9] FATAL ProcessLogger [(null)] - System Start 1/19/2017 09:21:40
2017-01-19 09:21:45,636 [9] FATAL ProcessLogger [(null)] - System Start 1/19/2017 09:21:45
2017-01-19 09:21:45,636 [9] FATAL ProcessLogger [(null)] - System Start 1/19/2017 09:21:45
2017-01-19 09:21:48,038 [9] FATAL ProcessLogger [(null)] - System Start 1/19/2017 09:21:48
2017-01-19 09:21:49,400 [9] FATAL ProcessLogger [(null)] - System Start 1/19/2017 09:21:49
2017-01-19 09:21:49,400 [9] FATAL ProcessLogger [(null)] - System Start 1/19/2017 09:21:49
2017-01-19 09:21:50,024 [9] FATAL ProcessLogger [(null)] - System Start 1/19/2017 09:21:50
2017-01-19 09:21:52,598 [9] FATAL ProcessLogger [(null)] - System Start 1/19/2017 09:21:52
2017-01-19 09:21:52,926 [9] FATAL ProcessLogger [(null)] - System Start 1/19/2017 09:21:52
2017-01-19 09:21:52,941 [9] FATAL ProcessLogger [(null)] - System Start 1/19/2017 09:21:52
2017-01-19 09:21:52,957 [9] FATAL ProcessLogger [(null)] - System Start 1/19/2017 09:21:52
2017-01-19 09:21:57,264 [9] FATAL ProcessLogger [(null)] - System Start 1/19/2017 09:21:57
2017-01-19 09:21:57,264 [9] FATAL ProcessLogger [(null)] - System Start 1/19/2017 09:21:57
2017-01-19 09:21:57,373 [9] FATAL ProcessLogger [(null)] - System Start 1/19/2017 09:21:57
2017-01-19 09:21:59,386 [9] FATAL ProcessLogger [(null)] - System Start 1/19/2017 09:21:59
2017-01-19 09:21:59,604 [9] FATAL ProcessLogger [(null)] - System Start 1/19/2017 09:21:59
2017-01-19 09:21:59,620 [9] FATAL ProcessLogger [(null)] - System Start 1/19/2017 09:21:59
2017-01-19 09:21:59,635 [9] FATAL ProcessLogger [(null)] - System Start 1/19/2017 09:21:59
2017-01-19 09:22:09,854 [9] FATAL ProcessLogger [(null)] - System Start 1/19/2017 09:22:09
2017-01-19 09:22:09,854 [9] FATAL ProcessLogger [(null)] - System Start 1/19/2017 09:22:09
2017-01-19 09:22:12,584 [9] FATAL ProcessLogger [(null)] - System Start 1/19/2017 09:22:12
2017-01-19 09:22:12,584 [9] FATAL ProcessLogger [(null)] - System Start 1/19/2017 09:22:12
2017-01-19 09:22:14,658 [9] FATAL ProcessLogger [(null)] - System Start 1/19/2017 09:22:14
2017-01-19 09:22:14,658 [9] FATAL ProcessLogger [(null)] - System Start 1/19/2017 09:22:14
2017-01-19 09:22:18,028 [9] FATAL ProcessLogger [(null)] - System Start 1/19/2017 09:22:18
2017-01-19 09:22:22,064 [9] FATAL ProcessLogger [(null)] - System Start 1/19/2017 09:22:22
2017-01-19 09:22:22,064 [9] FATAL ProcessLogger [(null)] - System Start 1/19/2017 09:22:22
2017-01-19 09:22:22,064 [9] FATAL ProcessLogger [(null)] - System Start 1/19/2017 09:22:22
2017-01-19 09:22:23,796 [9] FATAL ProcessLogger [(null)] - System Start 1/19/2017 09:22:23
2017-01-19 09:22:24,014 [9] FATAL ProcessLogger [(null)] - System Start 1/19/2017 09:22:24
2017-01-19 09:22:24,030 [9] FATAL ProcessLogger [(null)] - System Start 1/19/2017 09:22:24
2017-01-19 09:22:24,030 [9] FATAL ProcessLogger [(null)] - System Start 1/19/2017 09:22:24
2017-01-19 09:24:14,337 [9] FATAL ProcessLogger [(null)] - System Start 1/19/2017 09:24:14
2017-01-19 09:24:14,399 [9] FATAL ProcessLogger [(null)] - initialize1/19/2017 09:24:14
2017-01-19 09:24:16,068 [9] FATAL ProcessLogger [(null)] - System Start 1/19/2017 09:24:16
2017-01-19 09:24:16,068 [9] FATAL ProcessLogger [(null)] - System Start 1/19/2017 09:24:16
2017-01-19 09:24:16,256 [9] FATAL ProcessLogger [(null)] - System Start 1/19/2017 09:24:16
2017-01-19 09:24:18,315 [9] FATAL ProcessLogger [(null)] - System Start 1/19/2017 09:24:18
2017-01-19 09:24:18,564 [9] FATAL ProcessLogger [(null)] - System Start 1/19/2017 09:24:18
2017-01-19 09:24:18,580 [9] FATAL ProcessLogger [(null)] - System Start 1/19/2017 09:24:18
2017-01-19 09:24:18,580 [9] FATAL ProcessLogger [(null)] - System Start 1/19/2017 09:24:18
2017-01-19 09:27:28,645 [9] FATAL ProcessLogger [(null)] - System Start 1/19/2017 09:27:28
2017-01-19 09:27:28,699 [9] FATAL ProcessLogger [(null)] - initialize1/19/2017 09:27:28
2017-01-19 09:27:30,815 [9] FATAL ProcessLogger [(null)] - System Start 1/19/2017 09:27:30
2017-01-19 09:27:30,816 [9] FATAL ProcessLogger [(null)] - System Start 1/19/2017 09:27:30
2017-01-19 09:27:31,010 [9] FATAL ProcessLogger [(null)] - System Start 1/19/2017 09:27:31
2017-01-19 09:27:32,476 [9] FATAL ProcessLogger [(null)] - System Start 1/19/2017 09:27:32
2017-01-19 09:27:32,756 [9] FATAL ProcessLogger [(null)] - System Start 1/19/2017 09:27:32
2017-01-19 09:27:32,772 [9] FATAL ProcessLogger [(null)] - System Start 1/19/2017 09:27:32
2017-01-19 09:27:32,772 [9] FATAL ProcessLogger [(null)] - System Start 1/19/2017 09:27:32
2017-01-19 09:28:12,101 [9] FATAL ProcessLogger [(null)] - System Start 1/19/2017 09:28:12
2017-01-19 09:28:12,116 [9] FATAL ProcessLogger [(null)] - System Start 1/19/2017 09:28:12
2017-01-19 09:28:12,694 [9] FATAL ProcessLogger [(null)] - System Start 1/19/2017 09:28:12
2017-01-19 09:28:12,912 [9] FATAL ProcessLogger [(null)] - System Start 1/19/2017 09:28:12
2017-01-19 09:28:12,928 [9] FATAL ProcessLogger [(null)] - System Start 1/19/2017 09:28:12
2017-01-19 09:28:12,943 [9] FATAL ProcessLogger [(null)] - System Start 1/19/2017 09:28:12
2017-01-19 09:28:14,378 [9] FATAL ProcessLogger [(null)] - System Start 1/19/2017 09:28:14
2017-01-19 09:28:14,378 [9] FATAL ProcessLogger [(null)] - System Start 1/19/2017 09:28:14
2017-01-19 09:28:19,183 [9] FATAL ProcessLogger [(null)] - System Start 1/19/2017 09:28:19
2017-01-19 09:28:20,400 [9] FATAL ProcessLogger [(null)] - System Start 1/19/2017 09:28:20
2017-01-19 09:28:20,728 [9] FATAL ProcessLogger [(null)] - System Start 1/19/2017 09:28:20
2017-01-19 09:28:20,743 [9] FATAL ProcessLogger [(null)] - System Start 1/19/2017 09:28:20
2017-01-19 09:28:20,774 [9] FATAL ProcessLogger [(null)] - System Start 1/19/2017 09:28:20
2017-01-19 09:28:41,349 [9] FATAL ProcessLogger [(null)] - System Start 1/19/2017 09:28:41
2017-01-19 09:28:41,676 [9] FATAL ProcessLogger [(null)] - System Start 1/19/2017 09:28:41
2017-01-19 09:28:50,927 [9] FATAL ProcessLogger [(null)] - System Start 1/19/2017 09:28:50
2017-01-19 09:28:50,958 [9] FATAL ProcessLogger [(null)] - System Start 1/19/2017 09:28:50
2017-01-19 09:29:28,245 [9] FATAL ProcessLogger [(null)] - System Start 1/19/2017 09:29:28
2017-01-19 09:29:28,604 [9] FATAL ProcessLogger [(null)] - System Start 1/19/2017 09:29:28
2017-01-19 09:29:28,635 [9] FATAL ProcessLogger [(null)] - System Start 1/19/2017 09:29:28
2017-01-19 09:29:56,659 [9] FATAL ProcessLogger [(null)] - System Start 1/19/2017 09:29:56
2017-01-19 09:30:02,945 [9] FATAL ProcessLogger [(null)] - System Start 1/19/2017 09:30:02
2017-01-19 09:30:02,945 [9] FATAL ProcessLogger [(null)] - System Start 1/19/2017 09:30:02
2017-01-19 09:30:03,055 [9] FATAL ProcessLogger [(null)] - System Start 1/19/2017 09:30:03
2017-01-19 09:30:05,816 [9] FATAL ProcessLogger [(null)] - System Start 1/19/2017 09:30:05
2017-01-19 09:30:06,034 [9] FATAL ProcessLogger [(null)] - System Start 1/19/2017 09:30:06
2017-01-19 09:30:06,034 [9] FATAL ProcessLogger [(null)] - System Start 1/19/2017 09:30:06
2017-01-19 09:30:12,995 [9] FATAL ProcessLogger [(null)] - System Start 1/19/2017 09:30:12
2017-01-19 09:30:21,980 [9] FATAL ProcessLogger [(null)] - System Start 1/19/2017 09:30:21
2017-01-19 09:30:22,308 [9] FATAL ProcessLogger [(null)] - System Start 1/19/2017 09:30:22
2017-01-19 09:30:22,324 [9] FATAL ProcessLogger [(null)] - System Start 1/19/2017 09:30:22
2017-01-19 09:30:22,339 [9] FATAL ProcessLogger [(null)] - System Start 1/19/2017 09:30:22
2017-01-19 09:30:22,854 [9] FATAL ProcessLogger [(null)] - System Start 1/19/2017 09:30:22
2017-01-19 09:30:23,228 [9] FATAL ProcessLogger [(null)] - System Start 1/19/2017 09:30:23
2017-01-19 09:30:23,244 [9] FATAL ProcessLogger [(null)] - System Start 1/19/2017 09:30:23
2017-01-19 09:30:23,260 [9] FATAL ProcessLogger [(null)] - System Start 1/19/2017 09:30:23
2017-01-19 09:30:23,884 [9] FATAL ProcessLogger [(null)] - System Start 1/19/2017 09:30:23
2017-01-19 09:30:24,242 [9] FATAL ProcessLogger [(null)] - System Start 1/19/2017 09:30:24
2017-01-19 09:30:24,258 [9] FATAL ProcessLogger [(null)] - System Start 1/19/2017 09:30:24
2017-01-19 09:30:24,274 [9] FATAL ProcessLogger [(null)] - System Start 1/19/2017 09:30:24
2017-01-19 09:30:24,679 [9] FATAL ProcessLogger [(null)] - System Start 1/19/2017 09:30:24
2017-01-19 09:30:25,038 [9] FATAL ProcessLogger [(null)] - System Start 1/19/2017 09:30:25
2017-01-19 09:30:25,054 [9] FATAL ProcessLogger [(null)] - System Start 1/19/2017 09:30:25
2017-01-19 09:30:25,069 [9] FATAL ProcessLogger [(null)] - System Start 1/19/2017 09:30:25
2017-01-19 09:42:45,187 [9] FATAL ProcessLogger [(null)] - System Start 1/19/2017 09:42:45
2017-01-19 09:42:45,247 [9] FATAL ProcessLogger [(null)] - initialize1/19/2017 09:42:45
2017-01-19 09:42:47,497 [9] FATAL ProcessLogger [(null)] - System Start 1/19/2017 09:42:47
2017-01-19 09:42:47,497 [9] FATAL ProcessLogger [(null)] - System Start 1/19/2017 09:42:47
2017-01-19 09:42:47,767 [9] FATAL ProcessLogger [(null)] - System Start 1/19/2017 09:42:47
2017-01-19 09:42:49,928 [9] FATAL ProcessLogger [(null)] - System Start 1/19/2017 09:42:49
2017-01-19 09:42:50,178 [9] FATAL ProcessLogger [(null)] - System Start 1/19/2017 09:42:50
2017-01-19 09:42:50,198 [9] FATAL ProcessLogger [(null)] - System Start 1/19/2017 09:42:50
2017-01-19 09:42:50,218 [9] FATAL ProcessLogger [(null)] - System Start 1/19/2017 09:42:50
2017-01-19 09:43:01,298 [9] FATAL ProcessLogger [(null)] - System Start 1/19/2017 09:43:01
2017-01-19 09:43:01,298 [9] FATAL ProcessLogger [(null)] - System Start 1/19/2017 09:43:01
2017-01-19 09:43:03,878 [9] FATAL ProcessLogger [(null)] - System Start 1/19/2017 09:43:03
2017-01-19 09:43:05,208 [9] FATAL ProcessLogger [(null)] - System Start 1/19/2017 09:43:05
2017-01-19 09:43:05,488 [9] FATAL ProcessLogger [(null)] - System Start 1/19/2017 09:43:05
2017-01-19 09:43:05,508 [9] FATAL ProcessLogger [(null)] - System Start 1/19/2017 09:43:05
2017-01-19 09:43:05,518 [9] FATAL ProcessLogger [(null)] - System Start 1/19/2017 09:43:05
2017-01-19 09:54:13,937 [9] FATAL ProcessLogger [(null)] - System Start 1/19/2017 09:54:13
2017-01-19 09:54:13,997 [9] FATAL ProcessLogger [(null)] - initialize1/19/2017 09:54:13
2017-01-19 09:54:16,667 [9] FATAL ProcessLogger [(null)] - System Start 1/19/2017 09:54:16
2017-01-19 09:54:16,667 [9] FATAL ProcessLogger [(null)] - System Start 1/19/2017 09:54:16
2017-01-19 09:54:16,847 [9] FATAL ProcessLogger [(null)] - System Start 1/19/2017 09:54:16
2017-01-19 09:54:19,607 [9] FATAL ProcessLogger [(null)] - System Start 1/19/2017 09:54:19
2017-01-19 09:54:19,907 [9] FATAL ProcessLogger [(null)] - System Start 1/19/2017 09:54:19
2017-01-19 09:54:19,917 [9] FATAL ProcessLogger [(null)] - System Start 1/19/2017 09:54:19
2017-01-19 09:54:19,927 [9] FATAL ProcessLogger [(null)] - System Start 1/19/2017 09:54:19
2017-01-19 09:54:28,617 [9] FATAL ProcessLogger [(null)] - System Start 1/19/2017 09:54:28
2017-01-19 09:54:28,617 [9] FATAL ProcessLogger [(null)] - System Start 1/19/2017 09:54:28
2017-01-19 09:54:31,507 [9] FATAL ProcessLogger [(null)] - System Start 1/19/2017 09:54:31
2017-01-19 09:54:34,713 [9] FATAL ProcessLogger [(null)] - System Start 1/19/2017 09:54:34
2017-01-19 09:54:34,713 [9] FATAL ProcessLogger [(null)] - System Start 1/19/2017 09:54:34
2017-01-19 09:54:34,833 [9] FATAL ProcessLogger [(null)] - System Start 1/19/2017 09:54:34
2017-01-19 09:54:37,233 [9] FATAL ProcessLogger [(null)] - System Start 1/19/2017 09:54:37
2017-01-19 09:54:37,473 [9] FATAL ProcessLogger [(null)] - System Start 1/19/2017 09:54:37
2017-01-19 09:54:37,493 [9] FATAL ProcessLogger [(null)] - System Start 1/19/2017 09:54:37
2017-01-19 09:54:37,513 [9] FATAL ProcessLogger [(null)] - System Start 1/19/2017 09:54:37
2017-01-19 09:55:56,047 [9] FATAL ProcessLogger [(null)] - System Start 1/19/2017 09:55:56
2017-01-19 09:55:56,117 [9] FATAL ProcessLogger [(null)] - initialize1/19/2017 09:55:56
2017-01-19 09:55:59,939 [9] FATAL ProcessLogger [(null)] - System Start 1/19/2017 09:55:59
2017-01-19 09:55:59,939 [9] FATAL ProcessLogger [(null)] - System Start 1/19/2017 09:55:59
2017-01-19 09:56:00,229 [9] FATAL ProcessLogger [(null)] - System Start 1/19/2017 09:56:00
2017-01-19 09:56:01,669 [9] FATAL ProcessLogger [(null)] - System Start 1/19/2017 09:56:01
2017-01-19 09:56:01,949 [9] FATAL ProcessLogger [(null)] - System Start 1/19/2017 09:56:01
2017-01-19 09:56:01,969 [9] FATAL ProcessLogger [(null)] - System Start 1/19/2017 09:56:01
2017-01-19 09:56:01,989 [9] FATAL ProcessLogger [(null)] - System Start 1/19/2017 09:56:01
2017-01-19 09:56:07,756 [9] FATAL ProcessLogger [(null)] - System Start 1/19/2017 09:56:07
2017-01-19 10:01:25,445 [9] FATAL ProcessLogger [(null)] - System Start 1/19/2017 10:01:25
2017-01-19 10:01:34,325 [9] FATAL ProcessLogger [(null)] - System Start 1/19/2017 10:01:34
2017-01-19 10:01:51,816 [9] FATAL ProcessLogger [(null)] - System Start 1/19/2017 10:01:51
2017-01-19 10:05:44,238 [9] FATAL ProcessLogger [(null)] - System Start 1/19/2017 10:05:44
2017-01-19 10:05:48,479 [9] FATAL ProcessLogger [(null)] - System Start 1/19/2017 10:05:48
2017-01-19 10:06:12,702 [9] FATAL ProcessLogger [(null)] - System Start 1/19/2017 10:06:12
2017-01-19 10:06:27,142 [9] FATAL ProcessLogger [(null)] - System Start 1/19/2017 10:06:27
2017-01-19 10:06:41,612 [9] FATAL ProcessLogger [(null)] - System Start 1/19/2017 10:06:41
2017-01-19 10:07:20,192 [9] FATAL ProcessLogger [(null)] - System Start 1/19/2017 10:07:20
2017-01-19 10:07:34,764 [9] FATAL ProcessLogger [(null)] - System Start 1/19/2017 10:07:34
2017-01-19 10:07:51,934 [9] FATAL ProcessLogger [(null)] - System Start 1/19/2017 10:07:51
2017-01-19 10:08:05,592 [9] FATAL ProcessLogger [(null)] - System Start 1/19/2017 10:08:05
2017-01-19 10:08:15,992 [9] FATAL ProcessLogger [(null)] - System Start 1/19/2017 10:08:15
2017-01-19 10:08:19,152 [9] FATAL ProcessLogger [(null)] - System Start 1/19/2017 10:08:19
2017-01-19 10:27:09,048 [9] FATAL ProcessLogger [(null)] - System Start 1/19/2017 10:27:09
2017-01-19 10:27:09,121 [9] FATAL ProcessLogger [(null)] - initialize1/19/2017 10:27:09
2017-01-19 10:27:14,580 [9] FATAL ProcessLogger [(null)] - System Start 1/19/2017 10:27:14
2017-01-19 10:27:14,581 [9] FATAL ProcessLogger [(null)] - System Start 1/19/2017 10:27:14
2017-01-19 10:27:14,870 [9] FATAL ProcessLogger [(null)] - System Start 1/19/2017 10:27:14
2017-01-19 10:27:17,318 [9] FATAL ProcessLogger [(null)] - System Start 1/19/2017 10:27:17
2017-01-19 10:27:17,632 [9] FATAL ProcessLogger [(null)] - System Start 1/19/2017 10:27:17
2017-01-19 10:27:17,654 [9] FATAL ProcessLogger [(null)] - System Start 1/19/2017 10:27:17
2017-01-19 10:27:17,681 [9] FATAL ProcessLogger [(null)] - System Start 1/19/2017 10:27:17
2017-01-19 10:27:31,184 [9] FATAL ProcessLogger [(null)] - System Start 1/19/2017 10:27:31
2017-01-19 10:27:31,184 [9] FATAL ProcessLogger [(null)] - System Start 1/19/2017 10:27:31
2017-01-19 10:27:31,185 [9] FATAL ProcessLogger [(null)] - System Read_CaiPiaoZhongLei_Moren 70104 1/19/2017 10:27:31
2017-01-19 10:27:31,186 [9] FATAL ProcessLogger [(null)] - System ReadclaimreportfromServerBy_Xuan 701051/19/2017 10:27:31
2017-01-19 10:27:31,286 [9] FATAL ProcessLogger [(null)] - System ReadclaimreportfromServerBy_Xuan 701061/19/2017 10:27:31
2017-01-19 10:27:31,287 [9] FATAL ProcessLogger [(null)] - System  701071/19/2017 10:27:31
2017-01-19 10:27:36,463 [9] FATAL ProcessLogger [(null)] - System Start 1/19/2017 10:27:36
2017-01-19 10:27:36,463 [9] FATAL ProcessLogger [(null)] - System Start 1/19/2017 10:27:36
2017-01-19 10:27:37,133 [9] FATAL ProcessLogger [(null)] - System Start 1/19/2017 10:27:37
2017-01-19 10:27:37,403 [9] FATAL ProcessLogger [(null)] - System Start 1/19/2017 10:27:37
2017-01-19 10:27:37,423 [9] FATAL ProcessLogger [(null)] - System Start 1/19/2017 10:27:37
2017-01-19 10:27:37,443 [9] FATAL ProcessLogger [(null)] - System Start 1/19/2017 10:27:37
2017-01-19 10:27:40,349 [9] FATAL ProcessLogger [(null)] - System Start 1/19/2017 10:27:40
2017-01-19 10:27:40,349 [9] FATAL ProcessLogger [(null)] - System Start 1/19/2017 10:27:40
2017-01-19 10:27:40,969 [9] FATAL ProcessLogger [(null)] - System Start 1/19/2017 10:27:40
2017-01-19 10:27:41,259 [9] FATAL ProcessLogger [(null)] - System Start 1/19/2017 10:27:41
2017-01-19 10:27:41,279 [9] FATAL ProcessLogger [(null)] - System Start 1/19/2017 10:27:41
2017-01-19 10:27:41,299 [9] FATAL ProcessLogger [(null)] - System Start 1/19/2017 10:27:41
2017-01-19 10:27:55,199 [9] FATAL ProcessLogger [(null)] - System Start 1/19/2017 10:27:55
2017-01-19 10:27:55,519 [9] FATAL ProcessLogger [(null)] - System Start 1/19/2017 10:27:55
2017-01-19 10:27:55,539 [9] FATAL ProcessLogger [(null)] - System Start 1/19/2017 10:27:55
2017-01-19 10:27:55,559 [9] FATAL ProcessLogger [(null)] - System Start 1/19/2017 10:27:55
2017-01-19 10:30:52,972 [9] FATAL ProcessLogger [(null)] - System Start 1/19/2017 10:30:52
2017-01-19 10:30:53,382 [9] FATAL ProcessLogger [(null)] - System Start 1/19/2017 10:30:53
2017-01-19 10:30:53,402 [9] FATAL ProcessLogger [(null)] - System Start 1/19/2017 10:30:53
2017-01-19 10:30:53,432 [9] FATAL ProcessLogger [(null)] - System Start 1/19/2017 10:30:53
2017-01-19 10:35:12,208 [9] FATAL ProcessLogger [(null)] - System Start 1/19/2017 10:35:12
2017-01-19 10:35:12,258 [9] FATAL ProcessLogger [(null)] - initialize1/19/2017 10:35:12
2017-01-19 10:35:15,308 [9] FATAL ProcessLogger [(null)] - System Start 1/19/2017 10:35:15
2017-01-19 10:35:15,308 [9] FATAL ProcessLogger [(null)] - System Start 1/19/2017 10:35:15
2017-01-19 10:35:15,598 [9] FATAL ProcessLogger [(null)] - System Start 1/19/2017 10:35:15
2017-01-19 10:35:17,120 [9] FATAL ProcessLogger [(null)] - System Start 1/19/2017 10:35:17
2017-01-19 10:35:17,410 [9] FATAL ProcessLogger [(null)] - System Start 1/19/2017 10:35:17
2017-01-19 10:35:18,750 [9] FATAL ProcessLogger [(null)] - System Start 1/19/2017 10:35:18
2017-01-19 10:35:58,795 [9] FATAL ProcessLogger [(null)] - System Start 1/19/2017 10:35:58
2017-01-19 10:35:58,845 [9] FATAL ProcessLogger [(null)] - initialize1/19/2017 10:35:58
2017-01-19 10:36:02,015 [9] FATAL ProcessLogger [(null)] - System Start 1/19/2017 10:36:02
2017-01-19 10:36:02,015 [9] FATAL ProcessLogger [(null)] - System Start 1/19/2017 10:36:02
2017-01-19 10:36:02,325 [9] FATAL ProcessLogger [(null)] - System Start 1/19/2017 10:36:02
2017-01-19 10:36:14,825 [9] FATAL ProcessLogger [(null)] - System Start 1/19/2017 10:36:14
2017-01-19 10:36:15,115 [9] FATAL ProcessLogger [(null)] - System Start 1/19/2017 10:36:15
2017-01-19 10:36:15,135 [9] FATAL ProcessLogger [(null)] - System Start 1/19/2017 10:36:15
2017-01-19 10:36:15,155 [9] FATAL ProcessLogger [(null)] - System Start 1/19/2017 10:36:15
2017-01-19 10:37:39,499 [9] FATAL ProcessLogger [(null)] - System Start 1/19/2017 10:37:39
2017-01-19 10:37:39,929 [9] FATAL ProcessLogger [(null)] - System Start 1/19/2017 10:37:39
2017-01-19 10:37:39,949 [9] FATAL ProcessLogger [(null)] - System Start 1/19/2017 10:37:39
2017-01-19 10:37:39,969 [9] FATAL ProcessLogger [(null)] - System Start 1/19/2017 10:37:39
2017-01-19 10:37:55,199 [9] FATAL ProcessLogger [(null)] - System Start 1/19/2017 10:37:55
2017-01-19 10:37:55,549 [9] FATAL ProcessLogger [(null)] - System Start 1/19/2017 10:37:55
2017-01-19 10:37:55,569 [9] FATAL ProcessLogger [(null)] - System Start 1/19/2017 10:37:55
2017-01-19 10:37:55,589 [9] FATAL ProcessLogger [(null)] - System Start 1/19/2017 10:37:55
2017-01-19 10:38:10,609 [9] FATAL ProcessLogger [(null)] - System Start 1/19/2017 10:38:10
2017-01-19 10:38:10,999 [9] FATAL ProcessLogger [(null)] - System Start 1/19/2017 10:38:10
2017-01-19 10:38:11,019 [9] FATAL ProcessLogger [(null)] - System Start 1/19/2017 10:38:11
2017-01-19 10:38:11,029 [9] FATAL ProcessLogger [(null)] - System Start 1/19/2017 10:38:11
2017-01-19 10:38:23,189 [9] FATAL ProcessLogger [(null)] - System Start 1/19/2017 10:38:23
2017-01-19 10:38:23,189 [9] FATAL ProcessLogger [(null)] - System Start 1/19/2017 10:38:23
2017-01-19 10:38:23,279 [9] FATAL ProcessLogger [(null)] - System Start 1/19/2017 10:38:23
2017-01-19 10:38:24,589 [9] FATAL ProcessLogger [(null)] - System Start 1/19/2017 10:38:24
2017-01-19 10:38:24,859 [9] FATAL ProcessLogger [(null)] - System Start 1/19/2017 10:38:24
2017-01-19 10:38:24,869 [9] FATAL ProcessLogger [(null)] - System Start 1/19/2017 10:38:24
2017-01-19 10:38:24,889 [9] FATAL ProcessLogger [(null)] - System Start 1/19/2017 10:38:24
2017-01-19 10:38:40,889 [9] FATAL ProcessLogger [(null)] - System Start 1/19/2017 10:38:40
2017-01-19 10:38:41,259 [9] FATAL ProcessLogger [(null)] - System Start 1/19/2017 10:38:41
2017-01-19 10:38:41,279 [9] FATAL ProcessLogger [(null)] - System Start 1/19/2017 10:38:41
2017-01-19 10:38:41,299 [9] FATAL ProcessLogger [(null)] - System Start 1/19/2017 10:38:41
2017-01-19 10:38:50,229 [9] FATAL ProcessLogger [(null)] - System Start 1/19/2017 10:38:50
2017-01-19 10:38:50,229 [9] FATAL ProcessLogger [(null)] - System Start 1/19/2017 10:38:50
2017-01-19 10:38:50,309 [9] FATAL ProcessLogger [(null)] - System Start 1/19/2017 10:38:50
2017-01-19 10:38:51,779 [9] FATAL ProcessLogger [(null)] - System Start 1/19/2017 10:38:51
2017-01-19 10:38:52,049 [9] FATAL ProcessLogger [(null)] - System Start 1/19/2017 10:38:52
2017-01-19 10:38:52,059 [9] FATAL ProcessLogger [(null)] - System Start 1/19/2017 10:38:52
2017-01-19 10:38:52,079 [9] FATAL ProcessLogger [(null)] - System Start 1/19/2017 10:38:52
2017-01-19 10:39:23,050 [9] FATAL ProcessLogger [(null)] - System Start 1/19/2017 10:39:23
2017-01-19 10:39:59,072 [9] FATAL ProcessLogger [(null)] - System Start 1/19/2017 10:39:59
2017-01-19 11:53:30,079 [9] FATAL ProcessLogger [(null)] - System Start 1/19/2017 11:53:30
2017-01-19 11:53:30,153 [9] FATAL ProcessLogger [(null)] - initialize1/19/2017 11:53:30
2017-01-19 11:53:33,977 [9] FATAL ProcessLogger [(null)] - System Start 1/19/2017 11:53:33
2017-01-19 11:53:33,978 [9] FATAL ProcessLogger [(null)] - System Start 1/19/2017 11:53:33
2017-01-19 11:53:34,345 [9] FATAL ProcessLogger [(null)] - System Start 1/19/2017 11:53:34
2017-01-19 11:58:34,476 [8] FATAL ProcessLogger [(null)] - System Start 1/19/2017 11:58:34
2017-01-19 11:58:34,541 [8] FATAL ProcessLogger [(null)] - initialize1/19/2017 11:58:34
2017-01-19 12:29:52,596 [8] FATAL ProcessLogger [(null)] - System Start 1/19/2017 12:29:52
2017-01-19 12:29:52,668 [8] FATAL ProcessLogger [(null)] - initialize1/19/2017 12:29:52
2017-01-19 12:34:08,616 [9] FATAL ProcessLogger [(null)] - System Start 1/19/2017 12:34:08
2017-01-19 12:34:08,710 [9] FATAL ProcessLogger [(null)] - initialize1/19/2017 12:34:08
2017-01-19 12:40:11,969 [8] FATAL ProcessLogger [(null)] - System Start 1/19/2017 12:40:11
2017-01-19 12:40:12,029 [8] FATAL ProcessLogger [(null)] - initialize1/19/2017 12:40:12
2017-01-19 13:42:37,374 [9] FATAL ProcessLogger [(null)] - System Start 1/19/2017 13:42:37
2017-01-19 13:42:37,442 [9] FATAL ProcessLogger [(null)] - initialize1/19/2017 13:42:37
2017-01-19 13:42:43,984 [9] FATAL ProcessLogger [(null)] - System Start 1/19/2017 13:42:43
2017-01-19 13:42:43,985 [9] FATAL ProcessLogger [(null)] - System Start 1/19/2017 13:42:43
2017-01-19 13:42:44,404 [9] FATAL ProcessLogger [(null)] - System Start 1/19/2017 13:42:44
2017-01-19 13:42:58,381 [9] FATAL ProcessLogger [(null)] - System Start 1/19/2017 13:42:58
2017-01-19 13:42:58,381 [9] FATAL ProcessLogger [(null)] - System Start 1/19/2017 13:42:58
2017-01-19 13:42:58,472 [9] FATAL ProcessLogger [(null)] - System Start 1/19/2017 13:42:58
2017-01-19 13:43:27,806 [9] FATAL ProcessLogger [(null)] - System Start 1/19/2017 13:43:27
2017-01-19 13:43:27,806 [9] FATAL ProcessLogger [(null)] - System Start 1/19/2017 13:43:27
2017-01-19 13:43:27,807 [9] FATAL ProcessLogger [(null)] - System Read_CaiPiaoZhongLei_Moren 70104 1/19/2017 13:43:27
2017-01-19 13:43:27,808 [9] FATAL ProcessLogger [(null)] - System ReadclaimreportfromServerBy_Xuan 701051/19/2017 13:43:27
2017-01-19 13:43:27,919 [9] FATAL ProcessLogger [(null)] - System ReadclaimreportfromServerBy_Xuan 701061/19/2017 13:43:27
2017-01-19 13:43:27,920 [9] FATAL ProcessLogger [(null)] - System  701071/19/2017 13:43:27
2017-01-19 13:43:31,308 [9] FATAL ProcessLogger [(null)] - System Start 1/19/2017 13:43:31
2017-01-19 13:43:31,308 [9] FATAL ProcessLogger [(null)] - System Start 1/19/2017 13:43:31
2017-01-19 13:43:31,309 [9] FATAL ProcessLogger [(null)] - System Read_CaiPiaoZhongLei_Moren 70104 1/19/2017 13:43:31
2017-01-19 13:43:31,309 [9] FATAL ProcessLogger [(null)] - System ReadclaimreportfromServerBy_Xuan 701051/19/2017 13:43:31
2017-01-19 13:43:31,405 [9] FATAL ProcessLogger [(null)] - System ReadclaimreportfromServerBy_Xuan 701061/19/2017 13:43:31
2017-01-19 13:43:31,405 [9] FATAL ProcessLogger [(null)] - System  701071/19/2017 13:43:31
2017-01-19 13:43:36,668 [9] FATAL ProcessLogger [(null)] - System Start 1/19/2017 13:43:36
2017-01-19 13:43:36,668 [9] FATAL ProcessLogger [(null)] - System Start 1/19/2017 13:43:36
2017-01-19 13:43:38,078 [9] FATAL ProcessLogger [(null)] - System Start 1/19/2017 13:43:38
2017-01-19 13:43:38,078 [9] FATAL ProcessLogger [(null)] - System Start 1/19/2017 13:43:38
2017-01-19 13:43:39,384 [9] FATAL ProcessLogger [(null)] - System Start 1/19/2017 13:43:39
2017-01-19 13:43:39,384 [9] FATAL ProcessLogger [(null)] - System Start 1/19/2017 13:43:39
