2024-01-05 10:47:36,996 [9] FATAL ProcessLogger [(null)] - System Start 2024/1/5 10:47:36
2024-01-05 10:47:37,082 [9] FATAL ProcessLogger [(null)] - initialize2024/1/5 10:47:37
2024-01-05 10:47:46,340 [9] FATAL ProcessLogger [(null)] - System Start 2024/1/5 10:47:46
2024-01-05 10:47:46,342 [9] FATAL ProcessLogger [(null)] - System Start 2024/1/5 10:47:46
2024-01-05 10:48:27,089 [9] FATAL ProcessLogger [(null)] - System Start 2024/1/5 10:48:27
2024-01-05 10:48:27,190 [9] FATAL ProcessLogger [(null)] - initialize2024/1/5 10:48:27
2024-01-05 10:49:39,794 [9] FATAL ProcessLogger [(null)] - System Start 2024/1/5 10:49:39
2024-01-05 10:49:39,796 [9] FATAL ProcessLogger [(null)] - System Start 2024/1/5 10:49:39
2024-01-05 10:58:31,901 [10] FATAL ProcessLogger [(null)] - System Start 2024/1/5 10:58:31
2024-01-05 10:58:32,041 [10] FATAL ProcessLogger [(null)] - initialize2024/1/5 10:58:32
2024-01-05 10:58:35,939 [10] FATAL ProcessLogger [(null)] - System Start 2024/1/5 10:58:35
2024-01-05 10:58:35,940 [10] FATAL ProcessLogger [(null)] - System Start 2024/1/5 10:58:35
2024-01-05 13:12:21,794 [9] FATAL ProcessLogger [(null)] - System Start 2024/1/5 13:12:21
2024-01-05 13:12:21,918 [9] FATAL ProcessLogger [(null)] - initialize2024/1/5 13:12:21
2024-01-05 13:12:26,866 [9] FATAL ProcessLogger [(null)] - System Start 2024/1/5 13:12:26
2024-01-05 13:12:26,869 [9] FATAL ProcessLogger [(null)] - System Start 2024/1/5 13:12:26
2024-01-05 13:27:25,344 [9] FATAL ProcessLogger [(null)] - System Start 2024/1/5 13:27:25
2024-01-05 13:27:25,433 [9] FATAL ProcessLogger [(null)] - initialize2024/1/5 13:27:25
2024-01-05 13:27:42,749 [9] FATAL ProcessLogger [(null)] - System Start 2024/1/5 13:27:42
2024-01-05 13:27:42,751 [9] FATAL ProcessLogger [(null)] - System Start 2024/1/5 13:27:42
2024-01-05 13:27:51,187 [9] FATAL ProcessLogger [(null)] - System Start 2024/1/5 13:27:51
2024-01-05 13:27:51,188 [9] FATAL ProcessLogger [(null)] - System Start 2024/1/5 13:27:51
2024-01-05 13:27:51,230 [9] FATAL ProcessLogger [(null)] - System Read_CaiPiaoZhongLei_Moren 70104 2024/1/5 13:27:51
2024-01-05 13:27:51,233 [9] FATAL ProcessLogger [(null)] - System ReadclaimreportfromServerBy_Xuan 701052024/1/5 13:27:51
2024-01-05 13:27:53,506 [9] FATAL ProcessLogger [(null)] - System ReadclaimreportfromServerBy_Xuan 701062024/1/5 13:27:53
2024-01-05 13:27:53,528 [9] FATAL ProcessLogger [(null)] - System  701072024/1/5 13:27:53
2024-01-05 13:28:09,348 [9] FATAL ProcessLogger [(null)] - System Start 2024/1/5 13:28:09
2024-01-05 13:28:09,349 [9] FATAL ProcessLogger [(null)] - System Start 2024/1/5 13:28:09
2024-01-05 13:28:11,523 [9] FATAL ProcessLogger [(null)] - System Start 2024/1/5 13:28:11
2024-01-05 14:19:20,338 [9] FATAL ProcessLogger [(null)] - System Start 2024/1/5 14:19:20
2024-01-05 14:19:21,365 [9] FATAL ProcessLogger [(null)] - System Start 2024/1/5 14:19:21
2024-01-05 14:19:22,377 [9] FATAL ProcessLogger [(null)] - System Start 2024/1/5 14:19:22
2024-01-05 14:19:23,652 [9] FATAL ProcessLogger [(null)] - System Start 2024/1/5 14:19:23
2024-01-05 14:19:24,698 [9] FATAL ProcessLogger [(null)] - System Start 2024/1/5 14:19:24
2024-01-05 14:19:27,561 [9] FATAL ProcessLogger [(null)] - System Start 2024/1/5 14:19:27
2024-01-05 14:19:27,565 [9] FATAL ProcessLogger [(null)] - System Start 2024/1/5 14:19:27
2024-01-05 14:36:59,386 [9] FATAL ProcessLogger [(null)] - System Start 2024/1/5 14:36:59
2024-01-05 15:42:50,090 [9] FATAL ProcessLogger [(null)] - System Start 2024/1/5 15:42:50
2024-01-05 15:42:50,181 [9] FATAL ProcessLogger [(null)] - System Start 2024/1/5 15:42:50
2024-01-05 15:47:26,865 [9] FATAL ProcessLogger [(null)] - System Start 2024/1/5 15:47:26
2024-01-05 15:47:37,370 [9] FATAL ProcessLogger [(null)] - System Start 2024/1/5 15:47:37
2024-01-05 15:47:37,395 [9] FATAL ProcessLogger [(null)] - System Start 2024/1/5 15:47:37
2024-01-05 15:48:17,749 [9] FATAL ProcessLogger [(null)] - System Start 2024/1/5 15:48:17
2024-01-05 16:04:05,836 [9] FATAL ProcessLogger [(null)] - System Start 2024/1/5 16:04:05
2024-01-05 16:04:48,339 [9] FATAL ProcessLogger [(null)] - System Start 2024/1/5 16:04:48
2024-01-05 16:04:48,340 [9] FATAL ProcessLogger [(null)] - System Start 2024/1/5 16:04:48
2024-01-05 16:04:48,396 [9] FATAL ProcessLogger [(null)] - 68013 Read FangAN 2024/1/5 16:04:48
2024-01-05 16:04:48,396 [9] FATAL ProcessLogger [(null)] - 68014 Read FangAN 2024/1/5 16:04:48
2024-01-05 16:04:48,424 [9] FATAL ProcessLogger [(null)] - 68015 Read FangAN 2024/1/5 16:04:48
2024-01-05 16:04:48,424 [9] FATAL ProcessLogger [(null)] - 68016 Read FangAN 2024/1/5 16:04:48
2024-01-05 16:06:01,916 [9] FATAL ProcessLogger [(null)] - System Start 2024/1/5 16:06:01
2024-01-05 16:06:28,190 [9] FATAL ProcessLogger [(null)] - System Start 2024/1/5 16:06:28
2024-01-05 16:06:28,190 [9] FATAL ProcessLogger [(null)] - System Start 2024/1/5 16:06:28
2024-01-05 16:06:28,245 [9] FATAL ProcessLogger [(null)] - 68013 Read FangAN 2024/1/5 16:06:28
2024-01-05 16:06:28,245 [9] FATAL ProcessLogger [(null)] - 68014 Read FangAN 2024/1/5 16:06:28
2024-01-05 16:06:28,272 [9] FATAL ProcessLogger [(null)] - 68015 Read FangAN 2024/1/5 16:06:28
2024-01-05 16:06:28,272 [9] FATAL ProcessLogger [(null)] - 68016 Read FangAN 2024/1/5 16:06:28
2024-01-05 16:06:35,962 [9] FATAL ProcessLogger [(null)] - System Start 2024/1/5 16:06:35
2024-01-05 16:12:35,840 [9] FATAL ProcessLogger [(null)] - System Start 2024/1/5 16:12:35
2024-01-05 16:12:35,840 [9] FATAL ProcessLogger [(null)] - System Start 2024/1/5 16:12:35
2024-01-05 16:12:35,895 [9] FATAL ProcessLogger [(null)] - 68013 Read FangAN 2024/1/5 16:12:35
2024-01-05 16:12:35,896 [9] FATAL ProcessLogger [(null)] - 68014 Read FangAN 2024/1/5 16:12:35
2024-01-05 16:12:35,923 [9] FATAL ProcessLogger [(null)] - 68015 Read FangAN 2024/1/5 16:12:35
2024-01-05 16:12:35,923 [9] FATAL ProcessLogger [(null)] - 68016 Read FangAN 2024/1/5 16:12:35
2024-01-05 16:13:03,923 [9] FATAL ProcessLogger [(null)] - System Start 2024/1/5 16:13:03
2024-01-05 16:16:28,894 [10] FATAL ProcessLogger [(null)] - System Start 2024/1/5 16:16:28
2024-01-05 16:16:29,011 [10] FATAL ProcessLogger [(null)] - initialize2024/1/5 16:16:29
2024-01-05 16:16:48,122 [10] FATAL ProcessLogger [(null)] - System Start 2024/1/5 16:16:48
2024-01-05 16:16:48,124 [10] FATAL ProcessLogger [(null)] - System Start 2024/1/5 16:16:48
2024-01-05 16:16:50,886 [10] FATAL ProcessLogger [(null)] - System Start 2024/1/5 16:16:50
2024-01-05 16:17:41,208 [10] FATAL ProcessLogger [(null)] - System Start 2024/1/5 16:17:41
2024-01-05 16:17:41,208 [10] FATAL ProcessLogger [(null)] - System Start 2024/1/5 16:17:41
2024-01-05 16:17:41,306 [10] FATAL ProcessLogger [(null)] - 68013 Read FangAN 2024/1/5 16:17:41
2024-01-05 16:17:41,307 [10] FATAL ProcessLogger [(null)] - 68014 Read FangAN 2024/1/5 16:17:41
2024-01-05 16:17:41,335 [10] FATAL ProcessLogger [(null)] - 68015 Read FangAN 2024/1/5 16:17:41
2024-01-05 16:17:41,336 [10] FATAL ProcessLogger [(null)] - 68016 Read FangAN 2024/1/5 16:17:41
2024-01-05 16:24:44,116 [10] FATAL ProcessLogger [(null)] - System Start 2024/1/5 16:24:44
2024-01-05 16:24:49,557 [10] FATAL ProcessLogger [(null)] - System Start 2024/1/5 16:24:49
2024-01-05 16:25:14,966 [10] FATAL ProcessLogger [(null)] - System Start 2024/1/5 16:25:14
2024-01-05 16:25:15,025 [10] FATAL ProcessLogger [(null)] - System Start 2024/1/5 16:25:15
2024-01-05 16:29:20,245 [10] FATAL ProcessLogger [(null)] - System Start 2024/1/5 16:29:20
2024-01-05 16:29:30,288 [10] FATAL ProcessLogger [(null)] - System Start 2024/1/5 16:29:30
2024-01-05 16:29:30,315 [10] FATAL ProcessLogger [(null)] - System Start 2024/1/5 16:29:30
2024-01-05 16:39:55,229 [10] FATAL ProcessLogger [(null)] - System Start 2024/1/5 16:39:55
2024-01-05 16:40:11,133 [10] FATAL ProcessLogger [(null)] - System Start 2024/1/5 16:40:11
2024-01-05 16:40:11,163 [10] FATAL ProcessLogger [(null)] - System Start 2024/1/5 16:40:11
2024-01-05 16:41:42,305 [10] FATAL ProcessLogger [(null)] - System Start 2024/1/5 16:41:42
2024-01-05 16:42:22,656 [10] FATAL ProcessLogger [(null)] - System Start 2024/1/5 16:42:22
2024-01-05 16:42:22,683 [10] FATAL ProcessLogger [(null)] - System Start 2024/1/5 16:42:22
2024-01-05 16:42:34,383 [10] FATAL ProcessLogger [(null)] - System Start 2024/1/5 16:42:34
2024-01-05 16:42:55,216 [10] FATAL ProcessLogger [(null)] - System Start 2024/1/5 16:42:55
2024-01-05 16:42:55,241 [10] FATAL ProcessLogger [(null)] - System Start 2024/1/5 16:42:55
2024-01-05 16:45:01,747 [10] FATAL ProcessLogger [(null)] - System Start 2024/1/5 16:45:01
2024-01-05 17:13:23,497 [10] FATAL ProcessLogger [(null)] - System Start 2024/1/5 17:13:23
2024-01-05 17:13:23,581 [10] FATAL ProcessLogger [(null)] - initialize2024/1/5 17:13:23
2024-01-05 17:13:42,682 [10] FATAL ProcessLogger [(null)] - System Start 2024/1/5 17:13:42
2024-01-05 17:13:42,684 [10] FATAL ProcessLogger [(null)] - System Start 2024/1/5 17:13:42
2024-01-05 17:13:45,511 [10] FATAL ProcessLogger [(null)] - System Start 2024/1/5 17:13:45
2024-01-05 17:14:27,007 [10] FATAL ProcessLogger [(null)] - System Start 2024/1/5 17:14:27
2024-01-05 17:14:27,007 [10] FATAL ProcessLogger [(null)] - System Start 2024/1/5 17:14:27
2024-01-05 17:14:27,068 [10] FATAL ProcessLogger [(null)] - 68013 Read FangAN 2024/1/5 17:14:27
2024-01-05 17:14:27,068 [10] FATAL ProcessLogger [(null)] - 68014 Read FangAN 2024/1/5 17:14:27
2024-01-05 17:14:27,098 [10] FATAL ProcessLogger [(null)] - 68015 Read FangAN 2024/1/5 17:14:27
2024-01-05 17:14:27,099 [10] FATAL ProcessLogger [(null)] - 68016 Read FangAN 2024/1/5 17:14:27
2024-01-05 17:14:35,049 [10] FATAL ProcessLogger [(null)] - System Start 2024/1/5 17:14:35
2024-01-05 17:14:40,984 [10] FATAL ProcessLogger [(null)] - System Start 2024/1/5 17:14:40
2024-01-05 17:17:52,740 [9] FATAL ProcessLogger [(null)] - System Start 2024/1/5 17:17:52
2024-01-05 17:17:52,816 [9] FATAL ProcessLogger [(null)] - initialize2024/1/5 17:17:52
2024-01-05 17:17:55,674 [9] FATAL ProcessLogger [(null)] - System Start 2024/1/5 17:17:55
2024-01-05 17:17:55,675 [9] FATAL ProcessLogger [(null)] - System Start 2024/1/5 17:17:55
2024-01-05 17:17:58,679 [9] FATAL ProcessLogger [(null)] - System Start 2024/1/5 17:17:58
2024-01-05 17:18:15,435 [9] FATAL ProcessLogger [(null)] - System Start 2024/1/5 17:18:15
2024-01-05 17:26:03,666 [9] FATAL ProcessLogger [(null)] - System Start 2024/1/5 17:26:03
2024-01-05 17:26:03,714 [9] FATAL ProcessLogger [(null)] - System Start 2024/1/5 17:26:03
2024-01-05 18:23:46,448 [9] FATAL ProcessLogger [(null)] - System Start 2024/1/5 18:23:46
2024-01-05 18:25:36,799 [9] FATAL ProcessLogger [(null)] - System Start 2024/1/5 18:25:36
2024-01-05 18:25:36,826 [9] FATAL ProcessLogger [(null)] - System Start 2024/1/5 18:25:36
