2017-01-16 00:08:05,089 [10] FATAL ProcessLogger [(null)] - System Start 1/16/2017 00:08:05
2017-01-16 00:08:05,143 [10] FATAL ProcessLogger [(null)] - initialize1/16/2017 00:08:05
2017-01-16 00:08:07,611 [10] FATAL ProcessLogger [(null)] - System Start 1/16/2017 00:08:07
2017-01-16 00:08:07,612 [10] FATAL ProcessLogger [(null)] - System Start 1/16/2017 00:08:07
2017-01-16 00:08:15,462 [10] FATAL ProcessLogger [(null)] - System Start 1/16/2017 00:08:15
2017-01-16 00:08:19,153 [10] FATAL ProcessLogger [(null)] - System Start 1/16/2017 00:08:19
2017-01-16 00:08:20,516 [10] FATAL ProcessLogger [(null)] - System Start 1/16/2017 00:08:20
2017-01-16 00:08:20,516 [10] FATAL ProcessLogger [(null)] - System Start 1/16/2017 00:08:20
2017-01-16 00:08:20,675 [10] FATAL ProcessLogger [(null)] - System Start 1/16/2017 00:08:20
2017-01-16 00:08:23,156 [10] FATAL ProcessLogger [(null)] - System Start 1/16/2017 00:08:23
2017-01-16 00:08:23,238 [10] FATAL ProcessLogger [(null)] - System Start 1/16/2017 00:08:23
2017-01-16 00:08:23,238 [10] FATAL ProcessLogger [(null)] - System Start 1/16/2017 00:08:23
2017-01-16 00:08:23,360 [10] FATAL ProcessLogger [(null)] - System Start 1/16/2017 00:08:23
2017-01-16 00:08:25,782 [10] FATAL ProcessLogger [(null)] - System Start 1/16/2017 00:08:25
2017-01-16 00:08:25,837 [10] FATAL ProcessLogger [(null)] - System Start 1/16/2017 00:08:25
2017-01-16 00:08:25,837 [10] FATAL ProcessLogger [(null)] - System Start 1/16/2017 00:08:25
2017-01-16 00:08:25,965 [10] FATAL ProcessLogger [(null)] - System Start 1/16/2017 00:08:25
2017-01-16 00:09:09,808 [10] FATAL ProcessLogger [(null)] - System Start 1/16/2017 00:09:09
2017-01-16 00:09:09,875 [10] FATAL ProcessLogger [(null)] - System Start 1/16/2017 00:09:09
2017-01-16 00:09:09,875 [10] FATAL ProcessLogger [(null)] - System Start 1/16/2017 00:09:09
2017-01-16 00:09:10,019 [10] FATAL ProcessLogger [(null)] - System Start 1/16/2017 00:09:10
2017-01-16 00:09:49,188 [10] FATAL ProcessLogger [(null)] - System Start 1/16/2017 00:09:49
2017-01-16 00:09:49,252 [10] FATAL ProcessLogger [(null)] - System Start 1/16/2017 00:09:49
2017-01-16 00:09:49,252 [10] FATAL ProcessLogger [(null)] - System Start 1/16/2017 00:09:49
2017-01-16 00:09:49,392 [10] FATAL ProcessLogger [(null)] - System Start 1/16/2017 00:09:49
2017-01-16 00:09:51,117 [10] FATAL ProcessLogger [(null)] - System Start 1/16/2017 00:09:51
2017-01-16 00:09:51,192 [10] FATAL ProcessLogger [(null)] - System Start 1/16/2017 00:09:51
2017-01-16 00:09:51,192 [10] FATAL ProcessLogger [(null)] - System Start 1/16/2017 00:09:51
2017-01-16 00:09:51,314 [10] FATAL ProcessLogger [(null)] - System Start 1/16/2017 00:09:51
2017-01-16 00:09:52,351 [10] FATAL ProcessLogger [(null)] - System Start 1/16/2017 00:09:52
2017-01-16 00:09:52,426 [10] FATAL ProcessLogger [(null)] - System Start 1/16/2017 00:09:52
2017-01-16 00:09:52,427 [10] FATAL ProcessLogger [(null)] - System Start 1/16/2017 00:09:52
2017-01-16 00:09:52,542 [10] FATAL ProcessLogger [(null)] - System Start 1/16/2017 00:09:52
2017-01-16 00:22:14,692 [9] FATAL ProcessLogger [(null)] - System Start 1/16/2017 00:22:14
2017-01-16 00:22:14,744 [9] FATAL ProcessLogger [(null)] - initialize1/16/2017 00:22:14
2017-01-16 00:22:16,944 [9] FATAL ProcessLogger [(null)] - System Start 1/16/2017 00:22:16
2017-01-16 00:22:16,945 [9] FATAL ProcessLogger [(null)] - System Start 1/16/2017 00:22:16
2017-01-16 00:22:19,624 [9] FATAL ProcessLogger [(null)] - System Start 1/16/2017 00:22:19
2017-01-16 00:22:27,382 [9] FATAL ProcessLogger [(null)] - System Start 1/16/2017 00:22:27
2017-01-16 00:22:27,383 [9] FATAL ProcessLogger [(null)] - System Start 1/16/2017 00:22:27
2017-01-16 00:22:27,384 [9] FATAL ProcessLogger [(null)] - System Read_CaiPiaoZhongLei_Moren 70104 1/16/2017 00:22:27
2017-01-16 00:22:27,386 [9] FATAL ProcessLogger [(null)] - System ReadclaimreportfromServerBy_Xuan 701051/16/2017 00:22:27
2017-01-16 00:22:27,444 [9] FATAL ProcessLogger [(null)] - System ReadclaimreportfromServerBy_Xuan 701061/16/2017 00:22:27
2017-01-16 00:22:27,445 [9] FATAL ProcessLogger [(null)] - System  701071/16/2017 00:22:27
2017-01-16 00:22:36,692 [9] FATAL ProcessLogger [(null)] - System Start 1/16/2017 00:22:36
2017-01-16 00:22:36,692 [9] FATAL ProcessLogger [(null)] - System Start 1/16/2017 00:22:36
2017-01-16 00:22:36,774 [9] FATAL ProcessLogger [(null)] - System Start 1/16/2017 00:22:36
2017-01-16 00:22:38,418 [9] FATAL ProcessLogger [(null)] - System Start 1/16/2017 00:22:38
2017-01-16 00:22:38,434 [9] FATAL ProcessLogger [(null)] - System Start 1/16/2017 00:22:38
2017-01-16 00:22:39,884 [9] FATAL ProcessLogger [(null)] - System Start 1/16/2017 00:22:39
2017-01-16 00:22:39,886 [9] FATAL ProcessLogger [(null)] - System Start 1/16/2017 00:22:39
2017-01-16 00:22:40,542 [9] FATAL ProcessLogger [(null)] - System Start 1/16/2017 00:22:40
2017-01-16 00:22:40,543 [9] FATAL ProcessLogger [(null)] - System Start 1/16/2017 00:22:40
2017-01-16 00:22:41,502 [9] FATAL ProcessLogger [(null)] - System Start 1/16/2017 00:22:41
2017-01-16 00:22:41,503 [9] FATAL ProcessLogger [(null)] - System Start 1/16/2017 00:22:41
2017-01-16 00:22:42,386 [9] FATAL ProcessLogger [(null)] - System Start 1/16/2017 00:22:42
2017-01-16 00:22:42,387 [9] FATAL ProcessLogger [(null)] - System Start 1/16/2017 00:22:42
2017-01-16 00:22:43,317 [9] FATAL ProcessLogger [(null)] - System Start 1/16/2017 00:22:43
2017-01-16 00:22:43,318 [9] FATAL ProcessLogger [(null)] - System Start 1/16/2017 00:22:43
2017-01-16 00:22:44,010 [9] FATAL ProcessLogger [(null)] - System Start 1/16/2017 00:22:44
2017-01-16 00:22:44,011 [9] FATAL ProcessLogger [(null)] - System Start 1/16/2017 00:22:44
2017-01-16 00:22:45,964 [9] FATAL ProcessLogger [(null)] - System Start 1/16/2017 00:22:45
2017-01-16 00:22:45,966 [9] FATAL ProcessLogger [(null)] - System Start 1/16/2017 00:22:45
2017-01-16 00:23:16,894 [9] FATAL ProcessLogger [(null)] - System Start 1/16/2017 00:23:16
2017-01-16 00:23:17,161 [9] FATAL ProcessLogger [(null)] - System Start 1/16/2017 00:23:17
2017-01-16 00:23:17,178 [9] FATAL ProcessLogger [(null)] - System Start 1/16/2017 00:23:17
2017-01-16 00:23:17,190 [9] FATAL ProcessLogger [(null)] - System Start 1/16/2017 00:23:17
2017-01-16 00:23:24,776 [9] FATAL ProcessLogger [(null)] - System Start 1/16/2017 00:23:24
2017-01-16 00:23:24,777 [9] FATAL ProcessLogger [(null)] - System Start 1/16/2017 00:23:24
2017-01-16 00:23:25,570 [9] FATAL ProcessLogger [(null)] - System Start 1/16/2017 00:23:25
2017-01-16 00:23:25,823 [9] FATAL ProcessLogger [(null)] - System Start 1/16/2017 00:23:25
2017-01-16 00:23:25,836 [9] FATAL ProcessLogger [(null)] - System Start 1/16/2017 00:23:25
2017-01-16 00:23:25,848 [9] FATAL ProcessLogger [(null)] - System Start 1/16/2017 00:23:25
2017-01-16 00:23:36,078 [9] FATAL ProcessLogger [(null)] - System Start 1/16/2017 00:23:36
2017-01-16 00:23:36,412 [9] FATAL ProcessLogger [(null)] - System Start 1/16/2017 00:23:36
2017-01-16 00:23:36,423 [9] FATAL ProcessLogger [(null)] - System Start 1/16/2017 00:23:36
2017-01-16 00:23:36,434 [9] FATAL ProcessLogger [(null)] - System Start 1/16/2017 00:23:36
2017-01-16 00:49:43,744 [9] FATAL ProcessLogger [(null)] - System Start 1/16/2017 00:49:43
2017-01-16 00:49:43,746 [9] FATAL ProcessLogger [(null)] - System Start 1/16/2017 00:49:43
2017-01-16 00:49:44,565 [9] FATAL ProcessLogger [(null)] - System Start 1/16/2017 00:49:44
2017-01-16 00:49:44,849 [9] FATAL ProcessLogger [(null)] - System Start 1/16/2017 00:49:44
2017-01-16 00:49:44,863 [9] FATAL ProcessLogger [(null)] - System Start 1/16/2017 00:49:44
2017-01-16 00:52:27,260 [9] FATAL ProcessLogger [(null)] - System Start 1/16/2017 00:52:27
2017-01-16 00:52:27,285 [9] FATAL ProcessLogger [(null)] - System Start 1/16/2017 00:52:27
2017-01-16 00:52:28,028 [9] FATAL ProcessLogger [(null)] - System Start 1/16/2017 00:52:28
2017-01-16 00:52:28,304 [9] FATAL ProcessLogger [(null)] - System Start 1/16/2017 00:52:28
2017-01-16 00:52:28,318 [9] FATAL ProcessLogger [(null)] - System Start 1/16/2017 00:52:28
2017-01-16 00:53:04,006 [9] FATAL ProcessLogger [(null)] - System Start 1/16/2017 00:53:04
2017-01-16 00:53:04,007 [9] FATAL ProcessLogger [(null)] - System Start 1/16/2017 00:53:04
2017-01-16 00:53:04,488 [9] FATAL ProcessLogger [(null)] - System Start 1/16/2017 00:53:04
2017-01-16 00:53:04,764 [9] FATAL ProcessLogger [(null)] - System Start 1/16/2017 00:53:04
2017-01-16 00:53:04,776 [9] FATAL ProcessLogger [(null)] - System Start 1/16/2017 00:53:04
2017-01-16 00:53:41,205 [9] FATAL ProcessLogger [(null)] - System Start 1/16/2017 00:53:41
2017-01-16 00:53:50,172 [9] FATAL ProcessLogger [(null)] - System Start 1/16/2017 00:53:50
2017-01-16 00:53:50,200 [9] FATAL ProcessLogger [(null)] - System Start 1/16/2017 00:53:50
2017-01-16 00:53:50,910 [9] FATAL ProcessLogger [(null)] - System Start 1/16/2017 00:53:50
2017-01-16 00:53:51,199 [9] FATAL ProcessLogger [(null)] - System Start 1/16/2017 00:53:51
2017-01-16 00:53:51,219 [9] FATAL ProcessLogger [(null)] - System Start 1/16/2017 00:53:51
2017-01-16 00:54:15,836 [9] FATAL ProcessLogger [(null)] - System Start 1/16/2017 00:54:15
2017-01-16 00:54:24,758 [9] FATAL ProcessLogger [(null)] - System Start 1/16/2017 00:54:24
2017-01-16 00:54:24,758 [9] FATAL ProcessLogger [(null)] - System Start 1/16/2017 00:54:24
2017-01-16 00:54:26,861 [9] FATAL ProcessLogger [(null)] - System Start 1/16/2017 00:54:26
2017-01-16 00:54:28,946 [9] FATAL ProcessLogger [(null)] - System Start 1/16/2017 00:54:28
2017-01-16 00:54:28,946 [9] FATAL ProcessLogger [(null)] - System Start 1/16/2017 00:54:28
2017-01-16 00:54:30,361 [9] FATAL ProcessLogger [(null)] - System Start 1/16/2017 00:54:30
