2023-05-16 07:59:35,953 [9] FATAL ProcessLogger [(null)] - System Start 2023/5/16 7:59:35
2023-05-16 07:59:36,070 [9] FATAL ProcessLogger [(null)] - initialize2023/5/16 7:59:36
2023-05-16 08:01:31,240 [9] FATAL ProcessLogger [(null)] - System Start 2023/5/16 8:01:31
2023-05-16 08:01:31,241 [9] FATAL ProcessLogger [(null)] - System Start 2023/5/16 8:01:31
2023-05-16 08:01:39,236 [9] FATAL ProcessLogger [(null)] - System Start 0802832 :12023/5/16 8:01:39
2023-05-16 08:04:14,232 [9] FATAL ProcessLogger [(null)] - System Start 2023/5/16 8:04:14
2023-05-16 08:04:14,322 [9] FATAL ProcessLogger [(null)] - initialize2023/5/16 8:04:14
2023-05-16 08:04:18,028 [9] FATAL ProcessLogger [(null)] - System Start 2023/5/16 8:04:18
2023-05-16 08:04:18,029 [9] FATAL ProcessLogger [(null)] - System Start 2023/5/16 8:04:18
2023-05-16 08:04:21,965 [9] FATAL ProcessLogger [(null)] - System Read_CaiPiaoZhongLei_Moren 70104 2023/5/16 8:04:21
2023-05-16 08:04:21,973 [9] FATAL ProcessLogger [(null)] - System ReadclaimreportfromServerBy_Xuan 701052023/5/16 8:04:21
2023-05-16 08:04:24,845 [9] FATAL ProcessLogger [(null)] - System ReadclaimreportfromServerBy_Xuan 701062023/5/16 8:04:24
2023-05-16 08:04:24,869 [9] FATAL ProcessLogger [(null)] - System  701072023/5/16 8:04:24
2023-05-16 08:04:36,401 [9] FATAL ProcessLogger [(null)] - System Start 2023/5/16 8:04:36
2023-05-16 08:04:36,401 [9] FATAL ProcessLogger [(null)] - System Start 2023/5/16 8:04:36
2023-05-16 08:04:44,334 [9] FATAL ProcessLogger [(null)] - System Start 2023/5/16 8:04:44
2023-05-16 08:04:44,334 [9] FATAL ProcessLogger [(null)] - System Start 2023/5/16 8:04:44
2023-05-16 08:04:46,919 [9] FATAL ProcessLogger [(null)] - System Start 2023/5/16 8:04:46
2023-05-16 08:06:24,096 [9] FATAL ProcessLogger [(null)] - System Start 2023/5/16 8:06:24
2023-05-16 08:06:24,993 [9] FATAL ProcessLogger [(null)] - System Start 2023/5/16 8:06:24
2023-05-16 08:06:25,660 [9] FATAL ProcessLogger [(null)] - System Start 2023/5/16 8:06:25
2023-05-16 08:06:26,429 [9] FATAL ProcessLogger [(null)] - System Start 2023/5/16 8:06:26
2023-05-16 08:06:27,245 [9] FATAL ProcessLogger [(null)] - System Start 2023/5/16 8:06:27
2023-05-16 08:06:51,206 [9] FATAL ProcessLogger [(null)] - System Start 2023/5/16 8:06:51
2023-05-16 08:10:11,563 [9] FATAL ProcessLogger [(null)] - System Start 2023/5/16 8:10:11
2023-05-16 08:10:23,263 [9] FATAL ProcessLogger [(null)] - System Start 2023/5/16 8:10:23
2023-05-16 08:10:23,272 [9] FATAL ProcessLogger [(null)] - System Start 2023/5/16 8:10:23
2023-05-16 08:10:24,822 [9] FATAL ProcessLogger [(null)] - System Start 2023/5/16 8:10:24
2023-05-16 08:10:27,169 [9] FATAL ProcessLogger [(null)] - System Start 2023/5/16 8:10:27
2023-05-16 08:10:28,075 [9] FATAL ProcessLogger [(null)] - System Start 2023/5/16 8:10:28
2023-05-16 08:10:29,431 [9] FATAL ProcessLogger [(null)] - System Start 2023/5/16 8:10:29
2023-05-16 08:10:31,363 [9] FATAL ProcessLogger [(null)] - System Start 2023/5/16 8:10:31
2023-05-16 08:10:53,831 [9] FATAL ProcessLogger [(null)] - System Start 2023/5/16 8:10:53
2023-05-16 08:15:00,260 [10] FATAL ProcessLogger [(null)] - System Start 2023/5/16 8:15:00
2023-05-16 08:15:00,374 [10] FATAL ProcessLogger [(null)] - initialize2023/5/16 8:15:00
2023-05-16 08:16:33,054 [9] FATAL ProcessLogger [(null)] - System Start 2023/5/16 8:16:33
2023-05-16 08:16:33,134 [9] FATAL ProcessLogger [(null)] - initialize2023/5/16 8:16:33
2023-05-16 08:28:54,988 [9] FATAL ProcessLogger [(null)] - System Start 2023/5/16 8:28:54
2023-05-16 08:28:54,989 [9] FATAL ProcessLogger [(null)] - System Start 2023/5/16 8:28:54
2023-05-16 08:28:57,617 [9] FATAL ProcessLogger [(null)] - System Start 2023/5/16 8:28:57
2023-05-16 08:32:01,934 [9] FATAL ProcessLogger [(null)] - System Start 2023/5/16 8:32:01
2023-05-16 08:32:03,249 [9] FATAL ProcessLogger [(null)] - System Start 2023/5/16 8:32:03
2023-05-16 08:32:03,947 [9] FATAL ProcessLogger [(null)] - System Start 2023/5/16 8:32:03
2023-05-16 08:32:04,772 [9] FATAL ProcessLogger [(null)] - System Start 2023/5/16 8:32:04
2023-05-16 08:32:05,574 [9] FATAL ProcessLogger [(null)] - System Start 2023/5/16 8:32:05
2023-05-16 08:33:06,018 [9] FATAL ProcessLogger [(null)] - System Start 2023/5/16 8:33:06
2023-05-16 08:33:30,124 [9] FATAL ProcessLogger [(null)] - System Start 2023/5/16 8:33:30
2023-05-16 08:33:32,892 [9] FATAL ProcessLogger [(null)] - System Start 2023/5/16 8:33:32
2023-05-16 08:33:39,717 [9] FATAL ProcessLogger [(null)] - System Start 2023/5/16 8:33:39
2023-05-16 08:34:43,302 [9] FATAL ProcessLogger [(null)] - System Start 2023/5/16 8:34:43
2023-05-16 08:34:43,302 [9] FATAL ProcessLogger [(null)] - System Start 2023/5/16 8:34:43
2023-05-16 08:35:39,142 [9] FATAL ProcessLogger [(null)] - System Start 2023/5/16 8:35:39
2023-05-16 08:35:59,914 [9] FATAL ProcessLogger [(null)] - System Start 2023/5/16 8:35:59
2023-05-16 08:35:59,914 [9] FATAL ProcessLogger [(null)] - System Start 2023/5/16 8:35:59
2023-05-16 08:35:59,969 [9] FATAL ProcessLogger [(null)] - 68013 Read FangAN 2023/5/16 8:35:59
2023-05-16 08:35:59,969 [9] FATAL ProcessLogger [(null)] - 68014 Read FangAN 2023/5/16 8:35:59
2023-05-16 08:35:59,996 [9] FATAL ProcessLogger [(null)] - 68015 Read FangAN 2023/5/16 8:35:59
2023-05-16 08:35:59,997 [9] FATAL ProcessLogger [(null)] - 68016 Read FangAN 2023/5/16 8:35:59
2023-05-16 08:36:14,674 [9] FATAL ProcessLogger [(null)] - System Start 2023/5/16 8:36:14
2023-05-16 08:36:19,786 [9] FATAL ProcessLogger [(null)] - System Start 2023/5/16 8:36:19
2023-05-16 08:36:19,786 [9] FATAL ProcessLogger [(null)] - System Start 2023/5/16 8:36:19
2023-05-16 08:36:19,837 [9] FATAL ProcessLogger [(null)] - 68013 Read FangAN 2023/5/16 8:36:19
2023-05-16 08:36:19,837 [9] FATAL ProcessLogger [(null)] - 68014 Read FangAN 2023/5/16 8:36:19
2023-05-16 08:36:19,862 [9] FATAL ProcessLogger [(null)] - 68015 Read FangAN 2023/5/16 8:36:19
2023-05-16 08:36:19,862 [9] FATAL ProcessLogger [(null)] - 68016 Read FangAN 2023/5/16 8:36:19
2023-05-16 08:36:47,034 [9] FATAL ProcessLogger [(null)] - System Start 2023/5/16 8:36:47
2023-05-16 08:38:10,072 [9] FATAL ProcessLogger [(null)] - System Start 2023/5/16 8:38:10
2023-05-16 08:39:31,702 [9] FATAL ProcessLogger [(null)] - System Start 2023/5/16 8:39:31
2023-05-16 08:39:31,702 [9] FATAL ProcessLogger [(null)] - System Start 2023/5/16 8:39:31
2023-05-16 08:39:45,985 [9] FATAL ProcessLogger [(null)] - System Start 2023/5/16 8:39:45
2023-05-16 08:42:59,461 [9] FATAL ProcessLogger [(null)] - System Start 2023/5/16 8:42:59
2023-05-16 08:42:59,461 [9] FATAL ProcessLogger [(null)] - System Start 2023/5/16 8:42:59
2023-05-16 08:43:03,061 [9] FATAL ProcessLogger [(null)] - System Read_CaiPiaoZhongLei_Moren 70104 2023/5/16 8:43:03
2023-05-16 08:43:03,063 [9] FATAL ProcessLogger [(null)] - System ReadclaimreportfromServerBy_Xuan 701052023/5/16 8:43:03
2023-05-16 08:43:06,071 [9] FATAL ProcessLogger [(null)] - System ReadclaimreportfromServerBy_Xuan 701062023/5/16 8:43:06
2023-05-16 08:43:06,094 [9] FATAL ProcessLogger [(null)] - System  701072023/5/16 8:43:06
2023-05-16 09:28:21,678 [9] FATAL ProcessLogger [(null)] - System Start 2023/5/16 9:28:21
2023-05-16 09:28:43,477 [9] FATAL ProcessLogger [(null)] - System Start 2023/5/16 9:28:43
2023-05-16 09:34:41,464 [9] FATAL ProcessLogger [(null)] - System Start 2023/5/16 9:34:41
2023-05-16 09:34:48,659 [9] FATAL ProcessLogger [(null)] - System Start 2023/5/16 9:34:48
2023-05-16 09:35:56,240 [9] FATAL ProcessLogger [(null)] - System Start 2023/5/16 9:35:56
2023-05-16 09:39:20,523 [9] FATAL ProcessLogger [(null)] - System Start 2023/5/16 9:39:20
2023-05-16 09:39:20,623 [9] FATAL ProcessLogger [(null)] - initialize2023/5/16 9:39:20
2023-05-16 09:39:24,381 [9] FATAL ProcessLogger [(null)] - System Start 2023/5/16 9:39:24
2023-05-16 09:39:24,382 [9] FATAL ProcessLogger [(null)] - System Start 2023/5/16 9:39:24
2023-05-16 09:39:28,096 [9] FATAL ProcessLogger [(null)] - System Start 2023/5/16 9:39:28
2023-05-16 09:39:43,458 [9] FATAL ProcessLogger [(null)] - System Start 2023/5/16 9:39:43
2023-05-16 09:39:44,583 [9] FATAL ProcessLogger [(null)] - System Start 2023/5/16 9:39:44
2023-05-16 09:39:45,341 [9] FATAL ProcessLogger [(null)] - System Start 2023/5/16 9:39:45
2023-05-16 09:39:46,462 [9] FATAL ProcessLogger [(null)] - System Start 2023/5/16 9:39:46
2023-05-16 09:39:47,382 [9] FATAL ProcessLogger [(null)] - System Start 2023/5/16 9:39:47
2023-05-16 09:40:05,216 [9] FATAL ProcessLogger [(null)] - System Start 2023/5/16 9:40:05
2023-05-16 09:42:14,844 [9] FATAL ProcessLogger [(null)] - System Start 2023/5/16 9:42:14
2023-05-16 09:42:33,832 [9] FATAL ProcessLogger [(null)] - System Start 2023/5/16 9:42:33
2023-05-16 09:42:33,832 [9] FATAL ProcessLogger [(null)] - System Start 2023/5/16 9:42:33
2023-05-16 09:43:05,153 [9] FATAL ProcessLogger [(null)] - System Start 2023/5/16 9:43:05
2023-05-16 09:44:48,147 [9] FATAL ProcessLogger [(null)] - System Start 2023/5/16 9:44:48
2023-05-16 09:46:45,048 [9] FATAL ProcessLogger [(null)] - System Start 2023/5/16 9:46:45
2023-05-16 09:48:57,959 [9] FATAL ProcessLogger [(null)] - System Start 2023/5/16 9:48:57
2023-05-16 09:49:07,698 [9] FATAL ProcessLogger [(null)] - System Start 2023/5/16 9:49:07
2023-05-16 09:50:01,858 [9] FATAL ProcessLogger [(null)] - System Start 2023/5/16 9:50:01
2023-05-16 10:32:55,077 [9] FATAL ProcessLogger [(null)] - System Start 2023/5/16 10:32:55
2023-05-16 10:33:49,409 [10] FATAL ProcessLogger [(null)] - System Start 2023/5/16 10:33:49
2023-05-16 10:33:49,631 [10] FATAL ProcessLogger [(null)] - initialize2023/5/16 10:33:49
2023-05-16 10:34:22,508 [10] FATAL ProcessLogger [(null)] - System Start 2023/5/16 10:34:22
2023-05-16 10:34:22,509 [10] FATAL ProcessLogger [(null)] - System Start 2023/5/16 10:34:22
2023-05-16 10:34:25,222 [10] FATAL ProcessLogger [(null)] - System Start 2023/5/16 10:34:25
2023-05-16 10:34:38,562 [10] FATAL ProcessLogger [(null)] - System Start 2023/5/16 10:34:38
2023-05-16 10:34:39,612 [10] FATAL ProcessLogger [(null)] - System Start 2023/5/16 10:34:39
2023-05-16 10:35:02,936 [10] FATAL ProcessLogger [(null)] - System Start 2023/5/16 10:35:02
2023-05-16 10:35:03,748 [10] FATAL ProcessLogger [(null)] - System Start 2023/5/16 10:35:03
2023-05-16 10:35:04,661 [10] FATAL ProcessLogger [(null)] - System Start 2023/5/16 10:35:04
2023-05-16 10:35:25,916 [10] FATAL ProcessLogger [(null)] - System Start 2023/5/16 10:35:25
2023-05-16 10:36:47,797 [9] FATAL ProcessLogger [(null)] - System Start 2023/5/16 10:36:47
2023-05-16 10:36:47,899 [9] FATAL ProcessLogger [(null)] - initialize2023/5/16 10:36:47
2023-05-16 10:36:52,343 [9] FATAL ProcessLogger [(null)] - System Start 2023/5/16 10:36:52
2023-05-16 10:36:52,344 [9] FATAL ProcessLogger [(null)] - System Start 2023/5/16 10:36:52
2023-05-16 10:36:54,921 [9] FATAL ProcessLogger [(null)] - System Start 2023/5/16 10:36:54
2023-05-16 10:37:23,426 [9] FATAL ProcessLogger [(null)] - System Start 2023/5/16 10:37:23
2023-05-16 10:37:24,572 [9] FATAL ProcessLogger [(null)] - System Start 2023/5/16 10:37:24
2023-05-16 10:37:25,337 [9] FATAL ProcessLogger [(null)] - System Start 2023/5/16 10:37:25
2023-05-16 10:37:26,184 [9] FATAL ProcessLogger [(null)] - System Start 2023/5/16 10:37:26
2023-05-16 10:37:27,054 [9] FATAL ProcessLogger [(null)] - System Start 2023/5/16 10:37:27
2023-05-16 10:37:35,282 [9] FATAL ProcessLogger [(null)] - System Start 2023/5/16 10:37:35
2023-05-16 10:38:14,224 [9] FATAL ProcessLogger [(null)] - System Start 2023/5/16 10:38:14
2023-05-16 10:44:40,474 [9] FATAL ProcessLogger [(null)] - System Start 2023/5/16 10:44:40
2023-05-16 10:55:37,626 [9] FATAL ProcessLogger [(null)] - System Start 2023/5/16 10:55:37
2023-05-16 11:55:33,433 [9] FATAL ProcessLogger [(null)] - System Start 2023/5/16 11:55:33
2023-05-16 11:55:33,539 [9] FATAL ProcessLogger [(null)] - initialize2023/5/16 11:55:33
2023-05-16 11:55:36,995 [9] FATAL ProcessLogger [(null)] - System Start 2023/5/16 11:55:36
2023-05-16 11:55:36,997 [9] FATAL ProcessLogger [(null)] - System Start 2023/5/16 11:55:36
2023-05-16 11:55:39,652 [9] FATAL ProcessLogger [(null)] - System Start 2023/5/16 11:55:39
2023-05-16 11:56:05,571 [9] FATAL ProcessLogger [(null)] - System Start 2023/5/16 11:56:05
2023-05-16 11:56:06,565 [9] FATAL ProcessLogger [(null)] - System Start 2023/5/16 11:56:06
2023-05-16 11:56:07,356 [9] FATAL ProcessLogger [(null)] - System Start 2023/5/16 11:56:07
2023-05-16 11:56:08,447 [9] FATAL ProcessLogger [(null)] - System Start 2023/5/16 11:56:08
2023-05-16 11:56:09,491 [9] FATAL ProcessLogger [(null)] - System Start 2023/5/16 11:56:09
2023-05-16 11:56:30,450 [9] FATAL ProcessLogger [(null)] - System Start 2023/5/16 11:56:30
2023-05-16 11:57:36,076 [9] FATAL ProcessLogger [(null)] - System Start 2023/5/16 11:57:36
2023-05-16 11:57:36,076 [9] FATAL ProcessLogger [(null)] - System Start 2023/5/16 11:57:36
2023-05-16 11:58:09,916 [9] FATAL ProcessLogger [(null)] - System Start 2023/5/16 11:58:09
2023-05-16 11:58:10,010 [9] FATAL ProcessLogger [(null)] - initialize2023/5/16 11:58:10
2023-05-16 11:58:13,562 [9] FATAL ProcessLogger [(null)] - System Start 2023/5/16 11:58:13
2023-05-16 11:58:13,564 [9] FATAL ProcessLogger [(null)] - System Start 2023/5/16 11:58:13
2023-05-16 11:58:23,177 [9] FATAL ProcessLogger [(null)] - System Start 2023/5/16 11:58:23
2023-05-16 11:58:23,177 [9] FATAL ProcessLogger [(null)] - System Start 2023/5/16 11:58:23
2023-05-16 11:58:25,146 [9] FATAL ProcessLogger [(null)] - System Start 2023/5/16 11:58:25
2023-05-16 11:58:38,216 [9] FATAL ProcessLogger [(null)] - System Start 2023/5/16 11:58:38
2023-05-16 11:58:39,254 [9] FATAL ProcessLogger [(null)] - System Start 2023/5/16 11:58:39
2023-05-16 11:58:40,008 [9] FATAL ProcessLogger [(null)] - System Start 2023/5/16 11:58:40
2023-05-16 11:58:40,831 [9] FATAL ProcessLogger [(null)] - System Start 2023/5/16 11:58:40
2023-05-16 11:58:41,700 [9] FATAL ProcessLogger [(null)] - System Start 2023/5/16 11:58:41
2023-05-16 11:58:44,951 [9] FATAL ProcessLogger [(null)] - System Start 2023/5/16 11:58:44
2023-05-16 11:58:44,959 [9] FATAL ProcessLogger [(null)] - System Start 2023/5/16 11:58:44
2023-05-16 11:58:45,214 [9] FATAL ProcessLogger [(null)] - System Start 2023/5/16 11:58:45
2023-05-16 11:58:56,237 [9] FATAL ProcessLogger [(null)] - System Start 2023/5/16 11:58:56
2023-05-16 11:58:57,227 [9] FATAL ProcessLogger [(null)] - System Start 2023/5/16 11:58:57
2023-05-16 11:58:58,037 [9] FATAL ProcessLogger [(null)] - System Start 2023/5/16 11:58:58
2023-05-16 11:58:58,779 [9] FATAL ProcessLogger [(null)] - System Start 2023/5/16 11:58:58
2023-05-16 11:58:59,576 [9] FATAL ProcessLogger [(null)] - System Start 2023/5/16 11:58:59
2023-05-16 11:59:07,971 [9] FATAL ProcessLogger [(null)] - System Start 2023/5/16 11:59:07
2023-05-16 11:59:21,538 [9] FATAL ProcessLogger [(null)] - System Start 2023/5/16 11:59:21
2023-05-16 11:59:31,222 [9] FATAL ProcessLogger [(null)] - System Start 2023/5/16 11:59:31
2023-05-16 11:59:34,904 [9] FATAL ProcessLogger [(null)] - System Start 2023/5/16 11:59:34
2023-05-16 11:59:59,642 [9] FATAL ProcessLogger [(null)] - System Start 2023/5/16 11:59:59
2023-05-16 11:59:59,725 [9] FATAL ProcessLogger [(null)] - initialize2023/5/16 11:59:59
2023-05-16 12:02:34,018 [9] FATAL ProcessLogger [(null)] - System Start 2023/5/16 12:02:34
2023-05-16 12:02:34,105 [9] FATAL ProcessLogger [(null)] - initialize2023/5/16 12:02:34
