2017-01-07 18:16:11,379 [10] FATAL ProcessLogger [(null)] - System Start 2017/1/7 18:16:11
2017-01-07 18:16:12,545 [10] FATAL ProcessLogger [(null)] - initialize2017/1/7 18:16:12
2017-01-07 18:22:29,696 [10] FATAL ProcessLogger [(null)] - System Start 2017/1/7 18:22:29
2017-01-07 18:22:29,699 [10] FATAL ProcessLogger [(null)] - System Start 2017/1/7 18:22:29
2017-01-07 18:22:34,254 [10] FATAL ProcessLogger [(null)] - System Start 2017/1/7 18:22:34
2017-01-07 18:22:38,082 [10] FATAL ProcessLogger [(null)] - System Start 2017/1/7 18:22:38
2017-01-07 18:22:38,082 [10] FATAL ProcessLogger [(null)] - System Start 2017/1/7 18:22:38
2017-01-07 18:34:48,296 [8] FATAL ProcessLogger [(null)] - System Start 2017/1/7 18:34:48
2017-01-07 18:34:48,437 [8] FATAL ProcessLogger [(null)] - initialize2017/1/7 18:34:48
2017-01-07 18:35:18,377 [8] FATAL ProcessLogger [(null)] - System Start 2017/1/7 18:35:18
2017-01-07 18:35:18,379 [8] FATAL ProcessLogger [(null)] - System Start 2017/1/7 18:35:18
2017-01-07 18:35:27,505 [8] FATAL ProcessLogger [(null)] - System Start 2017/1/7 18:35:27
2017-01-07 18:35:27,517 [8] FATAL ProcessLogger [(null)] - System Start 2017/1/7 18:35:27
2017-01-07 18:35:27,517 [8] FATAL ProcessLogger [(null)] - System Start 2017/1/7 18:35:27
2017-01-07 18:35:29,420 [8] FATAL ProcessLogger [(null)] - System Start 2017/1/7 18:35:29
2017-01-07 18:35:29,420 [8] FATAL ProcessLogger [(null)] - System Start 2017/1/7 18:35:29
2017-01-07 18:35:29,421 [8] FATAL ProcessLogger [(null)] - System Start 2017/1/7 18:35:29
2017-01-07 19:07:21,012 [9] FATAL ProcessLogger [(null)] - System Start 2017/1/7 19:07:21
2017-01-07 19:07:21,157 [9] FATAL ProcessLogger [(null)] - initialize2017/1/7 19:07:21
2017-01-07 19:10:49,056 [9] FATAL ProcessLogger [(null)] - System Start 2017/1/7 19:10:49
2017-01-07 19:10:49,184 [9] FATAL ProcessLogger [(null)] - initialize2017/1/7 19:10:49
2017-01-07 19:16:06,439 [9] FATAL ProcessLogger [(null)] - System Start 2017/1/7 19:16:06
2017-01-07 19:16:06,589 [9] FATAL ProcessLogger [(null)] - initialize2017/1/7 19:16:06
2017-01-07 19:16:10,786 [9] FATAL ProcessLogger [(null)] - System Start 2017/1/7 19:16:10
2017-01-07 19:16:10,788 [9] FATAL ProcessLogger [(null)] - System Start 2017/1/7 19:16:10
2017-01-07 19:16:32,046 [9] FATAL ProcessLogger [(null)] - System Start 2017/1/7 19:16:32
2017-01-07 19:16:32,260 [9] FATAL ProcessLogger [(null)] - initialize2017/1/7 19:16:32
2017-01-07 19:16:35,505 [9] FATAL ProcessLogger [(null)] - System Start 2017/1/7 19:16:35
2017-01-07 19:16:35,510 [9] FATAL ProcessLogger [(null)] - System Start 2017/1/7 19:16:35
2017-01-07 19:16:37,997 [9] FATAL ProcessLogger [(null)] - System Start 2017/1/7 19:16:37
2017-01-07 19:48:49,464 [8] FATAL ProcessLogger [(null)] - System Start 2017/1/7 19:48:49
2017-01-07 19:48:49,590 [8] FATAL ProcessLogger [(null)] - initialize2017/1/7 19:48:49
2017-01-07 19:48:52,863 [8] FATAL ProcessLogger [(null)] - System Start 2017/1/7 19:48:52
2017-01-07 19:48:52,865 [8] FATAL ProcessLogger [(null)] - System Start 2017/1/7 19:48:52
2017-01-07 19:56:17,221 [10] FATAL ProcessLogger [(null)] - System Start 2017/1/7 19:56:17
2017-01-07 19:56:17,345 [10] FATAL ProcessLogger [(null)] - initialize2017/1/7 19:56:17
2017-01-07 19:57:13,218 [10] FATAL ProcessLogger [(null)] - System Start 2017/1/7 19:57:13
2017-01-07 19:57:13,219 [10] FATAL ProcessLogger [(null)] - System Start 2017/1/7 19:57:13
2017-01-07 19:57:43,370 [10] FATAL ProcessLogger [(null)] - System Start 2017/1/7 19:57:43
2017-01-07 19:57:43,370 [10] FATAL ProcessLogger [(null)] - System Start 2017/1/7 19:57:43
2017-01-07 19:58:08,984 [10] FATAL ProcessLogger [(null)] - System Start 2017/1/7 19:58:08
2017-01-07 19:58:08,985 [10] FATAL ProcessLogger [(null)] - System Start 2017/1/7 19:58:08
2017-01-07 20:25:53,282 [8] FATAL ProcessLogger [(null)] - System Start 2017/1/7 20:25:53
2017-01-07 20:25:53,546 [8] FATAL ProcessLogger [(null)] - initialize2017/1/7 20:25:53
2017-01-07 20:26:01,803 [8] FATAL ProcessLogger [(null)] - System Start 2017/1/7 20:26:01
2017-01-07 20:26:07,820 [9] FATAL ProcessLogger [(null)] - System Start 2017/1/7 20:26:07
2017-01-07 20:26:07,820 [9] FATAL ProcessLogger [(null)] - 1005--input kiajiang data2017/1/7 20:26:07
2017-01-07 20:26:07,822 [9] FATAL ProcessLogger [(null)] - 1006-- Input C Data end2017/1/7 20:26:07
2017-01-07 20:26:15,013 [9] FATAL ProcessLogger [(null)] - 1006-- Input finish1/7/2017 8:26:15 PM
2017-01-07 20:26:30,797 [9] FATAL ProcessLogger [(null)] - System Start 2017/1/7 20:26:30
2017-01-07 20:26:30,798 [9] FATAL ProcessLogger [(null)] - 1005--input kiajiang data2017/1/7 20:26:30
2017-01-07 20:26:32,226 [9] FATAL ProcessLogger [(null)] - 1006-- Input C Data end2017/1/7 20:26:32
2017-01-07 20:31:44,100 [9] FATAL ProcessLogger [(null)] - System Start 2017/1/7 20:31:44
2017-01-07 20:31:44,272 [9] FATAL ProcessLogger [(null)] - initialize2017/1/7 20:31:44
2017-01-07 20:31:48,007 [9] FATAL ProcessLogger [(null)] - System Start 2017/1/7 20:31:48
2017-01-07 20:31:48,015 [9] FATAL ProcessLogger [(null)] - System Start 2017/1/7 20:31:48
2017-01-07 20:38:19,841 [10] FATAL ProcessLogger [(null)] - System Start 2017/1/7 20:38:19
2017-01-07 20:38:19,993 [10] FATAL ProcessLogger [(null)] - initialize2017/1/7 20:38:19
2017-01-07 20:38:24,296 [10] FATAL ProcessLogger [(null)] - System Start 2017/1/7 20:38:24
2017-01-07 20:38:29,449 [6] FATAL ProcessLogger [(null)] - System Start 2017/1/7 20:38:29
2017-01-07 20:38:29,449 [6] FATAL ProcessLogger [(null)] - 1005--input kiajiang data2017/1/7 20:38:29
2017-01-07 20:38:32,376 [6] FATAL ProcessLogger [(null)] - 1006-- Input C Data end2017/1/7 20:38:32
2017-01-07 20:40:51,755 [10] FATAL ProcessLogger [(null)] - System Start 2017/1/7 20:40:51
2017-01-07 20:40:51,961 [10] FATAL ProcessLogger [(null)] - initialize2017/1/7 20:40:51
2017-01-07 20:40:56,178 [10] FATAL ProcessLogger [(null)] - System Start 2017/1/7 20:40:56
2017-01-07 20:41:00,644 [6] FATAL ProcessLogger [(null)] - System Start 2017/1/7 20:41:00
2017-01-07 20:41:00,644 [6] FATAL ProcessLogger [(null)] - 1005--input kiajiang data2017/1/7 20:41:00
2017-01-07 20:41:03,756 [6] FATAL ProcessLogger [(null)] - 1006-- Input C Data end2017/1/7 20:41:03
2017-01-07 20:43:22,120 [9] FATAL ProcessLogger [(null)] - System Start 2017/1/7 20:43:22
2017-01-07 20:43:22,275 [9] FATAL ProcessLogger [(null)] - initialize2017/1/7 20:43:22
2017-01-07 20:43:26,266 [9] FATAL ProcessLogger [(null)] - System Start 2017/1/7 20:43:26
2017-01-07 20:44:04,083 [6] FATAL ProcessLogger [(null)] - System Start 2017/1/7 20:44:04
2017-01-07 20:44:04,084 [6] FATAL ProcessLogger [(null)] - 1005--input kiajiang data2017/1/7 20:44:04
2017-01-07 20:44:04,085 [6] FATAL ProcessLogger [(null)] - 1006-- Input C Data end2017/1/7 20:44:04
2017-01-07 20:44:26,081 [9] FATAL ProcessLogger [(null)] - System Start 2017/1/7 20:44:26
2017-01-07 20:44:26,209 [9] FATAL ProcessLogger [(null)] - initialize2017/1/7 20:44:26
2017-01-07 20:44:30,141 [9] FATAL ProcessLogger [(null)] - System Start 2017/1/7 20:44:30
2017-01-07 20:44:37,314 [6] FATAL ProcessLogger [(null)] - System Start 2017/1/7 20:44:37
2017-01-07 20:44:37,314 [6] FATAL ProcessLogger [(null)] - 1005--input kiajiang data2017/1/7 20:44:37
2017-01-07 20:44:37,315 [6] FATAL ProcessLogger [(null)] - 1006-- Input C Data end2017/1/7 20:44:37
2017-01-07 20:45:29,364 [6] FATAL ProcessLogger [(null)] - 1006-- Input finish2017/1/7 20:45:29
2017-01-07 20:45:38,449 [9] FATAL ProcessLogger [(null)] - System Start 2017/1/7 20:45:38
2017-01-07 20:45:38,449 [9] FATAL ProcessLogger [(null)] - System Start 2017/1/7 20:45:38
2017-01-07 20:46:07,400 [10] FATAL ProcessLogger [(null)] - System Start 2017/1/7 20:46:07
2017-01-07 20:46:07,574 [10] FATAL ProcessLogger [(null)] - initialize2017/1/7 20:46:07
2017-01-07 20:46:40,067 [9] FATAL ProcessLogger [(null)] - System Start 2017/1/7 20:46:40
2017-01-07 20:46:40,228 [9] FATAL ProcessLogger [(null)] - initialize2017/1/7 20:46:40
2017-01-07 20:46:43,856 [9] FATAL ProcessLogger [(null)] - System Start 2017/1/7 20:46:43
2017-01-07 20:46:43,859 [9] FATAL ProcessLogger [(null)] - System Start 2017/1/7 20:46:43
2017-01-07 20:47:34,159 [10] FATAL ProcessLogger [(null)] - System Start 2017/1/7 20:47:34
2017-01-07 20:47:34,306 [10] FATAL ProcessLogger [(null)] - initialize2017/1/7 20:47:34
2017-01-07 20:47:43,389 [10] FATAL ProcessLogger [(null)] - System Start 2017/1/7 20:47:43
2017-01-07 20:47:43,390 [10] FATAL ProcessLogger [(null)] - System Start 2017/1/7 20:47:43
2017-01-07 20:48:31,690 [10] FATAL ProcessLogger [(null)] - System Start 2017/1/7 20:48:31
2017-01-07 20:48:31,690 [10] FATAL ProcessLogger [(null)] - System Start 2017/1/7 20:48:31
2017-01-07 20:48:34,605 [10] FATAL ProcessLogger [(null)] - System Start 2017/1/7 20:48:34
2017-01-07 20:48:34,606 [10] FATAL ProcessLogger [(null)] - System Start 2017/1/7 20:48:34
2017-01-07 20:48:45,779 [10] FATAL ProcessLogger [(null)] - System Start 2017/1/7 20:48:45
2017-01-07 20:48:46,633 [10] FATAL ProcessLogger [(null)] - System Start 2017/1/7 20:48:46
2017-01-07 20:48:46,633 [10] FATAL ProcessLogger [(null)] - System Start 2017/1/7 20:48:46
2017-01-07 20:48:49,273 [10] FATAL ProcessLogger [(null)] - System Start 2017/1/7 20:48:49
2017-01-07 20:48:55,369 [10] FATAL ProcessLogger [(null)] - System Start 2017/1/7 20:48:55
2017-01-07 20:48:55,369 [10] FATAL ProcessLogger [(null)] - System Start 2017/1/7 20:48:55
2017-01-07 20:49:35,176 [10] FATAL ProcessLogger [(null)] - System Start 2017/1/7 20:49:35
2017-01-07 20:49:35,625 [10] FATAL ProcessLogger [(null)] - initialize2017/1/7 20:49:35
2017-01-07 20:49:38,853 [10] FATAL ProcessLogger [(null)] - System Start 2017/1/7 20:49:38
2017-01-07 20:49:38,855 [10] FATAL ProcessLogger [(null)] - System Start 2017/1/7 20:49:38
2017-01-07 20:50:05,448 [10] FATAL ProcessLogger [(null)] - System Start 2017/1/7 20:50:05
2017-01-07 20:50:05,448 [10] FATAL ProcessLogger [(null)] - System Start 2017/1/7 20:50:05
2017-01-07 20:54:10,404 [10] FATAL ProcessLogger [(null)] - System Start 2017/1/7 20:54:10
2017-01-07 20:54:23,121 [12] FATAL ProcessLogger [(null)] - System Start 2017/1/7 20:54:23
2017-01-07 20:54:23,121 [12] FATAL ProcessLogger [(null)] - 1005--input kiajiang data2017/1/7 20:54:23
2017-01-07 20:54:23,122 [12] FATAL ProcessLogger [(null)] - 1006-- Input C Data end2017/1/7 20:54:23
2017-01-07 20:57:44,956 [12] FATAL ProcessLogger [(null)] - 1006-- Input finish2017/1/7 20:57:44
2017-01-07 20:57:54,084 [10] FATAL ProcessLogger [(null)] - System Start 2017/1/7 20:57:54
2017-01-07 20:57:54,084 [10] FATAL ProcessLogger [(null)] - System Start 2017/1/7 20:57:54
2017-01-07 20:59:08,068 [9] FATAL ProcessLogger [(null)] - System Start 2017/1/7 20:59:08
2017-01-07 20:59:08,249 [9] FATAL ProcessLogger [(null)] - initialize2017/1/7 20:59:08
2017-01-07 20:59:11,414 [9] FATAL ProcessLogger [(null)] - System Start 2017/1/7 20:59:11
2017-01-07 20:59:11,414 [9] FATAL ProcessLogger [(null)] - System Start 2017/1/7 20:59:11
2017-01-07 21:01:19,188 [9] FATAL ProcessLogger [(null)] - System Start 2017/1/7 21:01:19
2017-01-07 21:01:19,408 [9] FATAL ProcessLogger [(null)] - initialize2017/1/7 21:01:19
2017-01-07 21:01:28,253 [9] FATAL ProcessLogger [(null)] - System Start 2017/1/7 21:01:28
2017-01-07 21:01:28,256 [9] FATAL ProcessLogger [(null)] - System Start 2017/1/7 21:01:28
2017-01-07 21:06:42,499 [9] FATAL ProcessLogger [(null)] - System Start 2017/1/7 21:06:42
2017-01-07 21:06:42,621 [9] FATAL ProcessLogger [(null)] - initialize2017/1/7 21:06:42
2017-01-07 21:06:47,789 [9] FATAL ProcessLogger [(null)] - System Start 2017/1/7 21:06:47
2017-01-07 21:06:47,790 [9] FATAL ProcessLogger [(null)] - System Start 2017/1/7 21:06:47
2017-01-07 21:08:36,847 [9] FATAL ProcessLogger [(null)] - System Start 2017/1/7 21:08:36
2017-01-07 21:08:36,847 [9] FATAL ProcessLogger [(null)] - System Start 2017/1/7 21:08:36
2017-01-07 21:11:45,916 [9] FATAL ProcessLogger [(null)] - System Start 2017/1/7 21:11:45
2017-01-07 21:11:46,036 [9] FATAL ProcessLogger [(null)] - initialize2017/1/7 21:11:46
2017-01-07 21:11:52,273 [9] FATAL ProcessLogger [(null)] - System Start 2017/1/7 21:11:52
2017-01-07 21:11:52,274 [9] FATAL ProcessLogger [(null)] - System Start 2017/1/7 21:11:52
2017-01-07 21:18:00,603 [9] FATAL ProcessLogger [(null)] - System Start 2017/1/7 21:18:00
2017-01-07 21:18:00,764 [9] FATAL ProcessLogger [(null)] - initialize2017/1/7 21:18:00
2017-01-07 21:18:04,141 [9] FATAL ProcessLogger [(null)] - System Start 2017/1/7 21:18:04
2017-01-07 21:18:04,143 [9] FATAL ProcessLogger [(null)] - System Start 2017/1/7 21:18:04
2017-01-07 21:19:21,051 [9] FATAL ProcessLogger [(null)] - System Start 2017/1/7 21:19:21
2017-01-07 21:19:27,974 [9] FATAL ProcessLogger [(null)] - System Start 2017/1/7 21:19:27
2017-01-07 21:20:00,311 [9] FATAL ProcessLogger [(null)] - System Start 2017/1/7 21:20:00
2017-01-07 21:20:14,191 [9] FATAL ProcessLogger [(null)] - System Start 2017/1/7 21:20:14
2017-01-07 21:20:14,223 [9] FATAL ProcessLogger [(null)] - System Start 2017/1/7 21:20:14
2017-01-07 21:20:14,223 [9] FATAL ProcessLogger [(null)] - System Start 2017/1/7 21:20:14
2017-01-07 21:20:30,474 [9] FATAL ProcessLogger [(null)] - System Start 2017/1/7 21:20:30
2017-01-07 21:20:36,243 [9] FATAL ProcessLogger [(null)] - System Start 2017/1/7 21:20:36
2017-01-07 21:20:36,243 [9] FATAL ProcessLogger [(null)] - System Start 2017/1/7 21:20:36
2017-01-07 21:20:55,242 [9] FATAL ProcessLogger [(null)] - System Start 2017/1/7 21:20:55
2017-01-07 21:21:19,185 [9] FATAL ProcessLogger [(null)] - System Start 2017/1/7 21:21:19
2017-01-07 21:21:19,185 [9] FATAL ProcessLogger [(null)] - System Start 2017/1/7 21:21:19
2017-01-07 21:21:25,134 [9] FATAL ProcessLogger [(null)] - System Start 2017/1/7 21:21:25
2017-01-07 21:21:26,948 [9] FATAL ProcessLogger [(null)] - System Start 2017/1/7 21:21:26
2017-01-07 21:21:26,948 [9] FATAL ProcessLogger [(null)] - System Start 2017/1/7 21:21:26
2017-01-07 21:21:33,162 [9] FATAL ProcessLogger [(null)] - System Start 2017/1/7 21:21:33
2017-01-07 21:21:35,095 [9] FATAL ProcessLogger [(null)] - System Start 2017/1/7 21:21:35
2017-01-07 21:21:35,095 [9] FATAL ProcessLogger [(null)] - System Start 2017/1/7 21:21:35
2017-01-07 21:21:46,853 [9] FATAL ProcessLogger [(null)] - System Start 2017/1/7 21:21:46
2017-01-07 21:22:40,690 [9] FATAL ProcessLogger [(null)] - System Start 2017/1/7 21:22:40
2017-01-07 21:25:45,263 [10] FATAL ProcessLogger [(null)] - System Start 2017/1/7 21:25:45
2017-01-07 21:25:45,389 [10] FATAL ProcessLogger [(null)] - initialize2017/1/7 21:25:45
2017-01-07 21:25:50,628 [10] FATAL ProcessLogger [(null)] - System Start 2017/1/7 21:25:50
2017-01-07 21:25:56,257 [6] FATAL ProcessLogger [(null)] - System Start 2017/1/7 21:25:56
2017-01-07 21:25:56,257 [6] FATAL ProcessLogger [(null)] - 1005--input kiajiang data2017/1/7 21:25:56
2017-01-07 21:25:56,258 [6] FATAL ProcessLogger [(null)] - 1006-- Input C Data end2017/1/7 21:25:56
2017-01-07 21:25:59,389 [6] FATAL ProcessLogger [(null)] - 1006-- Input finish2017/1/7 21:25:59
2017-01-07 21:26:05,585 [10] FATAL ProcessLogger [(null)] - System Start 2017/1/7 21:26:05
2017-01-07 21:26:05,585 [10] FATAL ProcessLogger [(null)] - System Start 2017/1/7 21:26:05
2017-01-07 21:26:18,303 [10] FATAL ProcessLogger [(null)] - System Start 2017/1/7 21:26:18
2017-01-07 21:27:26,705 [10] FATAL ProcessLogger [(null)] - System Start 2017/1/7 21:27:26
2017-01-07 21:27:26,836 [10] FATAL ProcessLogger [(null)] - initialize2017/1/7 21:27:26
2017-01-07 21:27:30,796 [10] FATAL ProcessLogger [(null)] - System Start 2017/1/7 21:27:30
2017-01-07 21:27:30,798 [10] FATAL ProcessLogger [(null)] - System Start 2017/1/7 21:27:30
2017-01-07 21:27:33,455 [10] FATAL ProcessLogger [(null)] - System Start 2017/1/7 21:27:33
2017-01-07 21:27:45,836 [10] FATAL ProcessLogger [(null)] - System Start 2017/1/7 21:27:45
2017-01-07 21:27:46,110 [10] FATAL ProcessLogger [(null)] - System Start 2017/1/7 21:27:46
2017-01-07 21:27:46,110 [10] FATAL ProcessLogger [(null)] - System Start 2017/1/7 21:27:46
2017-01-07 21:27:52,747 [10] FATAL ProcessLogger [(null)] - System Start 2017/1/7 21:27:52
2017-01-07 21:27:56,070 [10] FATAL ProcessLogger [(null)] - System Start 2017/1/7 21:27:56
2017-01-07 21:27:56,106 [10] FATAL ProcessLogger [(null)] - System Start 2017/1/7 21:27:56
2017-01-07 21:27:56,106 [10] FATAL ProcessLogger [(null)] - System Start 2017/1/7 21:27:56
2017-01-07 21:30:50,763 [10] FATAL ProcessLogger [(null)] - System Start 2017/1/7 21:30:50
2017-01-07 21:30:50,901 [10] FATAL ProcessLogger [(null)] - initialize2017/1/7 21:30:50
2017-01-07 21:43:06,193 [10] FATAL ProcessLogger [(null)] - System Start 2017/1/7 21:43:06
2017-01-07 21:43:06,197 [10] FATAL ProcessLogger [(null)] - System Start 2017/1/7 21:43:06
2017-01-07 22:53:30,849 [9] FATAL ProcessLogger [(null)] - System Start 2017/1/7 22:53:30
2017-01-07 22:53:31,035 [9] FATAL ProcessLogger [(null)] - initialize2017/1/7 22:53:31
2017-01-07 22:53:38,441 [9] FATAL ProcessLogger [(null)] - System Start 2017/1/7 22:53:38
2017-01-07 22:53:38,443 [9] FATAL ProcessLogger [(null)] - System Start 2017/1/7 22:53:38
2017-01-07 22:56:20,243 [10] FATAL ProcessLogger [(null)] - System Start 2017/1/7 22:56:20
2017-01-07 22:56:20,396 [10] FATAL ProcessLogger [(null)] - initialize2017/1/7 22:56:20
2017-01-07 22:56:23,996 [10] FATAL ProcessLogger [(null)] - System Start 2017/1/7 22:56:23
2017-01-07 22:56:23,997 [10] FATAL ProcessLogger [(null)] - System Start 2017/1/7 22:56:23
2017-01-07 22:57:01,583 [10] FATAL ProcessLogger [(null)] - System Start 2017/1/7 22:57:01
2017-01-07 22:57:12,721 [10] FATAL ProcessLogger [(null)] - System Start 2017/1/7 22:57:12
2017-01-07 22:58:04,322 [10] FATAL ProcessLogger [(null)] - System Start 2017/1/7 22:58:04
2017-01-07 22:58:04,467 [10] FATAL ProcessLogger [(null)] - initialize2017/1/7 22:58:04
2017-01-07 22:58:11,437 [10] FATAL ProcessLogger [(null)] - System Start 2017/1/7 22:58:11
2017-01-07 22:58:11,438 [10] FATAL ProcessLogger [(null)] - System Start 2017/1/7 22:58:11
2017-01-07 22:58:14,984 [7] FATAL ProcessLogger [(null)] - System Start 2017/1/7 22:58:14
2017-01-07 22:58:32,950 [10] FATAL ProcessLogger [(null)] - System Start 2017/1/7 22:58:32
2017-01-07 22:58:33,579 [10] FATAL ProcessLogger [(null)] - System Start 2017/1/7 22:58:33
2017-01-07 22:58:33,709 [13] FATAL ProcessLogger [(null)] - System Start 2017/1/7 22:58:33
2017-01-07 22:58:37,313 [10] FATAL ProcessLogger [(null)] - System Start 2017/1/7 22:58:37
2017-01-07 22:58:37,338 [14] FATAL ProcessLogger [(null)] - System Start 2017/1/7 22:58:37
2017-01-07 23:00:44,353 [1] FATAL ProcessLogger [(null)] - System Start 2017/1/7 23:00:44
2017-01-07 23:00:44,565 [1] FATAL ProcessLogger [(null)] - initialize2017/1/7 23:00:44
2017-01-07 23:00:48,581 [1] FATAL ProcessLogger [(null)] - System Start 2017/1/7 23:00:48
2017-01-07 23:00:48,584 [1] FATAL ProcessLogger [(null)] - System Start 2017/1/7 23:00:48
