2017-01-22 20:02:04,947 [9] FATAL ProcessLogger [(null)] - System Start 1/22/2017 20:02:04
2017-01-22 20:02:05,007 [9] FATAL ProcessLogger [(null)] - initialize1/22/2017 20:02:05
2017-01-22 20:02:07,074 [9] FATAL ProcessLogger [(null)] - System Start 1/22/2017 20:02:07
2017-01-22 20:02:07,074 [9] FATAL ProcessLogger [(null)] - System Start 1/22/2017 20:02:07
2017-01-22 20:02:07,264 [9] FATAL ProcessLogger [(null)] - System Read_CaiPiaoZhongLei_Moren 70104 1/22/2017 20:02:07
2017-01-22 20:02:07,264 [9] FATAL ProcessLogger [(null)] - System ReadclaimreportfromServerBy_Xuan 701051/22/2017 20:02:07
2017-01-22 20:02:07,374 [9] FATAL ProcessLogger [(null)] - System ReadclaimreportfromServerBy_Xuan 701061/22/2017 20:02:07
2017-01-22 20:02:07,374 [9] FATAL ProcessLogger [(null)] - System  701071/22/2017 20:02:07
2017-01-22 20:02:10,413 [9] FATAL ProcessLogger [(null)] - System Start 1/22/2017 20:02:10
2017-01-22 20:02:10,413 [9] FATAL ProcessLogger [(null)] - System Start 1/22/2017 20:02:10
2017-01-22 20:02:15,150 [9] FATAL ProcessLogger [(null)] - System Start 1/22/2017 20:02:15
2017-01-22 20:02:16,870 [9] FATAL ProcessLogger [(null)] - System Start 1/22/2017 20:02:16
2017-01-22 20:02:16,870 [9] FATAL ProcessLogger [(null)] - System Start 1/22/2017 20:02:16
2017-01-22 20:02:16,870 [9] FATAL ProcessLogger [(null)] - System Read_CaiPiaoZhongLei_Moren 70104 1/22/2017 20:02:16
2017-01-22 20:02:16,880 [9] FATAL ProcessLogger [(null)] - System ReadclaimreportfromServerBy_Xuan 701051/22/2017 20:02:16
2017-01-22 20:02:16,999 [9] FATAL ProcessLogger [(null)] - System ReadclaimreportfromServerBy_Xuan 701061/22/2017 20:02:16
2017-01-22 20:02:16,999 [9] FATAL ProcessLogger [(null)] - System  701071/22/2017 20:02:16
2017-01-22 20:02:25,302 [9] FATAL ProcessLogger [(null)] - System Start 1/22/2017 20:02:25
2017-01-22 20:02:25,302 [9] FATAL ProcessLogger [(null)] - System Start 1/22/2017 20:02:25
2017-01-22 20:02:27,654 [9] FATAL ProcessLogger [(null)] - System Start 1/22/2017 20:02:27
2017-01-22 20:02:29,054 [9] FATAL ProcessLogger [(null)] - System Start 1/22/2017 20:02:29
2017-01-22 20:02:29,054 [9] FATAL ProcessLogger [(null)] - System Start 1/22/2017 20:02:29
2017-01-22 20:02:29,064 [9] FATAL ProcessLogger [(null)] - System Read_CaiPiaoZhongLei_Moren 70104 1/22/2017 20:02:29
2017-01-22 20:02:29,064 [9] FATAL ProcessLogger [(null)] - System ReadclaimreportfromServerBy_Xuan 701051/22/2017 20:02:29
2017-01-22 20:02:29,164 [9] FATAL ProcessLogger [(null)] - System ReadclaimreportfromServerBy_Xuan 701061/22/2017 20:02:29
2017-01-22 20:02:29,164 [9] FATAL ProcessLogger [(null)] - System  701071/22/2017 20:02:29
2017-01-22 20:02:32,352 [9] FATAL ProcessLogger [(null)] - System Start 1/22/2017 20:02:32
2017-01-22 20:02:53,902 [9] FATAL ProcessLogger [(null)] - System Start 1/22/2017 20:02:53
2017-01-22 20:02:53,902 [9] FATAL ProcessLogger [(null)] - System Start 1/22/2017 20:02:53
2017-01-22 20:02:56,061 [9] FATAL ProcessLogger [(null)] - System Start 1/22/2017 20:02:56
2017-01-22 20:02:57,680 [9] FATAL ProcessLogger [(null)] - System Start 1/22/2017 20:02:57
2017-01-22 20:02:57,680 [9] FATAL ProcessLogger [(null)] - System Start 1/22/2017 20:02:57
2017-01-22 20:02:57,680 [9] FATAL ProcessLogger [(null)] - System Read_CaiPiaoZhongLei_Moren 70104 1/22/2017 20:02:57
2017-01-22 20:02:57,694 [9] FATAL ProcessLogger [(null)] - System ReadclaimreportfromServerBy_Xuan 701051/22/2017 20:02:57
2017-01-22 20:02:57,811 [9] FATAL ProcessLogger [(null)] - System ReadclaimreportfromServerBy_Xuan 701061/22/2017 20:02:57
2017-01-22 20:02:57,811 [9] FATAL ProcessLogger [(null)] - System  701071/22/2017 20:02:57
2017-01-22 20:03:05,846 [9] FATAL ProcessLogger [(null)] - System Start 1/22/2017 20:03:05
2017-01-22 20:03:41,189 [9] FATAL ProcessLogger [(null)] - System Start 1/22/2017 20:03:41
2017-01-22 20:04:15,852 [9] FATAL ProcessLogger [(null)] - System Start 1/22/2017 20:04:15
2017-01-22 20:04:15,852 [9] FATAL ProcessLogger [(null)] - System Start 1/22/2017 20:04:15
2017-01-22 20:04:15,852 [9] FATAL ProcessLogger [(null)] - System Read_CaiPiaoZhongLei_Moren 70104 1/22/2017 20:04:15
2017-01-22 20:04:15,852 [9] FATAL ProcessLogger [(null)] - System ReadclaimreportfromServerBy_Xuan 701051/22/2017 20:04:15
2017-01-22 20:04:15,972 [9] FATAL ProcessLogger [(null)] - System ReadclaimreportfromServerBy_Xuan 701061/22/2017 20:04:15
2017-01-22 20:04:15,972 [9] FATAL ProcessLogger [(null)] - System  701071/22/2017 20:04:15
2017-01-22 20:04:24,768 [9] FATAL ProcessLogger [(null)] - System Start 1/22/2017 20:04:24
2017-01-22 20:04:55,834 [9] FATAL ProcessLogger [(null)] - System Start 1/22/2017 20:04:55
2017-01-22 20:04:55,834 [9] FATAL ProcessLogger [(null)] - System Start 1/22/2017 20:04:55
2017-01-22 20:04:55,844 [9] FATAL ProcessLogger [(null)] - System Start 1/22/2017 20:04:55
2017-01-22 20:04:55,844 [9] FATAL ProcessLogger [(null)] - System Read_CaiPiaoZhongLei_Moren 70104 1/22/2017 20:04:55
2017-01-22 20:04:55,844 [9] FATAL ProcessLogger [(null)] - System ReadclaimreportfromServerBy_Xuan 701051/22/2017 20:04:55
2017-01-22 20:04:55,984 [9] FATAL ProcessLogger [(null)] - System ReadclaimreportfromServerBy_Xuan 701061/22/2017 20:04:55
2017-01-22 20:04:55,984 [9] FATAL ProcessLogger [(null)] - System  701071/22/2017 20:04:55
2017-01-22 20:04:58,273 [9] FATAL ProcessLogger [(null)] - System Start 1/22/2017 20:04:58
2017-01-22 20:05:03,390 [9] FATAL ProcessLogger [(null)] - System Start 1/22/2017 20:05:03
2017-01-22 20:05:06,948 [9] FATAL ProcessLogger [(null)] - System Start 1/22/2017 20:05:06
2017-01-22 20:05:06,948 [9] FATAL ProcessLogger [(null)] - System Start 1/22/2017 20:05:06
2017-01-22 20:05:06,948 [9] FATAL ProcessLogger [(null)] - System Read_CaiPiaoZhongLei_Moren 70104 1/22/2017 20:05:06
2017-01-22 20:05:06,948 [9] FATAL ProcessLogger [(null)] - System ReadclaimreportfromServerBy_Xuan 701051/22/2017 20:05:06
2017-01-22 20:05:07,108 [9] FATAL ProcessLogger [(null)] - System ReadclaimreportfromServerBy_Xuan 701061/22/2017 20:05:07
2017-01-22 20:05:07,108 [9] FATAL ProcessLogger [(null)] - System  701071/22/2017 20:05:07
2017-01-22 20:05:07,118 [9] FATAL ProcessLogger [(null)] - System Start 1/22/2017 20:05:07
2017-01-22 20:05:13,196 [9] FATAL ProcessLogger [(null)] - System Start 1/22/2017 20:05:13
2017-01-22 20:05:18,479 [9] FATAL ProcessLogger [(null)] - System Start 1/22/2017 20:05:18
2017-01-22 20:05:18,479 [9] FATAL ProcessLogger [(null)] - System Start 1/22/2017 20:05:18
2017-01-22 20:05:18,489 [9] FATAL ProcessLogger [(null)] - System Read_CaiPiaoZhongLei_Moren 70104 1/22/2017 20:05:18
2017-01-22 20:05:18,489 [9] FATAL ProcessLogger [(null)] - System ReadclaimreportfromServerBy_Xuan 701051/22/2017 20:05:18
2017-01-22 20:05:18,613 [9] FATAL ProcessLogger [(null)] - System ReadclaimreportfromServerBy_Xuan 701061/22/2017 20:05:18
2017-01-22 20:05:18,613 [9] FATAL ProcessLogger [(null)] - System  701071/22/2017 20:05:18
2017-01-22 20:05:18,623 [9] FATAL ProcessLogger [(null)] - System Start 1/22/2017 20:05:18
2017-01-22 20:05:23,471 [9] FATAL ProcessLogger [(null)] - System Start 1/22/2017 20:05:23
2017-01-22 20:05:34,565 [9] FATAL ProcessLogger [(null)] - System Start 1/22/2017 20:05:34
2017-01-22 20:05:34,565 [9] FATAL ProcessLogger [(null)] - System Start 1/22/2017 20:05:34
2017-01-22 20:05:37,014 [9] FATAL ProcessLogger [(null)] - System Start 1/22/2017 20:05:37
2017-01-22 20:05:38,044 [9] FATAL ProcessLogger [(null)] - System Start 1/22/2017 20:05:38
2017-01-22 20:05:38,044 [9] FATAL ProcessLogger [(null)] - System Start 1/22/2017 20:05:38
2017-01-22 20:05:38,044 [9] FATAL ProcessLogger [(null)] - System Read_CaiPiaoZhongLei_Moren 70104 1/22/2017 20:05:38
2017-01-22 20:05:38,054 [9] FATAL ProcessLogger [(null)] - System ReadclaimreportfromServerBy_Xuan 701051/22/2017 20:05:38
2017-01-22 20:05:38,143 [9] FATAL ProcessLogger [(null)] - System ReadclaimreportfromServerBy_Xuan 701061/22/2017 20:05:38
2017-01-22 20:05:38,143 [9] FATAL ProcessLogger [(null)] - System  701071/22/2017 20:05:38
2017-01-22 20:05:54,336 [9] FATAL ProcessLogger [(null)] - System Start 1/22/2017 20:05:54
2017-01-22 20:05:54,336 [9] FATAL ProcessLogger [(null)] - System Start 1/22/2017 20:05:54
2017-01-22 20:05:56,525 [9] FATAL ProcessLogger [(null)] - System Start 1/22/2017 20:05:56
2017-01-22 20:05:57,424 [9] FATAL ProcessLogger [(null)] - System Start 1/22/2017 20:05:57
2017-01-22 20:05:57,424 [9] FATAL ProcessLogger [(null)] - System Start 1/22/2017 20:05:57
2017-01-22 20:05:57,424 [9] FATAL ProcessLogger [(null)] - System Read_CaiPiaoZhongLei_Moren 70104 1/22/2017 20:05:57
2017-01-22 20:05:57,434 [9] FATAL ProcessLogger [(null)] - System ReadclaimreportfromServerBy_Xuan 701051/22/2017 20:05:57
2017-01-22 20:05:57,594 [9] FATAL ProcessLogger [(null)] - System ReadclaimreportfromServerBy_Xuan 701061/22/2017 20:05:57
2017-01-22 20:05:57,594 [9] FATAL ProcessLogger [(null)] - System  701071/22/2017 20:05:57
2017-01-22 20:06:01,708 [9] FATAL ProcessLogger [(null)] - System Start 1/22/2017 20:06:01
2017-01-22 20:06:01,708 [9] FATAL ProcessLogger [(null)] - System Start 1/22/2017 20:06:01
2017-01-22 20:06:03,613 [9] FATAL ProcessLogger [(null)] - System Start 1/22/2017 20:06:03
2017-01-22 20:06:04,541 [9] FATAL ProcessLogger [(null)] - System Start 1/22/2017 20:06:04
2017-01-22 20:06:04,541 [9] FATAL ProcessLogger [(null)] - System Start 1/22/2017 20:06:04
2017-01-22 20:06:04,541 [9] FATAL ProcessLogger [(null)] - System Read_CaiPiaoZhongLei_Moren 70104 1/22/2017 20:06:04
2017-01-22 20:06:04,551 [9] FATAL ProcessLogger [(null)] - System ReadclaimreportfromServerBy_Xuan 701051/22/2017 20:06:04
2017-01-22 20:06:04,661 [9] FATAL ProcessLogger [(null)] - System ReadclaimreportfromServerBy_Xuan 701061/22/2017 20:06:04
2017-01-22 20:06:04,661 [9] FATAL ProcessLogger [(null)] - System  701071/22/2017 20:06:04
2017-01-22 20:06:06,860 [9] FATAL ProcessLogger [(null)] - System Start 1/22/2017 20:06:06
2017-01-22 20:06:06,860 [9] FATAL ProcessLogger [(null)] - System Start 1/22/2017 20:06:06
2017-01-22 20:06:06,860 [9] FATAL ProcessLogger [(null)] - System Start 1/22/2017 20:06:06
2017-01-22 20:06:06,860 [9] FATAL ProcessLogger [(null)] - System Read_CaiPiaoZhongLei_Moren 70104 1/22/2017 20:06:06
2017-01-22 20:06:06,870 [9] FATAL ProcessLogger [(null)] - System ReadclaimreportfromServerBy_Xuan 701051/22/2017 20:06:06
2017-01-22 20:06:06,960 [9] FATAL ProcessLogger [(null)] - System ReadclaimreportfromServerBy_Xuan 701061/22/2017 20:06:06
2017-01-22 20:06:06,960 [9] FATAL ProcessLogger [(null)] - System  701071/22/2017 20:06:06
2017-01-22 20:06:09,405 [9] FATAL ProcessLogger [(null)] - System Start 1/22/2017 20:06:09
2017-01-22 20:06:12,587 [9] FATAL ProcessLogger [(null)] - System Start 1/22/2017 20:06:12
2017-01-22 20:06:14,233 [9] FATAL ProcessLogger [(null)] - System Start 1/22/2017 20:06:14
2017-01-22 20:06:16,804 [9] FATAL ProcessLogger [(null)] - System Start 1/22/2017 20:06:16
2017-01-22 20:06:21,403 [9] FATAL ProcessLogger [(null)] - System Start 1/22/2017 20:06:21
2017-01-22 20:06:21,403 [9] FATAL ProcessLogger [(null)] - System Start 1/22/2017 20:06:21
2017-01-22 20:06:23,731 [9] FATAL ProcessLogger [(null)] - System Start 1/22/2017 20:06:23
2017-01-22 20:06:24,871 [9] FATAL ProcessLogger [(null)] - System Start 1/22/2017 20:06:24
2017-01-22 20:06:24,871 [9] FATAL ProcessLogger [(null)] - System Start 1/22/2017 20:06:24
2017-01-22 20:06:24,871 [9] FATAL ProcessLogger [(null)] - System Read_CaiPiaoZhongLei_Moren 70104 1/22/2017 20:06:24
2017-01-22 20:06:24,894 [9] FATAL ProcessLogger [(null)] - System ReadclaimreportfromServerBy_Xuan 701051/22/2017 20:06:24
2017-01-22 20:06:25,031 [9] FATAL ProcessLogger [(null)] - System ReadclaimreportfromServerBy_Xuan 701061/22/2017 20:06:25
2017-01-22 20:06:25,031 [9] FATAL ProcessLogger [(null)] - System  701071/22/2017 20:06:25
2017-01-22 20:11:32,593 [10] FATAL ProcessLogger [(null)] - System Start 1/22/2017 20:11:32
2017-01-22 20:11:32,643 [10] FATAL ProcessLogger [(null)] - initialize1/22/2017 20:11:32
2017-01-22 20:11:34,964 [10] FATAL ProcessLogger [(null)] - System Start 1/22/2017 20:11:34
2017-01-22 20:11:34,964 [10] FATAL ProcessLogger [(null)] - System Start 1/22/2017 20:11:34
2017-01-22 20:11:35,124 [10] FATAL ProcessLogger [(null)] - System Read_CaiPiaoZhongLei_Moren 70104 1/22/2017 20:11:35
2017-01-22 20:11:35,134 [10] FATAL ProcessLogger [(null)] - System ReadclaimreportfromServerBy_Xuan 701051/22/2017 20:11:35
2017-01-22 20:11:35,312 [10] FATAL ProcessLogger [(null)] - System ReadclaimreportfromServerBy_Xuan 701061/22/2017 20:11:35
2017-01-22 20:11:35,312 [10] FATAL ProcessLogger [(null)] - System  701071/22/2017 20:11:35
2017-01-22 20:12:56,635 [10] FATAL ProcessLogger [(null)] - System Start 1/22/2017 20:12:56
2017-01-22 20:12:58,213 [10] FATAL ProcessLogger [(null)] - System Start 1/22/2017 20:12:58
2017-01-22 20:12:58,213 [10] FATAL ProcessLogger [(null)] - System Start 1/22/2017 20:12:58
2017-01-22 20:12:58,213 [10] FATAL ProcessLogger [(null)] - System Read_CaiPiaoZhongLei_Moren 70104 1/22/2017 20:12:58
2017-01-22 20:12:58,213 [10] FATAL ProcessLogger [(null)] - System ReadclaimreportfromServerBy_Xuan 701051/22/2017 20:12:58
2017-01-22 20:12:58,333 [10] FATAL ProcessLogger [(null)] - System ReadclaimreportfromServerBy_Xuan 701061/22/2017 20:12:58
2017-01-22 20:12:58,333 [10] FATAL ProcessLogger [(null)] - System  701071/22/2017 20:12:58
2017-01-22 20:13:03,351 [10] FATAL ProcessLogger [(null)] - System Start 1/22/2017 20:13:03
2017-01-22 20:18:45,966 [9] FATAL ProcessLogger [(null)] - System Start 1/22/2017 20:18:45
2017-01-22 20:18:46,026 [9] FATAL ProcessLogger [(null)] - initialize1/22/2017 20:18:46
2017-01-22 20:18:48,795 [9] FATAL ProcessLogger [(null)] - System Start 1/22/2017 20:18:48
2017-01-22 20:18:48,805 [9] FATAL ProcessLogger [(null)] - System Start 1/22/2017 20:18:48
2017-01-22 20:18:49,155 [9] FATAL ProcessLogger [(null)] - System Start 1/22/2017 20:18:49
2017-01-22 20:18:58,840 [9] FATAL ProcessLogger [(null)] - System Start 1/22/2017 20:18:58
2017-01-22 20:19:09,286 [9] FATAL ProcessLogger [(null)] - System Start 1/22/2017 20:19:09
2017-01-22 20:19:13,104 [9] FATAL ProcessLogger [(null)] - System Start 1/22/2017 20:19:13
2017-01-22 20:19:37,002 [9] FATAL ProcessLogger [(null)] - System Start 1/22/2017 20:19:37
2017-01-22 20:20:15,316 [1] FATAL ProcessLogger [(null)] - System Start 1/22/2017 20:20:15
2017-01-22 20:20:15,384 [1] FATAL ProcessLogger [(null)] - initialize1/22/2017 20:20:15
2017-01-22 20:20:17,350 [1] FATAL ProcessLogger [(null)] - System Start 1/22/2017 20:20:17
2017-01-22 20:20:17,351 [1] FATAL ProcessLogger [(null)] - System Start 1/22/2017 20:20:17
2017-01-22 20:20:17,717 [1] FATAL ProcessLogger [(null)] - System Start 1/22/2017 20:20:17
2017-01-22 20:20:28,578 [1] FATAL ProcessLogger [(null)] - System Start 1/22/2017 20:20:28
2017-01-22 20:21:44,934 [1] FATAL ProcessLogger [(null)] - System Start 1/22/2017 20:21:44
2017-01-22 20:21:47,650 [1] FATAL ProcessLogger [(null)] - System Start 1/22/2017 20:21:47
2017-01-22 20:23:06,662 [1] FATAL ProcessLogger [(null)] - System Start 1/22/2017 20:23:06
2017-01-22 20:23:11,680 [1] FATAL ProcessLogger [(null)] - System Start 1/22/2017 20:23:11
2017-01-22 20:25:59,783 [1] FATAL ProcessLogger [(null)] - System Start 1/22/2017 20:25:59
2017-01-22 20:25:59,846 [1] FATAL ProcessLogger [(null)] - initialize1/22/2017 20:25:59
2017-01-22 20:26:01,730 [1] FATAL ProcessLogger [(null)] - System Start 1/22/2017 20:26:01
2017-01-22 20:26:01,731 [1] FATAL ProcessLogger [(null)] - System Start 1/22/2017 20:26:01
2017-01-22 20:26:02,068 [1] FATAL ProcessLogger [(null)] - System Start 1/22/2017 20:26:02
2017-01-22 20:27:54,688 [1] FATAL ProcessLogger [(null)] - System Start 1/22/2017 20:27:54
2017-01-22 20:27:54,738 [1] FATAL ProcessLogger [(null)] - initialize1/22/2017 20:27:54
2017-01-22 20:27:57,513 [1] FATAL ProcessLogger [(null)] - System Start 1/22/2017 20:27:57
2017-01-22 20:27:57,513 [1] FATAL ProcessLogger [(null)] - System Start 1/22/2017 20:27:57
2017-01-22 20:27:57,833 [1] FATAL ProcessLogger [(null)] - System Start 1/22/2017 20:27:57
2017-01-22 20:32:54,382 [1] FATAL ProcessLogger [(null)] - System Start 1/22/2017 20:32:54
2017-01-22 20:32:54,442 [1] FATAL ProcessLogger [(null)] - initialize1/22/2017 20:32:54
2017-01-22 20:32:57,380 [1] FATAL ProcessLogger [(null)] - System Start 1/22/2017 20:32:57
2017-01-22 20:32:57,380 [1] FATAL ProcessLogger [(null)] - System Start 1/22/2017 20:32:57
2017-01-22 20:32:57,720 [1] FATAL ProcessLogger [(null)] - System Start 1/22/2017 20:32:57
2017-01-22 20:33:06,185 [1] FATAL ProcessLogger [(null)] - System Start 1/22/2017 20:33:06
2017-01-22 20:33:59,110 [1] FATAL ProcessLogger [(null)] - System Start 1/22/2017 20:33:59
2017-01-22 20:33:59,190 [1] FATAL ProcessLogger [(null)] - initialize1/22/2017 20:33:59
2017-01-22 20:34:01,299 [1] FATAL ProcessLogger [(null)] - System Start 1/22/2017 20:34:01
2017-01-22 20:34:01,299 [1] FATAL ProcessLogger [(null)] - System Start 1/22/2017 20:34:01
2017-01-22 20:34:01,609 [1] FATAL ProcessLogger [(null)] - System Start 1/22/2017 20:34:01
2017-01-22 20:34:45,508 [1] FATAL ProcessLogger [(null)] - System Start 1/22/2017 20:34:45
2017-01-22 20:34:45,578 [1] FATAL ProcessLogger [(null)] - initialize1/22/2017 20:34:45
2017-01-22 20:34:47,567 [1] FATAL ProcessLogger [(null)] - System Start 1/22/2017 20:34:47
2017-01-22 20:34:47,577 [1] FATAL ProcessLogger [(null)] - System Start 1/22/2017 20:34:47
2017-01-22 20:34:47,918 [1] FATAL ProcessLogger [(null)] - System Start 1/22/2017 20:34:47
2017-01-22 20:38:47,338 [1] FATAL ProcessLogger [(null)] - System Start 1/22/2017 20:38:47
2017-01-22 20:38:47,407 [1] FATAL ProcessLogger [(null)] - initialize1/22/2017 20:38:47
2017-01-22 20:38:49,453 [1] FATAL ProcessLogger [(null)] - System Start 1/22/2017 20:38:49
2017-01-22 20:38:49,454 [1] FATAL ProcessLogger [(null)] - System Start 1/22/2017 20:38:49
2017-01-22 20:38:49,796 [1] FATAL ProcessLogger [(null)] - System Start 1/22/2017 20:38:49
2017-01-22 20:39:54,782 [1] FATAL ProcessLogger [(null)] - System Start 1/22/2017 20:39:54
2017-01-22 20:39:54,851 [1] FATAL ProcessLogger [(null)] - initialize1/22/2017 20:39:54
2017-01-22 20:39:57,161 [1] FATAL ProcessLogger [(null)] - System Start 1/22/2017 20:39:57
2017-01-22 20:39:57,162 [1] FATAL ProcessLogger [(null)] - System Start 1/22/2017 20:39:57
2017-01-22 20:39:57,487 [1] FATAL ProcessLogger [(null)] - System Start 1/22/2017 20:39:57
2017-01-22 20:40:05,560 [1] FATAL ProcessLogger [(null)] - System Start 1/22/2017 20:40:05
2017-01-22 20:40:21,972 [1] FATAL ProcessLogger [(null)] - System Start 1/22/2017 20:40:21
2017-01-22 20:40:28,776 [1] FATAL ProcessLogger [(null)] - System Start 1/22/2017 20:40:28
2017-01-22 20:40:28,776 [1] FATAL ProcessLogger [(null)] - System Start 1/22/2017 20:40:28
2017-01-22 20:40:28,776 [1] FATAL ProcessLogger [(null)] - System Read_CaiPiaoZhongLei_Moren 70104 1/22/2017 20:40:28
2017-01-22 20:40:28,777 [1] FATAL ProcessLogger [(null)] - System ReadclaimreportfromServerBy_Xuan 701051/22/2017 20:40:28
2017-01-22 20:40:28,892 [1] FATAL ProcessLogger [(null)] - System ReadclaimreportfromServerBy_Xuan 701061/22/2017 20:40:28
2017-01-22 20:40:28,893 [1] FATAL ProcessLogger [(null)] - System  701071/22/2017 20:40:28
2017-01-22 20:40:32,344 [1] FATAL ProcessLogger [(null)] - System Start 1/22/2017 20:40:32
2017-01-22 20:41:23,336 [1] FATAL ProcessLogger [(null)] - System Start 1/22/2017 20:41:23
2017-01-22 20:41:23,336 [1] FATAL ProcessLogger [(null)] - System Start 1/22/2017 20:41:23
2017-01-22 20:41:29,874 [1] FATAL ProcessLogger [(null)] - System Start 1/22/2017 20:41:29
2017-01-22 20:41:48,137 [1] FATAL ProcessLogger [(null)] - System Start 1/22/2017 20:41:48
2017-01-22 20:41:48,137 [1] FATAL ProcessLogger [(null)] - System Start 1/22/2017 20:41:48
2017-01-22 20:41:48,138 [1] FATAL ProcessLogger [(null)] - System Read_CaiPiaoZhongLei_Moren 70104 1/22/2017 20:41:48
2017-01-22 20:41:48,143 [1] FATAL ProcessLogger [(null)] - System ReadclaimreportfromServerBy_Xuan 701051/22/2017 20:41:48
2017-01-22 20:41:48,213 [1] FATAL ProcessLogger [(null)] - System ReadclaimreportfromServerBy_Xuan 701061/22/2017 20:41:48
2017-01-22 20:41:48,213 [1] FATAL ProcessLogger [(null)] - System  701071/22/2017 20:41:48
2017-01-22 20:41:51,421 [1] FATAL ProcessLogger [(null)] - System Start 1/22/2017 20:41:51
2017-01-22 20:41:51,422 [1] FATAL ProcessLogger [(null)] - System Start 1/22/2017 20:41:51
2017-01-22 20:41:51,422 [1] FATAL ProcessLogger [(null)] - System Start 1/22/2017 20:41:51
2017-01-22 20:41:51,423 [1] FATAL ProcessLogger [(null)] - System Read_CaiPiaoZhongLei_Moren 70104 1/22/2017 20:41:51
2017-01-22 20:41:51,423 [1] FATAL ProcessLogger [(null)] - System ReadclaimreportfromServerBy_Xuan 701051/22/2017 20:41:51
2017-01-22 20:41:51,502 [1] FATAL ProcessLogger [(null)] - System ReadclaimreportfromServerBy_Xuan 701061/22/2017 20:41:51
2017-01-22 20:41:51,503 [1] FATAL ProcessLogger [(null)] - System  701071/22/2017 20:41:51
2017-01-22 20:41:59,052 [1] FATAL ProcessLogger [(null)] - System Start 1/22/2017 20:41:59
2017-01-22 20:41:59,952 [1] FATAL ProcessLogger [(null)] - System Start 1/22/2017 20:41:59
2017-01-22 20:42:00,886 [1] FATAL ProcessLogger [(null)] - System Start 1/22/2017 20:42:00
2017-01-22 20:42:01,841 [1] FATAL ProcessLogger [(null)] - System Start 1/22/2017 20:42:01
2017-01-22 20:42:07,520 [1] FATAL ProcessLogger [(null)] - System Start 1/22/2017 20:42:07
2017-01-22 20:42:07,520 [1] FATAL ProcessLogger [(null)] - System Start 1/22/2017 20:42:07
2017-01-22 20:42:07,520 [1] FATAL ProcessLogger [(null)] - System Start 1/22/2017 20:42:07
2017-01-22 20:42:07,521 [1] FATAL ProcessLogger [(null)] - System Read_CaiPiaoZhongLei_Moren 70104 1/22/2017 20:42:07
2017-01-22 20:42:07,521 [1] FATAL ProcessLogger [(null)] - System ReadclaimreportfromServerBy_Xuan 701051/22/2017 20:42:07
2017-01-22 20:42:07,623 [1] FATAL ProcessLogger [(null)] - System ReadclaimreportfromServerBy_Xuan 701061/22/2017 20:42:07
2017-01-22 20:42:07,623 [1] FATAL ProcessLogger [(null)] - System  701071/22/2017 20:42:07
2017-01-22 20:42:12,557 [1] FATAL ProcessLogger [(null)] - System Start 1/22/2017 20:42:12
2017-01-22 20:42:13,541 [1] FATAL ProcessLogger [(null)] - System Start 1/22/2017 20:42:13
2017-01-22 20:42:15,071 [1] FATAL ProcessLogger [(null)] - System Start 1/22/2017 20:42:15
2017-01-22 20:42:15,694 [1] FATAL ProcessLogger [(null)] - System Start 1/22/2017 20:42:15
2017-01-22 20:42:17,076 [1] FATAL ProcessLogger [(null)] - System Start 1/22/2017 20:42:17
2017-01-22 20:42:18,869 [1] FATAL ProcessLogger [(null)] - System Start 1/22/2017 20:42:18
2017-01-22 20:42:18,870 [1] FATAL ProcessLogger [(null)] - System Start 1/22/2017 20:42:18
2017-01-22 20:42:18,870 [1] FATAL ProcessLogger [(null)] - System Start 1/22/2017 20:42:18
2017-01-22 20:42:18,871 [1] FATAL ProcessLogger [(null)] - System Read_CaiPiaoZhongLei_Moren 70104 1/22/2017 20:42:18
2017-01-22 20:42:18,871 [1] FATAL ProcessLogger [(null)] - System ReadclaimreportfromServerBy_Xuan 701051/22/2017 20:42:18
2017-01-22 20:42:18,968 [1] FATAL ProcessLogger [(null)] - System ReadclaimreportfromServerBy_Xuan 701061/22/2017 20:42:18
2017-01-22 20:42:18,968 [1] FATAL ProcessLogger [(null)] - System  701071/22/2017 20:42:18
2017-01-22 20:42:23,511 [1] FATAL ProcessLogger [(null)] - System Start 1/22/2017 20:42:23
2017-01-22 20:42:24,229 [1] FATAL ProcessLogger [(null)] - System Start 1/22/2017 20:42:24
2017-01-22 20:42:25,026 [1] FATAL ProcessLogger [(null)] - System Start 1/22/2017 20:42:25
2017-01-22 20:42:26,486 [1] FATAL ProcessLogger [(null)] - System Start 1/22/2017 20:42:26
2017-01-22 20:42:29,209 [1] FATAL ProcessLogger [(null)] - System Start 1/22/2017 20:42:29
2017-01-22 20:42:29,210 [1] FATAL ProcessLogger [(null)] - System Start 1/22/2017 20:42:29
2017-01-22 20:42:29,210 [1] FATAL ProcessLogger [(null)] - System Start 1/22/2017 20:42:29
2017-01-22 20:42:29,211 [1] FATAL ProcessLogger [(null)] - System Read_CaiPiaoZhongLei_Moren 70104 1/22/2017 20:42:29
2017-01-22 20:42:29,211 [1] FATAL ProcessLogger [(null)] - System ReadclaimreportfromServerBy_Xuan 701051/22/2017 20:42:29
2017-01-22 20:42:29,289 [1] FATAL ProcessLogger [(null)] - System ReadclaimreportfromServerBy_Xuan 701061/22/2017 20:42:29
2017-01-22 20:42:29,289 [1] FATAL ProcessLogger [(null)] - System  701071/22/2017 20:42:29
2017-01-22 20:42:34,727 [1] FATAL ProcessLogger [(null)] - System Start 1/22/2017 20:42:34
2017-01-22 20:42:35,408 [1] FATAL ProcessLogger [(null)] - System Start 1/22/2017 20:42:35
2017-01-22 20:42:36,001 [1] FATAL ProcessLogger [(null)] - System Start 1/22/2017 20:42:36
2017-01-22 20:42:36,842 [1] FATAL ProcessLogger [(null)] - System Start 1/22/2017 20:42:36
2017-01-22 20:42:38,317 [1] FATAL ProcessLogger [(null)] - System Start 1/22/2017 20:42:38
2017-01-22 20:42:38,318 [1] FATAL ProcessLogger [(null)] - System Start 1/22/2017 20:42:38
2017-01-22 20:42:38,318 [1] FATAL ProcessLogger [(null)] - System Start 1/22/2017 20:42:38
2017-01-22 20:42:38,320 [1] FATAL ProcessLogger [(null)] - System Read_CaiPiaoZhongLei_Moren 70104 1/22/2017 20:42:38
2017-01-22 20:42:38,320 [1] FATAL ProcessLogger [(null)] - System ReadclaimreportfromServerBy_Xuan 701051/22/2017 20:42:38
2017-01-22 20:42:38,428 [1] FATAL ProcessLogger [(null)] - System ReadclaimreportfromServerBy_Xuan 701061/22/2017 20:42:38
2017-01-22 20:42:38,429 [1] FATAL ProcessLogger [(null)] - System  701071/22/2017 20:42:38
2017-01-22 20:42:42,862 [1] FATAL ProcessLogger [(null)] - System Start 1/22/2017 20:42:42
2017-01-22 20:42:43,611 [1] FATAL ProcessLogger [(null)] - System Start 1/22/2017 20:42:43
2017-01-22 20:42:44,156 [1] FATAL ProcessLogger [(null)] - System Start 1/22/2017 20:42:44
2017-01-22 20:42:46,143 [1] FATAL ProcessLogger [(null)] - System Start 1/22/2017 20:42:46
2017-01-22 20:42:49,694 [1] FATAL ProcessLogger [(null)] - System Start 1/22/2017 20:42:49
2017-01-22 20:42:53,129 [1] FATAL ProcessLogger [(null)] - System Start 1/22/2017 20:42:53
2017-01-22 20:42:55,107 [1] FATAL ProcessLogger [(null)] - System Start 1/22/2017 20:42:55
2017-01-22 20:42:59,876 [1] FATAL ProcessLogger [(null)] - System Start 1/22/2017 20:42:59
2017-01-22 20:43:03,078 [1] FATAL ProcessLogger [(null)] - System Start 1/22/2017 20:43:03
2017-01-22 20:43:07,026 [1] FATAL ProcessLogger [(null)] - System Start 1/22/2017 20:43:07
2017-01-22 20:43:08,514 [1] FATAL ProcessLogger [(null)] - System Start 1/22/2017 20:43:08
2017-01-22 20:43:10,556 [1] FATAL ProcessLogger [(null)] - System Start 1/22/2017 20:43:10
2017-01-22 20:43:12,016 [1] FATAL ProcessLogger [(null)] - System Start 1/22/2017 20:43:12
2017-01-22 20:43:13,426 [1] FATAL ProcessLogger [(null)] - System Start 1/22/2017 20:43:13
2017-01-22 20:43:14,719 [1] FATAL ProcessLogger [(null)] - System Start 1/22/2017 20:43:14
2017-01-22 20:43:19,941 [1] FATAL ProcessLogger [(null)] - System Start 1/22/2017 20:43:19
2017-01-22 20:43:21,632 [1] FATAL ProcessLogger [(null)] - System Start 1/22/2017 20:43:21
2017-01-22 20:43:22,846 [1] FATAL ProcessLogger [(null)] - System Start 1/22/2017 20:43:22
2017-01-22 20:43:24,667 [1] FATAL ProcessLogger [(null)] - System Start 1/22/2017 20:43:24
2017-01-22 20:43:31,660 [1] FATAL ProcessLogger [(null)] - System Start 1/22/2017 20:43:31
2017-01-22 20:43:33,526 [1] FATAL ProcessLogger [(null)] - System Start 1/22/2017 20:43:33
2017-01-22 20:43:36,134 [1] FATAL ProcessLogger [(null)] - System Start 1/22/2017 20:43:36
2017-01-22 20:43:37,513 [1] FATAL ProcessLogger [(null)] - System Start 1/22/2017 20:43:37
2017-01-22 20:43:41,746 [1] FATAL ProcessLogger [(null)] - System Start 1/22/2017 20:43:41
2017-01-22 20:43:44,589 [1] FATAL ProcessLogger [(null)] - System Start 1/22/2017 20:43:44
2017-01-22 20:44:24,756 [1] FATAL ProcessLogger [(null)] - System Start 1/22/2017 20:44:24
2017-01-22 20:44:28,442 [1] FATAL ProcessLogger [(null)] - System Start 1/22/2017 20:44:28
2017-01-22 20:44:31,215 [1] FATAL ProcessLogger [(null)] - System Start 1/22/2017 20:44:31
2017-01-22 20:44:34,609 [1] FATAL ProcessLogger [(null)] - System Start 1/22/2017 20:44:34
2017-01-22 20:44:54,844 [1] FATAL ProcessLogger [(null)] - System Start 1/22/2017 20:44:54
2017-01-22 20:44:54,901 [1] FATAL ProcessLogger [(null)] - initialize1/22/2017 20:44:54
2017-01-22 20:44:57,858 [1] FATAL ProcessLogger [(null)] - System Start 1/22/2017 20:44:57
2017-01-22 20:44:57,858 [1] FATAL ProcessLogger [(null)] - System Start 1/22/2017 20:44:57
2017-01-22 20:44:58,037 [1] FATAL ProcessLogger [(null)] - System Read_CaiPiaoZhongLei_Moren 70104 1/22/2017 20:44:58
2017-01-22 20:44:58,038 [1] FATAL ProcessLogger [(null)] - System ReadclaimreportfromServerBy_Xuan 701051/22/2017 20:44:58
2017-01-22 20:44:58,139 [1] FATAL ProcessLogger [(null)] - System ReadclaimreportfromServerBy_Xuan 701061/22/2017 20:44:58
2017-01-22 20:44:58,140 [1] FATAL ProcessLogger [(null)] - System  701071/22/2017 20:44:58
2017-01-22 20:45:01,068 [1] FATAL ProcessLogger [(null)] - System Start 1/22/2017 20:45:01
2017-01-22 20:45:03,345 [1] FATAL ProcessLogger [(null)] - System Start 1/22/2017 20:45:03
2017-01-22 20:45:09,385 [1] FATAL ProcessLogger [(null)] - System Start 1/22/2017 20:45:09
2017-01-22 20:45:09,386 [1] FATAL ProcessLogger [(null)] - System Start 1/22/2017 20:45:09
2017-01-22 20:45:09,386 [1] FATAL ProcessLogger [(null)] - System Read_CaiPiaoZhongLei_Moren 70104 1/22/2017 20:45:09
2017-01-22 20:45:09,387 [1] FATAL ProcessLogger [(null)] - System ReadclaimreportfromServerBy_Xuan 701051/22/2017 20:45:09
2017-01-22 20:45:09,483 [1] FATAL ProcessLogger [(null)] - System ReadclaimreportfromServerBy_Xuan 701061/22/2017 20:45:09
2017-01-22 20:45:09,484 [1] FATAL ProcessLogger [(null)] - System  701071/22/2017 20:45:09
2017-01-22 20:45:10,217 [1] FATAL ProcessLogger [(null)] - System Start 1/22/2017 20:45:10
2017-01-22 20:45:10,217 [1] FATAL ProcessLogger [(null)] - System Start 1/22/2017 20:45:10
2017-01-22 20:45:10,218 [1] FATAL ProcessLogger [(null)] - System Read_CaiPiaoZhongLei_Moren 70104 1/22/2017 20:45:10
2017-01-22 20:45:10,218 [1] FATAL ProcessLogger [(null)] - System ReadclaimreportfromServerBy_Xuan 701051/22/2017 20:45:10
2017-01-22 20:45:10,306 [1] FATAL ProcessLogger [(null)] - System ReadclaimreportfromServerBy_Xuan 701061/22/2017 20:45:10
2017-01-22 20:45:10,306 [1] FATAL ProcessLogger [(null)] - System  701071/22/2017 20:45:10
2017-01-22 20:45:30,148 [1] FATAL ProcessLogger [(null)] - System Start 1/22/2017 20:45:30
2017-01-22 20:45:30,148 [1] FATAL ProcessLogger [(null)] - System Start 1/22/2017 20:45:30
2017-01-22 20:45:30,149 [1] FATAL ProcessLogger [(null)] - System Read_CaiPiaoZhongLei_Moren 70104 1/22/2017 20:45:30
2017-01-22 20:45:30,149 [1] FATAL ProcessLogger [(null)] - System ReadclaimreportfromServerBy_Xuan 701051/22/2017 20:45:30
2017-01-22 20:45:30,224 [1] FATAL ProcessLogger [(null)] - System ReadclaimreportfromServerBy_Xuan 701061/22/2017 20:45:30
2017-01-22 20:45:30,224 [1] FATAL ProcessLogger [(null)] - System  701071/22/2017 20:45:30
2017-01-22 20:45:30,846 [1] FATAL ProcessLogger [(null)] - System Start 1/22/2017 20:45:30
2017-01-22 20:45:30,846 [1] FATAL ProcessLogger [(null)] - System Start 1/22/2017 20:45:30
2017-01-22 20:45:30,847 [1] FATAL ProcessLogger [(null)] - System Read_CaiPiaoZhongLei_Moren 70104 1/22/2017 20:45:30
2017-01-22 20:45:30,848 [1] FATAL ProcessLogger [(null)] - System ReadclaimreportfromServerBy_Xuan 701051/22/2017 20:45:30
2017-01-22 20:45:30,943 [1] FATAL ProcessLogger [(null)] - System ReadclaimreportfromServerBy_Xuan 701061/22/2017 20:45:30
2017-01-22 20:45:30,943 [1] FATAL ProcessLogger [(null)] - System  701071/22/2017 20:45:30
2017-01-22 20:45:31,261 [1] FATAL ProcessLogger [(null)] - System Start 1/22/2017 20:45:31
2017-01-22 20:45:31,261 [1] FATAL ProcessLogger [(null)] - System Start 1/22/2017 20:45:31
2017-01-22 20:45:31,262 [1] FATAL ProcessLogger [(null)] - System Read_CaiPiaoZhongLei_Moren 70104 1/22/2017 20:45:31
2017-01-22 20:45:31,262 [1] FATAL ProcessLogger [(null)] - System ReadclaimreportfromServerBy_Xuan 701051/22/2017 20:45:31
2017-01-22 20:45:31,405 [1] FATAL ProcessLogger [(null)] - System ReadclaimreportfromServerBy_Xuan 701061/22/2017 20:45:31
2017-01-22 20:45:31,405 [1] FATAL ProcessLogger [(null)] - System  701071/22/2017 20:45:31
2017-01-22 20:45:31,560 [1] FATAL ProcessLogger [(null)] - System Start 1/22/2017 20:45:31
2017-01-22 20:45:31,560 [1] FATAL ProcessLogger [(null)] - System Start 1/22/2017 20:45:31
2017-01-22 20:45:31,560 [1] FATAL ProcessLogger [(null)] - System Read_CaiPiaoZhongLei_Moren 70104 1/22/2017 20:45:31
2017-01-22 20:45:31,561 [1] FATAL ProcessLogger [(null)] - System ReadclaimreportfromServerBy_Xuan 701051/22/2017 20:45:31
2017-01-22 20:45:31,649 [1] FATAL ProcessLogger [(null)] - System ReadclaimreportfromServerBy_Xuan 701061/22/2017 20:45:31
2017-01-22 20:45:31,649 [1] FATAL ProcessLogger [(null)] - System  701071/22/2017 20:45:31
2017-01-22 20:45:50,649 [1] FATAL ProcessLogger [(null)] - System Start 1/22/2017 20:45:50
2017-01-22 20:45:50,650 [1] FATAL ProcessLogger [(null)] - System Start 1/22/2017 20:45:50
2017-01-22 20:45:50,650 [1] FATAL ProcessLogger [(null)] - System Start 1/22/2017 20:45:50
2017-01-22 20:45:50,651 [1] FATAL ProcessLogger [(null)] - System Read_CaiPiaoZhongLei_Moren 70104 1/22/2017 20:45:50
2017-01-22 20:45:50,651 [1] FATAL ProcessLogger [(null)] - System ReadclaimreportfromServerBy_Xuan 701051/22/2017 20:45:50
2017-01-22 20:45:50,745 [1] FATAL ProcessLogger [(null)] - System ReadclaimreportfromServerBy_Xuan 701061/22/2017 20:45:50
2017-01-22 20:45:50,746 [1] FATAL ProcessLogger [(null)] - System  701071/22/2017 20:45:50
2017-01-22 20:45:55,427 [1] FATAL ProcessLogger [(null)] - System Start 1/22/2017 20:45:55
2017-01-22 20:45:59,397 [1] FATAL ProcessLogger [(null)] - System Start 1/22/2017 20:45:59
2017-01-22 20:45:59,397 [1] FATAL ProcessLogger [(null)] - System Start 1/22/2017 20:45:59
2017-01-22 20:45:59,398 [1] FATAL ProcessLogger [(null)] - System Read_CaiPiaoZhongLei_Moren 70104 1/22/2017 20:45:59
2017-01-22 20:45:59,398 [1] FATAL ProcessLogger [(null)] - System ReadclaimreportfromServerBy_Xuan 701051/22/2017 20:45:59
2017-01-22 20:45:59,498 [1] FATAL ProcessLogger [(null)] - System ReadclaimreportfromServerBy_Xuan 701061/22/2017 20:45:59
2017-01-22 20:45:59,498 [1] FATAL ProcessLogger [(null)] - System  701071/22/2017 20:45:59
2017-01-22 20:46:00,391 [1] FATAL ProcessLogger [(null)] - System Start 1/22/2017 20:46:00
2017-01-22 20:46:00,391 [1] FATAL ProcessLogger [(null)] - System Start 1/22/2017 20:46:00
2017-01-22 20:46:00,393 [1] FATAL ProcessLogger [(null)] - System Read_CaiPiaoZhongLei_Moren 70104 1/22/2017 20:46:00
2017-01-22 20:46:00,394 [1] FATAL ProcessLogger [(null)] - System ReadclaimreportfromServerBy_Xuan 701051/22/2017 20:46:00
2017-01-22 20:46:00,504 [1] FATAL ProcessLogger [(null)] - System ReadclaimreportfromServerBy_Xuan 701061/22/2017 20:46:00
2017-01-22 20:46:00,504 [1] FATAL ProcessLogger [(null)] - System  701071/22/2017 20:46:00
2017-01-22 20:46:00,815 [1] FATAL ProcessLogger [(null)] - System Start 1/22/2017 20:46:00
2017-01-22 20:46:00,815 [1] FATAL ProcessLogger [(null)] - System Start 1/22/2017 20:46:00
2017-01-22 20:46:00,817 [1] FATAL ProcessLogger [(null)] - System Read_CaiPiaoZhongLei_Moren 70104 1/22/2017 20:46:00
2017-01-22 20:46:00,817 [1] FATAL ProcessLogger [(null)] - System ReadclaimreportfromServerBy_Xuan 701051/22/2017 20:46:00
2017-01-22 20:46:00,938 [1] FATAL ProcessLogger [(null)] - System ReadclaimreportfromServerBy_Xuan 701061/22/2017 20:46:00
2017-01-22 20:46:00,939 [1] FATAL ProcessLogger [(null)] - System  701071/22/2017 20:46:00
2017-01-22 20:46:01,074 [1] FATAL ProcessLogger [(null)] - System Start 1/22/2017 20:46:01
2017-01-22 20:46:01,074 [1] FATAL ProcessLogger [(null)] - System Start 1/22/2017 20:46:01
2017-01-22 20:46:01,075 [1] FATAL ProcessLogger [(null)] - System Read_CaiPiaoZhongLei_Moren 70104 1/22/2017 20:46:01
2017-01-22 20:46:01,075 [1] FATAL ProcessLogger [(null)] - System ReadclaimreportfromServerBy_Xuan 701051/22/2017 20:46:01
2017-01-22 20:46:01,165 [1] FATAL ProcessLogger [(null)] - System ReadclaimreportfromServerBy_Xuan 701061/22/2017 20:46:01
2017-01-22 20:46:01,165 [1] FATAL ProcessLogger [(null)] - System  701071/22/2017 20:46:01
2017-01-22 20:46:07,353 [1] FATAL ProcessLogger [(null)] - System Start 1/22/2017 20:46:07
2017-01-22 20:46:07,354 [1] FATAL ProcessLogger [(null)] - System Start 1/22/2017 20:46:07
2017-01-22 20:46:07,355 [1] FATAL ProcessLogger [(null)] - System Start 1/22/2017 20:46:07
2017-01-22 20:46:07,356 [1] FATAL ProcessLogger [(null)] - System Read_CaiPiaoZhongLei_Moren 70104 1/22/2017 20:46:07
2017-01-22 20:46:07,356 [1] FATAL ProcessLogger [(null)] - System ReadclaimreportfromServerBy_Xuan 701051/22/2017 20:46:07
2017-01-22 20:46:07,492 [1] FATAL ProcessLogger [(null)] - System ReadclaimreportfromServerBy_Xuan 701061/22/2017 20:46:07
2017-01-22 20:46:07,492 [1] FATAL ProcessLogger [(null)] - System  701071/22/2017 20:46:07
2017-01-22 20:46:12,601 [1] FATAL ProcessLogger [(null)] - System Start 1/22/2017 20:46:12
2017-01-22 20:46:18,197 [1] FATAL ProcessLogger [(null)] - System Start 1/22/2017 20:46:18
2017-01-22 20:46:18,197 [1] FATAL ProcessLogger [(null)] - System Start 1/22/2017 20:46:18
2017-01-22 20:46:18,197 [1] FATAL ProcessLogger [(null)] - System Read_CaiPiaoZhongLei_Moren 70104 1/22/2017 20:46:18
2017-01-22 20:46:18,200 [1] FATAL ProcessLogger [(null)] - System ReadclaimreportfromServerBy_Xuan 701051/22/2017 20:46:18
2017-01-22 20:46:18,305 [1] FATAL ProcessLogger [(null)] - System ReadclaimreportfromServerBy_Xuan 701061/22/2017 20:46:18
2017-01-22 20:46:18,306 [1] FATAL ProcessLogger [(null)] - System  701071/22/2017 20:46:18
2017-01-22 20:47:00,212 [1] FATAL ProcessLogger [(null)] - System Start 1/22/2017 20:47:00
2017-01-22 20:47:00,212 [1] FATAL ProcessLogger [(null)] - System Start 1/22/2017 20:47:00
2017-01-22 20:47:00,213 [1] FATAL ProcessLogger [(null)] - System Read_CaiPiaoZhongLei_Moren 70104 1/22/2017 20:47:00
2017-01-22 20:47:00,214 [1] FATAL ProcessLogger [(null)] - System ReadclaimreportfromServerBy_Xuan 701051/22/2017 20:47:00
2017-01-22 20:47:00,318 [1] FATAL ProcessLogger [(null)] - System ReadclaimreportfromServerBy_Xuan 701061/22/2017 20:47:00
2017-01-22 20:47:00,318 [1] FATAL ProcessLogger [(null)] - System  701071/22/2017 20:47:00
2017-01-22 20:47:10,586 [1] FATAL ProcessLogger [(null)] - System Start 1/22/2017 20:47:10
2017-01-22 20:47:10,587 [1] FATAL ProcessLogger [(null)] - System Start 1/22/2017 20:47:10
2017-01-22 20:47:10,588 [1] FATAL ProcessLogger [(null)] - System Start 1/22/2017 20:47:10
2017-01-22 20:47:10,589 [1] FATAL ProcessLogger [(null)] - System Read_CaiPiaoZhongLei_Moren 70104 1/22/2017 20:47:10
2017-01-22 20:47:10,590 [1] FATAL ProcessLogger [(null)] - System ReadclaimreportfromServerBy_Xuan 701051/22/2017 20:47:10
2017-01-22 20:47:10,711 [1] FATAL ProcessLogger [(null)] - System ReadclaimreportfromServerBy_Xuan 701061/22/2017 20:47:10
2017-01-22 20:47:10,712 [1] FATAL ProcessLogger [(null)] - System  701071/22/2017 20:47:10
2017-01-22 20:47:15,219 [1] FATAL ProcessLogger [(null)] - System Start 1/22/2017 20:47:15
2017-01-22 20:50:04,851 [1] FATAL ProcessLogger [(null)] - System Start 1/22/2017 20:50:04
2017-01-22 20:50:04,906 [1] FATAL ProcessLogger [(null)] - initialize1/22/2017 20:50:04
2017-01-22 20:50:11,074 [1] FATAL ProcessLogger [(null)] - System Start 1/22/2017 20:50:11
2017-01-22 20:50:11,075 [1] FATAL ProcessLogger [(null)] - System Start 1/22/2017 20:50:11
2017-01-22 20:50:11,260 [1] FATAL ProcessLogger [(null)] - System Read_CaiPiaoZhongLei_Moren 70104 1/22/2017 20:50:11
2017-01-22 20:50:11,261 [1] FATAL ProcessLogger [(null)] - System ReadclaimreportfromServerBy_Xuan 701051/22/2017 20:50:11
2017-01-22 20:50:11,391 [1] FATAL ProcessLogger [(null)] - System ReadclaimreportfromServerBy_Xuan 701061/22/2017 20:50:11
2017-01-22 20:50:11,392 [1] FATAL ProcessLogger [(null)] - System  701071/22/2017 20:50:11
2017-01-22 20:50:14,700 [1] FATAL ProcessLogger [(null)] - System Start 1/22/2017 20:50:14
2017-01-22 20:50:25,210 [1] FATAL ProcessLogger [(null)] - System Start 1/22/2017 20:50:25
2017-01-22 20:50:25,210 [1] FATAL ProcessLogger [(null)] - System Start 1/22/2017 20:50:25
2017-01-22 20:50:25,211 [1] FATAL ProcessLogger [(null)] - System Read_CaiPiaoZhongLei_Moren 70104 1/22/2017 20:50:25
2017-01-22 20:50:25,211 [1] FATAL ProcessLogger [(null)] - System ReadclaimreportfromServerBy_Xuan 701051/22/2017 20:50:25
2017-01-22 20:50:25,317 [1] FATAL ProcessLogger [(null)] - System ReadclaimreportfromServerBy_Xuan 701061/22/2017 20:50:25
2017-01-22 20:50:25,317 [1] FATAL ProcessLogger [(null)] - System  701071/22/2017 20:50:25
2017-01-22 20:50:37,306 [1] FATAL ProcessLogger [(null)] - System Start 1/22/2017 20:50:37
2017-01-22 20:50:49,383 [1] FATAL ProcessLogger [(null)] - System Start 1/22/2017 20:50:49
2017-01-22 20:50:56,320 [1] FATAL ProcessLogger [(null)] - System Start 1/22/2017 20:50:56
2017-01-22 20:50:56,321 [1] FATAL ProcessLogger [(null)] - System Start 1/22/2017 20:50:56
2017-01-22 20:50:56,321 [1] FATAL ProcessLogger [(null)] - System Read_CaiPiaoZhongLei_Moren 70104 1/22/2017 20:50:56
2017-01-22 20:50:56,324 [1] FATAL ProcessLogger [(null)] - System ReadclaimreportfromServerBy_Xuan 701051/22/2017 20:50:56
2017-01-22 20:50:56,421 [1] FATAL ProcessLogger [(null)] - System ReadclaimreportfromServerBy_Xuan 701061/22/2017 20:50:56
2017-01-22 20:50:56,421 [1] FATAL ProcessLogger [(null)] - System  701071/22/2017 20:50:56
2017-01-22 20:51:06,919 [1] FATAL ProcessLogger [(null)] - System Start 1/22/2017 20:51:06
2017-01-22 20:51:06,919 [1] FATAL ProcessLogger [(null)] - System Start 1/22/2017 20:51:06
2017-01-22 20:51:06,919 [1] FATAL ProcessLogger [(null)] - System Start 1/22/2017 20:51:06
2017-01-22 20:51:06,920 [1] FATAL ProcessLogger [(null)] - System Read_CaiPiaoZhongLei_Moren 70104 1/22/2017 20:51:06
2017-01-22 20:51:06,920 [1] FATAL ProcessLogger [(null)] - System ReadclaimreportfromServerBy_Xuan 701051/22/2017 20:51:06
2017-01-22 20:51:07,024 [1] FATAL ProcessLogger [(null)] - System ReadclaimreportfromServerBy_Xuan 701061/22/2017 20:51:07
2017-01-22 20:51:07,024 [1] FATAL ProcessLogger [(null)] - System  701071/22/2017 20:51:07
2017-01-22 20:51:11,686 [1] FATAL ProcessLogger [(null)] - System Start 1/22/2017 20:51:11
2017-01-22 20:51:18,422 [1] FATAL ProcessLogger [(null)] - System Start 1/22/2017 20:51:18
2017-01-22 20:51:19,199 [1] FATAL ProcessLogger [(null)] - System Start 1/22/2017 20:51:19
2017-01-22 20:51:20,869 [1] FATAL ProcessLogger [(null)] - System Start 1/22/2017 20:51:20
2017-01-22 20:51:25,076 [1] FATAL ProcessLogger [(null)] - System Start 1/22/2017 20:51:25
2017-01-22 20:51:25,077 [1] FATAL ProcessLogger [(null)] - System Start 1/22/2017 20:51:25
2017-01-22 20:51:25,077 [1] FATAL ProcessLogger [(null)] - System Start 1/22/2017 20:51:25
2017-01-22 20:51:25,078 [1] FATAL ProcessLogger [(null)] - System Read_CaiPiaoZhongLei_Moren 70104 1/22/2017 20:51:25
2017-01-22 20:51:25,078 [1] FATAL ProcessLogger [(null)] - System ReadclaimreportfromServerBy_Xuan 701051/22/2017 20:51:25
2017-01-22 20:51:25,184 [1] FATAL ProcessLogger [(null)] - System ReadclaimreportfromServerBy_Xuan 701061/22/2017 20:51:25
2017-01-22 20:51:25,184 [1] FATAL ProcessLogger [(null)] - System  701071/22/2017 20:51:25
2017-01-22 20:51:28,916 [1] FATAL ProcessLogger [(null)] - System Start 1/22/2017 20:51:28
2017-01-22 20:51:33,437 [1] FATAL ProcessLogger [(null)] - System Start 1/22/2017 20:51:33
2017-01-22 20:51:34,687 [1] FATAL ProcessLogger [(null)] - System Start 1/22/2017 20:51:34
2017-01-22 20:51:35,666 [1] FATAL ProcessLogger [(null)] - System Start 1/22/2017 20:51:35
2017-01-22 20:51:42,925 [1] FATAL ProcessLogger [(null)] - System Start 1/22/2017 20:51:42
2017-01-22 20:51:42,926 [1] FATAL ProcessLogger [(null)] - System Start 1/22/2017 20:51:42
2017-01-22 20:51:42,926 [1] FATAL ProcessLogger [(null)] - System Start 1/22/2017 20:51:42
2017-01-22 20:51:42,927 [1] FATAL ProcessLogger [(null)] - System Read_CaiPiaoZhongLei_Moren 70104 1/22/2017 20:51:42
2017-01-22 20:51:42,927 [1] FATAL ProcessLogger [(null)] - System ReadclaimreportfromServerBy_Xuan 701051/22/2017 20:51:42
2017-01-22 20:51:43,028 [1] FATAL ProcessLogger [(null)] - System ReadclaimreportfromServerBy_Xuan 701061/22/2017 20:51:43
2017-01-22 20:51:43,028 [1] FATAL ProcessLogger [(null)] - System  701071/22/2017 20:51:43
2017-01-22 20:51:47,028 [1] FATAL ProcessLogger [(null)] - System Start 1/22/2017 20:51:47
2017-01-22 20:51:48,479 [1] FATAL ProcessLogger [(null)] - System Start 1/22/2017 20:51:48
2017-01-22 20:51:50,635 [1] FATAL ProcessLogger [(null)] - System Start 1/22/2017 20:51:50
2017-01-22 20:52:08,761 [1] FATAL ProcessLogger [(null)] - System Start 1/22/2017 20:52:08
2017-01-22 20:52:11,589 [1] FATAL ProcessLogger [(null)] - System Start 1/22/2017 20:52:11
2017-01-22 20:52:15,351 [1] FATAL ProcessLogger [(null)] - System Start 1/22/2017 20:52:15
2017-01-22 20:52:25,795 [1] FATAL ProcessLogger [(null)] - System Start 1/22/2017 20:52:25
2017-01-22 20:52:29,840 [1] FATAL ProcessLogger [(null)] - System Start 1/22/2017 20:52:29
2017-01-22 20:52:29,840 [1] FATAL ProcessLogger [(null)] - System Start 1/22/2017 20:52:29
2017-01-22 20:52:29,840 [1] FATAL ProcessLogger [(null)] - System Start 1/22/2017 20:52:29
2017-01-22 20:52:29,841 [1] FATAL ProcessLogger [(null)] - System Read_CaiPiaoZhongLei_Moren 70104 1/22/2017 20:52:29
2017-01-22 20:52:29,841 [1] FATAL ProcessLogger [(null)] - System ReadclaimreportfromServerBy_Xuan 701051/22/2017 20:52:29
2017-01-22 20:52:29,928 [1] FATAL ProcessLogger [(null)] - System ReadclaimreportfromServerBy_Xuan 701061/22/2017 20:52:29
2017-01-22 20:52:29,928 [1] FATAL ProcessLogger [(null)] - System  701071/22/2017 20:52:29
2017-01-22 20:52:33,154 [1] FATAL ProcessLogger [(null)] - System Start 1/22/2017 20:52:33
2017-01-22 20:52:34,192 [1] FATAL ProcessLogger [(null)] - System Start 1/22/2017 20:52:34
2017-01-22 20:52:35,370 [1] FATAL ProcessLogger [(null)] - System Start 1/22/2017 20:52:35
2017-01-22 20:52:37,208 [1] FATAL ProcessLogger [(null)] - System Start 1/22/2017 20:52:37
2017-01-22 20:52:37,208 [1] FATAL ProcessLogger [(null)] - System Start 1/22/2017 20:52:37
2017-01-22 20:52:37,209 [1] FATAL ProcessLogger [(null)] - System Read_CaiPiaoZhongLei_Moren 70104 1/22/2017 20:52:37
2017-01-22 20:52:37,209 [1] FATAL ProcessLogger [(null)] - System ReadclaimreportfromServerBy_Xuan 701051/22/2017 20:52:37
2017-01-22 20:52:37,300 [1] FATAL ProcessLogger [(null)] - System ReadclaimreportfromServerBy_Xuan 701061/22/2017 20:52:37
2017-01-22 20:52:37,301 [1] FATAL ProcessLogger [(null)] - System  701071/22/2017 20:52:37
2017-01-22 20:52:37,759 [1] FATAL ProcessLogger [(null)] - System Start 1/22/2017 20:52:37
2017-01-22 20:52:37,760 [1] FATAL ProcessLogger [(null)] - System Start 1/22/2017 20:52:37
2017-01-22 20:52:37,760 [1] FATAL ProcessLogger [(null)] - System Read_CaiPiaoZhongLei_Moren 70104 1/22/2017 20:52:37
2017-01-22 20:52:37,760 [1] FATAL ProcessLogger [(null)] - System ReadclaimreportfromServerBy_Xuan 701051/22/2017 20:52:37
2017-01-22 20:52:37,844 [1] FATAL ProcessLogger [(null)] - System ReadclaimreportfromServerBy_Xuan 701061/22/2017 20:52:37
2017-01-22 20:52:37,844 [1] FATAL ProcessLogger [(null)] - System  701071/22/2017 20:52:37
2017-01-22 20:52:37,988 [1] FATAL ProcessLogger [(null)] - System Start 1/22/2017 20:52:37
2017-01-22 20:52:37,988 [1] FATAL ProcessLogger [(null)] - System Start 1/22/2017 20:52:37
2017-01-22 20:52:37,988 [1] FATAL ProcessLogger [(null)] - System Read_CaiPiaoZhongLei_Moren 70104 1/22/2017 20:52:37
2017-01-22 20:52:37,989 [1] FATAL ProcessLogger [(null)] - System ReadclaimreportfromServerBy_Xuan 701051/22/2017 20:52:37
2017-01-22 20:52:38,078 [1] FATAL ProcessLogger [(null)] - System ReadclaimreportfromServerBy_Xuan 701061/22/2017 20:52:38
2017-01-22 20:52:38,079 [1] FATAL ProcessLogger [(null)] - System  701071/22/2017 20:52:38
2017-01-22 20:52:38,224 [1] FATAL ProcessLogger [(null)] - System Start 1/22/2017 20:52:38
2017-01-22 20:52:38,224 [1] FATAL ProcessLogger [(null)] - System Start 1/22/2017 20:52:38
2017-01-22 20:52:38,225 [1] FATAL ProcessLogger [(null)] - System Read_CaiPiaoZhongLei_Moren 70104 1/22/2017 20:52:38
2017-01-22 20:52:38,225 [1] FATAL ProcessLogger [(null)] - System ReadclaimreportfromServerBy_Xuan 701051/22/2017 20:52:38
2017-01-22 20:52:38,306 [1] FATAL ProcessLogger [(null)] - System ReadclaimreportfromServerBy_Xuan 701061/22/2017 20:52:38
2017-01-22 20:52:38,307 [1] FATAL ProcessLogger [(null)] - System  701071/22/2017 20:52:38
2017-01-22 20:53:02,890 [1] FATAL ProcessLogger [(null)] - System Start 1/22/2017 20:53:02
2017-01-22 20:53:02,891 [1] FATAL ProcessLogger [(null)] - System Start 1/22/2017 20:53:02
2017-01-22 20:53:02,892 [1] FATAL ProcessLogger [(null)] - System Start 1/22/2017 20:53:02
2017-01-22 20:53:02,893 [1] FATAL ProcessLogger [(null)] - System Read_CaiPiaoZhongLei_Moren 70104 1/22/2017 20:53:02
2017-01-22 20:53:02,893 [1] FATAL ProcessLogger [(null)] - System ReadclaimreportfromServerBy_Xuan 701051/22/2017 20:53:02
2017-01-22 20:53:03,010 [1] FATAL ProcessLogger [(null)] - System ReadclaimreportfromServerBy_Xuan 701061/22/2017 20:53:03
2017-01-22 20:53:03,011 [1] FATAL ProcessLogger [(null)] - System  701071/22/2017 20:53:03
2017-01-22 20:53:08,074 [1] FATAL ProcessLogger [(null)] - System Start 1/22/2017 20:53:08
2017-01-22 20:53:09,764 [1] FATAL ProcessLogger [(null)] - System Start 1/22/2017 20:53:09
2017-01-22 20:53:09,764 [1] FATAL ProcessLogger [(null)] - System Start 1/22/2017 20:53:09
2017-01-22 20:53:09,765 [1] FATAL ProcessLogger [(null)] - System Read_CaiPiaoZhongLei_Moren 70104 1/22/2017 20:53:09
2017-01-22 20:53:09,765 [1] FATAL ProcessLogger [(null)] - System ReadclaimreportfromServerBy_Xuan 701051/22/2017 20:53:09
2017-01-22 20:53:09,842 [1] FATAL ProcessLogger [(null)] - System ReadclaimreportfromServerBy_Xuan 701061/22/2017 20:53:09
2017-01-22 20:53:09,842 [1] FATAL ProcessLogger [(null)] - System  701071/22/2017 20:53:09
2017-01-22 20:53:12,792 [1] FATAL ProcessLogger [(null)] - System Start 1/22/2017 20:53:12
2017-01-22 20:53:12,792 [1] FATAL ProcessLogger [(null)] - System Start 1/22/2017 20:53:12
2017-01-22 20:53:12,792 [1] FATAL ProcessLogger [(null)] - System Start 1/22/2017 20:53:12
2017-01-22 20:53:12,793 [1] FATAL ProcessLogger [(null)] - System Read_CaiPiaoZhongLei_Moren 70104 1/22/2017 20:53:12
2017-01-22 20:53:12,793 [1] FATAL ProcessLogger [(null)] - System ReadclaimreportfromServerBy_Xuan 701051/22/2017 20:53:12
2017-01-22 20:53:12,892 [1] FATAL ProcessLogger [(null)] - System ReadclaimreportfromServerBy_Xuan 701061/22/2017 20:53:12
2017-01-22 20:53:12,892 [1] FATAL ProcessLogger [(null)] - System  701071/22/2017 20:53:12
2017-01-22 20:53:16,773 [1] FATAL ProcessLogger [(null)] - System Start 1/22/2017 20:53:16
2017-01-22 20:53:18,710 [1] FATAL ProcessLogger [(null)] - System Start 1/22/2017 20:53:18
2017-01-22 20:53:18,710 [1] FATAL ProcessLogger [(null)] - System Start 1/22/2017 20:53:18
2017-01-22 20:53:18,710 [1] FATAL ProcessLogger [(null)] - System Read_CaiPiaoZhongLei_Moren 70104 1/22/2017 20:53:18
2017-01-22 20:53:18,711 [1] FATAL ProcessLogger [(null)] - System ReadclaimreportfromServerBy_Xuan 701051/22/2017 20:53:18
2017-01-22 20:53:18,819 [1] FATAL ProcessLogger [(null)] - System ReadclaimreportfromServerBy_Xuan 701061/22/2017 20:53:18
2017-01-22 20:53:18,819 [1] FATAL ProcessLogger [(null)] - System  701071/22/2017 20:53:18
2017-01-22 20:53:48,538 [1] FATAL ProcessLogger [(null)] - System Start 1/22/2017 20:53:48
2017-01-22 20:54:12,568 [1] FATAL ProcessLogger [(null)] - System Start 1/22/2017 20:54:12
2017-01-22 20:54:12,568 [1] FATAL ProcessLogger [(null)] - System Start 1/22/2017 20:54:12
2017-01-22 20:54:12,569 [1] FATAL ProcessLogger [(null)] - System Read_CaiPiaoZhongLei_Moren 70104 1/22/2017 20:54:12
2017-01-22 20:54:12,569 [1] FATAL ProcessLogger [(null)] - System ReadclaimreportfromServerBy_Xuan 701051/22/2017 20:54:12
2017-01-22 20:54:12,662 [1] FATAL ProcessLogger [(null)] - System ReadclaimreportfromServerBy_Xuan 701061/22/2017 20:54:12
2017-01-22 20:54:12,662 [1] FATAL ProcessLogger [(null)] - System  701071/22/2017 20:54:12
2017-01-22 20:54:20,083 [1] FATAL ProcessLogger [(null)] - System Start 1/22/2017 20:54:20
2017-01-22 20:54:31,225 [1] FATAL ProcessLogger [(null)] - System Start 1/22/2017 20:54:31
2017-01-22 20:54:31,225 [1] FATAL ProcessLogger [(null)] - System Start 1/22/2017 20:54:31
2017-01-22 20:54:31,225 [1] FATAL ProcessLogger [(null)] - System Read_CaiPiaoZhongLei_Moren 70104 1/22/2017 20:54:31
2017-01-22 20:54:31,226 [1] FATAL ProcessLogger [(null)] - System ReadclaimreportfromServerBy_Xuan 701051/22/2017 20:54:31
2017-01-22 20:54:31,340 [1] FATAL ProcessLogger [(null)] - System ReadclaimreportfromServerBy_Xuan 701061/22/2017 20:54:31
2017-01-22 20:54:31,341 [1] FATAL ProcessLogger [(null)] - System  701071/22/2017 20:54:31
2017-01-22 20:54:36,110 [1] FATAL ProcessLogger [(null)] - System Start 1/22/2017 20:54:36
2017-01-22 20:54:36,111 [1] FATAL ProcessLogger [(null)] - System Start 1/22/2017 20:54:36
2017-01-22 20:54:36,113 [1] FATAL ProcessLogger [(null)] - System Read_CaiPiaoZhongLei_Moren 70104 1/22/2017 20:54:36
2017-01-22 20:54:36,113 [1] FATAL ProcessLogger [(null)] - System ReadclaimreportfromServerBy_Xuan 701051/22/2017 20:54:36
2017-01-22 20:54:36,245 [1] FATAL ProcessLogger [(null)] - System ReadclaimreportfromServerBy_Xuan 701061/22/2017 20:54:36
2017-01-22 20:54:36,246 [1] FATAL ProcessLogger [(null)] - System  701071/22/2017 20:54:36
2017-01-22 20:54:37,068 [1] FATAL ProcessLogger [(null)] - System Start 1/22/2017 20:54:37
2017-01-22 20:54:37,068 [1] FATAL ProcessLogger [(null)] - System Start 1/22/2017 20:54:37
2017-01-22 20:54:37,068 [1] FATAL ProcessLogger [(null)] - System Read_CaiPiaoZhongLei_Moren 70104 1/22/2017 20:54:37
2017-01-22 20:54:37,068 [1] FATAL ProcessLogger [(null)] - System ReadclaimreportfromServerBy_Xuan 701051/22/2017 20:54:37
2017-01-22 20:54:37,176 [1] FATAL ProcessLogger [(null)] - System ReadclaimreportfromServerBy_Xuan 701061/22/2017 20:54:37
2017-01-22 20:54:37,177 [1] FATAL ProcessLogger [(null)] - System  701071/22/2017 20:54:37
2017-01-22 20:54:37,812 [1] FATAL ProcessLogger [(null)] - System Start 1/22/2017 20:54:37
2017-01-22 20:54:37,812 [1] FATAL ProcessLogger [(null)] - System Start 1/22/2017 20:54:37
2017-01-22 20:54:37,812 [1] FATAL ProcessLogger [(null)] - System Read_CaiPiaoZhongLei_Moren 70104 1/22/2017 20:54:37
2017-01-22 20:54:37,813 [1] FATAL ProcessLogger [(null)] - System ReadclaimreportfromServerBy_Xuan 701051/22/2017 20:54:37
2017-01-22 20:54:37,917 [1] FATAL ProcessLogger [(null)] - System ReadclaimreportfromServerBy_Xuan 701061/22/2017 20:54:37
2017-01-22 20:54:37,918 [1] FATAL ProcessLogger [(null)] - System  701071/22/2017 20:54:37
2017-01-22 20:54:38,084 [1] FATAL ProcessLogger [(null)] - System Start 1/22/2017 20:54:38
2017-01-22 20:54:38,084 [1] FATAL ProcessLogger [(null)] - System Start 1/22/2017 20:54:38
2017-01-22 20:54:38,085 [1] FATAL ProcessLogger [(null)] - System Read_CaiPiaoZhongLei_Moren 70104 1/22/2017 20:54:38
2017-01-22 20:54:38,085 [1] FATAL ProcessLogger [(null)] - System ReadclaimreportfromServerBy_Xuan 701051/22/2017 20:54:38
2017-01-22 20:54:38,195 [1] FATAL ProcessLogger [(null)] - System ReadclaimreportfromServerBy_Xuan 701061/22/2017 20:54:38
2017-01-22 20:54:38,195 [1] FATAL ProcessLogger [(null)] - System  701071/22/2017 20:54:38
2017-01-22 20:54:38,387 [1] FATAL ProcessLogger [(null)] - System Start 1/22/2017 20:54:38
2017-01-22 20:54:38,387 [1] FATAL ProcessLogger [(null)] - System Start 1/22/2017 20:54:38
2017-01-22 20:54:38,388 [1] FATAL ProcessLogger [(null)] - System Read_CaiPiaoZhongLei_Moren 70104 1/22/2017 20:54:38
2017-01-22 20:54:38,388 [1] FATAL ProcessLogger [(null)] - System ReadclaimreportfromServerBy_Xuan 701051/22/2017 20:54:38
2017-01-22 20:54:38,473 [1] FATAL ProcessLogger [(null)] - System ReadclaimreportfromServerBy_Xuan 701061/22/2017 20:54:38
2017-01-22 20:54:38,473 [1] FATAL ProcessLogger [(null)] - System  701071/22/2017 20:54:38
2017-01-22 20:54:38,627 [1] FATAL ProcessLogger [(null)] - System Start 1/22/2017 20:54:38
2017-01-22 20:54:38,628 [1] FATAL ProcessLogger [(null)] - System Start 1/22/2017 20:54:38
2017-01-22 20:54:38,628 [1] FATAL ProcessLogger [(null)] - System Read_CaiPiaoZhongLei_Moren 70104 1/22/2017 20:54:38
2017-01-22 20:54:38,628 [1] FATAL ProcessLogger [(null)] - System ReadclaimreportfromServerBy_Xuan 701051/22/2017 20:54:38
2017-01-22 20:54:38,750 [1] FATAL ProcessLogger [(null)] - System ReadclaimreportfromServerBy_Xuan 701061/22/2017 20:54:38
2017-01-22 20:54:38,750 [1] FATAL ProcessLogger [(null)] - System  701071/22/2017 20:54:38
2017-01-22 20:54:41,694 [1] FATAL ProcessLogger [(null)] - System Start 1/22/2017 20:54:41
2017-01-22 20:54:51,338 [1] FATAL ProcessLogger [(null)] - System Start 1/22/2017 20:54:51
2017-01-22 20:54:53,030 [1] FATAL ProcessLogger [(null)] - System Start 1/22/2017 20:54:53
2017-01-22 20:54:54,652 [1] FATAL ProcessLogger [(null)] - System Start 1/22/2017 20:54:54
2017-01-22 20:54:54,652 [1] FATAL ProcessLogger [(null)] - System Start 1/22/2017 20:54:54
2017-01-22 20:54:54,653 [1] FATAL ProcessLogger [(null)] - System Read_CaiPiaoZhongLei_Moren 70104 1/22/2017 20:54:54
2017-01-22 20:54:54,653 [1] FATAL ProcessLogger [(null)] - System ReadclaimreportfromServerBy_Xuan 701051/22/2017 20:54:54
2017-01-22 20:54:54,765 [1] FATAL ProcessLogger [(null)] - System ReadclaimreportfromServerBy_Xuan 701061/22/2017 20:54:54
2017-01-22 20:54:54,765 [1] FATAL ProcessLogger [(null)] - System  701071/22/2017 20:54:54
2017-01-22 20:54:55,316 [1] FATAL ProcessLogger [(null)] - System Start 1/22/2017 20:54:55
2017-01-22 20:54:55,316 [1] FATAL ProcessLogger [(null)] - System Start 1/22/2017 20:54:55
2017-01-22 20:54:55,316 [1] FATAL ProcessLogger [(null)] - System Read_CaiPiaoZhongLei_Moren 70104 1/22/2017 20:54:55
2017-01-22 20:54:55,316 [1] FATAL ProcessLogger [(null)] - System ReadclaimreportfromServerBy_Xuan 701051/22/2017 20:54:55
2017-01-22 20:54:55,428 [1] FATAL ProcessLogger [(null)] - System ReadclaimreportfromServerBy_Xuan 701061/22/2017 20:54:55
2017-01-22 20:54:55,428 [1] FATAL ProcessLogger [(null)] - System  701071/22/2017 20:54:55
2017-01-22 20:54:55,576 [1] FATAL ProcessLogger [(null)] - System Start 1/22/2017 20:54:55
2017-01-22 20:54:55,576 [1] FATAL ProcessLogger [(null)] - System Start 1/22/2017 20:54:55
2017-01-22 20:54:55,577 [1] FATAL ProcessLogger [(null)] - System Read_CaiPiaoZhongLei_Moren 70104 1/22/2017 20:54:55
2017-01-22 20:54:55,577 [1] FATAL ProcessLogger [(null)] - System ReadclaimreportfromServerBy_Xuan 701051/22/2017 20:54:55
2017-01-22 20:54:55,697 [1] FATAL ProcessLogger [(null)] - System ReadclaimreportfromServerBy_Xuan 701061/22/2017 20:54:55
2017-01-22 20:54:55,697 [1] FATAL ProcessLogger [(null)] - System  701071/22/2017 20:54:55
2017-01-22 20:54:55,837 [1] FATAL ProcessLogger [(null)] - System Start 1/22/2017 20:54:55
2017-01-22 20:54:55,837 [1] FATAL ProcessLogger [(null)] - System Start 1/22/2017 20:54:55
2017-01-22 20:54:55,839 [1] FATAL ProcessLogger [(null)] - System Read_CaiPiaoZhongLei_Moren 70104 1/22/2017 20:54:55
2017-01-22 20:54:55,839 [1] FATAL ProcessLogger [(null)] - System ReadclaimreportfromServerBy_Xuan 701051/22/2017 20:54:55
2017-01-22 20:54:55,964 [1] FATAL ProcessLogger [(null)] - System ReadclaimreportfromServerBy_Xuan 701061/22/2017 20:54:55
2017-01-22 20:54:55,965 [1] FATAL ProcessLogger [(null)] - System  701071/22/2017 20:54:55
2017-01-22 20:54:56,020 [1] FATAL ProcessLogger [(null)] - System Start 1/22/2017 20:54:56
2017-01-22 20:54:56,020 [1] FATAL ProcessLogger [(null)] - System Start 1/22/2017 20:54:56
2017-01-22 20:54:56,021 [1] FATAL ProcessLogger [(null)] - System Read_CaiPiaoZhongLei_Moren 70104 1/22/2017 20:54:56
2017-01-22 20:54:56,022 [1] FATAL ProcessLogger [(null)] - System ReadclaimreportfromServerBy_Xuan 701051/22/2017 20:54:56
2017-01-22 20:54:56,125 [1] FATAL ProcessLogger [(null)] - System ReadclaimreportfromServerBy_Xuan 701061/22/2017 20:54:56
2017-01-22 20:54:56,125 [1] FATAL ProcessLogger [(null)] - System  701071/22/2017 20:54:56
2017-01-22 20:54:56,264 [1] FATAL ProcessLogger [(null)] - System Start 1/22/2017 20:54:56
2017-01-22 20:54:56,264 [1] FATAL ProcessLogger [(null)] - System Start 1/22/2017 20:54:56
2017-01-22 20:54:56,265 [1] FATAL ProcessLogger [(null)] - System Read_CaiPiaoZhongLei_Moren 70104 1/22/2017 20:54:56
2017-01-22 20:54:56,265 [1] FATAL ProcessLogger [(null)] - System ReadclaimreportfromServerBy_Xuan 701051/22/2017 20:54:56
2017-01-22 20:54:56,384 [1] FATAL ProcessLogger [(null)] - System ReadclaimreportfromServerBy_Xuan 701061/22/2017 20:54:56
2017-01-22 20:54:56,384 [1] FATAL ProcessLogger [(null)] - System  701071/22/2017 20:54:56
2017-01-22 20:54:56,435 [1] FATAL ProcessLogger [(null)] - System Start 1/22/2017 20:54:56
2017-01-22 20:54:56,435 [1] FATAL ProcessLogger [(null)] - System Start 1/22/2017 20:54:56
2017-01-22 20:54:56,436 [1] FATAL ProcessLogger [(null)] - System Read_CaiPiaoZhongLei_Moren 70104 1/22/2017 20:54:56
2017-01-22 20:54:56,436 [1] FATAL ProcessLogger [(null)] - System ReadclaimreportfromServerBy_Xuan 701051/22/2017 20:54:56
2017-01-22 20:54:56,544 [1] FATAL ProcessLogger [(null)] - System ReadclaimreportfromServerBy_Xuan 701061/22/2017 20:54:56
2017-01-22 20:54:56,545 [1] FATAL ProcessLogger [(null)] - System  701071/22/2017 20:54:56
2017-01-22 20:55:11,194 [1] FATAL ProcessLogger [(null)] - System Start 1/22/2017 20:55:11
2017-01-22 20:55:38,680 [1] FATAL ProcessLogger [(null)] - System Start 1/22/2017 20:55:38
2017-01-22 20:55:38,680 [1] FATAL ProcessLogger [(null)] - System Start 1/22/2017 20:55:38
2017-01-22 20:55:38,681 [1] FATAL ProcessLogger [(null)] - System Read_CaiPiaoZhongLei_Moren 70104 1/22/2017 20:55:38
2017-01-22 20:55:38,681 [1] FATAL ProcessLogger [(null)] - System ReadclaimreportfromServerBy_Xuan 701051/22/2017 20:55:38
2017-01-22 20:55:38,768 [1] FATAL ProcessLogger [(null)] - System ReadclaimreportfromServerBy_Xuan 701061/22/2017 20:55:38
2017-01-22 20:55:38,768 [1] FATAL ProcessLogger [(null)] - System  701071/22/2017 20:55:38
2017-01-22 20:55:49,847 [1] FATAL ProcessLogger [(null)] - System Start 1/22/2017 20:55:49
2017-01-22 20:55:49,847 [1] FATAL ProcessLogger [(null)] - System Start 1/22/2017 20:55:49
2017-01-22 20:55:52,313 [1] FATAL ProcessLogger [(null)] - System Start 1/22/2017 20:55:52
2017-01-22 20:55:53,365 [1] FATAL ProcessLogger [(null)] - System Start 1/22/2017 20:55:53
2017-01-22 20:55:53,366 [1] FATAL ProcessLogger [(null)] - System Start 1/22/2017 20:55:53
2017-01-22 20:55:53,366 [1] FATAL ProcessLogger [(null)] - System Read_CaiPiaoZhongLei_Moren 70104 1/22/2017 20:55:53
2017-01-22 20:55:53,376 [1] FATAL ProcessLogger [(null)] - System ReadclaimreportfromServerBy_Xuan 701051/22/2017 20:55:53
2017-01-22 20:55:53,485 [1] FATAL ProcessLogger [(null)] - System ReadclaimreportfromServerBy_Xuan 701061/22/2017 20:55:53
2017-01-22 20:55:53,485 [1] FATAL ProcessLogger [(null)] - System  701071/22/2017 20:55:53
2017-01-22 20:56:10,185 [1] FATAL ProcessLogger [(null)] - System Start 1/22/2017 20:56:10
2017-01-22 20:56:10,185 [1] FATAL ProcessLogger [(null)] - System Start 1/22/2017 20:56:10
2017-01-22 20:56:14,379 [1] FATAL ProcessLogger [(null)] - System Start 1/22/2017 20:56:14
2017-01-22 20:56:16,312 [1] FATAL ProcessLogger [(null)] - System Start 1/22/2017 20:56:16
2017-01-22 20:56:16,312 [1] FATAL ProcessLogger [(null)] - System Start 1/22/2017 20:56:16
2017-01-22 20:56:16,313 [1] FATAL ProcessLogger [(null)] - System Read_CaiPiaoZhongLei_Moren 70104 1/22/2017 20:56:16
2017-01-22 20:56:16,317 [1] FATAL ProcessLogger [(null)] - System ReadclaimreportfromServerBy_Xuan 701051/22/2017 20:56:16
2017-01-22 20:56:16,406 [1] FATAL ProcessLogger [(null)] - System ReadclaimreportfromServerBy_Xuan 701061/22/2017 20:56:16
2017-01-22 20:56:16,406 [1] FATAL ProcessLogger [(null)] - System  701071/22/2017 20:56:16
2017-01-22 20:56:20,390 [1] FATAL ProcessLogger [(null)] - System Start 1/22/2017 20:56:20
2017-01-22 20:56:47,426 [1] FATAL ProcessLogger [(null)] - System Start 1/22/2017 20:56:47
2017-01-22 20:56:47,511 [1] FATAL ProcessLogger [(null)] - initialize1/22/2017 20:56:47
2017-01-22 20:56:52,373 [1] FATAL ProcessLogger [(null)] - System Start 1/22/2017 20:56:52
2017-01-22 20:56:52,374 [1] FATAL ProcessLogger [(null)] - System Start 1/22/2017 20:56:52
2017-01-22 20:56:52,552 [1] FATAL ProcessLogger [(null)] - System Read_CaiPiaoZhongLei_Moren 70104 1/22/2017 20:56:52
2017-01-22 20:56:52,553 [1] FATAL ProcessLogger [(null)] - System ReadclaimreportfromServerBy_Xuan 701051/22/2017 20:56:52
2017-01-22 20:56:52,658 [1] FATAL ProcessLogger [(null)] - System ReadclaimreportfromServerBy_Xuan 701061/22/2017 20:56:52
2017-01-22 20:56:52,659 [1] FATAL ProcessLogger [(null)] - System  701071/22/2017 20:56:52
2017-01-22 20:59:47,831 [1] FATAL ProcessLogger [(null)] - System Start 1/22/2017 20:59:47
2017-01-22 20:59:47,838 [1] FATAL ProcessLogger [(null)] - System Start 1/22/2017 20:59:47
2017-01-22 20:59:47,838 [1] FATAL ProcessLogger [(null)] - System Start 1/22/2017 20:59:47
2017-01-22 20:59:47,838 [1] FATAL ProcessLogger [(null)] - System Read_CaiPiaoZhongLei_Moren 70104 1/22/2017 20:59:47
2017-01-22 20:59:47,839 [1] FATAL ProcessLogger [(null)] - System ReadclaimreportfromServerBy_Xuan 701051/22/2017 20:59:47
2017-01-22 20:59:47,943 [1] FATAL ProcessLogger [(null)] - System ReadclaimreportfromServerBy_Xuan 701061/22/2017 20:59:47
2017-01-22 20:59:47,943 [1] FATAL ProcessLogger [(null)] - System  701071/22/2017 20:59:47
2017-01-22 20:59:53,257 [1] FATAL ProcessLogger [(null)] - System Start 1/22/2017 20:59:53
2017-01-22 20:59:53,257 [1] FATAL ProcessLogger [(null)] - System Start 1/22/2017 20:59:53
2017-01-22 20:59:53,258 [1] FATAL ProcessLogger [(null)] - System Read_CaiPiaoZhongLei_Moren 70104 1/22/2017 20:59:53
2017-01-22 20:59:53,258 [1] FATAL ProcessLogger [(null)] - System ReadclaimreportfromServerBy_Xuan 701051/22/2017 20:59:53
2017-01-22 20:59:53,366 [1] FATAL ProcessLogger [(null)] - System ReadclaimreportfromServerBy_Xuan 701061/22/2017 20:59:53
2017-01-22 20:59:53,366 [1] FATAL ProcessLogger [(null)] - System  701071/22/2017 20:59:53
2017-01-22 20:59:53,371 [1] FATAL ProcessLogger [(null)] - System Start 1/22/2017 20:59:53
2017-01-22 20:59:54,484 [1] FATAL ProcessLogger [(null)] - System Start 1/22/2017 20:59:54
2017-01-22 20:59:54,484 [1] FATAL ProcessLogger [(null)] - System Start 1/22/2017 20:59:54
2017-01-22 20:59:54,484 [1] FATAL ProcessLogger [(null)] - System Read_CaiPiaoZhongLei_Moren 70104 1/22/2017 20:59:54
2017-01-22 20:59:54,484 [1] FATAL ProcessLogger [(null)] - System ReadclaimreportfromServerBy_Xuan 701051/22/2017 20:59:54
2017-01-22 20:59:54,572 [1] FATAL ProcessLogger [(null)] - System ReadclaimreportfromServerBy_Xuan 701061/22/2017 20:59:54
2017-01-22 20:59:54,572 [1] FATAL ProcessLogger [(null)] - System  701071/22/2017 20:59:54
2017-01-22 20:59:57,210 [1] FATAL ProcessLogger [(null)] - System Start 1/22/2017 20:59:57
2017-01-22 20:59:57,210 [1] FATAL ProcessLogger [(null)] - System Start 1/22/2017 20:59:57
2017-01-22 20:59:57,212 [1] FATAL ProcessLogger [(null)] - System Read_CaiPiaoZhongLei_Moren 70104 1/22/2017 20:59:57
2017-01-22 20:59:57,212 [1] FATAL ProcessLogger [(null)] - System ReadclaimreportfromServerBy_Xuan 701051/22/2017 20:59:57
2017-01-22 20:59:57,314 [1] FATAL ProcessLogger [(null)] - System ReadclaimreportfromServerBy_Xuan 701061/22/2017 20:59:57
2017-01-22 20:59:57,314 [1] FATAL ProcessLogger [(null)] - System  701071/22/2017 20:59:57
2017-01-22 20:59:57,433 [1] FATAL ProcessLogger [(null)] - System Start 1/22/2017 20:59:57
2017-01-22 20:59:57,434 [1] FATAL ProcessLogger [(null)] - System Start 1/22/2017 20:59:57
2017-01-22 20:59:57,434 [1] FATAL ProcessLogger [(null)] - System Read_CaiPiaoZhongLei_Moren 70104 1/22/2017 20:59:57
2017-01-22 20:59:57,435 [1] FATAL ProcessLogger [(null)] - System ReadclaimreportfromServerBy_Xuan 701051/22/2017 20:59:57
2017-01-22 20:59:57,525 [1] FATAL ProcessLogger [(null)] - System ReadclaimreportfromServerBy_Xuan 701061/22/2017 20:59:57
2017-01-22 20:59:57,525 [1] FATAL ProcessLogger [(null)] - System  701071/22/2017 20:59:57
2017-01-22 20:59:57,666 [1] FATAL ProcessLogger [(null)] - System Start 1/22/2017 20:59:57
2017-01-22 20:59:57,666 [1] FATAL ProcessLogger [(null)] - System Start 1/22/2017 20:59:57
2017-01-22 20:59:57,669 [1] FATAL ProcessLogger [(null)] - System Read_CaiPiaoZhongLei_Moren 70104 1/22/2017 20:59:57
2017-01-22 20:59:57,669 [1] FATAL ProcessLogger [(null)] - System ReadclaimreportfromServerBy_Xuan 701051/22/2017 20:59:57
2017-01-22 20:59:57,742 [1] FATAL ProcessLogger [(null)] - System ReadclaimreportfromServerBy_Xuan 701061/22/2017 20:59:57
2017-01-22 20:59:57,742 [1] FATAL ProcessLogger [(null)] - System  701071/22/2017 20:59:57
2017-01-22 20:59:57,871 [1] FATAL ProcessLogger [(null)] - System Start 1/22/2017 20:59:57
2017-01-22 20:59:57,871 [1] FATAL ProcessLogger [(null)] - System Start 1/22/2017 20:59:57
2017-01-22 20:59:57,871 [1] FATAL ProcessLogger [(null)] - System Read_CaiPiaoZhongLei_Moren 70104 1/22/2017 20:59:57
2017-01-22 20:59:57,872 [1] FATAL ProcessLogger [(null)] - System ReadclaimreportfromServerBy_Xuan 701051/22/2017 20:59:57
2017-01-22 20:59:57,972 [1] FATAL ProcessLogger [(null)] - System ReadclaimreportfromServerBy_Xuan 701061/22/2017 20:59:57
2017-01-22 20:59:57,972 [1] FATAL ProcessLogger [(null)] - System  701071/22/2017 20:59:57
2017-01-22 20:59:58,028 [1] FATAL ProcessLogger [(null)] - System Start 1/22/2017 20:59:58
2017-01-22 20:59:58,028 [1] FATAL ProcessLogger [(null)] - System Start 1/22/2017 20:59:58
2017-01-22 20:59:58,029 [1] FATAL ProcessLogger [(null)] - System Read_CaiPiaoZhongLei_Moren 70104 1/22/2017 20:59:58
2017-01-22 20:59:58,039 [1] FATAL ProcessLogger [(null)] - System ReadclaimreportfromServerBy_Xuan 701051/22/2017 20:59:58
2017-01-22 20:59:58,129 [1] FATAL ProcessLogger [(null)] - System ReadclaimreportfromServerBy_Xuan 701061/22/2017 20:59:58
2017-01-22 20:59:58,129 [1] FATAL ProcessLogger [(null)] - System  701071/22/2017 20:59:58
2017-01-22 20:59:58,268 [1] FATAL ProcessLogger [(null)] - System Start 1/22/2017 20:59:58
2017-01-22 20:59:58,268 [1] FATAL ProcessLogger [(null)] - System Start 1/22/2017 20:59:58
2017-01-22 20:59:58,269 [1] FATAL ProcessLogger [(null)] - System Read_CaiPiaoZhongLei_Moren 70104 1/22/2017 20:59:58
2017-01-22 20:59:58,269 [1] FATAL ProcessLogger [(null)] - System ReadclaimreportfromServerBy_Xuan 701051/22/2017 20:59:58
2017-01-22 20:59:58,370 [1] FATAL ProcessLogger [(null)] - System ReadclaimreportfromServerBy_Xuan 701061/22/2017 20:59:58
2017-01-22 20:59:58,371 [1] FATAL ProcessLogger [(null)] - System  701071/22/2017 20:59:58
2017-01-22 21:00:01,054 [1] FATAL ProcessLogger [(null)] - System Start 1/22/2017 21:00:01
2017-01-22 21:00:01,055 [1] FATAL ProcessLogger [(null)] - System Start 1/22/2017 21:00:01
2017-01-22 21:00:01,055 [1] FATAL ProcessLogger [(null)] - System Start 1/22/2017 21:00:01
2017-01-22 21:00:01,055 [1] FATAL ProcessLogger [(null)] - System Read_CaiPiaoZhongLei_Moren 70104 1/22/2017 21:00:01
2017-01-22 21:00:01,055 [1] FATAL ProcessLogger [(null)] - System ReadclaimreportfromServerBy_Xuan 701051/22/2017 21:00:01
2017-01-22 21:00:01,132 [1] FATAL ProcessLogger [(null)] - System ReadclaimreportfromServerBy_Xuan 701061/22/2017 21:00:01
2017-01-22 21:00:01,133 [1] FATAL ProcessLogger [(null)] - System  701071/22/2017 21:00:01
2017-01-22 21:00:06,020 [1] FATAL ProcessLogger [(null)] - System Start 1/22/2017 21:00:06
2017-01-22 21:00:06,020 [1] FATAL ProcessLogger [(null)] - System Start 1/22/2017 21:00:06
2017-01-22 21:00:08,922 [1] FATAL ProcessLogger [(null)] - System Start 1/22/2017 21:00:08
2017-01-22 21:00:10,578 [1] FATAL ProcessLogger [(null)] - System Start 1/22/2017 21:00:10
2017-01-22 21:00:10,578 [1] FATAL ProcessLogger [(null)] - System Start 1/22/2017 21:00:10
2017-01-22 21:00:10,580 [1] FATAL ProcessLogger [(null)] - System Read_CaiPiaoZhongLei_Moren 70104 1/22/2017 21:00:10
2017-01-22 21:00:10,597 [1] FATAL ProcessLogger [(null)] - System ReadclaimreportfromServerBy_Xuan 701051/22/2017 21:00:10
2017-01-22 21:00:10,711 [1] FATAL ProcessLogger [(null)] - System ReadclaimreportfromServerBy_Xuan 701061/22/2017 21:00:10
2017-01-22 21:00:10,712 [1] FATAL ProcessLogger [(null)] - System  701071/22/2017 21:00:10
2017-01-22 21:00:29,485 [1] FATAL ProcessLogger [(null)] - System Start 1/22/2017 21:00:29
2017-01-22 21:00:36,959 [1] FATAL ProcessLogger [(null)] - System Start 1/22/2017 21:00:36
2017-01-22 21:00:39,585 [1] FATAL ProcessLogger [(null)] - System Start 1/22/2017 21:00:39
2017-01-22 21:00:39,585 [1] FATAL ProcessLogger [(null)] - System Start 1/22/2017 21:00:39
2017-01-22 21:00:39,586 [1] FATAL ProcessLogger [(null)] - System Read_CaiPiaoZhongLei_Moren 70104 1/22/2017 21:00:39
2017-01-22 21:00:39,586 [1] FATAL ProcessLogger [(null)] - System ReadclaimreportfromServerBy_Xuan 701051/22/2017 21:00:39
2017-01-22 21:00:39,711 [1] FATAL ProcessLogger [(null)] - System ReadclaimreportfromServerBy_Xuan 701061/22/2017 21:00:39
2017-01-22 21:00:39,711 [1] FATAL ProcessLogger [(null)] - System  701071/22/2017 21:00:39
2017-01-22 21:00:40,138 [1] FATAL ProcessLogger [(null)] - System Start 1/22/2017 21:00:40
2017-01-22 21:00:40,138 [1] FATAL ProcessLogger [(null)] - System Start 1/22/2017 21:00:40
2017-01-22 21:00:40,140 [1] FATAL ProcessLogger [(null)] - System Read_CaiPiaoZhongLei_Moren 70104 1/22/2017 21:00:40
2017-01-22 21:00:40,140 [1] FATAL ProcessLogger [(null)] - System ReadclaimreportfromServerBy_Xuan 701051/22/2017 21:00:40
2017-01-22 21:00:40,266 [1] FATAL ProcessLogger [(null)] - System ReadclaimreportfromServerBy_Xuan 701061/22/2017 21:00:40
2017-01-22 21:00:40,267 [1] FATAL ProcessLogger [(null)] - System  701071/22/2017 21:00:40
2017-01-22 21:00:40,397 [1] FATAL ProcessLogger [(null)] - System Start 1/22/2017 21:00:40
2017-01-22 21:00:40,397 [1] FATAL ProcessLogger [(null)] - System Start 1/22/2017 21:00:40
2017-01-22 21:00:40,397 [1] FATAL ProcessLogger [(null)] - System Read_CaiPiaoZhongLei_Moren 70104 1/22/2017 21:00:40
2017-01-22 21:00:40,398 [1] FATAL ProcessLogger [(null)] - System ReadclaimreportfromServerBy_Xuan 701051/22/2017 21:00:40
2017-01-22 21:00:40,520 [1] FATAL ProcessLogger [(null)] - System ReadclaimreportfromServerBy_Xuan 701061/22/2017 21:00:40
2017-01-22 21:00:40,520 [1] FATAL ProcessLogger [(null)] - System  701071/22/2017 21:00:40
2017-01-22 21:00:40,681 [1] FATAL ProcessLogger [(null)] - System Start 1/22/2017 21:00:40
2017-01-22 21:00:40,682 [1] FATAL ProcessLogger [(null)] - System Start 1/22/2017 21:00:40
2017-01-22 21:00:40,682 [1] FATAL ProcessLogger [(null)] - System Read_CaiPiaoZhongLei_Moren 70104 1/22/2017 21:00:40
2017-01-22 21:00:40,682 [1] FATAL ProcessLogger [(null)] - System ReadclaimreportfromServerBy_Xuan 701051/22/2017 21:00:40
2017-01-22 21:00:40,782 [1] FATAL ProcessLogger [(null)] - System ReadclaimreportfromServerBy_Xuan 701061/22/2017 21:00:40
2017-01-22 21:00:40,782 [1] FATAL ProcessLogger [(null)] - System  701071/22/2017 21:00:40
2017-01-22 21:00:42,339 [1] FATAL ProcessLogger [(null)] - System Start 1/22/2017 21:00:42
2017-01-22 21:00:43,167 [1] FATAL ProcessLogger [(null)] - System Start 1/22/2017 21:00:43
2017-01-22 21:00:50,535 [1] FATAL ProcessLogger [(null)] - System Start 1/22/2017 21:00:50
2017-01-22 21:00:50,535 [1] FATAL ProcessLogger [(null)] - System Start 1/22/2017 21:00:50
2017-01-22 21:01:03,153 [1] FATAL ProcessLogger [(null)] - System Start 1/22/2017 21:01:03
2017-01-22 21:01:03,153 [1] FATAL ProcessLogger [(null)] - System Start 1/22/2017 21:01:03
2017-01-22 21:01:03,280 [1] FATAL ProcessLogger [(null)] - System Start 1/22/2017 21:01:03
2017-01-22 21:01:06,311 [1] FATAL ProcessLogger [(null)] - System Start 1/22/2017 21:01:06
2017-01-22 21:01:06,594 [1] FATAL ProcessLogger [(null)] - System Start 1/22/2017 21:01:06
2017-01-22 21:01:06,618 [1] FATAL ProcessLogger [(null)] - System Start 1/22/2017 21:01:06
2017-01-22 21:01:06,643 [1] FATAL ProcessLogger [(null)] - System Start 1/22/2017 21:01:06
2017-01-22 21:01:10,994 [1] FATAL ProcessLogger [(null)] - System Start 1/22/2017 21:01:10
2017-01-22 21:01:22,069 [1] FATAL ProcessLogger [(null)] - System Start 1/22/2017 21:01:22
2017-01-22 21:01:32,187 [1] FATAL ProcessLogger [(null)] - System Start 1/22/2017 21:01:32
2017-01-22 21:01:32,187 [1] FATAL ProcessLogger [(null)] - System Start 1/22/2017 21:01:32
2017-01-22 21:01:35,030 [1] FATAL ProcessLogger [(null)] - System Start 1/22/2017 21:01:35
2017-01-22 21:01:36,186 [1] FATAL ProcessLogger [(null)] - System Start 1/22/2017 21:01:36
2017-01-22 21:01:36,553 [1] FATAL ProcessLogger [(null)] - System Start 1/22/2017 21:01:36
2017-01-22 21:01:36,634 [1] FATAL ProcessLogger [(null)] - System Start 1/22/2017 21:01:36
2017-01-22 21:01:36,692 [1] FATAL ProcessLogger [(null)] - System Start 1/22/2017 21:01:36
2017-01-22 21:02:20,202 [1] FATAL ProcessLogger [(null)] - System Start 1/22/2017 21:02:20
2017-01-22 21:02:33,778 [1] FATAL ProcessLogger [(null)] - System Start 1/22/2017 21:02:33
2017-01-22 21:02:33,848 [1] FATAL ProcessLogger [(null)] - System Start 1/22/2017 21:02:33
2017-01-22 21:02:33,914 [1] FATAL ProcessLogger [(null)] - System Start 1/22/2017 21:02:33
2017-01-22 21:02:35,931 [1] FATAL ProcessLogger [(null)] - System Start 1/22/2017 21:02:35
2017-01-22 21:02:36,306 [1] FATAL ProcessLogger [(null)] - System Start 1/22/2017 21:02:36
2017-01-22 21:02:36,373 [1] FATAL ProcessLogger [(null)] - System Start 1/22/2017 21:02:36
2017-01-22 21:02:36,443 [1] FATAL ProcessLogger [(null)] - System Start 1/22/2017 21:02:36
2017-01-22 21:02:42,441 [1] FATAL ProcessLogger [(null)] - System Start 1/22/2017 21:02:42
2017-01-22 21:02:42,807 [1] FATAL ProcessLogger [(null)] - System Start 1/22/2017 21:02:42
2017-01-22 21:02:42,877 [1] FATAL ProcessLogger [(null)] - System Start 1/22/2017 21:02:42
2017-01-22 21:02:42,939 [1] FATAL ProcessLogger [(null)] - System Start 1/22/2017 21:02:42
2017-01-22 21:02:46,587 [1] FATAL ProcessLogger [(null)] - System Start 1/22/2017 21:02:46
2017-01-22 21:02:50,564 [1] FATAL ProcessLogger [(null)] - System Start 1/22/2017 21:02:50
2017-01-22 21:02:50,565 [1] FATAL ProcessLogger [(null)] - System Start 1/22/2017 21:02:50
2017-01-22 21:02:50,566 [1] FATAL ProcessLogger [(null)] - System Read_CaiPiaoZhongLei_Moren 70104 1/22/2017 21:02:50
2017-01-22 21:02:50,573 [1] FATAL ProcessLogger [(null)] - System ReadclaimreportfromServerBy_Xuan 701051/22/2017 21:02:50
2017-01-22 21:02:50,664 [1] FATAL ProcessLogger [(null)] - System ReadclaimreportfromServerBy_Xuan 701061/22/2017 21:02:50
2017-01-22 21:02:50,664 [1] FATAL ProcessLogger [(null)] - System  701071/22/2017 21:02:50
2017-01-22 21:03:01,810 [1] FATAL ProcessLogger [(null)] - System Start 1/22/2017 21:03:01
2017-01-22 21:03:01,811 [1] FATAL ProcessLogger [(null)] - System Start 1/22/2017 21:03:01
2017-01-22 21:03:01,811 [1] FATAL ProcessLogger [(null)] - System Start 1/22/2017 21:03:01
2017-01-22 21:03:01,812 [1] FATAL ProcessLogger [(null)] - System Read_CaiPiaoZhongLei_Moren 70104 1/22/2017 21:03:01
2017-01-22 21:03:01,812 [1] FATAL ProcessLogger [(null)] - System ReadclaimreportfromServerBy_Xuan 701051/22/2017 21:03:01
2017-01-22 21:03:01,929 [1] FATAL ProcessLogger [(null)] - System ReadclaimreportfromServerBy_Xuan 701061/22/2017 21:03:01
2017-01-22 21:03:01,929 [1] FATAL ProcessLogger [(null)] - System  701071/22/2017 21:03:01
2017-01-22 21:03:12,610 [1] FATAL ProcessLogger [(null)] - System Start 1/22/2017 21:03:12
2017-01-22 21:03:14,350 [1] FATAL ProcessLogger [(null)] - System Start 1/22/2017 21:03:14
2017-01-22 21:03:16,015 [1] FATAL ProcessLogger [(null)] - System Start 1/22/2017 21:03:16
2017-01-22 21:03:18,464 [1] FATAL ProcessLogger [(null)] - System Start 1/22/2017 21:03:18
2017-01-22 21:03:18,464 [1] FATAL ProcessLogger [(null)] - System Start 1/22/2017 21:03:18
2017-01-22 21:03:18,465 [1] FATAL ProcessLogger [(null)] - System Read_CaiPiaoZhongLei_Moren 70104 1/22/2017 21:03:18
2017-01-22 21:03:18,465 [1] FATAL ProcessLogger [(null)] - System ReadclaimreportfromServerBy_Xuan 701051/22/2017 21:03:18
2017-01-22 21:03:18,562 [1] FATAL ProcessLogger [(null)] - System ReadclaimreportfromServerBy_Xuan 701061/22/2017 21:03:18
2017-01-22 21:03:18,562 [1] FATAL ProcessLogger [(null)] - System  701071/22/2017 21:03:18
2017-01-22 21:03:22,968 [1] FATAL ProcessLogger [(null)] - System Start 1/22/2017 21:03:22
2017-01-22 21:03:22,968 [1] FATAL ProcessLogger [(null)] - System Start 1/22/2017 21:03:22
2017-01-22 21:03:22,968 [1] FATAL ProcessLogger [(null)] - System Start 1/22/2017 21:03:22
2017-01-22 21:03:22,968 [1] FATAL ProcessLogger [(null)] - System Read_CaiPiaoZhongLei_Moren 70104 1/22/2017 21:03:22
2017-01-22 21:03:22,968 [1] FATAL ProcessLogger [(null)] - System ReadclaimreportfromServerBy_Xuan 701051/22/2017 21:03:22
2017-01-22 21:03:23,062 [1] FATAL ProcessLogger [(null)] - System ReadclaimreportfromServerBy_Xuan 701061/22/2017 21:03:23
2017-01-22 21:03:23,062 [1] FATAL ProcessLogger [(null)] - System  701071/22/2017 21:03:23
2017-01-22 21:03:23,065 [1] FATAL ProcessLogger [(null)] - System Start 1/22/2017 21:03:23
2017-01-22 21:03:28,230 [1] FATAL ProcessLogger [(null)] - System Start 1/22/2017 21:03:28
2017-01-22 21:03:30,173 [1] FATAL ProcessLogger [(null)] - System Start 1/22/2017 21:03:30
2017-01-22 21:03:31,438 [1] FATAL ProcessLogger [(null)] - System Start 1/22/2017 21:03:31
2017-01-22 21:03:31,438 [1] FATAL ProcessLogger [(null)] - System Start 1/22/2017 21:03:31
2017-01-22 21:03:31,438 [1] FATAL ProcessLogger [(null)] - System Read_CaiPiaoZhongLei_Moren 70104 1/22/2017 21:03:31
2017-01-22 21:03:31,438 [1] FATAL ProcessLogger [(null)] - System ReadclaimreportfromServerBy_Xuan 701051/22/2017 21:03:31
2017-01-22 21:03:31,532 [1] FATAL ProcessLogger [(null)] - System ReadclaimreportfromServerBy_Xuan 701061/22/2017 21:03:31
2017-01-22 21:03:31,533 [1] FATAL ProcessLogger [(null)] - System  701071/22/2017 21:03:31
2017-01-22 21:03:34,680 [1] FATAL ProcessLogger [(null)] - System Start 1/22/2017 21:03:34
2017-01-22 21:03:34,680 [1] FATAL ProcessLogger [(null)] - System Start 1/22/2017 21:03:34
2017-01-22 21:03:34,680 [1] FATAL ProcessLogger [(null)] - System Read_CaiPiaoZhongLei_Moren 70104 1/22/2017 21:03:34
2017-01-22 21:03:34,681 [1] FATAL ProcessLogger [(null)] - System ReadclaimreportfromServerBy_Xuan 701051/22/2017 21:03:34
2017-01-22 21:03:34,771 [1] FATAL ProcessLogger [(null)] - System ReadclaimreportfromServerBy_Xuan 701061/22/2017 21:03:34
2017-01-22 21:03:34,771 [1] FATAL ProcessLogger [(null)] - System  701071/22/2017 21:03:34
2017-01-22 21:03:44,356 [1] FATAL ProcessLogger [(null)] - System Start 1/22/2017 21:03:44
2017-01-22 21:03:44,356 [1] FATAL ProcessLogger [(null)] - System Start 1/22/2017 21:03:44
2017-01-22 21:03:46,422 [1] FATAL ProcessLogger [(null)] - System Start 1/22/2017 21:03:46
2017-01-22 21:03:47,733 [1] FATAL ProcessLogger [(null)] - System Start 1/22/2017 21:03:47
2017-01-22 21:03:47,733 [1] FATAL ProcessLogger [(null)] - System Start 1/22/2017 21:03:47
2017-01-22 21:03:47,734 [1] FATAL ProcessLogger [(null)] - System Read_CaiPiaoZhongLei_Moren 70104 1/22/2017 21:03:47
2017-01-22 21:03:47,746 [1] FATAL ProcessLogger [(null)] - System ReadclaimreportfromServerBy_Xuan 701051/22/2017 21:03:47
2017-01-22 21:03:47,856 [1] FATAL ProcessLogger [(null)] - System ReadclaimreportfromServerBy_Xuan 701061/22/2017 21:03:47
2017-01-22 21:03:47,857 [1] FATAL ProcessLogger [(null)] - System  701071/22/2017 21:03:47
2017-01-22 21:04:08,407 [1] FATAL ProcessLogger [(null)] - System Start 1/22/2017 21:04:08
2017-01-22 21:04:10,084 [1] FATAL ProcessLogger [(null)] - System Start 1/22/2017 21:04:10
2017-01-22 21:04:10,084 [1] FATAL ProcessLogger [(null)] - System Start 1/22/2017 21:04:10
2017-01-22 21:04:10,085 [1] FATAL ProcessLogger [(null)] - System Read_CaiPiaoZhongLei_Moren 70104 1/22/2017 21:04:10
2017-01-22 21:04:10,085 [1] FATAL ProcessLogger [(null)] - System ReadclaimreportfromServerBy_Xuan 701051/22/2017 21:04:10
2017-01-22 21:04:10,183 [1] FATAL ProcessLogger [(null)] - System ReadclaimreportfromServerBy_Xuan 701061/22/2017 21:04:10
2017-01-22 21:04:10,183 [1] FATAL ProcessLogger [(null)] - System  701071/22/2017 21:04:10
2017-01-22 21:04:22,383 [1] FATAL ProcessLogger [(null)] - System Start 1/22/2017 21:04:22
2017-01-22 21:04:24,400 [1] FATAL ProcessLogger [(null)] - System Start 1/22/2017 21:04:24
2017-01-22 21:04:24,400 [1] FATAL ProcessLogger [(null)] - System Start 1/22/2017 21:04:24
2017-01-22 21:04:24,401 [1] FATAL ProcessLogger [(null)] - System Read_CaiPiaoZhongLei_Moren 70104 1/22/2017 21:04:24
2017-01-22 21:04:24,401 [1] FATAL ProcessLogger [(null)] - System ReadclaimreportfromServerBy_Xuan 701051/22/2017 21:04:24
2017-01-22 21:04:24,500 [1] FATAL ProcessLogger [(null)] - System ReadclaimreportfromServerBy_Xuan 701061/22/2017 21:04:24
2017-01-22 21:04:24,500 [1] FATAL ProcessLogger [(null)] - System  701071/22/2017 21:04:24
2017-01-22 21:04:24,865 [1] FATAL ProcessLogger [(null)] - System Start 1/22/2017 21:04:24
2017-01-22 21:04:24,865 [1] FATAL ProcessLogger [(null)] - System Start 1/22/2017 21:04:24
2017-01-22 21:04:24,866 [1] FATAL ProcessLogger [(null)] - System Read_CaiPiaoZhongLei_Moren 70104 1/22/2017 21:04:24
2017-01-22 21:04:24,866 [1] FATAL ProcessLogger [(null)] - System ReadclaimreportfromServerBy_Xuan 701051/22/2017 21:04:24
2017-01-22 21:04:24,974 [1] FATAL ProcessLogger [(null)] - System ReadclaimreportfromServerBy_Xuan 701061/22/2017 21:04:24
2017-01-22 21:04:24,975 [1] FATAL ProcessLogger [(null)] - System  701071/22/2017 21:04:24
2017-01-22 21:04:47,855 [1] FATAL ProcessLogger [(null)] - System Start 1/22/2017 21:04:47
2017-01-22 21:04:49,640 [1] FATAL ProcessLogger [(null)] - System Start 1/22/2017 21:04:49
2017-01-22 21:04:49,640 [1] FATAL ProcessLogger [(null)] - System Start 1/22/2017 21:04:49
2017-01-22 21:04:49,640 [1] FATAL ProcessLogger [(null)] - System Read_CaiPiaoZhongLei_Moren 70104 1/22/2017 21:04:49
2017-01-22 21:04:49,641 [1] FATAL ProcessLogger [(null)] - System ReadclaimreportfromServerBy_Xuan 701051/22/2017 21:04:49
2017-01-22 21:04:49,741 [1] FATAL ProcessLogger [(null)] - System ReadclaimreportfromServerBy_Xuan 701061/22/2017 21:04:49
2017-01-22 21:04:49,741 [1] FATAL ProcessLogger [(null)] - System  701071/22/2017 21:04:49
2017-01-22 21:05:23,508 [1] FATAL ProcessLogger [(null)] - System Start 1/22/2017 21:05:23
2017-01-22 21:05:23,508 [1] FATAL ProcessLogger [(null)] - System Start 1/22/2017 21:05:23
2017-01-22 21:05:25,617 [1] FATAL ProcessLogger [(null)] - System Start 1/22/2017 21:05:25
2017-01-22 21:05:26,516 [1] FATAL ProcessLogger [(null)] - System Start 1/22/2017 21:05:26
2017-01-22 21:05:26,516 [1] FATAL ProcessLogger [(null)] - System Start 1/22/2017 21:05:26
2017-01-22 21:05:26,516 [1] FATAL ProcessLogger [(null)] - System Read_CaiPiaoZhongLei_Moren 70104 1/22/2017 21:05:26
2017-01-22 21:05:26,522 [1] FATAL ProcessLogger [(null)] - System ReadclaimreportfromServerBy_Xuan 701051/22/2017 21:05:26
2017-01-22 21:05:26,609 [1] FATAL ProcessLogger [(null)] - System ReadclaimreportfromServerBy_Xuan 701061/22/2017 21:05:26
2017-01-22 21:05:26,610 [1] FATAL ProcessLogger [(null)] - System  701071/22/2017 21:05:26
2017-01-22 21:05:27,876 [1] FATAL ProcessLogger [(null)] - System Start 1/22/2017 21:05:27
2017-01-22 21:05:27,876 [1] FATAL ProcessLogger [(null)] - System Start 1/22/2017 21:05:27
2017-01-22 21:05:27,877 [1] FATAL ProcessLogger [(null)] - System Start 1/22/2017 21:05:27
2017-01-22 21:05:27,877 [1] FATAL ProcessLogger [(null)] - System Read_CaiPiaoZhongLei_Moren 70104 1/22/2017 21:05:27
2017-01-22 21:05:27,877 [1] FATAL ProcessLogger [(null)] - System ReadclaimreportfromServerBy_Xuan 701051/22/2017 21:05:27
2017-01-22 21:05:27,974 [1] FATAL ProcessLogger [(null)] - System ReadclaimreportfromServerBy_Xuan 701061/22/2017 21:05:27
2017-01-22 21:05:27,975 [1] FATAL ProcessLogger [(null)] - System  701071/22/2017 21:05:27
2017-01-22 21:05:30,683 [1] FATAL ProcessLogger [(null)] - System Start 1/22/2017 21:05:30
2017-01-22 21:05:31,917 [1] FATAL ProcessLogger [(null)] - System Start 1/22/2017 21:05:31
2017-01-22 21:05:33,714 [1] FATAL ProcessLogger [(null)] - System Start 1/22/2017 21:05:33
2017-01-22 21:05:40,620 [1] FATAL ProcessLogger [(null)] - System Start 1/22/2017 21:05:40
2017-01-22 21:05:40,620 [1] FATAL ProcessLogger [(null)] - System Start 1/22/2017 21:05:40
2017-01-22 21:05:40,621 [1] FATAL ProcessLogger [(null)] - System Read_CaiPiaoZhongLei_Moren 70104 1/22/2017 21:05:40
2017-01-22 21:05:40,621 [1] FATAL ProcessLogger [(null)] - System ReadclaimreportfromServerBy_Xuan 701051/22/2017 21:05:40
2017-01-22 21:05:40,705 [1] FATAL ProcessLogger [(null)] - System ReadclaimreportfromServerBy_Xuan 701061/22/2017 21:05:40
2017-01-22 21:05:40,705 [1] FATAL ProcessLogger [(null)] - System  701071/22/2017 21:05:40
2017-01-22 21:05:50,226 [1] FATAL ProcessLogger [(null)] - System Start 1/22/2017 21:05:50
2017-01-22 21:05:50,226 [1] FATAL ProcessLogger [(null)] - System Start 1/22/2017 21:05:50
2017-01-22 21:05:52,206 [1] FATAL ProcessLogger [(null)] - System Start 1/22/2017 21:05:52
2017-01-22 21:05:55,632 [1] FATAL ProcessLogger [(null)] - System Start 1/22/2017 21:05:55
2017-01-22 21:05:55,632 [1] FATAL ProcessLogger [(null)] - System Start 1/22/2017 21:05:55
2017-01-22 21:05:55,633 [1] FATAL ProcessLogger [(null)] - System Read_CaiPiaoZhongLei_Moren 70104 1/22/2017 21:05:55
2017-01-22 21:05:55,642 [1] FATAL ProcessLogger [(null)] - System ReadclaimreportfromServerBy_Xuan 701051/22/2017 21:05:55
2017-01-22 21:05:55,746 [1] FATAL ProcessLogger [(null)] - System ReadclaimreportfromServerBy_Xuan 701061/22/2017 21:05:55
2017-01-22 21:05:55,746 [1] FATAL ProcessLogger [(null)] - System  701071/22/2017 21:05:55
2017-01-22 21:06:14,627 [1] FATAL ProcessLogger [(null)] - System Start 1/22/2017 21:06:14
2017-01-22 21:06:17,593 [1] FATAL ProcessLogger [(null)] - System Start 1/22/2017 21:06:17
2017-01-22 21:06:17,593 [1] FATAL ProcessLogger [(null)] - System Start 1/22/2017 21:06:17
2017-01-22 21:06:19,351 [1] FATAL ProcessLogger [(null)] - System Start 1/22/2017 21:06:19
2017-01-22 21:06:20,504 [1] FATAL ProcessLogger [(null)] - System Start 1/22/2017 21:06:20
2017-01-22 21:06:20,504 [1] FATAL ProcessLogger [(null)] - System Start 1/22/2017 21:06:20
2017-01-22 21:06:20,505 [1] FATAL ProcessLogger [(null)] - System Read_CaiPiaoZhongLei_Moren 70104 1/22/2017 21:06:20
2017-01-22 21:06:20,511 [1] FATAL ProcessLogger [(null)] - System ReadclaimreportfromServerBy_Xuan 701051/22/2017 21:06:20
2017-01-22 21:06:20,606 [1] FATAL ProcessLogger [(null)] - System ReadclaimreportfromServerBy_Xuan 701061/22/2017 21:06:20
2017-01-22 21:06:20,606 [1] FATAL ProcessLogger [(null)] - System  701071/22/2017 21:06:20
2017-01-22 21:06:22,025 [1] FATAL ProcessLogger [(null)] - System Start 1/22/2017 21:06:22
2017-01-22 21:06:22,026 [1] FATAL ProcessLogger [(null)] - System Start 1/22/2017 21:06:22
2017-01-22 21:06:22,026 [1] FATAL ProcessLogger [(null)] - System Start 1/22/2017 21:06:22
2017-01-22 21:06:22,027 [1] FATAL ProcessLogger [(null)] - System Read_CaiPiaoZhongLei_Moren 70104 1/22/2017 21:06:22
2017-01-22 21:06:22,032 [1] FATAL ProcessLogger [(null)] - System ReadclaimreportfromServerBy_Xuan 701051/22/2017 21:06:22
2017-01-22 21:06:22,123 [1] FATAL ProcessLogger [(null)] - System ReadclaimreportfromServerBy_Xuan 701061/22/2017 21:06:22
2017-01-22 21:06:22,124 [1] FATAL ProcessLogger [(null)] - System  701071/22/2017 21:06:22
2017-01-22 21:06:25,216 [1] FATAL ProcessLogger [(null)] - System Start 1/22/2017 21:06:25
2017-01-22 21:06:29,891 [1] FATAL ProcessLogger [(null)] - System Start 1/22/2017 21:06:29
2017-01-22 21:06:30,994 [1] FATAL ProcessLogger [(null)] - System Start 1/22/2017 21:06:30
2017-01-22 21:06:33,259 [1] FATAL ProcessLogger [(null)] - System Start 1/22/2017 21:06:33
2017-01-22 21:06:33,260 [1] FATAL ProcessLogger [(null)] - System Start 1/22/2017 21:06:33
2017-01-22 21:06:33,261 [1] FATAL ProcessLogger [(null)] - System Read_CaiPiaoZhongLei_Moren 70104 1/22/2017 21:06:33
2017-01-22 21:06:33,262 [1] FATAL ProcessLogger [(null)] - System ReadclaimreportfromServerBy_Xuan 701051/22/2017 21:06:33
2017-01-22 21:06:33,364 [1] FATAL ProcessLogger [(null)] - System ReadclaimreportfromServerBy_Xuan 701061/22/2017 21:06:33
2017-01-22 21:06:33,365 [1] FATAL ProcessLogger [(null)] - System  701071/22/2017 21:06:33
2017-01-22 21:06:37,808 [1] FATAL ProcessLogger [(null)] - System Start 1/22/2017 21:06:37
2017-01-22 21:06:37,808 [1] FATAL ProcessLogger [(null)] - System Start 1/22/2017 21:06:37
2017-01-22 21:06:39,666 [1] FATAL ProcessLogger [(null)] - System Start 1/22/2017 21:06:39
2017-01-22 21:06:40,801 [1] FATAL ProcessLogger [(null)] - System Start 1/22/2017 21:06:40
2017-01-22 21:06:40,801 [1] FATAL ProcessLogger [(null)] - System Start 1/22/2017 21:06:40
2017-01-22 21:06:40,802 [1] FATAL ProcessLogger [(null)] - System Read_CaiPiaoZhongLei_Moren 70104 1/22/2017 21:06:40
2017-01-22 21:06:40,812 [1] FATAL ProcessLogger [(null)] - System ReadclaimreportfromServerBy_Xuan 701051/22/2017 21:06:40
2017-01-22 21:06:40,917 [1] FATAL ProcessLogger [(null)] - System ReadclaimreportfromServerBy_Xuan 701061/22/2017 21:06:40
2017-01-22 21:06:40,918 [1] FATAL ProcessLogger [(null)] - System  701071/22/2017 21:06:40
