2017-06-21 08:28:26,474 [9] FATAL ProcessLogger [(null)] - System Start 6/21/2017 08:28:26
2017-06-21 08:28:26,541 [9] FATAL ProcessLogger [(null)] - initialize6/21/2017 08:28:26
2017-06-21 08:28:29,724 [9] FATAL ProcessLogger [(null)] - System Start 6/21/2017 08:28:29
2017-06-21 08:28:29,725 [9] FATAL ProcessLogger [(null)] - System Start 6/21/2017 08:28:29
2017-06-21 08:28:29,971 [9] FATAL ProcessLogger [(null)] - System Read_CaiPiaoZhongLei_Moren 70104 6/21/2017 08:28:29
2017-06-21 08:28:29,971 [9] FATAL ProcessLogger [(null)] - System ReadclaimreportfromServerBy_Xuan 701056/21/2017 08:28:29
2017-06-21 08:28:30,106 [9] FATAL ProcessLogger [(null)] - System ReadclaimreportfromServerBy_Xuan 701066/21/2017 08:28:30
2017-06-21 08:28:30,109 [9] FATAL ProcessLogger [(null)] - System  701076/21/2017 08:28:30
2017-06-21 08:28:31,502 [9] FATAL ProcessLogger [(null)] - System Start 6/21/2017 08:28:31
2017-06-21 08:28:31,502 [9] FATAL ProcessLogger [(null)] - System Start 6/21/2017 08:28:31
2017-06-21 08:28:31,640 [9] FATAL ProcessLogger [(null)] - System Start 6/21/2017 08:28:31
2017-06-21 08:28:33,275 [9] FATAL ProcessLogger [(null)] - System Start 6/21/2017 08:28:33
2017-06-21 08:28:33,275 [9] FATAL ProcessLogger [(null)] - System Start 6/21/2017 08:28:33
2017-06-21 08:28:33,279 [9] FATAL ProcessLogger [(null)] - 68013 Read FangAN 6/21/2017 08:28:33
2017-06-21 08:28:33,279 [9] FATAL ProcessLogger [(null)] - 68014 Read FangAN 6/21/2017 08:28:33
2017-06-21 08:28:33,280 [9] FATAL ProcessLogger [(null)] - 68015 Read FangAN 6/21/2017 08:28:33
2017-06-21 08:28:33,280 [9] FATAL ProcessLogger [(null)] - 68016 Read FangAN 6/21/2017 08:28:33
2017-06-21 08:32:11,587 [9] FATAL ProcessLogger [(null)] - System Start 6/21/2017 08:32:11
2017-06-21 08:32:11,655 [9] FATAL ProcessLogger [(null)] - initialize6/21/2017 08:32:11
2017-06-21 08:32:13,661 [9] FATAL ProcessLogger [(null)] - System Start 6/21/2017 08:32:13
2017-06-21 08:32:13,662 [9] FATAL ProcessLogger [(null)] - System Start 6/21/2017 08:32:13
2017-06-21 08:32:13,972 [9] FATAL ProcessLogger [(null)] - System Start 6/21/2017 08:32:13
2017-06-21 08:32:15,966 [9] FATAL ProcessLogger [(null)] - System Start 6/21/2017 08:32:15
2017-06-21 08:32:15,966 [9] FATAL ProcessLogger [(null)] - System Start 6/21/2017 08:32:15
2017-06-21 08:32:15,970 [9] FATAL ProcessLogger [(null)] - 68013 Read FangAN 6/21/2017 08:32:15
2017-06-21 08:32:15,970 [9] FATAL ProcessLogger [(null)] - 68014 Read FangAN 6/21/2017 08:32:15
2017-06-21 08:32:15,971 [9] FATAL ProcessLogger [(null)] - 68015 Read FangAN 6/21/2017 08:32:15
2017-06-21 08:32:15,971 [9] FATAL ProcessLogger [(null)] - 68016 Read FangAN 6/21/2017 08:32:15
2017-06-21 08:33:23,318 [9] FATAL ProcessLogger [(null)] - System Start 6/21/2017 08:33:23
2017-06-21 08:33:25,177 [9] FATAL ProcessLogger [(null)] - System Start 6/21/2017 08:33:25
2017-06-21 08:33:25,177 [9] FATAL ProcessLogger [(null)] - System Start 6/21/2017 08:33:25
