2017-01-15 21:22:11,379 [9] FATAL ProcessLogger [(null)] - System Start 1/15/2017 21:22:11
2017-01-15 21:22:11,452 [9] FATAL ProcessLogger [(null)] - initialize1/15/2017 21:22:11
2017-01-15 21:22:13,866 [9] FATAL ProcessLogger [(null)] - System Start 1/15/2017 21:22:13
2017-01-15 21:22:13,867 [9] FATAL ProcessLogger [(null)] - System Start 1/15/2017 21:22:13
2017-01-15 21:23:05,811 [9] FATAL ProcessLogger [(null)] - System Start 1/15/2017 21:23:05
2017-01-15 21:23:05,812 [9] FATAL ProcessLogger [(null)] - System Start 1/15/2017 21:23:05
2017-01-15 21:23:09,887 [9] FATAL ProcessLogger [(null)] - System Start 1/15/2017 21:23:09
2017-01-15 21:23:09,903 [9] FATAL ProcessLogger [(null)] - System Start 1/15/2017 21:23:09
2017-01-15 21:23:09,904 [9] FATAL ProcessLogger [(null)] - System Start 1/15/2017 21:23:09
2017-01-15 21:23:12,345 [9] FATAL ProcessLogger [(null)] - System Start 1/15/2017 21:23:12
2017-01-15 21:23:13,700 [9] FATAL ProcessLogger [(null)] - System Start 1/15/2017 21:23:13
2017-01-15 21:23:14,742 [9] FATAL ProcessLogger [(null)] - System Start 1/15/2017 21:23:14
2017-01-15 21:23:15,381 [9] FATAL ProcessLogger [(null)] - System Start 1/15/2017 21:23:15
2017-01-15 21:23:16,795 [9] FATAL ProcessLogger [(null)] - System Start 1/15/2017 21:23:16
2017-01-15 21:23:18,550 [9] FATAL ProcessLogger [(null)] - System Start 1/15/2017 21:23:18
2017-01-15 21:23:23,811 [9] FATAL ProcessLogger [(null)] - System Start 1/15/2017 21:23:23
2017-01-15 21:23:25,525 [9] FATAL ProcessLogger [(null)] - System Start 1/15/2017 21:23:25
2017-01-15 21:23:26,424 [9] FATAL ProcessLogger [(null)] - System Start 1/15/2017 21:23:26
2017-01-15 21:23:27,710 [9] FATAL ProcessLogger [(null)] - System Start 1/15/2017 21:23:27
2017-01-15 21:23:33,112 [9] FATAL ProcessLogger [(null)] - System Start 1/15/2017 21:23:33
2017-01-15 21:23:33,112 [9] FATAL ProcessLogger [(null)] - System Start 1/15/2017 21:23:33
2017-01-15 21:23:33,194 [9] FATAL ProcessLogger [(null)] - System Start 1/15/2017 21:23:33
2017-01-15 21:24:11,329 [9] FATAL ProcessLogger [(null)] - System Start 1/15/2017 21:24:11
2017-01-15 21:24:11,388 [9] FATAL ProcessLogger [(null)] - initialize1/15/2017 21:24:11
2017-01-15 21:24:53,051 [9] FATAL ProcessLogger [(null)] - System Start 1/15/2017 21:24:53
2017-01-15 21:24:53,052 [9] FATAL ProcessLogger [(null)] - System Start 1/15/2017 21:24:53
2017-01-15 21:25:08,388 [9] FATAL ProcessLogger [(null)] - System Start 1/15/2017 21:25:08
2017-01-15 21:25:10,705 [9] FATAL ProcessLogger [(null)] - System Start 1/15/2017 21:25:10
2017-01-15 21:25:10,705 [9] FATAL ProcessLogger [(null)] - System Start 1/15/2017 21:25:10
2017-01-15 21:25:13,410 [9] FATAL ProcessLogger [(null)] - System Start 1/15/2017 21:25:13
2017-01-15 21:25:13,434 [9] FATAL ProcessLogger [(null)] - System Start 1/15/2017 21:25:13
2017-01-15 21:25:13,434 [9] FATAL ProcessLogger [(null)] - System Start 1/15/2017 21:25:13
2017-01-15 21:25:17,296 [9] FATAL ProcessLogger [(null)] - System Start 1/15/2017 21:25:17
2017-01-15 21:25:17,297 [9] FATAL ProcessLogger [(null)] - System Start 1/15/2017 21:25:17
2017-01-15 21:25:17,297 [9] FATAL ProcessLogger [(null)] - System Start 1/15/2017 21:25:17
2017-01-15 21:25:19,458 [9] FATAL ProcessLogger [(null)] - System Start 1/15/2017 21:25:19
2017-01-15 21:25:19,459 [9] FATAL ProcessLogger [(null)] - System Start 1/15/2017 21:25:19
2017-01-15 21:25:19,459 [9] FATAL ProcessLogger [(null)] - System Start 1/15/2017 21:25:19
2017-01-15 21:25:23,352 [9] FATAL ProcessLogger [(null)] - System Start 1/15/2017 21:25:23
2017-01-15 21:25:23,352 [9] FATAL ProcessLogger [(null)] - System Start 1/15/2017 21:25:23
2017-01-15 21:25:23,353 [9] FATAL ProcessLogger [(null)] - System Start 1/15/2017 21:25:23
2017-01-15 21:25:32,740 [9] FATAL ProcessLogger [(null)] - System Start 1/15/2017 21:25:32
2017-01-15 21:25:32,740 [9] FATAL ProcessLogger [(null)] - System Start 1/15/2017 21:25:32
2017-01-15 21:25:32,809 [9] FATAL ProcessLogger [(null)] - System Start 1/15/2017 21:25:32
2017-01-15 21:26:44,598 [9] FATAL ProcessLogger [(null)] - System Start 1/15/2017 21:26:44
2017-01-15 21:26:44,598 [9] FATAL ProcessLogger [(null)] - System Start 1/15/2017 21:26:44
2017-01-15 21:27:02,365 [9] FATAL ProcessLogger [(null)] - System Start 1/15/2017 21:27:02
2017-01-15 21:28:03,676 [9] FATAL ProcessLogger [(null)] - System Start 1/15/2017 21:28:03
2017-01-15 21:28:03,677 [9] FATAL ProcessLogger [(null)] - System Start 1/15/2017 21:28:03
2017-01-15 21:28:06,566 [9] FATAL ProcessLogger [(null)] - System Start 1/15/2017 21:28:06
2017-01-15 21:31:38,738 [9] FATAL ProcessLogger [(null)] - System Start 1/15/2017 21:31:38
2017-01-15 21:31:38,738 [9] FATAL ProcessLogger [(null)] - System Start 1/15/2017 21:31:38
2017-01-15 21:33:36,796 [9] FATAL ProcessLogger [(null)] - System Start 1/15/2017 21:33:36
2017-01-15 21:38:43,013 [9] FATAL ProcessLogger [(null)] - System Start 1/15/2017 21:38:43
2017-01-15 21:38:43,013 [9] FATAL ProcessLogger [(null)] - System Start 1/15/2017 21:38:43
2017-01-15 21:39:54,248 [9] FATAL ProcessLogger [(null)] - System Start 1/15/2017 21:39:54
2017-01-15 21:39:54,248 [9] FATAL ProcessLogger [(null)] - System Start 1/15/2017 21:39:54
2017-01-15 21:40:42,546 [9] FATAL ProcessLogger [(null)] - System Start 1/15/2017 21:40:42
2017-01-15 21:40:42,546 [9] FATAL ProcessLogger [(null)] - System Start 1/15/2017 21:40:42
2017-01-15 21:40:51,136 [9] FATAL ProcessLogger [(null)] - System Start 1/15/2017 21:40:51
2017-01-15 21:40:51,816 [9] FATAL ProcessLogger [(null)] - System Start 1/15/2017 21:40:51
2017-01-15 21:52:35,326 [9] FATAL ProcessLogger [(null)] - System Start 1/15/2017 21:52:35
2017-01-15 21:52:35,327 [9] FATAL ProcessLogger [(null)] - System Start 1/15/2017 21:52:35
2017-01-15 21:52:37,472 [9] FATAL ProcessLogger [(null)] - System Start 1/15/2017 21:52:37
2017-01-15 21:52:37,472 [9] FATAL ProcessLogger [(null)] - System Start 1/15/2017 21:52:37
2017-01-15 21:52:41,055 [9] FATAL ProcessLogger [(null)] - System Start 1/15/2017 21:52:41
2017-01-15 21:52:41,056 [9] FATAL ProcessLogger [(null)] - System Start 1/15/2017 21:52:41
2017-01-15 21:52:51,254 [9] FATAL ProcessLogger [(null)] - System Start 1/15/2017 21:52:51
2017-01-15 21:52:51,255 [9] FATAL ProcessLogger [(null)] - System Start 1/15/2017 21:52:51
2017-01-15 21:52:54,059 [9] FATAL ProcessLogger [(null)] - System Start 1/15/2017 21:52:54
2017-01-15 21:52:54,059 [9] FATAL ProcessLogger [(null)] - System Start 1/15/2017 21:52:54
2017-01-15 21:54:19,701 [9] FATAL ProcessLogger [(null)] - System Start 1/15/2017 21:54:19
2017-01-15 21:54:19,701 [9] FATAL ProcessLogger [(null)] - System Start 1/15/2017 21:54:19
2017-01-15 21:54:22,680 [9] FATAL ProcessLogger [(null)] - System Start 1/15/2017 21:54:22
2017-01-15 21:54:22,680 [9] FATAL ProcessLogger [(null)] - System Start 1/15/2017 21:54:22
2017-01-15 21:55:04,952 [9] FATAL ProcessLogger [(null)] - System Start 1/15/2017 21:55:04
2017-01-15 21:55:07,380 [9] FATAL ProcessLogger [(null)] - System Start 1/15/2017 21:55:07
2017-01-15 21:55:07,380 [9] FATAL ProcessLogger [(null)] - System Start 1/15/2017 21:55:07
2017-01-15 21:57:13,846 [9] FATAL ProcessLogger [(null)] - System Start 1/15/2017 21:57:13
2017-01-15 21:57:13,847 [9] FATAL ProcessLogger [(null)] - System Start 1/15/2017 21:57:13
2017-01-15 22:17:00,502 [9] FATAL ProcessLogger [(null)] - System Start 1/15/2017 22:17:00
2017-01-15 22:17:00,502 [9] FATAL ProcessLogger [(null)] - System Start 1/15/2017 22:17:00
2017-01-15 22:17:02,527 [9] FATAL ProcessLogger [(null)] - System Start 1/15/2017 22:17:02
2017-01-15 22:17:02,527 [9] FATAL ProcessLogger [(null)] - System Start 1/15/2017 22:17:02
2017-01-15 22:17:05,517 [9] FATAL ProcessLogger [(null)] - System Start 1/15/2017 22:17:05
2017-01-15 22:17:10,424 [9] FATAL ProcessLogger [(null)] - System Start 1/15/2017 22:17:10
2017-01-15 22:17:10,424 [9] FATAL ProcessLogger [(null)] - System Start 1/15/2017 22:17:10
2017-01-15 22:49:19,100 [8] FATAL ProcessLogger [(null)] - System Start 1/15/2017 22:49:19
2017-01-15 22:49:19,154 [8] FATAL ProcessLogger [(null)] - initialize1/15/2017 22:49:19
2017-01-15 22:49:21,941 [8] FATAL ProcessLogger [(null)] - System Start 1/15/2017 22:49:21
2017-01-15 22:49:21,942 [8] FATAL ProcessLogger [(null)] - System Start 1/15/2017 22:49:21
2017-01-15 22:49:22,114 [8] FATAL ProcessLogger [(null)] - System Read_CaiPiaoZhongLei_Moren 70104 1/15/2017 22:49:22
2017-01-15 22:49:22,115 [8] FATAL ProcessLogger [(null)] - System ReadclaimreportfromServerBy_Xuan 701051/15/2017 22:49:22
2017-01-15 22:49:22,167 [8] FATAL ProcessLogger [(null)] - System ReadclaimreportfromServerBy_Xuan 701061/15/2017 22:49:22
2017-01-15 22:49:22,168 [8] FATAL ProcessLogger [(null)] - System  701071/15/2017 22:49:22
2017-01-15 22:51:13,031 [8] FATAL ProcessLogger [(null)] - System Start 1/15/2017 22:51:13
2017-01-15 22:51:19,063 [8] FATAL ProcessLogger [(null)] - System Start 1/15/2017 22:51:19
2017-01-15 22:51:19,064 [8] FATAL ProcessLogger [(null)] - System Start 1/15/2017 22:51:19
2017-01-15 22:51:19,064 [8] FATAL ProcessLogger [(null)] - System Start 1/15/2017 22:51:19
2017-01-15 22:51:19,066 [8] FATAL ProcessLogger [(null)] - System Read_CaiPiaoZhongLei_Moren 70104 1/15/2017 22:51:19
2017-01-15 22:51:19,066 [8] FATAL ProcessLogger [(null)] - System ReadclaimreportfromServerBy_Xuan 701051/15/2017 22:51:19
2017-01-15 22:51:19,141 [8] FATAL ProcessLogger [(null)] - System ReadclaimreportfromServerBy_Xuan 701061/15/2017 22:51:19
2017-01-15 22:51:19,141 [8] FATAL ProcessLogger [(null)] - System  701071/15/2017 22:51:19
2017-01-15 22:52:20,456 [8] FATAL ProcessLogger [(null)] - System Start 1/15/2017 22:52:20
2017-01-15 22:58:20,974 [8] FATAL ProcessLogger [(null)] - System Start 1/15/2017 22:58:20
2017-01-15 22:58:47,868 [8] FATAL ProcessLogger [(null)] - System Start 1/15/2017 22:58:47
2017-01-15 22:58:47,869 [8] FATAL ProcessLogger [(null)] - System Start 1/15/2017 22:58:47
2017-01-15 22:58:47,869 [8] FATAL ProcessLogger [(null)] - System Start 1/15/2017 22:58:47
2017-01-15 22:58:47,871 [8] FATAL ProcessLogger [(null)] - System Read_CaiPiaoZhongLei_Moren 70104 1/15/2017 22:58:47
2017-01-15 22:58:47,871 [8] FATAL ProcessLogger [(null)] - System ReadclaimreportfromServerBy_Xuan 701051/15/2017 22:58:47
2017-01-15 22:58:47,955 [8] FATAL ProcessLogger [(null)] - System ReadclaimreportfromServerBy_Xuan 701061/15/2017 22:58:47
2017-01-15 22:58:47,955 [8] FATAL ProcessLogger [(null)] - System  701071/15/2017 22:58:47
2017-01-15 22:59:02,780 [8] FATAL ProcessLogger [(null)] - System Start 1/15/2017 22:59:02
2017-01-15 22:59:04,807 [8] FATAL ProcessLogger [(null)] - System Start 1/15/2017 22:59:04
2017-01-15 22:59:06,552 [8] FATAL ProcessLogger [(null)] - System Start 1/15/2017 22:59:06
2017-01-15 22:59:07,400 [8] FATAL ProcessLogger [(null)] - System Start 1/15/2017 22:59:07
2017-01-15 22:59:08,329 [8] FATAL ProcessLogger [(null)] - System Start 1/15/2017 22:59:08
2017-01-15 22:59:41,574 [8] FATAL ProcessLogger [(null)] - System Start 1/15/2017 22:59:41
2017-01-15 22:59:41,574 [8] FATAL ProcessLogger [(null)] - System Start 1/15/2017 22:59:41
2017-01-15 22:59:41,575 [8] FATAL ProcessLogger [(null)] - System Read_CaiPiaoZhongLei_Moren 70104 1/15/2017 22:59:41
2017-01-15 22:59:41,577 [8] FATAL ProcessLogger [(null)] - System ReadclaimreportfromServerBy_Xuan 701051/15/2017 22:59:41
2017-01-15 22:59:41,660 [8] FATAL ProcessLogger [(null)] - System ReadclaimreportfromServerBy_Xuan 701061/15/2017 22:59:41
2017-01-15 22:59:41,661 [8] FATAL ProcessLogger [(null)] - System  701071/15/2017 22:59:41
2017-01-15 22:59:46,139 [8] FATAL ProcessLogger [(null)] - System Start 1/15/2017 22:59:46
2017-01-15 22:59:46,139 [8] FATAL ProcessLogger [(null)] - System Start 1/15/2017 22:59:46
2017-01-15 22:59:51,734 [8] FATAL ProcessLogger [(null)] - System Start 1/15/2017 22:59:51
2017-01-15 23:00:18,762 [8] FATAL ProcessLogger [(null)] - System Start 1/15/2017 23:00:18
2017-01-15 23:00:23,775 [13] FATAL ProcessLogger [(null)] - System Start 1/15/2017 23:00:23
2017-01-15 23:02:02,886 [11] FATAL ProcessLogger [(null)] - System Start 1/15/2017 23:02:02
2017-01-15 23:02:14,407 [11] FATAL ProcessLogger [(null)] - System Start 1/15/2017 23:02:14
2017-01-15 23:08:44,756 [9] FATAL ProcessLogger [(null)] - System Start 1/15/2017 23:08:44
2017-01-15 23:08:44,810 [9] FATAL ProcessLogger [(null)] - initialize1/15/2017 23:08:44
2017-01-15 23:08:47,004 [9] FATAL ProcessLogger [(null)] - System Start 1/15/2017 23:08:47
2017-01-15 23:08:47,005 [9] FATAL ProcessLogger [(null)] - System Start 1/15/2017 23:08:47
2017-01-15 23:12:32,229 [9] FATAL ProcessLogger [(null)] - System Start 1/15/2017 23:12:32
2017-01-15 23:12:32,283 [9] FATAL ProcessLogger [(null)] - initialize1/15/2017 23:12:32
2017-01-15 23:12:34,896 [9] FATAL ProcessLogger [(null)] - System Start 1/15/2017 23:12:34
2017-01-15 23:12:34,897 [9] FATAL ProcessLogger [(null)] - System Start 1/15/2017 23:12:34
2017-01-15 23:12:38,098 [9] FATAL ProcessLogger [(null)] - System Start 1/15/2017 23:12:38
2017-01-15 23:12:43,276 [6] FATAL ProcessLogger [(null)] - System Start 1/15/2017 23:12:43
2017-01-15 23:13:22,212 [11] FATAL ProcessLogger [(null)] - System Start 1/15/2017 23:13:22
2017-01-15 23:13:51,344 [9] FATAL ProcessLogger [(null)] - System Start 1/15/2017 23:13:51
2017-01-15 23:13:51,344 [9] FATAL ProcessLogger [(null)] - System Start 1/15/2017 23:13:51
2017-01-15 23:13:51,412 [9] FATAL ProcessLogger [(null)] - System Start 1/15/2017 23:13:51
2017-01-15 23:13:53,185 [12] FATAL ProcessLogger [(null)] - System Start 1/15/2017 23:13:53
2017-01-15 23:14:11,429 [12] FATAL ProcessLogger [(null)] - System Start 1/15/2017 23:14:11
2017-01-15 23:14:15,687 [9] FATAL ProcessLogger [(null)] - System Start 1/15/2017 23:14:15
2017-01-15 23:14:15,687 [9] FATAL ProcessLogger [(null)] - System Start 1/15/2017 23:14:15
2017-01-15 23:14:15,756 [9] FATAL ProcessLogger [(null)] - System Start 1/15/2017 23:14:15
2017-01-15 23:14:17,315 [11] FATAL ProcessLogger [(null)] - System Start 1/15/2017 23:14:17
2017-01-15 23:24:27,765 [9] FATAL ProcessLogger [(null)] - System Start 1/15/2017 23:24:27
2017-01-15 23:24:27,765 [9] FATAL ProcessLogger [(null)] - System Start 1/15/2017 23:24:27
2017-01-15 23:24:27,834 [9] FATAL ProcessLogger [(null)] - System Start 1/15/2017 23:24:27
2017-01-15 23:24:29,645 [13] FATAL ProcessLogger [(null)] - System Start 1/15/2017 23:24:29
2017-01-15 23:31:19,371 [9] FATAL ProcessLogger [(null)] - System Start 1/15/2017 23:31:19
2017-01-15 23:31:19,428 [9] FATAL ProcessLogger [(null)] - initialize1/15/2017 23:31:19
2017-01-15 23:31:22,624 [9] FATAL ProcessLogger [(null)] - System Start 1/15/2017 23:31:22
2017-01-15 23:31:22,625 [9] FATAL ProcessLogger [(null)] - System Start 1/15/2017 23:31:22
2017-01-15 23:31:22,884 [9] FATAL ProcessLogger [(null)] - System Start 1/15/2017 23:31:22
2017-01-15 23:31:24,554 [6] FATAL ProcessLogger [(null)] - System Start 1/15/2017 23:31:24
2017-01-15 23:31:27,049 [6] FATAL ProcessLogger [(null)] - System Start 1/15/2017 23:31:27
2017-01-15 23:31:27,049 [6] FATAL ProcessLogger [(null)] - System Start 1/15/2017 23:31:27
2017-01-15 23:31:30,157 [6] FATAL ProcessLogger [(null)] - System Start 1/15/2017 23:31:30
2017-01-15 23:31:39,801 [9] FATAL ProcessLogger [(null)] - System Start 1/15/2017 23:31:39
2017-01-15 23:31:39,801 [9] FATAL ProcessLogger [(null)] - System Start 1/15/2017 23:31:39
2017-01-15 23:31:39,857 [9] FATAL ProcessLogger [(null)] - System Start 1/15/2017 23:31:39
2017-01-15 23:31:41,339 [6] FATAL ProcessLogger [(null)] - System Start 1/15/2017 23:31:41
2017-01-15 23:31:56,458 [6] FATAL ProcessLogger [(null)] - System Start 1/15/2017 23:31:56
2017-01-15 23:31:56,458 [6] FATAL ProcessLogger [(null)] - System Start 1/15/2017 23:31:56
2017-01-15 23:34:17,275 [6] FATAL ProcessLogger [(null)] - System Start 1/15/2017 23:34:17
2017-01-15 23:34:25,928 [9] FATAL ProcessLogger [(null)] - System Start 1/15/2017 23:34:25
2017-01-15 23:34:25,928 [9] FATAL ProcessLogger [(null)] - System Start 1/15/2017 23:34:25
2017-01-15 23:34:46,022 [9] FATAL ProcessLogger [(null)] - System Start 1/15/2017 23:34:46
2017-01-15 23:34:48,408 [12] FATAL ProcessLogger [(null)] - System Start 1/15/2017 23:34:48
2017-01-15 23:34:49,513 [12] FATAL ProcessLogger [(null)] - System Start 1/15/2017 23:34:49
2017-01-15 23:34:49,513 [12] FATAL ProcessLogger [(null)] - System Start 1/15/2017 23:34:49
2017-01-15 23:35:48,232 [12] FATAL ProcessLogger [(null)] - System Start 1/15/2017 23:35:48
2017-01-15 23:36:12,456 [9] FATAL ProcessLogger [(null)] - System Start 1/15/2017 23:36:12
2017-01-15 23:36:12,456 [9] FATAL ProcessLogger [(null)] - System Start 1/15/2017 23:36:12
2017-01-15 23:36:23,743 [9] FATAL ProcessLogger [(null)] - System Start 1/15/2017 23:36:23
2017-01-15 23:36:26,275 [12] FATAL ProcessLogger [(null)] - System Start 1/15/2017 23:36:26
2017-01-15 23:36:28,392 [12] FATAL ProcessLogger [(null)] - System Start 1/15/2017 23:36:28
2017-01-15 23:36:28,392 [12] FATAL ProcessLogger [(null)] - System Start 1/15/2017 23:36:28
2017-01-15 23:36:45,871 [12] FATAL ProcessLogger [(null)] - System Start 1/15/2017 23:36:45
2017-01-15 23:37:00,848 [9] FATAL ProcessLogger [(null)] - System Start 1/15/2017 23:37:00
2017-01-15 23:37:00,848 [9] FATAL ProcessLogger [(null)] - System Start 1/15/2017 23:37:00
2017-01-15 23:37:10,145 [9] FATAL ProcessLogger [(null)] - System Start 1/15/2017 23:37:10
2017-01-15 23:37:12,177 [6] FATAL ProcessLogger [(null)] - System Start 1/15/2017 23:37:12
2017-01-15 23:37:15,722 [6] FATAL ProcessLogger [(null)] - System Start 1/15/2017 23:37:15
2017-01-15 23:37:15,722 [6] FATAL ProcessLogger [(null)] - System Start 1/15/2017 23:37:15
2017-01-15 23:37:38,640 [6] FATAL ProcessLogger [(null)] - System Start 1/15/2017 23:37:38
2017-01-15 23:37:47,816 [6] FATAL ProcessLogger [(null)] - System Start 1/15/2017 23:37:47
2017-01-15 23:37:51,577 [6] FATAL ProcessLogger [(null)] - System Start 1/15/2017 23:37:51
2017-01-15 23:37:51,577 [6] FATAL ProcessLogger [(null)] - System Start 1/15/2017 23:37:51
2017-01-15 23:37:57,527 [6] FATAL ProcessLogger [(null)] - System Start 1/15/2017 23:37:57
2017-01-15 23:38:05,796 [9] FATAL ProcessLogger [(null)] - System Start 1/15/2017 23:38:05
2017-01-15 23:38:05,796 [9] FATAL ProcessLogger [(null)] - System Start 1/15/2017 23:38:05
2017-01-15 23:38:11,647 [9] FATAL ProcessLogger [(null)] - System Start 1/15/2017 23:38:11
2017-01-15 23:38:19,742 [13] FATAL ProcessLogger [(null)] - System Start 1/15/2017 23:38:19
2017-01-15 23:38:21,881 [13] FATAL ProcessLogger [(null)] - System Start 1/15/2017 23:38:21
2017-01-15 23:38:21,882 [13] FATAL ProcessLogger [(null)] - System Start 1/15/2017 23:38:21
2017-01-15 23:42:45,424 [13] FATAL ProcessLogger [(null)] - System Start 1/15/2017 23:42:45
2017-01-15 23:42:55,810 [9] FATAL ProcessLogger [(null)] - System Start 1/15/2017 23:42:55
2017-01-15 23:42:55,810 [9] FATAL ProcessLogger [(null)] - System Start 1/15/2017 23:42:55
2017-01-15 23:42:57,039 [9] FATAL ProcessLogger [(null)] - System Start 1/15/2017 23:42:57
2017-01-15 23:42:59,490 [13] FATAL ProcessLogger [(null)] - System Start 1/15/2017 23:42:59
2017-01-15 23:43:00,943 [13] FATAL ProcessLogger [(null)] - System Start 1/15/2017 23:43:00
2017-01-15 23:43:00,943 [13] FATAL ProcessLogger [(null)] - System Start 1/15/2017 23:43:00
2017-01-15 23:43:13,643 [13] FATAL ProcessLogger [(null)] - System Start 1/15/2017 23:43:13
2017-01-15 23:43:22,129 [9] FATAL ProcessLogger [(null)] - System Start 1/15/2017 23:43:22
2017-01-15 23:43:22,129 [9] FATAL ProcessLogger [(null)] - System Start 1/15/2017 23:43:22
2017-01-15 23:43:24,645 [9] FATAL ProcessLogger [(null)] - System Start 1/15/2017 23:43:24
2017-01-15 23:43:26,373 [12] FATAL ProcessLogger [(null)] - System Start 1/15/2017 23:43:26
2017-01-15 23:43:27,662 [12] FATAL ProcessLogger [(null)] - System Start 1/15/2017 23:43:27
2017-01-15 23:43:27,662 [12] FATAL ProcessLogger [(null)] - System Start 1/15/2017 23:43:27
2017-01-15 23:45:48,251 [12] FATAL ProcessLogger [(null)] - System Start 1/15/2017 23:45:48
2017-01-15 23:45:58,957 [9] FATAL ProcessLogger [(null)] - System Start 1/15/2017 23:45:58
2017-01-15 23:45:58,957 [9] FATAL ProcessLogger [(null)] - System Start 1/15/2017 23:45:58
2017-01-15 23:46:01,063 [9] FATAL ProcessLogger [(null)] - System Start 1/15/2017 23:46:01
2017-01-15 23:46:03,082 [13] FATAL ProcessLogger [(null)] - System Start 1/15/2017 23:46:03
2017-01-15 23:46:05,842 [13] FATAL ProcessLogger [(null)] - System Start 1/15/2017 23:46:05
2017-01-15 23:46:05,842 [13] FATAL ProcessLogger [(null)] - System Start 1/15/2017 23:46:05
2017-01-15 23:48:10,990 [13] FATAL ProcessLogger [(null)] - System Start 1/15/2017 23:48:10
2017-01-15 23:48:17,856 [9] FATAL ProcessLogger [(null)] - System Start 1/15/2017 23:48:17
2017-01-15 23:48:17,856 [9] FATAL ProcessLogger [(null)] - System Start 1/15/2017 23:48:17
2017-01-15 23:48:28,400 [9] FATAL ProcessLogger [(null)] - System Start 1/15/2017 23:48:28
2017-01-15 23:48:30,435 [12] FATAL ProcessLogger [(null)] - System Start 1/15/2017 23:48:30
2017-01-15 23:48:33,521 [12] FATAL ProcessLogger [(null)] - System Start 1/15/2017 23:48:33
2017-01-15 23:48:33,521 [12] FATAL ProcessLogger [(null)] - System Start 1/15/2017 23:48:33
2017-01-15 23:50:04,231 [12] FATAL ProcessLogger [(null)] - System Start 1/15/2017 23:50:04
2017-01-15 23:50:59,770 [12] FATAL ProcessLogger [(null)] - System Start 1/15/2017 23:50:59
2017-01-15 23:52:02,015 [12] FATAL ProcessLogger [(null)] - System Start 1/15/2017 23:52:02
2017-01-15 23:52:02,015 [12] FATAL ProcessLogger [(null)] - System Start 1/15/2017 23:52:02
