2017-03-24 21:43:11,291 [8] FATAL ProcessLogger [(null)] - System Start 3/24/2017 21:43:11
2017-03-24 21:43:11,346 [8] FATAL ProcessLogger [(null)] - initialize3/24/2017 21:43:11
2017-03-24 21:44:51,804 [8] FATAL ProcessLogger [(null)] - System Start 3/24/2017 21:44:51
2017-03-24 21:44:51,805 [8] FATAL ProcessLogger [(null)] - System Start 3/24/2017 21:44:51
2017-03-24 21:44:51,996 [8] FATAL ProcessLogger [(null)] - System Read_CaiPiaoZhongLei_Moren 70104 3/24/2017 21:44:51
2017-03-24 21:44:51,997 [8] FATAL ProcessLogger [(null)] - System ReadclaimreportfromServerBy_Xuan 701053/24/2017 21:44:51
2017-03-24 21:44:52,111 [8] FATAL ProcessLogger [(null)] - System ReadclaimreportfromServerBy_Xuan 701063/24/2017 21:44:52
2017-03-24 21:44:52,112 [8] FATAL ProcessLogger [(null)] - System  701073/24/2017 21:44:52
2017-03-24 21:45:05,551 [8] FATAL ProcessLogger [(null)] - System Start 3/24/2017 21:45:05
2017-03-24 21:45:05,582 [8] FATAL ProcessLogger [(null)] - System Start 3/24/2017 21:45:05
2017-03-24 21:45:05,582 [8] FATAL ProcessLogger [(null)] - System Start 3/24/2017 21:45:05
2017-03-24 21:45:05,594 [8] FATAL ProcessLogger [(null)] - System Read_CaiPiaoZhongLei_Moren 70104 3/24/2017 21:45:05
2017-03-24 21:45:05,594 [8] FATAL ProcessLogger [(null)] - System ReadclaimreportfromServerBy_Xuan 701053/24/2017 21:45:05
2017-03-24 21:45:05,708 [8] FATAL ProcessLogger [(null)] - System ReadclaimreportfromServerBy_Xuan 701063/24/2017 21:45:05
2017-03-24 21:45:05,709 [8] FATAL ProcessLogger [(null)] - System  701073/24/2017 21:45:05
2017-03-24 21:45:12,086 [8] FATAL ProcessLogger [(null)] - System Start 3/24/2017 21:45:12
2017-03-24 21:45:14,686 [8] FATAL ProcessLogger [(null)] - System Start 3/24/2017 21:45:14
2017-03-24 21:45:18,122 [8] FATAL ProcessLogger [(null)] - System Start 3/24/2017 21:45:18
2017-03-24 21:45:22,695 [8] FATAL ProcessLogger [(null)] - System Start 3/24/2017 21:45:22
2017-03-24 21:45:22,695 [8] FATAL ProcessLogger [(null)] - System Start 3/24/2017 21:45:22
2017-03-24 21:45:22,697 [8] FATAL ProcessLogger [(null)] - System Read_CaiPiaoZhongLei_Moren 70104 3/24/2017 21:45:22
2017-03-24 21:45:22,697 [8] FATAL ProcessLogger [(null)] - System ReadclaimreportfromServerBy_Xuan 701053/24/2017 21:45:22
2017-03-24 21:45:22,824 [8] FATAL ProcessLogger [(null)] - System ReadclaimreportfromServerBy_Xuan 701063/24/2017 21:45:22
2017-03-24 21:45:22,824 [8] FATAL ProcessLogger [(null)] - System  701073/24/2017 21:45:22
2017-03-24 21:45:28,198 [8] FATAL ProcessLogger [(null)] - System Start 3/24/2017 21:45:28
2017-03-24 21:45:28,200 [8] FATAL ProcessLogger [(null)] - System Start 3/24/2017 21:45:28
2017-03-24 21:45:28,200 [8] FATAL ProcessLogger [(null)] - System Start 3/24/2017 21:45:28
2017-03-24 21:45:28,201 [8] FATAL ProcessLogger [(null)] - System Read_CaiPiaoZhongLei_Moren 70104 3/24/2017 21:45:28
2017-03-24 21:45:28,202 [8] FATAL ProcessLogger [(null)] - System ReadclaimreportfromServerBy_Xuan 701053/24/2017 21:45:28
2017-03-24 21:45:28,342 [8] FATAL ProcessLogger [(null)] - System ReadclaimreportfromServerBy_Xuan 701063/24/2017 21:45:28
2017-03-24 21:45:28,343 [8] FATAL ProcessLogger [(null)] - System  701073/24/2017 21:45:28
2017-03-24 21:45:33,869 [8] FATAL ProcessLogger [(null)] - System Start 3/24/2017 21:45:33
2017-03-24 21:45:33,869 [8] FATAL ProcessLogger [(null)] - System Start 3/24/2017 21:45:33
2017-03-24 21:45:34,008 [8] FATAL ProcessLogger [(null)] - System Start 3/24/2017 21:45:34
2017-03-24 21:45:43,253 [8] FATAL ProcessLogger [(null)] - System Start 3/24/2017 21:45:43
2017-03-24 21:45:43,486 [8] FATAL ProcessLogger [(null)] - System Start 3/24/2017 21:45:43
2017-03-24 21:45:43,506 [8] FATAL ProcessLogger [(null)] - System Start 3/24/2017 21:45:43
2017-03-24 21:45:43,521 [8] FATAL ProcessLogger [(null)] - System Start 3/24/2017 21:45:43
2017-03-24 21:45:55,517 [8] FATAL ProcessLogger [(null)] - System Start 3/24/2017 21:45:55
2017-03-24 21:58:22,053 [8] FATAL ProcessLogger [(null)] - System Start 3/24/2017 21:58:22
2017-03-24 23:34:42,582 [9] FATAL ProcessLogger [(null)] - System Start 3/24/2017 23:34:42
2017-03-24 23:34:42,637 [9] FATAL ProcessLogger [(null)] - initialize3/24/2017 23:34:42
2017-03-24 23:34:46,988 [9] FATAL ProcessLogger [(null)] - System Start 3/24/2017 23:34:46
2017-03-24 23:34:46,989 [9] FATAL ProcessLogger [(null)] - System Start 3/24/2017 23:34:46
2017-03-24 23:34:47,305 [9] FATAL ProcessLogger [(null)] - System Start 3/24/2017 23:34:47
2017-03-24 23:41:42,951 [9] FATAL ProcessLogger [(null)] - System Start 3/24/2017 23:41:42
2017-03-24 23:42:00,711 [9] FATAL ProcessLogger [(null)] - System Start 3/24/2017 23:42:00
2017-03-24 23:42:00,750 [9] FATAL ProcessLogger [(null)] - System Start 3/24/2017 23:42:00
2017-03-24 23:42:00,782 [9] FATAL ProcessLogger [(null)] - System Start 3/24/2017 23:42:00
2017-03-24 23:42:18,884 [9] FATAL ProcessLogger [(null)] - System Start 3/24/2017 23:42:18
